#
# There is insufficient memory for the Java Runtime Environment to continue.
# Native memory allocation (mmap) failed to map 32505856 bytes for Failed to commit area from 0x0000000089a00000 to 0x000000008b900000 of length 32505856.
# Possible reasons:
#   The system is out of physical RAM or swap space
#   The process is running with CompressedOops enabled, and the Java Heap may be blocking the growth of the native heap
# Possible solutions:
#   Reduce memory load on the system
#   Increase physical memory or swap space
#   Check if swap backing store is full
#   Decrease Java heap size (-Xmx/-Xms)
#   Decrease number of Java threads
#   Decrease Java thread stack sizes (-Xss)
#   Set larger code cache with -XX:ReservedCodeCacheSize=
#   JVM is running with Unscaled Compressed Oops mode in which the Java heap is
#     placed in the first 4GB address space. The Java Heap base address is the
#     maximum limit for the native heap growth. Please use -XX:HeapBaseMinAddress
#     to set the Java Heap base and to place the Java Heap above 4GB virtual address.
# This output file may be truncated or incomplete.
#
#  Out of Memory Error (./src/hotspot/os/windows/os_windows.cpp:3619), pid=15964, tid=11684
#
# JRE version: OpenJDK Runtime Environment (11.0.13) (build 11.0.13+0-b1751.21-8125866)
# Java VM: OpenJDK 64-Bit Server VM (11.0.13+0-b1751.21-8125866, mixed mode, tiered, compressed oops, g1 gc, windows-amd64)
# No core dump will be written. Minidumps are not enabled by default on client versions of Windows
#

---------------  S U M M A R Y ------------

Command Line: --add-opens=java.base/java.util=ALL-UNNAMED --add-opens=java.base/java.lang=ALL-UNNAMED --add-opens=java.base/java.lang.invoke=ALL-UNNAMED --add-opens=java.base/java.util=ALL-UNNAMED --add-opens=java.prefs/java.util.prefs=ALL-UNNAMED --add-opens=java.prefs/java.util.prefs=ALL-UNNAMED --add-opens=java.base/java.nio.charset=ALL-UNNAMED --add-opens=java.base/java.net=ALL-UNNAMED --add-opens=java.base/java.util.concurrent.atomic=ALL-UNNAMED -Xmx2048m -Dfile.encoding=UTF-8 -Duser.country=IN -Duser.language=en -Duser.variant org.gradle.launcher.daemon.bootstrap.GradleDaemon 7.4

Host: Intel(R) Core(TM) i7-7700HQ CPU @ 2.80GHz, 8 cores, 7G,  Windows 10 , 64 bit Build 19041 (10.0.19041.2364)
Time: Mon Dec 19 13:49:13 2022 India Standard Time elapsed time: 15.046062 seconds (0d 0h 0m 15s)

---------------  T H R E A D  ---------------

Current thread (0x000002cdee6b0800):  VMThread "VM Thread" [stack: 0x000000e941900000,0x000000e941a00000] [id=11684]

Stack: [0x000000e941900000,0x000000e941a00000]
[error occurred during error reporting (printing stack bounds), id 0xc0000005, EXCEPTION_ACCESS_VIOLATION (0xc0000005) at pc=0x000002cdd758112d]

Native frames: (J=compiled Java code, j=interpreted, Vv=VM code, C=native code)
V  [jvm.dll+0x6100fa]
V  [jvm.dll+0x747090]
V  [jvm.dll+0x7486ad]
V  [jvm.dll+0x748ce5]
V  [jvm.dll+0x748c9b]
V  [jvm.dll+0x60f224]
V  [jvm.dll+0x60f9b8]
C  [ntdll.dll+0xa241f]
C  [ntdll.dll+0x514a4]
C  [ntdll.dll+0xa0f4e]
C  0x000002cdd758112d

VM_Operation (0x000000e942cf59b0): G1CollectForAllocation, mode: safepoint, requested by thread 0x000002cdf1998800


---------------  P R O C E S S  ---------------

Threads class SMR info:
_java_thread_list=0x000002cdf27972b0, length=123, elements={
0x000002cdd22a0800, 0x000002cdee6b2000, 0x000002cdee6bd800, 0x000002cdef032800,
0x000002cdef033800, 0x000002cdef037800, 0x000002cdef043000, 0x000002cdee6d1800,
0x000002cdee6dd000, 0x000002cdef189800, 0x000002cdef5c0000, 0x000002cdf19fd800,
0x000002cdef2e0800, 0x000002cdf0885800, 0x000002cdf22f7000, 0x000002cdf1298000,
0x000002cdf1998800, 0x000002cdf06f6800, 0x000002cdeffd5800, 0x000002cdf186c800,
0x000002cdf1c15000, 0x000002cdf1c17800, 0x000002cdf1c16000, 0x000002cdf180a000,
0x000002cdf1c14800, 0x000002cdf1c17000, 0x000002cdf1c12000, 0x000002cdf1c12800,
0x000002cdf1c18800, 0x000002cdf1c13800, 0x000002cdf2013800, 0x000002cdf2011800,
0x000002cdf2012800, 0x000002cdf2014000, 0x000002cdf2015000, 0x000002cdf2015800,
0x000002cdf2016800, 0x000002cdf2011000, 0x000002cdf201d000, 0x000002cdf2018000,
0x000002cdf2019000, 0x000002cdf201a000, 0x000002cdf201a800, 0x000002cdf201b800,
0x000002cdf2017800, 0x000002cdf201e000, 0x000002cdf201c800, 0x000002cdf201e800,
0x000002cdf42bd800, 0x000002cdf42b8000, 0x000002cdf42bb000, 0x000002cdf42ba800,
0x000002cdf42bc000, 0x000002cdf42bd000, 0x000002cdf42be800, 0x000002cdf42b9000,
0x000002cdf42bf800, 0x000002cdf42b9800, 0x000002cdf42c2800, 0x000002cdf42c3800,
0x000002cdf42c4000, 0x000002cdf42c5000, 0x000002cdf42c6000, 0x000002cdf42c1800,
0x000002cdf42c0000, 0x000002cdf42c6800, 0x000002cdf42c1000, 0x000002cdf274b000,
0x000002cdf274b800, 0x000002cdf2746000, 0x000002cdf274a000, 0x000002cdf2747000,
0x000002cdf274c800, 0x000002cdf274d800, 0x000002cdf2747800, 0x000002cdf274e000,
0x000002cdf2748800, 0x000002cdf2749800, 0x000002cdf274f000, 0x000002cdf2753000,
0x000002cdf2751800, 0x000002cdf2752800, 0x000002cdf2754800, 0x000002cdf2750000,
0x000002cdf2750800, 0x000002cdf2754000, 0x000002cdf1723000, 0x000002cdf1726000,
0x000002cdf1721800, 0x000002cdf1723800, 0x000002cdf1727000, 0x000002cdf1724800,
0x000002cdf1728000, 0x000002cdf1725800, 0x000002cdf1722000, 0x000002cdf172c000,
0x000002cdf1728800, 0x000002cdf172c800, 0x000002cdf172d800, 0x000002cdf172e800,
0x000002cdf172f000, 0x000002cdf1729800, 0x000002cdf1730000, 0x000002cdf172a000,
0x000002cdf172b000, 0x000002cdef34c800, 0x000002cdef350000, 0x000002cdef34c000,
0x000002cdef34d800, 0x000002cdef34b000, 0x000002cdef34a800, 0x000002cdef34e800,
0x000002cdef354000, 0x000002cdef351000, 0x000002cdef355000, 0x000002cdef353800,
0x000002cdef34f000, 0x000002cdef355800, 0x000002cdef356800, 0x000002cdef352800,
0x000002cdef357800, 0x000002cdef351800, 0x000002cdef359000
}

Java Threads: ( => current thread )
  0x000002cdd22a0800 JavaThread "main" [_thread_blocked, id=10112, stack(0x000000e941300000,0x000000e941400000)]
  0x000002cdee6b2000 JavaThread "Reference Handler" daemon [_thread_blocked, id=11640, stack(0x000000e941a00000,0x000000e941b00000)]
  0x000002cdee6bd800 JavaThread "Finalizer" daemon [_thread_blocked, id=18048, stack(0x000000e941b00000,0x000000e941c00000)]
  0x000002cdef032800 JavaThread "Signal Dispatcher" daemon [_thread_blocked, id=6548, stack(0x000000e941c00000,0x000000e941d00000)]
  0x000002cdef033800 JavaThread "Attach Listener" daemon [_thread_blocked, id=8096, stack(0x000000e941d00000,0x000000e941e00000)]
  0x000002cdef037800 JavaThread "Service Thread" daemon [_thread_blocked, id=15704, stack(0x000000e941e00000,0x000000e941f00000)]
  0x000002cdef043000 JavaThread "C2 CompilerThread0" daemon [_thread_in_native, id=17040, stack(0x000000e941f00000,0x000000e942000000)]
  0x000002cdee6d1800 JavaThread "C1 CompilerThread0" daemon [_thread_blocked, id=11840, stack(0x000000e942000000,0x000000e942100000)]
  0x000002cdee6dd000 JavaThread "Sweeper thread" daemon [_thread_blocked, id=2512, stack(0x000000e942100000,0x000000e942200000)]
  0x000002cdef189800 JavaThread "Common-Cleaner" daemon [_thread_blocked, id=9220, stack(0x000000e942200000,0x000000e942300000)]
  0x000002cdef5c0000 JavaThread "Daemon health stats" [_thread_blocked, id=12132, stack(0x000000e942800000,0x000000e942900000)]
  0x000002cdf19fd800 JavaThread "Incoming local TCP Connector on port 59174" [_thread_in_native, id=3560, stack(0x000000e942400000,0x000000e942500000)]
  0x000002cdef2e0800 JavaThread "Daemon periodic checks" [_thread_blocked, id=8956, stack(0x000000e942500000,0x000000e942600000)]
  0x000002cdf0885800 JavaThread "Daemon" [_thread_blocked, id=7756, stack(0x000000e942900000,0x000000e942a00000)]
  0x000002cdf22f7000 JavaThread "Handler for socket connection from /127.0.0.1:59174 to /127.0.0.1:59175" [_thread_in_native, id=8312, stack(0x000000e942a00000,0x000000e942b00000)]
  0x000002cdf1298000 JavaThread "Cancel handler" [_thread_blocked, id=18044, stack(0x000000e942b00000,0x000000e942c00000)]
  0x000002cdf1998800 JavaThread "Daemon worker" [_thread_blocked, id=17132, stack(0x000000e942c00000,0x000000e942d00000)]
  0x000002cdf06f6800 JavaThread "Asynchronous log dispatcher for DefaultDaemonConnection: socket connection from /127.0.0.1:59174 to /127.0.0.1:59175" [_thread_blocked, id=8472, stack(0x000000e942d00000,0x000000e942e00000)]
  0x000002cdeffd5800 JavaThread "Stdin handler" [_thread_blocked, id=11140, stack(0x000000e942e00000,0x000000e942f00000)]
  0x000002cdf186c800 JavaThread "Daemon client event forwarder" [_thread_blocked, id=1688, stack(0x000000e942f00000,0x000000e943000000)]
  0x000002cdf1c15000 JavaThread "Cache worker for journal cache (C:\Users\Prince Verma\.gradle\caches\journal-1)" [_thread_blocked, id=6332, stack(0x000000e943500000,0x000000e943600000)]
  0x000002cdf1c17800 JavaThread "File lock request listener" [_thread_in_native, id=520, stack(0x000000e943600000,0x000000e943700000)]
  0x000002cdf1c16000 JavaThread "Cache worker for file hash cache (C:\Users\Prince Verma\.gradle\caches\7.4\fileHashes)" [_thread_blocked, id=14064, stack(0x000000e943700000,0x000000e943800000)]
  0x000002cdf180a000 JavaThread "C2 CompilerThread1" daemon [_thread_in_native, id=8808, stack(0x000000e943900000,0x000000e943a00000)]
  0x000002cdf1c14800 JavaThread "File watcher server" daemon [_thread_in_native, id=6748, stack(0x000000e943b00000,0x000000e943c00000)]
  0x000002cdf1c17000 JavaThread "File watcher consumer" daemon [_thread_blocked, id=12764, stack(0x000000e943c00000,0x000000e943d00000)]
  0x000002cdf1c12000 JavaThread "Cache worker for checksums cache (C:\Users\Prince Verma\AndroidStudioProjects\Jewel\.gradle\7.4\checksums)" [_thread_blocked, id=15780, stack(0x000000e943d00000,0x000000e943e00000)]
  0x000002cdf1c12800 JavaThread "Cache worker for cache directory md-rule (C:\Users\Prince Verma\.gradle\caches\7.4\md-rule)" [_thread_blocked, id=540, stack(0x000000e943e00000,0x000000e943f00000)]
  0x000002cdf1c18800 JavaThread "Cache worker for file hash cache (C:\Users\Prince Verma\AndroidStudioProjects\Jewel\.gradle\7.4\fileHashes)" [_thread_blocked, id=14572, stack(0x000000e943f00000,0x000000e944000000)]
  0x000002cdf1c13800 JavaThread "Cache worker for cache directory md-supplier (C:\Users\Prince Verma\.gradle\caches\7.4\md-supplier)" [_thread_blocked, id=13604, stack(0x000000e944000000,0x000000e944100000)]
  0x000002cdf2013800 JavaThread "Cache worker for execution history cache (C:\Users\Prince Verma\.gradle\caches\7.4\executionHistory)" [_thread_blocked, id=896, stack(0x000000e943a00000,0x000000e943b00000)]
  0x000002cdf2011800 JavaThread "jar transforms" [_thread_blocked, id=8524, stack(0x000000e944200000,0x000000e944300000)]
  0x000002cdf2012800 JavaThread "Cache worker for file content cache (C:\Users\Prince Verma\.gradle\caches\7.4\fileContent)" [_thread_blocked, id=11400, stack(0x000000e944300000,0x000000e944400000)]
  0x000002cdf2014000 JavaThread "jar transforms Thread 2" [_thread_blocked, id=11024, stack(0x000000e944400000,0x000000e944500000)]
  0x000002cdf2015000 JavaThread "Cache worker for dependencies-accessors (C:\Users\Prince Verma\AndroidStudioProjects\Jewel\.gradle\7.4\dependencies-accessors)" [_thread_blocked, id=5176, stack(0x000000e944500000,0x000000e944600000)]
  0x000002cdf2015800 JavaThread "jar transforms Thread 3" [_thread_blocked, id=8060, stack(0x000000e944600000,0x000000e944700000)]
  0x000002cdf2016800 JavaThread "Cache worker for Build Output Cleanup Cache (C:\Users\Prince Verma\AndroidStudioProjects\Jewel\.gradle\buildOutputCleanup)" [_thread_blocked, id=8536, stack(0x000000e944700000,0x000000e944800000)]
  0x000002cdf2011000 JavaThread "Unconstrained build operations" [_thread_blocked, id=17188, stack(0x000000e944800000,0x000000e944900000)]
  0x000002cdf201d000 JavaThread "Unconstrained build operations Thread 2" [_thread_blocked, id=14920, stack(0x000000e944900000,0x000000e944a00000)]
  0x000002cdf2018000 JavaThread "Unconstrained build operations Thread 3" [_thread_blocked, id=9096, stack(0x000000e944a00000,0x000000e944b00000)]
  0x000002cdf2019000 JavaThread "Unconstrained build operations Thread 4" [_thread_blocked, id=18300, stack(0x000000e944b00000,0x000000e944c00000)]
  0x000002cdf201a000 JavaThread "Unconstrained build operations Thread 5" [_thread_blocked, id=11008, stack(0x000000e944c00000,0x000000e944d00000)]
  0x000002cdf201a800 JavaThread "Unconstrained build operations Thread 6" [_thread_blocked, id=13564, stack(0x000000e944d00000,0x000000e944e00000)]
  0x000002cdf201b800 JavaThread "Unconstrained build operations Thread 7" [_thread_blocked, id=16508, stack(0x000000e944e00000,0x000000e944f00000)]
  0x000002cdf2017800 JavaThread "Unconstrained build operations Thread 8" [_thread_blocked, id=18392, stack(0x000000e944f00000,0x000000e945000000)]
  0x000002cdf201e000 JavaThread "Unconstrained build operations Thread 9" [_thread_blocked, id=12928, stack(0x000000e945000000,0x000000e945100000)]
  0x000002cdf201c800 JavaThread "Unconstrained build operations Thread 10" [_thread_blocked, id=5240, stack(0x000000e945100000,0x000000e945200000)]
  0x000002cdf201e800 JavaThread "Unconstrained build operations Thread 11" [_thread_blocked, id=4772, stack(0x000000e945200000,0x000000e945300000)]
  0x000002cdf42bd800 JavaThread "Unconstrained build operations Thread 12" [_thread_blocked, id=12376, stack(0x000000e945300000,0x000000e945400000)]
  0x000002cdf42b8000 JavaThread "Unconstrained build operations Thread 13" [_thread_blocked, id=12332, stack(0x000000e945400000,0x000000e945500000)]
  0x000002cdf42bb000 JavaThread "Unconstrained build operations Thread 14" [_thread_blocked, id=9816, stack(0x000000e945500000,0x000000e945600000)]
  0x000002cdf42ba800 JavaThread "Unconstrained build operations Thread 15" [_thread_blocked, id=13748, stack(0x000000e945600000,0x000000e945700000)]
  0x000002cdf42bc000 JavaThread "Unconstrained build operations Thread 16" [_thread_blocked, id=14868, stack(0x000000e945700000,0x000000e945800000)]
  0x000002cdf42bd000 JavaThread "Unconstrained build operations Thread 17" [_thread_blocked, id=8744, stack(0x000000e945800000,0x000000e945900000)]
  0x000002cdf42be800 JavaThread "Unconstrained build operations Thread 18" [_thread_blocked, id=8136, stack(0x000000e945900000,0x000000e945a00000)]
  0x000002cdf42b9000 JavaThread "Unconstrained build operations Thread 19" [_thread_blocked, id=15388, stack(0x000000e945a00000,0x000000e945b00000)]
  0x000002cdf42bf800 JavaThread "Unconstrained build operations Thread 20" [_thread_blocked, id=9188, stack(0x000000e945b00000,0x000000e945c00000)]
  0x000002cdf42b9800 JavaThread "Unconstrained build operations Thread 21" [_thread_blocked, id=1268, stack(0x000000e945c00000,0x000000e945d00000)]
  0x000002cdf42c2800 JavaThread "Unconstrained build operations Thread 22" [_thread_blocked, id=8244, stack(0x000000e945d00000,0x000000e945e00000)]
  0x000002cdf42c3800 JavaThread "Unconstrained build operations Thread 23" [_thread_blocked, id=15896, stack(0x000000e945e00000,0x000000e945f00000)]
  0x000002cdf42c4000 JavaThread "Unconstrained build operations Thread 24" [_thread_blocked, id=18412, stack(0x000000e945f00000,0x000000e946000000)]
  0x000002cdf42c5000 JavaThread "Unconstrained build operations Thread 25" [_thread_blocked, id=18100, stack(0x000000e946000000,0x000000e946100000)]
  0x000002cdf42c6000 JavaThread "Unconstrained build operations Thread 26" [_thread_blocked, id=13872, stack(0x000000e946100000,0x000000e946200000)]
  0x000002cdf42c1800 JavaThread "Unconstrained build operations Thread 27" [_thread_blocked, id=14272, stack(0x000000e946200000,0x000000e946300000)]
  0x000002cdf42c0000 JavaThread "Unconstrained build operations Thread 28" [_thread_blocked, id=8512, stack(0x000000e946300000,0x000000e946400000)]
  0x000002cdf42c6800 JavaThread "Unconstrained build operations Thread 29" [_thread_blocked, id=10768, stack(0x000000e946400000,0x000000e946500000)]
  0x000002cdf42c1000 JavaThread "Unconstrained build operations Thread 30" [_thread_blocked, id=15892, stack(0x000000e946500000,0x000000e946600000)]
  0x000002cdf274b000 JavaThread "Unconstrained build operations Thread 31" [_thread_blocked, id=2124, stack(0x000000e946600000,0x000000e946700000)]
  0x000002cdf274b800 JavaThread "Unconstrained build operations Thread 32" [_thread_blocked, id=12328, stack(0x000000e946700000,0x000000e946800000)]
  0x000002cdf2746000 JavaThread "Unconstrained build operations Thread 33" [_thread_blocked, id=12788, stack(0x000000e946800000,0x000000e946900000)]
  0x000002cdf274a000 JavaThread "Unconstrained build operations Thread 34" [_thread_blocked, id=18312, stack(0x000000e946900000,0x000000e946a00000)]
  0x000002cdf2747000 JavaThread "Unconstrained build operations Thread 35" [_thread_blocked, id=15632, stack(0x000000e946a00000,0x000000e946b00000)]
  0x000002cdf274c800 JavaThread "Unconstrained build operations Thread 36" [_thread_blocked, id=3512, stack(0x000000e946b00000,0x000000e946c00000)]
  0x000002cdf274d800 JavaThread "Unconstrained build operations Thread 37" [_thread_blocked, id=11632, stack(0x000000e946c00000,0x000000e946d00000)]
  0x000002cdf2747800 JavaThread "Unconstrained build operations Thread 38" [_thread_blocked, id=10228, stack(0x000000e946d00000,0x000000e946e00000)]
  0x000002cdf274e000 JavaThread "Unconstrained build operations Thread 39" [_thread_blocked, id=7120, stack(0x000000e946e00000,0x000000e946f00000)]
  0x000002cdf2748800 JavaThread "Unconstrained build operations Thread 40" [_thread_blocked, id=12228, stack(0x000000e946f00000,0x000000e947000000)]
  0x000002cdf2749800 JavaThread "Unconstrained build operations Thread 41" [_thread_blocked, id=6792, stack(0x000000e947000000,0x000000e947100000)]
  0x000002cdf274f000 JavaThread "Unconstrained build operations Thread 42" [_thread_blocked, id=16336, stack(0x000000e947100000,0x000000e947200000)]
  0x000002cdf2753000 JavaThread "Unconstrained build operations Thread 43" [_thread_blocked, id=11948, stack(0x000000e947200000,0x000000e947300000)]
  0x000002cdf2751800 JavaThread "Unconstrained build operations Thread 44" [_thread_blocked, id=1236, stack(0x000000e947300000,0x000000e947400000)]
  0x000002cdf2752800 JavaThread "Unconstrained build operations Thread 45" [_thread_blocked, id=16016, stack(0x000000e947400000,0x000000e947500000)]
  0x000002cdf2754800 JavaThread "Unconstrained build operations Thread 46" [_thread_blocked, id=6500, stack(0x000000e947500000,0x000000e947600000)]
  0x000002cdf2750000 JavaThread "Unconstrained build operations Thread 47" [_thread_blocked, id=5996, stack(0x000000e947600000,0x000000e947700000)]
  0x000002cdf2750800 JavaThread "Unconstrained build operations Thread 48" [_thread_blocked, id=6860, stack(0x000000e947700000,0x000000e947800000)]
  0x000002cdf2754000 JavaThread "Unconstrained build operations Thread 49" [_thread_blocked, id=10180, stack(0x000000e947800000,0x000000e947900000)]
  0x000002cdf1723000 JavaThread "Unconstrained build operations Thread 50" [_thread_blocked, id=84, stack(0x000000e947900000,0x000000e947a00000)]
  0x000002cdf1726000 JavaThread "Unconstrained build operations Thread 51" [_thread_blocked, id=8944, stack(0x000000e947a00000,0x000000e947b00000)]
  0x000002cdf1721800 JavaThread "Unconstrained build operations Thread 52" [_thread_blocked, id=13980, stack(0x000000e947b00000,0x000000e947c00000)]
  0x000002cdf1723800 JavaThread "Unconstrained build operations Thread 53" [_thread_blocked, id=7560, stack(0x000000e947c00000,0x000000e947d00000)]
  0x000002cdf1727000 JavaThread "Unconstrained build operations Thread 54" [_thread_blocked, id=16380, stack(0x000000e947d00000,0x000000e947e00000)]
  0x000002cdf1724800 JavaThread "Unconstrained build operations Thread 55" [_thread_blocked, id=10412, stack(0x000000e947e00000,0x000000e947f00000)]
  0x000002cdf1728000 JavaThread "Unconstrained build operations Thread 56" [_thread_blocked, id=2376, stack(0x000000e947f00000,0x000000e948000000)]
  0x000002cdf1725800 JavaThread "Unconstrained build operations Thread 57" [_thread_blocked, id=14828, stack(0x000000e948000000,0x000000e948100000)]
  0x000002cdf1722000 JavaThread "Unconstrained build operations Thread 58" [_thread_blocked, id=15640, stack(0x000000e948100000,0x000000e948200000)]
  0x000002cdf172c000 JavaThread "Unconstrained build operations Thread 59" [_thread_blocked, id=7676, stack(0x000000e948200000,0x000000e948300000)]
  0x000002cdf1728800 JavaThread "Unconstrained build operations Thread 60" [_thread_blocked, id=7696, stack(0x000000e948300000,0x000000e948400000)]
  0x000002cdf172c800 JavaThread "Unconstrained build operations Thread 61" [_thread_blocked, id=16688, stack(0x000000e948400000,0x000000e948500000)]
  0x000002cdf172d800 JavaThread "Unconstrained build operations Thread 62" [_thread_blocked, id=2012, stack(0x000000e948500000,0x000000e948600000)]
  0x000002cdf172e800 JavaThread "Unconstrained build operations Thread 63" [_thread_blocked, id=10096, stack(0x000000e948600000,0x000000e948700000)]
  0x000002cdf172f000 JavaThread "Unconstrained build operations Thread 64" [_thread_blocked, id=17700, stack(0x000000e948700000,0x000000e948800000)]
  0x000002cdf1729800 JavaThread "Unconstrained build operations Thread 65" [_thread_blocked, id=15444, stack(0x000000e948800000,0x000000e948900000)]
  0x000002cdf1730000 JavaThread "Unconstrained build operations Thread 66" [_thread_blocked, id=2604, stack(0x000000e948900000,0x000000e948a00000)]
  0x000002cdf172a000 JavaThread "Unconstrained build operations Thread 67" [_thread_blocked, id=928, stack(0x000000e948a00000,0x000000e948b00000)]
  0x000002cdf172b000 JavaThread "Unconstrained build operations Thread 68" [_thread_blocked, id=4072, stack(0x000000e948b00000,0x000000e948c00000)]
  0x000002cdef34c800 JavaThread "Unconstrained build operations Thread 69" [_thread_blocked, id=13040, stack(0x000000e948c00000,0x000000e948d00000)]
  0x000002cdef350000 JavaThread "Unconstrained build operations Thread 70" [_thread_blocked, id=15504, stack(0x000000e948d00000,0x000000e948e00000)]
  0x000002cdef34c000 JavaThread "Unconstrained build operations Thread 71" [_thread_blocked, id=13888, stack(0x000000e948e00000,0x000000e948f00000)]
  0x000002cdef34d800 JavaThread "Unconstrained build operations Thread 72" [_thread_blocked, id=16020, stack(0x000000e948f00000,0x000000e949000000)]
  0x000002cdef34b000 JavaThread "Unconstrained build operations Thread 73" [_thread_blocked, id=16132, stack(0x000000e949000000,0x000000e949100000)]
  0x000002cdef34a800 JavaThread "Unconstrained build operations Thread 74" [_thread_blocked, id=9224, stack(0x000000e949100000,0x000000e949200000)]
  0x000002cdef34e800 JavaThread "Unconstrained build operations Thread 75" [_thread_blocked, id=14276, stack(0x000000e949200000,0x000000e949300000)]
  0x000002cdef354000 JavaThread "Unconstrained build operations Thread 76" [_thread_blocked, id=11396, stack(0x000000e949300000,0x000000e949400000)]
  0x000002cdef351000 JavaThread "Unconstrained build operations Thread 77" [_thread_blocked, id=9176, stack(0x000000e949400000,0x000000e949500000)]
  0x000002cdef355000 JavaThread "Unconstrained build operations Thread 78" [_thread_blocked, id=17620, stack(0x000000e949500000,0x000000e949600000)]
  0x000002cdef353800 JavaThread "Unconstrained build operations Thread 79" [_thread_blocked, id=14232, stack(0x000000e949600000,0x000000e949700000)]
  0x000002cdef34f000 JavaThread "Unconstrained build operations Thread 80" [_thread_blocked, id=15516, stack(0x000000e949700000,0x000000e949800000)]
  0x000002cdef355800 JavaThread "jar transforms Thread 4" [_thread_blocked, id=15124, stack(0x000000e949800000,0x000000e949900000)]
  0x000002cdef356800 JavaThread "jar transforms Thread 5" [_thread_blocked, id=13120, stack(0x000000e949900000,0x000000e949a00000)]
  0x000002cdef352800 JavaThread "jar transforms Thread 6" [_thread_blocked, id=5280, stack(0x000000e949a00000,0x000000e949b00000)]
  0x000002cdef357800 JavaThread "jar transforms Thread 7" [_thread_blocked, id=12936, stack(0x000000e949b00000,0x000000e949c00000)]
  0x000002cdef351800 JavaThread "jar transforms Thread 8" [_thread_blocked, id=4616, stack(0x000000e949c00000,0x000000e949d00000)]
  0x000002cdef359000 JavaThread "Memory manager" [_thread_blocked, id=12464, stack(0x000000e944100000,0x000000e944200000)]

Other Threads:
=>0x000002cdee6b0800 VMThread "VM Thread" [stack: 0x000000e941900000,0x000000e941a00000] [id=11684]
  0x000002cdef190800 WatcherThread [stack: 0x000000e942300000,0x000000e942400000] [id=7916]
  0x000002cdd22b8800 GCTaskThread "GC Thread#0" [stack: 0x000000e941400000,0x000000e941500000] [id=11332]
  0x000002cdf0526000 GCTaskThread "GC Thread#1" [stack: 0x000000e942600000,0x000000e942700000] [id=12900]
  0x000002cdefdee000 GCTaskThread "GC Thread#2" [stack: 0x000000e942700000,0x000000e942800000] [id=18292]
  0x000002cdf1953800 GCTaskThread "GC Thread#3" [stack: 0x000000e943000000,0x000000e943100000] [id=18192]
  0x000002cdefa8d000 GCTaskThread "GC Thread#4" [stack: 0x000000e943100000,0x000000e943200000] [id=13204]
  0x000002cdf161e000 GCTaskThread "GC Thread#5" [stack: 0x000000e943200000,0x000000e943300000] [id=12732]
  0x000002cdf1173800 GCTaskThread "GC Thread#6" [stack: 0x000000e943300000,0x000000e943400000] [id=17020]
  0x000002cdf07d0800 GCTaskThread "GC Thread#7" [stack: 0x000000e943400000,0x000000e943500000] [id=12916]
  0x000002cdd22ea800 ConcurrentGCThread "G1 Main Marker" [stack: 0x000000e941500000,0x000000e941600000] [id=9388]
  0x000002cdd22ec800 ConcurrentGCThread "G1 Conc#0" [stack: 0x000000e941600000,0x000000e941700000] [id=7012]
  0x000002cdf1cb1800 ConcurrentGCThread "G1 Conc#1" [stack: 0x000000e943800000,0x000000e943900000] [id=16572]
  0x000002cdee500800 ConcurrentGCThread "G1 Refine#0" [stack: 0x000000e941700000,0x000000e941800000] [id=9380]
  0x000002cdee501800 ConcurrentGCThread "G1 Young RemSet Sampling" [stack: 0x000000e941800000,0x000000e941900000] [id=9852]

Threads with active compile tasks:
C2 CompilerThread0  15074 7176 %     4       org.gradle.internal.instantiation.generator.AbstractClassGenerator::inspectType @ 207 (560 bytes)
C2 CompilerThread1  15074 7539       4       java.lang.Class::annotationData (44 bytes)

VM state:at safepoint (normal execution)

VM Mutex/Monitor currently owned by a thread:  ([mutex/lock_event])
[0x000002cdd229c4c0] Threads_lock - owner thread: 0x000002cdee6b0800
[0x000002cdd229cb80] Heap_lock - owner thread: 0x000002cdf1998800

Heap address: 0x0000000080000000, size: 2048 MB, Compressed Oops mode: 32-bit
Narrow klass base: 0x0000000000000000, Narrow klass shift: 3
Compressed class space size: 1073741824 Address: 0x0000000100000000

Heap:
 garbage-first heap   total 189440K, used 63637K [0x0000000080000000, 0x0000000100000000)
  region size 1024K, 6 young (6144K), 6 survivors (6144K)
 Metaspace       used 79142K, capacity 80936K, committed 81152K, reserved 1120256K
  class space    used 10279K, capacity 10953K, committed 11008K, reserved 1048576K
Heap Regions: E=young(eden), S=young(survivor), O=old, HS=humongous(starts), HC=humongous(continues), CS=collection set, F=free, A=archive, TAMS=top-at-mark-start (previous, next)
|   0|0x0000000080000000, 0x0000000080100000, 0x0000000080100000|100%| O|  |TAMS 0x0000000080100000, 0x0000000080100000| Untracked 
|   1|0x0000000080100000, 0x0000000080200000, 0x0000000080200000|100%| O|  |TAMS 0x0000000080200000, 0x0000000080200000| Untracked 
|   2|0x0000000080200000, 0x0000000080300000, 0x0000000080300000|100%| O|  |TAMS 0x0000000080300000, 0x0000000080300000| Untracked 
|   3|0x0000000080300000, 0x0000000080400000, 0x0000000080400000|100%|HS|  |TAMS 0x0000000080400000, 0x0000000080400000| Complete 
|   4|0x0000000080400000, 0x0000000080500000, 0x0000000080500000|100%|HC|  |TAMS 0x0000000080500000, 0x0000000080500000| Complete 
|   5|0x0000000080500000, 0x0000000080600000, 0x0000000080600000|100%|HC|  |TAMS 0x0000000080600000, 0x0000000080600000| Complete 
|   6|0x0000000080600000, 0x0000000080700000, 0x0000000080700000|100%| O|  |TAMS 0x0000000080700000, 0x0000000080700000| Untracked 
|   7|0x0000000080700000, 0x0000000080800000, 0x0000000080800000|100%| O|  |TAMS 0x0000000080800000, 0x0000000080800000| Untracked 
|   8|0x0000000080800000, 0x0000000080900000, 0x0000000080900000|100%| O|  |TAMS 0x0000000080900000, 0x0000000080900000| Untracked 
|   9|0x0000000080900000, 0x0000000080a00000, 0x0000000080a00000|100%| O|  |TAMS 0x0000000080a00000, 0x0000000080a00000| Untracked 
|  10|0x0000000080a00000, 0x0000000080b00000, 0x0000000080b00000|100%| O|  |TAMS 0x0000000080b00000, 0x0000000080b00000| Untracked 
|  11|0x0000000080b00000, 0x0000000080c00000, 0x0000000080c00000|100%| O|  |TAMS 0x0000000080c00000, 0x0000000080c00000| Untracked 
|  12|0x0000000080c00000, 0x0000000080d00000, 0x0000000080d00000|100%| O|  |TAMS 0x0000000080d00000, 0x0000000080d00000| Untracked 
|  13|0x0000000080d00000, 0x0000000080e00000, 0x0000000080e00000|100%| O|  |TAMS 0x0000000080e00000, 0x0000000080e00000| Untracked 
|  14|0x0000000080e00000, 0x0000000080f00000, 0x0000000080f00000|100%| O|  |TAMS 0x0000000080f00000, 0x0000000080f00000| Untracked 
|  15|0x0000000080f00000, 0x0000000081000000, 0x0000000081000000|100%| O|  |TAMS 0x0000000081000000, 0x0000000081000000| Untracked 
|  16|0x0000000081000000, 0x0000000081100000, 0x0000000081100000|100%| O|  |TAMS 0x0000000081100000, 0x0000000081100000| Untracked 
|  17|0x0000000081100000, 0x0000000081200000, 0x0000000081200000|100%| O|  |TAMS 0x0000000081200000, 0x0000000081200000| Untracked 
|  18|0x0000000081200000, 0x0000000081300000, 0x0000000081300000|100%| O|  |TAMS 0x0000000081300000, 0x0000000081300000| Untracked 
|  19|0x0000000081300000, 0x0000000081400000, 0x0000000081400000|100%| O|  |TAMS 0x0000000081400000, 0x0000000081400000| Untracked 
|  20|0x0000000081400000, 0x0000000081500000, 0x0000000081500000|100%| O|  |TAMS 0x0000000081500000, 0x0000000081500000| Untracked 
|  21|0x0000000081500000, 0x0000000081600000, 0x0000000081600000|100%| O|  |TAMS 0x0000000081600000, 0x0000000081600000| Untracked 
|  22|0x0000000081600000, 0x0000000081700000, 0x0000000081700000|100%| O|  |TAMS 0x0000000081700000, 0x0000000081700000| Untracked 
|  23|0x0000000081700000, 0x0000000081800000, 0x0000000081800000|100%| O|  |TAMS 0x0000000081800000, 0x0000000081800000| Untracked 
|  24|0x0000000081800000, 0x0000000081900000, 0x0000000081900000|100%| O|  |TAMS 0x0000000081900000, 0x0000000081900000| Untracked 
|  25|0x0000000081900000, 0x0000000081a00000, 0x0000000081a00000|100%| O|  |TAMS 0x0000000081a00000, 0x0000000081a00000| Untracked 
|  26|0x0000000081a00000, 0x0000000081b00000, 0x0000000081b00000|100%| O|  |TAMS 0x0000000081b00000, 0x0000000081b00000| Untracked 
|  27|0x0000000081b00000, 0x0000000081c00000, 0x0000000081c00000|100%|HS|  |TAMS 0x0000000081c00000, 0x0000000081c00000| Complete 
|  28|0x0000000081c00000, 0x0000000081d00000, 0x0000000081d00000|100%|HS|  |TAMS 0x0000000081d00000, 0x0000000081d00000| Complete 
|  29|0x0000000081d00000, 0x0000000081e00000, 0x0000000081e00000|100%| O|  |TAMS 0x0000000081e00000, 0x0000000081e00000| Untracked 
|  30|0x0000000081e00000, 0x0000000081f00000, 0x0000000081f00000|100%|HS|  |TAMS 0x0000000081f00000, 0x0000000081f00000| Complete 
|  31|0x0000000081f00000, 0x0000000082000000, 0x0000000082000000|100%|HC|  |TAMS 0x0000000082000000, 0x0000000082000000| Complete 
|  32|0x0000000082000000, 0x0000000082100000, 0x0000000082100000|100%| O|  |TAMS 0x0000000082100000, 0x0000000082100000| Untracked 
|  33|0x0000000082100000, 0x0000000082200000, 0x0000000082200000|100%| O|  |TAMS 0x0000000082200000, 0x0000000082200000| Untracked 
|  34|0x0000000082200000, 0x0000000082300000, 0x0000000082300000|100%| O|  |TAMS 0x0000000082300000, 0x0000000082300000| Untracked 
|  35|0x0000000082300000, 0x0000000082400000, 0x0000000082400000|100%| O|  |TAMS 0x0000000082400000, 0x0000000082400000| Untracked 
|  36|0x0000000082400000, 0x0000000082500000, 0x0000000082500000|100%| O|  |TAMS 0x0000000082500000, 0x0000000082500000| Untracked 
|  37|0x0000000082500000, 0x0000000082600000, 0x0000000082600000|100%| O|  |TAMS 0x0000000082600000, 0x0000000082600000| Untracked 
|  38|0x0000000082600000, 0x0000000082700000, 0x0000000082700000|100%| O|  |TAMS 0x0000000082700000, 0x0000000082700000| Untracked 
|  39|0x0000000082700000, 0x0000000082800000, 0x0000000082800000|100%| O|  |TAMS 0x0000000082800000, 0x0000000082800000| Untracked 
|  40|0x0000000082800000, 0x0000000082900000, 0x0000000082900000|100%| O|  |TAMS 0x0000000082900000, 0x0000000082900000| Untracked 
|  41|0x0000000082900000, 0x0000000082a00000, 0x0000000082a00000|100%| O|  |TAMS 0x0000000082a00000, 0x0000000082a00000| Untracked 
|  42|0x0000000082a00000, 0x0000000082b00000, 0x0000000082b00000|100%| O|  |TAMS 0x0000000082b00000, 0x0000000082b00000| Untracked 
|  43|0x0000000082b00000, 0x0000000082c00000, 0x0000000082c00000|100%| O|  |TAMS 0x0000000082c00000, 0x0000000082c00000| Untracked 
|  44|0x0000000082c00000, 0x0000000082d00000, 0x0000000082d00000|100%| O|  |TAMS 0x0000000082d00000, 0x0000000082d00000| Untracked 
|  45|0x0000000082d00000, 0x0000000082e00000, 0x0000000082e00000|100%| O|  |TAMS 0x0000000082e00000, 0x0000000082e00000| Untracked 
|  46|0x0000000082e00000, 0x0000000082f00000, 0x0000000082f00000|100%| O|  |TAMS 0x0000000082f00000, 0x0000000082f00000| Untracked 
|  47|0x0000000082f00000, 0x0000000083000000, 0x0000000083000000|100%| O|  |TAMS 0x0000000083000000, 0x0000000083000000| Untracked 
|  48|0x0000000083000000, 0x0000000083100000, 0x0000000083100000|100%| O|  |TAMS 0x0000000083100000, 0x0000000083100000| Untracked 
|  49|0x0000000083100000, 0x0000000083200000, 0x0000000083200000|100%| O|  |TAMS 0x0000000083200000, 0x0000000083200000| Untracked 
|  50|0x0000000083200000, 0x0000000083300000, 0x0000000083300000|100%| O|  |TAMS 0x0000000083300000, 0x0000000083300000| Untracked 
|  51|0x0000000083300000, 0x0000000083400000, 0x0000000083400000|100%| O|  |TAMS 0x0000000083400000, 0x0000000083400000| Untracked 
|  52|0x0000000083400000, 0x0000000083500000, 0x0000000083500000|100%| O|  |TAMS 0x0000000083477600, 0x0000000083500000| Untracked 
|  53|0x0000000083500000, 0x0000000083600000, 0x0000000083600000|100%| O|  |TAMS 0x0000000083500000, 0x0000000083600000| Untracked 
|  54|0x0000000083600000, 0x0000000083700000, 0x0000000083700000|100%| O|  |TAMS 0x0000000083600000, 0x0000000083700000| Untracked 
|  55|0x0000000083700000, 0x0000000083800000, 0x0000000083800000|100%| O|  |TAMS 0x0000000083700000, 0x0000000083800000| Untracked 
|  56|0x0000000083800000, 0x00000000838b4c00, 0x0000000083900000| 70%| O|  |TAMS 0x0000000083800000, 0x00000000838b4c00| Untracked 
|  57|0x0000000083900000, 0x0000000083900000, 0x0000000083a00000|  0%| F|  |TAMS 0x0000000083900000, 0x0000000083900000| Untracked 
|  58|0x0000000083a00000, 0x0000000083a00000, 0x0000000083b00000|  0%| F|  |TAMS 0x0000000083a00000, 0x0000000083a00000| Untracked 
|  59|0x0000000083b00000, 0x0000000083b00000, 0x0000000083c00000|  0%| F|  |TAMS 0x0000000083b00000, 0x0000000083b00000| Untracked 
|  60|0x0000000083c00000, 0x0000000083c00000, 0x0000000083d00000|  0%| F|  |TAMS 0x0000000083c00000, 0x0000000083c00000| Untracked 
|  61|0x0000000083d00000, 0x0000000083d00000, 0x0000000083e00000|  0%| F|  |TAMS 0x0000000083d00000, 0x0000000083d00000| Untracked 
|  62|0x0000000083e00000, 0x0000000083e00000, 0x0000000083f00000|  0%| F|  |TAMS 0x0000000083e00000, 0x0000000083e00000| Untracked 
|  63|0x0000000083f00000, 0x0000000083f00000, 0x0000000084000000|  0%| F|  |TAMS 0x0000000083f00000, 0x0000000083f00000| Untracked 
|  64|0x0000000084000000, 0x0000000084000000, 0x0000000084100000|  0%| F|  |TAMS 0x0000000084000000, 0x0000000084000000| Untracked 
|  65|0x0000000084100000, 0x0000000084100000, 0x0000000084200000|  0%| F|  |TAMS 0x0000000084100000, 0x0000000084100000| Untracked 
|  66|0x0000000084200000, 0x0000000084200000, 0x0000000084300000|  0%| F|  |TAMS 0x0000000084200000, 0x0000000084200000| Untracked 
|  67|0x0000000084300000, 0x0000000084300000, 0x0000000084400000|  0%| F|  |TAMS 0x0000000084300000, 0x0000000084300000| Untracked 
|  68|0x0000000084400000, 0x0000000084400000, 0x0000000084500000|  0%| F|  |TAMS 0x0000000084400000, 0x0000000084400000| Untracked 
|  69|0x0000000084500000, 0x0000000084500000, 0x0000000084600000|  0%| F|  |TAMS 0x0000000084500000, 0x0000000084500000| Untracked 
|  70|0x0000000084600000, 0x0000000084600000, 0x0000000084700000|  0%| F|  |TAMS 0x0000000084600000, 0x0000000084600000| Untracked 
|  71|0x0000000084700000, 0x0000000084700000, 0x0000000084800000|  0%| F|  |TAMS 0x0000000084700000, 0x0000000084700000| Untracked 
|  72|0x0000000084800000, 0x0000000084800000, 0x0000000084900000|  0%| F|  |TAMS 0x0000000084800000, 0x0000000084800000| Untracked 
|  73|0x0000000084900000, 0x0000000084900000, 0x0000000084a00000|  0%| F|  |TAMS 0x0000000084900000, 0x0000000084900000| Untracked 
|  74|0x0000000084a00000, 0x0000000084a00000, 0x0000000084b00000|  0%| F|  |TAMS 0x0000000084a00000, 0x0000000084a00000| Untracked 
|  75|0x0000000084b00000, 0x0000000084b00000, 0x0000000084c00000|  0%| F|  |TAMS 0x0000000084b00000, 0x0000000084b00000| Untracked 
|  76|0x0000000084c00000, 0x0000000084c00000, 0x0000000084d00000|  0%| F|  |TAMS 0x0000000084c00000, 0x0000000084c00000| Untracked 
|  77|0x0000000084d00000, 0x0000000084d00000, 0x0000000084e00000|  0%| F|  |TAMS 0x0000000084d00000, 0x0000000084d00000| Untracked 
|  78|0x0000000084e00000, 0x0000000084e00000, 0x0000000084f00000|  0%| F|  |TAMS 0x0000000084e00000, 0x0000000084e00000| Untracked 
|  79|0x0000000084f00000, 0x0000000084f00000, 0x0000000085000000|  0%| F|  |TAMS 0x0000000084f00000, 0x0000000084f00000| Untracked 
|  80|0x0000000085000000, 0x0000000085000000, 0x0000000085100000|  0%| F|  |TAMS 0x0000000085000000, 0x0000000085000000| Untracked 
|  81|0x0000000085100000, 0x0000000085100000, 0x0000000085200000|  0%| F|  |TAMS 0x0000000085100000, 0x0000000085100000| Untracked 
|  82|0x0000000085200000, 0x0000000085200000, 0x0000000085300000|  0%| F|  |TAMS 0x0000000085200000, 0x0000000085200000| Untracked 
|  83|0x0000000085300000, 0x0000000085300000, 0x0000000085400000|  0%| F|  |TAMS 0x0000000085300000, 0x0000000085300000| Untracked 
|  84|0x0000000085400000, 0x0000000085400000, 0x0000000085500000|  0%| F|  |TAMS 0x0000000085400000, 0x0000000085400000| Untracked 
|  85|0x0000000085500000, 0x0000000085570a10, 0x0000000085600000| 43%| S|CS|TAMS 0x0000000085500000, 0x0000000085500000| Complete 
|  86|0x0000000085600000, 0x0000000085700000, 0x0000000085700000|100%| S|CS|TAMS 0x0000000085600000, 0x0000000085600000| Complete 
|  87|0x0000000085700000, 0x0000000085800000, 0x0000000085800000|100%| S|CS|TAMS 0x0000000085700000, 0x0000000085700000| Complete 
|  88|0x0000000085800000, 0x0000000085900000, 0x0000000085900000|100%| S|CS|TAMS 0x0000000085800000, 0x0000000085800000| Complete 
|  89|0x0000000085900000, 0x0000000085a00000, 0x0000000085a00000|100%| S|CS|TAMS 0x0000000085900000, 0x0000000085900000| Complete 
|  90|0x0000000085a00000, 0x0000000085b00000, 0x0000000085b00000|100%| S|CS|TAMS 0x0000000085a00000, 0x0000000085a00000| Complete 
|  91|0x0000000085b00000, 0x0000000085b00000, 0x0000000085c00000|  0%| F|  |TAMS 0x0000000085b00000, 0x0000000085b00000| Untracked 
|  92|0x0000000085c00000, 0x0000000085c00000, 0x0000000085d00000|  0%| F|  |TAMS 0x0000000085c00000, 0x0000000085c00000| Untracked 
|  93|0x0000000085d00000, 0x0000000085d00000, 0x0000000085e00000|  0%| F|  |TAMS 0x0000000085d00000, 0x0000000085d00000| Untracked 
|  94|0x0000000085e00000, 0x0000000085e00000, 0x0000000085f00000|  0%| F|  |TAMS 0x0000000085e00000, 0x0000000085e00000| Untracked 
|  95|0x0000000085f00000, 0x0000000085f00000, 0x0000000086000000|  0%| F|  |TAMS 0x0000000085f00000, 0x0000000085f00000| Untracked 
|  96|0x0000000086000000, 0x0000000086000000, 0x0000000086100000|  0%| F|  |TAMS 0x0000000086000000, 0x0000000086000000| Untracked 
|  97|0x0000000086100000, 0x0000000086100000, 0x0000000086200000|  0%| F|  |TAMS 0x0000000086100000, 0x0000000086100000| Untracked 
|  98|0x0000000086200000, 0x0000000086200000, 0x0000000086300000|  0%| F|  |TAMS 0x0000000086200000, 0x0000000086200000| Untracked 
|  99|0x0000000086300000, 0x0000000086300000, 0x0000000086400000|  0%| F|  |TAMS 0x0000000086300000, 0x0000000086300000| Untracked 
| 100|0x0000000086400000, 0x0000000086400000, 0x0000000086500000|  0%| F|  |TAMS 0x0000000086400000, 0x0000000086400000| Untracked 
| 101|0x0000000086500000, 0x0000000086500000, 0x0000000086600000|  0%| F|  |TAMS 0x0000000086500000, 0x0000000086500000| Untracked 
| 102|0x0000000086600000, 0x0000000086600000, 0x0000000086700000|  0%| F|  |TAMS 0x0000000086600000, 0x0000000086600000| Untracked 
| 103|0x0000000086700000, 0x0000000086700000, 0x0000000086800000|  0%| F|  |TAMS 0x0000000086700000, 0x0000000086700000| Untracked 
| 104|0x0000000086800000, 0x0000000086800000, 0x0000000086900000|  0%| F|  |TAMS 0x0000000086800000, 0x0000000086800000| Untracked 
| 105|0x0000000086900000, 0x0000000086900000, 0x0000000086a00000|  0%| F|  |TAMS 0x0000000086900000, 0x0000000086900000| Untracked 
| 106|0x0000000086a00000, 0x0000000086a00000, 0x0000000086b00000|  0%| F|  |TAMS 0x0000000086a00000, 0x0000000086a00000| Untracked 
| 107|0x0000000086b00000, 0x0000000086b00000, 0x0000000086c00000|  0%| F|  |TAMS 0x0000000086b00000, 0x0000000086b00000| Untracked 
| 108|0x0000000086c00000, 0x0000000086c00000, 0x0000000086d00000|  0%| F|  |TAMS 0x0000000086c00000, 0x0000000086c00000| Untracked 
| 109|0x0000000086d00000, 0x0000000086d00000, 0x0000000086e00000|  0%| F|  |TAMS 0x0000000086d00000, 0x0000000086d00000| Untracked 
| 110|0x0000000086e00000, 0x0000000086e00000, 0x0000000086f00000|  0%| F|  |TAMS 0x0000000086e00000, 0x0000000086e00000| Untracked 
| 111|0x0000000086f00000, 0x0000000086f00000, 0x0000000087000000|  0%| F|  |TAMS 0x0000000086f00000, 0x0000000086f00000| Untracked 
| 112|0x0000000087000000, 0x0000000087000000, 0x0000000087100000|  0%| F|  |TAMS 0x0000000087000000, 0x0000000087000000| Untracked 
| 113|0x0000000087100000, 0x0000000087100000, 0x0000000087200000|  0%| F|  |TAMS 0x0000000087100000, 0x0000000087100000| Untracked 
| 114|0x0000000087200000, 0x0000000087200000, 0x0000000087300000|  0%| F|  |TAMS 0x0000000087200000, 0x0000000087200000| Untracked 
| 115|0x0000000087300000, 0x0000000087300000, 0x0000000087400000|  0%| F|  |TAMS 0x0000000087300000, 0x0000000087300000| Untracked 
| 116|0x0000000087400000, 0x0000000087400000, 0x0000000087500000|  0%| F|  |TAMS 0x0000000087400000, 0x0000000087400000| Untracked 
| 117|0x0000000087500000, 0x0000000087500000, 0x0000000087600000|  0%| F|  |TAMS 0x0000000087500000, 0x0000000087500000| Untracked 
| 118|0x0000000087600000, 0x0000000087600000, 0x0000000087700000|  0%| F|  |TAMS 0x0000000087600000, 0x0000000087600000| Untracked 
| 119|0x0000000087700000, 0x0000000087700000, 0x0000000087800000|  0%| F|  |TAMS 0x0000000087700000, 0x0000000087700000| Untracked 
| 120|0x0000000087800000, 0x0000000087800000, 0x0000000087900000|  0%| F|  |TAMS 0x0000000087800000, 0x0000000087800000| Untracked 
| 121|0x0000000087900000, 0x0000000087900000, 0x0000000087a00000|  0%| F|  |TAMS 0x0000000087900000, 0x0000000087900000| Untracked 
| 122|0x0000000087a00000, 0x0000000087a00000, 0x0000000087b00000|  0%| F|  |TAMS 0x0000000087a00000, 0x0000000087a00000| Untracked 
| 123|0x0000000087b00000, 0x0000000087b00000, 0x0000000087c00000|  0%| F|  |TAMS 0x0000000087b00000, 0x0000000087b00000| Untracked 
| 124|0x0000000087c00000, 0x0000000087c00000, 0x0000000087d00000|  0%| F|  |TAMS 0x0000000087c00000, 0x0000000087c00000| Untracked 
| 125|0x0000000087d00000, 0x0000000087d00000, 0x0000000087e00000|  0%| F|  |TAMS 0x0000000087d00000, 0x0000000087d00000| Untracked 
| 126|0x0000000087e00000, 0x0000000087e00000, 0x0000000087f00000|  0%| F|  |TAMS 0x0000000087e00000, 0x0000000087e00000| Untracked 
| 127|0x0000000087f00000, 0x0000000087f00000, 0x0000000088000000|  0%| F|  |TAMS 0x0000000087f00000, 0x0000000087f00000| Untracked 
| 128|0x0000000088000000, 0x0000000088000000, 0x0000000088100000|  0%| F|  |TAMS 0x0000000088000000, 0x0000000088000000| Untracked 
| 129|0x0000000088100000, 0x0000000088100000, 0x0000000088200000|  0%| F|  |TAMS 0x0000000088100000, 0x0000000088100000| Untracked 
| 130|0x0000000088200000, 0x0000000088200000, 0x0000000088300000|  0%| F|  |TAMS 0x0000000088200000, 0x0000000088200000| Untracked 
| 131|0x0000000088300000, 0x0000000088300000, 0x0000000088400000|  0%| F|  |TAMS 0x0000000088300000, 0x0000000088300000| Untracked 
| 132|0x0000000088400000, 0x0000000088400000, 0x0000000088500000|  0%| F|  |TAMS 0x0000000088400000, 0x0000000088400000| Untracked 
| 133|0x0000000088500000, 0x0000000088500000, 0x0000000088600000|  0%| F|  |TAMS 0x0000000088500000, 0x0000000088500000| Untracked 
| 134|0x0000000088600000, 0x0000000088600000, 0x0000000088700000|  0%| F|  |TAMS 0x0000000088600000, 0x0000000088600000| Untracked 
| 135|0x0000000088700000, 0x0000000088700000, 0x0000000088800000|  0%| F|  |TAMS 0x0000000088700000, 0x0000000088700000| Untracked 
| 136|0x0000000088800000, 0x0000000088800000, 0x0000000088900000|  0%| F|  |TAMS 0x0000000088800000, 0x0000000088800000| Untracked 
| 137|0x0000000088900000, 0x0000000088900000, 0x0000000088a00000|  0%| F|  |TAMS 0x0000000088900000, 0x0000000088900000| Untracked 
| 138|0x0000000088a00000, 0x0000000088a00000, 0x0000000088b00000|  0%| F|  |TAMS 0x0000000088a00000, 0x0000000088a00000| Untracked 
| 139|0x0000000088b00000, 0x0000000088b00000, 0x0000000088c00000|  0%| F|  |TAMS 0x0000000088b00000, 0x0000000088b00000| Untracked 
| 140|0x0000000088c00000, 0x0000000088c00000, 0x0000000088d00000|  0%| F|  |TAMS 0x0000000088c00000, 0x0000000088c00000| Untracked 
| 141|0x0000000088d00000, 0x0000000088d00000, 0x0000000088e00000|  0%| F|  |TAMS 0x0000000088d00000, 0x0000000088d00000| Untracked 
| 142|0x0000000088e00000, 0x0000000088e00000, 0x0000000088f00000|  0%| F|  |TAMS 0x0000000088e00000, 0x0000000088e00000| Untracked 
| 143|0x0000000088f00000, 0x0000000088f00000, 0x0000000089000000|  0%| F|  |TAMS 0x0000000088f00000, 0x0000000088f00000| Untracked 
| 144|0x0000000089000000, 0x0000000089000000, 0x0000000089100000|  0%| F|  |TAMS 0x0000000089000000, 0x0000000089000000| Untracked 
| 145|0x0000000089100000, 0x0000000089100000, 0x0000000089200000|  0%| F|  |TAMS 0x0000000089100000, 0x0000000089100000| Untracked 
| 146|0x0000000089200000, 0x0000000089200000, 0x0000000089300000|  0%| F|  |TAMS 0x0000000089200000, 0x0000000089200000| Untracked 
| 147|0x0000000089300000, 0x0000000089300000, 0x0000000089400000|  0%| F|  |TAMS 0x0000000089300000, 0x0000000089300000| Untracked 
| 148|0x0000000089400000, 0x0000000089400000, 0x0000000089500000|  0%| F|  |TAMS 0x0000000089400000, 0x0000000089400000| Untracked 
| 149|0x0000000089500000, 0x0000000089500000, 0x0000000089600000|  0%| F|  |TAMS 0x0000000089500000, 0x0000000089500000| Untracked 
| 150|0x0000000089600000, 0x0000000089600000, 0x0000000089700000|  0%| F|  |TAMS 0x0000000089600000, 0x0000000089600000| Untracked 
| 151|0x0000000089700000, 0x0000000089700000, 0x0000000089800000|  0%| F|  |TAMS 0x0000000089700000, 0x0000000089700000| Untracked 
| 152|0x0000000089800000, 0x0000000089800000, 0x0000000089900000|  0%| F|  |TAMS 0x0000000089800000, 0x0000000089800000| Untracked 
| 153|0x0000000089900000, 0x0000000089900000, 0x0000000089a00000|  0%| F|  |TAMS 0x0000000089900000, 0x0000000089900000| Untracked 

Card table byte_map: [0x000002cde73e0000,0x000002cde77e0000] _byte_map_base: 0x000002cde6fe0000

Marking Bits (Prev, Next): (CMBitMap*) 0x000002cdd22e1828, (CMBitMap*) 0x000002cdd22e1860
 Prev Bits: [0x000002cde7be0000, 0x000002cde9be0000)
 Next Bits: [0x000002cde9be0000, 0x000002cdebbe0000)

Polling page: 0x000002cdd2140000

Metaspace:

Usage:
  Non-class:     68.34 MB capacity,    67.25 MB ( 98%) used,   922.69 KB (  1%) free+waste,   198.13 KB ( <1%) overhead. 
      Class:     10.70 MB capacity,    10.04 MB ( 94%) used,   581.34 KB (  5%) free+waste,    91.69 KB ( <1%) overhead. 
       Both:     79.04 MB capacity,    77.29 MB ( 98%) used,     1.47 MB (  2%) free+waste,   289.81 KB ( <1%) overhead. 

Virtual space:
  Non-class space:       70.00 MB reserved,      68.50 MB ( 98%) committed 
      Class space:        1.00 GB reserved,      10.75 MB (  1%) committed 
             Both:        1.07 GB reserved,      79.25 MB (  7%) committed 

Chunk freelists:
   Non-Class:  33.00 KB
       Class:  23.00 KB
        Both:  56.00 KB

MaxMetaspaceSize: 17179869184.00 GB
CompressedClassSpaceSize: 1.00 GB
Initial GC threshold: 20.80 MB
Current GC threshold: 124.79 MB
CDS: off

CodeHeap 'non-profiled nmethods': size=120000Kb used=4840Kb max_used=4840Kb free=115159Kb
 bounds [0x000002cddf050000, 0x000002cddf510000, 0x000002cde6580000]
CodeHeap 'profiled nmethods': size=120000Kb used=16620Kb max_used=16620Kb free=103379Kb
 bounds [0x000002cdd7b20000, 0x000002cdd8b60000, 0x000002cddf050000]
CodeHeap 'non-nmethods': size=5760Kb used=2352Kb max_used=2419Kb free=3407Kb
 bounds [0x000002cdd7580000, 0x000002cdd77f0000, 0x000002cdd7b20000]
 total_blobs=8531 nmethods=7661 adapters=782
 compilation: enabled
              stopped_count=0, restarted_count=0
 full_count=0

Compilation events (20 events):
Event: 14.985 Thread 0x000002cdee6d1800 7680       3       com.sun.xml.bind.v2.util.QNameMap::get (18 bytes)
Event: 14.985 Thread 0x000002cdee6d1800 nmethod 7680 0x000002cdd8b58390 code [0x000002cdd8b58560, 0x000002cdd8b586e8]
Event: 14.987 Thread 0x000002cdee6d1800 7682       3       com.sun.xml.bind.v2.model.impl.RuntimeTypeRefImpl::getTarget (5 bytes)
Event: 14.988 Thread 0x000002cdee6d1800 nmethod 7682 0x000002cdd8b58810 code [0x000002cdd8b589e0, 0x000002cdd8b58d28]
Event: 14.990 Thread 0x000002cdee6d1800 7683       1       com.sun.xml.bind.v2.model.impl.TypeRefImpl::isNillable (5 bytes)
Event: 14.990 Thread 0x000002cdee6d1800 nmethod 7683 0x000002cddf509910 code [0x000002cddf509ac0, 0x000002cddf509b78]
Event: 14.990 Thread 0x000002cdee6d1800 7684       3       com.sun.xml.bind.v2.runtime.NameBuilder::allocIndex (39 bytes)
Event: 14.991 Thread 0x000002cdee6d1800 nmethod 7684 0x000002cdd8b58e10 code [0x000002cdd8b59020, 0x000002cdd8b59678]
Event: 14.991 Thread 0x000002cdee6d1800 7685       3       com.sun.xml.bind.v2.runtime.Name::<init> (41 bytes)
Event: 14.991 Thread 0x000002cdee6d1800 nmethod 7685 0x000002cdd8b59910 code [0x000002cdd8b59ac0, 0x000002cdd8b59cf8]
Event: 14.991 Thread 0x000002cdee6d1800 7686       3       com.sun.xml.bind.v2.model.impl.ElementPropertyInfoImpl$1::get (20 bytes)
Event: 14.991 Thread 0x000002cdee6d1800 nmethod 7686 0x000002cdd8b59e10 code [0x000002cdd8b5a000, 0x000002cdd8b5a428]
Event: 14.991 Thread 0x000002cdee6d1800 7689       3       com.sun.istack.FinalArrayList::<init> (5 bytes)
Event: 14.992 Thread 0x000002cdee6d1800 nmethod 7689 0x000002cdd8b5a590 code [0x000002cdd8b5a760, 0x000002cdd8b5aa58]
Event: 14.992 Thread 0x000002cdee6d1800 7687       1       com.sun.xml.bind.v2.runtime.property.PropertyImpl::hasSerializeURIAction (2 bytes)
Event: 14.992 Thread 0x000002cdee6d1800 nmethod 7687 0x000002cddf509c10 code [0x000002cddf509dc0, 0x000002cddf509e78]
Event: 14.992 Thread 0x000002cdee6d1800 7688       1       com.sun.xml.bind.v2.model.impl.TypeRefImpl::getDefaultValue (5 bytes)
Event: 14.992 Thread 0x000002cdee6d1800 nmethod 7688 0x000002cddf509f10 code [0x000002cddf50a0c0, 0x000002cddf50a178]
Event: 14.992 Thread 0x000002cdee6d1800 7690       3       com.sun.xml.bind.v2.runtime.JAXBContextImpl::getOrCreate (47 bytes)
Event: 14.993 Thread 0x000002cdee6d1800 nmethod 7690 0x000002cdd8b5ab90 code [0x000002cdd8b5ad80, 0x000002cdd8b5b208]

GC Heap History (20 events):
Event: 3.778 GC heap after
{Heap after GC invocations=6 (full 0):
 garbage-first heap   total 131072K, used 19235K [0x0000000080000000, 0x0000000100000000)
  region size 1024K, 3 young (3072K), 3 survivors (3072K)
 Metaspace       used 26546K, capacity 27149K, committed 27264K, reserved 1073152K
  class space    used 3429K, capacity 3640K, committed 3712K, reserved 1048576K
}
Event: 5.184 GC heap before
{Heap before GC invocations=7 (full 0):
 garbage-first heap   total 131072K, used 77603K [0x0000000080000000, 0x0000000100000000)
  region size 1024K, 60 young (61440K), 3 survivors (3072K)
 Metaspace       used 32823K, capacity 33517K, committed 33792K, reserved 1079296K
  class space    used 4281K, capacity 4551K, committed 4608K, reserved 1048576K
}
Event: 5.195 GC heap after
{Heap after GC invocations=8 (full 0):
 garbage-first heap   total 131072K, used 21688K [0x0000000080000000, 0x0000000100000000)
  region size 1024K, 6 young (6144K), 6 survivors (6144K)
 Metaspace       used 32823K, capacity 33517K, committed 33792K, reserved 1079296K
  class space    used 4281K, capacity 4551K, committed 4608K, reserved 1048576K
}
Event: 6.550 GC heap before
{Heap before GC invocations=8 (full 0):
 garbage-first heap   total 131072K, used 84152K [0x0000000080000000, 0x0000000100000000)
  region size 1024K, 65 young (66560K), 6 survivors (6144K)
 Metaspace       used 39497K, capacity 40385K, committed 40448K, reserved 1085440K
  class space    used 4986K, capacity 5324K, committed 5376K, reserved 1048576K
}
Event: 6.561 GC heap after
{Heap after GC invocations=9 (full 0):
 garbage-first heap   total 157696K, used 27095K [0x0000000080000000, 0x0000000100000000)
  region size 1024K, 9 young (9216K), 9 survivors (9216K)
 Metaspace       used 39497K, capacity 40385K, committed 40448K, reserved 1085440K
  class space    used 4986K, capacity 5324K, committed 5376K, reserved 1048576K
}
Event: 7.562 GC heap before
{Heap before GC invocations=9 (full 0):
 garbage-first heap   total 157696K, used 77271K [0x0000000080000000, 0x0000000100000000)
  region size 1024K, 59 young (60416K), 9 survivors (9216K)
 Metaspace       used 44421K, capacity 45341K, committed 45440K, reserved 1089536K
  class space    used 5597K, capacity 5962K, committed 6016K, reserved 1048576K
}
Event: 7.583 GC heap after
{Heap after GC invocations=10 (full 0):
 garbage-first heap   total 157696K, used 29977K [0x0000000080000000, 0x0000000100000000)
  region size 1024K, 8 young (8192K), 8 survivors (8192K)
 Metaspace       used 44421K, capacity 45341K, committed 45440K, reserved 1089536K
  class space    used 5597K, capacity 5962K, committed 6016K, reserved 1048576K
}
Event: 8.458 GC heap before
{Heap before GC invocations=11 (full 0):
 garbage-first heap   total 157696K, used 98585K [0x0000000080000000, 0x0000000100000000)
  region size 1024K, 75 young (76800K), 8 survivors (8192K)
 Metaspace       used 48197K, capacity 49441K, committed 49664K, reserved 1091584K
  class space    used 6128K, capacity 6606K, committed 6656K, reserved 1048576K
}
Event: 8.470 GC heap after
{Heap after GC invocations=12 (full 0):
 garbage-first heap   total 157696K, used 32226K [0x0000000080000000, 0x0000000100000000)
  region size 1024K, 5 young (5120K), 5 survivors (5120K)
 Metaspace       used 48197K, capacity 49441K, committed 49664K, reserved 1091584K
  class space    used 6128K, capacity 6606K, committed 6656K, reserved 1048576K
}
Event: 9.813 GC heap before
{Heap before GC invocations=12 (full 0):
 garbage-first heap   total 157696K, used 111074K [0x0000000080000000, 0x0000000100000000)
  region size 1024K, 77 young (78848K), 5 survivors (5120K)
 Metaspace       used 55020K, capacity 56431K, committed 56704K, reserved 1097728K
  class space    used 6960K, capacity 7516K, committed 7552K, reserved 1048576K
}
Event: 9.820 GC heap after
{Heap after GC invocations=13 (full 0):
 garbage-first heap   total 157696K, used 44032K [0x0000000080000000, 0x0000000100000000)
  region size 1024K, 10 young (10240K), 10 survivors (10240K)
 Metaspace       used 55020K, capacity 56431K, committed 56704K, reserved 1097728K
  class space    used 6960K, capacity 7516K, committed 7552K, reserved 1048576K
}
Event: 11.143 GC heap before
{Heap before GC invocations=13 (full 0):
 garbage-first heap   total 157696K, used 121856K [0x0000000080000000, 0x0000000100000000)
  region size 1024K, 80 young (81920K), 10 survivors (10240K)
 Metaspace       used 63300K, capacity 64831K, committed 64896K, reserved 1105920K
  class space    used 7947K, capacity 8536K, committed 8576K, reserved 1048576K
}
Event: 11.155 GC heap after
{Heap after GC invocations=14 (full 0):
 garbage-first heap   total 157696K, used 49308K [0x0000000080000000, 0x0000000100000000)
  region size 1024K, 6 young (6144K), 6 survivors (6144K)
 Metaspace       used 63300K, capacity 64831K, committed 64896K, reserved 1105920K
  class space    used 7947K, capacity 8536K, committed 8576K, reserved 1048576K
}
Event: 12.013 GC heap before
{Heap before GC invocations=14 (full 0):
 garbage-first heap   total 157696K, used 116892K [0x0000000080000000, 0x0000000100000000)
  region size 1024K, 72 young (73728K), 6 survivors (6144K)
 Metaspace       used 66412K, capacity 68005K, committed 68096K, reserved 1107968K
  class space    used 8361K, capacity 8944K, committed 8960K, reserved 1048576K
}
Event: 12.022 GC heap after
{Heap after GC invocations=15 (full 0):
 garbage-first heap   total 157696K, used 54204K [0x0000000080000000, 0x0000000100000000)
  region size 1024K, 5 young (5120K), 5 survivors (5120K)
 Metaspace       used 66412K, capacity 68005K, committed 68096K, reserved 1107968K
  class space    used 8361K, capacity 8944K, committed 8960K, reserved 1048576K
}
Event: 13.094 GC heap before
{Heap before GC invocations=15 (full 0):
 garbage-first heap   total 157696K, used 120764K [0x0000000080000000, 0x0000000100000000)
  region size 1024K, 70 young (71680K), 5 survivors (5120K)
 Metaspace       used 72722K, capacity 74417K, committed 74624K, reserved 1114112K
  class space    used 9346K, capacity 9985K, committed 10112K, reserved 1048576K
}
Event: 13.103 GC heap after
{Heap after GC invocations=16 (full 0):
 garbage-first heap   total 157696K, used 58153K [0x0000000080000000, 0x0000000100000000)
  region size 1024K, 9 young (9216K), 9 survivors (9216K)
 Metaspace       used 72722K, capacity 74417K, committed 74624K, reserved 1114112K
  class space    used 9346K, capacity 9985K, committed 10112K, reserved 1048576K
}
Event: 13.663 GC heap before
{Heap before GC invocations=16 (full 0):
 garbage-first heap   total 157696K, used 80681K [0x0000000080000000, 0x0000000100000000)
  region size 1024K, 32 young (32768K), 9 survivors (9216K)
 Metaspace       used 74372K, capacity 76033K, committed 76160K, reserved 1116160K
  class space    used 9599K, capacity 10262K, committed 10368K, reserved 1048576K
}
Event: 13.683 GC heap after
{Heap after GC invocations=17 (full 0):
 garbage-first heap   total 157696K, used 60055K [0x0000000080000000, 0x0000000100000000)
  region size 1024K, 7 young (7168K), 7 survivors (7168K)
 Metaspace       used 74372K, capacity 76033K, committed 76160K, reserved 1116160K
  class space    used 9599K, capacity 10262K, committed 10368K, reserved 1048576K
}
Event: 15.015 GC heap before
{Heap before GC invocations=18 (full 0):
 garbage-first heap   total 157696K, used 117399K [0x0000000080000000, 0x0000000100000000)
  region size 1024K, 63 young (64512K), 7 survivors (7168K)
 Metaspace       used 79142K, capacity 80936K, committed 81152K, reserved 1120256K
  class space    used 10279K, capacity 10953K, committed 11008K, reserved 1048576K
}

Deoptimization events (20 events):
Event: 14.019 Thread 0x000002cdf1998800 Uncommon trap: trap_request=0xffffff4d fr.pc=0x000002cddf3185fc relative=0x000000000000067c
Event: 14.019 Thread 0x000002cdf1998800 Uncommon trap: reason=unstable_if action=reinterpret pc=0x000002cddf3185fc method=java.util.HashMap.putVal(ILjava/lang/Object;Ljava/lang/Object;ZZ)Ljava/lang/Object; @ 109 c2
Event: 14.019 Thread 0x000002cdf1998800 DEOPT PACKING pc=0x000002cddf3185fc sp=0x000000e942cf7720
Event: 14.019 Thread 0x000002cdf1998800 DEOPT UNPACKING pc=0x000002cdd75ca1af sp=0x000000e942cf76d8 mode 2
Event: 14.022 Thread 0x000002cdf1998800 DEOPT PACKING pc=0x000002cdd86e3bd6 sp=0x000000e942cf7a70
Event: 14.022 Thread 0x000002cdf1998800 DEOPT UNPACKING pc=0x000002cdd75ca95e sp=0x000000e942cf7010 mode 0
Event: 14.108 Thread 0x000002cdf1998800 DEOPT PACKING pc=0x000002cdd879d8a7 sp=0x000000e942cf63f0
Event: 14.108 Thread 0x000002cdf1998800 DEOPT UNPACKING pc=0x000002cdd75ca95e sp=0x000000e942cf5880 mode 0
Event: 14.431 Thread 0x000002cdf1998800 Uncommon trap: trap_request=0xffffff4d fr.pc=0x000002cddf3307f8 relative=0x0000000000001b58
Event: 14.431 Thread 0x000002cdf1998800 Uncommon trap: reason=unstable_if action=reinterpret pc=0x000002cddf3307f8 method=sun.nio.fs.WindowsPathParser.normalize(Ljava/lang/StringBuilder;Ljava/lang/String;I)Ljava/lang/String; @ 172 c2
Event: 14.431 Thread 0x000002cdf1998800 DEOPT PACKING pc=0x000002cddf3307f8 sp=0x000000e942cf8e50
Event: 14.431 Thread 0x000002cdf1998800 DEOPT UNPACKING pc=0x000002cdd75ca1af sp=0x000000e942cf8e40 mode 2
Event: 14.627 Thread 0x000002cdf1998800 Uncommon trap: trap_request=0xffffffde fr.pc=0x000002cddf420874 relative=0x0000000000001974
Event: 14.627 Thread 0x000002cdf1998800 Uncommon trap: reason=class_check action=maybe_recompile pc=0x000002cddf420874 method=java.lang.Class.createAnnotationData(I)Ljava/lang/Class$AnnotationData; @ 103 c2
Event: 14.627 Thread 0x000002cdf1998800 DEOPT PACKING pc=0x000002cddf420874 sp=0x000000e942cf8320
Event: 14.627 Thread 0x000002cdf1998800 DEOPT UNPACKING pc=0x000002cdd75ca1af sp=0x000000e942cf81a8 mode 2
Event: 14.674 Thread 0x000002cdf1998800 Uncommon trap: trap_request=0xfffffff4 fr.pc=0x000002cddf420a08 relative=0x0000000000001b08
Event: 14.674 Thread 0x000002cdf1998800 Uncommon trap: reason=null_check action=make_not_entrant pc=0x000002cddf420a08 method=java.lang.Class.createAnnotationData(I)Ljava/lang/Class$AnnotationData; @ 14 c2
Event: 14.674 Thread 0x000002cdf1998800 DEOPT PACKING pc=0x000002cddf420a08 sp=0x000000e942cf77c0
Event: 14.674 Thread 0x000002cdf1998800 DEOPT UNPACKING pc=0x000002cdd75ca1af sp=0x000000e942cf7770 mode 2

Classes redefined (0 events):
No events

Internal exceptions (20 events):
Event: 13.110 Thread 0x000002cdf1998800 Exception <a 'java/lang/ClassNotFoundException'{0x00000000899d9178}: com/android/build/gradle/internal/api/BaseVariantOutputImplBeanInfo> (0x00000000899d9178) thrown at [./src/hotspot/share/classfile/systemDictionary.cpp, line 231]
Event: 13.111 Thread 0x000002cdf1998800 Exception <a 'java/lang/ClassNotFoundException'{0x00000000899f6160}: com/android/build/gradle/internal/api/BaseVariantOutputImplCustomizer> (0x00000000899f6160) thrown at [./src/hotspot/share/classfile/systemDictionary.cpp, line 231]
Event: 13.113 Thread 0x000002cdf1998800 Exception <a 'java/lang/ClassNotFoundException'{0x0000000089825d18}: com/android/build/gradle/internal/api/ApkVariantOutputImplCustomizer> (0x0000000089825d18) thrown at [./src/hotspot/share/classfile/systemDictionary.cpp, line 231]
Event: 13.115 Thread 0x000002cdf1998800 Exception <a 'java/lang/ClassNotFoundException'{0x0000000089851ac8}: com/android/build/gradle/internal/api/ApkVariantOutputImpl_DecoratedCustomizer> (0x0000000089851ac8) thrown at [./src/hotspot/share/classfile/systemDictionary.cpp, line 231]
Event: 13.146 Thread 0x000002cdf1998800 Exception <a 'java/lang/NoClassDefFoundError'{0x0000000089602288}: org/jetbrains/kotlin/gradle/plugin/KotlinBasePluginWrapper> (0x0000000089602288) thrown at [./src/hotspot/share/classfile/systemDictionary.cpp, line 220]
Event: 13.244 Thread 0x000002cdf1998800 Exception <a 'java/lang/ClassNotFoundException'{0x00000000895eb278}: build_4blt0ezvunkddlfeqku2fhimgBeanInfo> (0x00000000895eb278) thrown at [./src/hotspot/share/classfile/systemDictionary.cpp, line 231]
Event: 13.245 Thread 0x000002cdf1998800 Exception <a 'java/lang/ClassNotFoundException'{0x00000000895f7538}: build_4blt0ezvunkddlfeqku2fhimgCustomizer> (0x00000000895f7538) thrown at [./src/hotspot/share/classfile/systemDictionary.cpp, line 231]
Event: 13.354 Thread 0x000002cdf1998800 Exception <a 'java/lang/NoSuchMethodError'{0x00000000891f1d68}: 'java.lang.Object java.lang.invoke.DirectMethodHandle$Holder.invokeStatic(java.lang.Object, int, java.lang.Object, java.lang.Object, java.lang.Object)'> (0x00000000891f1d68) thrown at [./src/hotspot/share/interpreter/linkResolver.cpp, line 773]
Event: 13.357 Thread 0x000002cdf1998800 Exception <a 'java/lang/NoSuchMethodError'{0x00000000891f69a0}: 'java.lang.Object java.lang.invoke.DirectMethodHandle$Holder.invokeSpecial(java.lang.Object, java.lang.Object, int, java.lang.Object, java.lang.Object, java.lang.Object)'> (0x00000000891f69a0) thrown at [./src/hotspot/share/interpreter/linkResolver.cpp, line 773]
Event: 13.485 Thread 0x000002cdf1998800 Exception <a 'java/lang/ClassNotFoundException'{0x0000000088c9c9d8}: build_4blt0ezvunkddlfeqku2fhimgBeanInfo> (0x0000000088c9c9d8) thrown at [./src/hotspot/share/classfile/systemDictionary.cpp, line 231]
Event: 13.485 Thread 0x000002cdf1998800 Exception <a 'java/lang/ClassNotFoundException'{0x0000000088ca9188}: build_4blt0ezvunkddlfeqku2fhimgCustomizer> (0x0000000088ca9188) thrown at [./src/hotspot/share/classfile/systemDictionary.cpp, line 231]
Event: 13.493 Thread 0x000002cdf1998800 Exception <a 'java/lang/ClassNotFoundException'{0x0000000088b44c40}: org/gradle/api/plugins/internal/DefaultJavaPluginExtension_DecoratedBeanInfo> (0x0000000088b44c40) thrown at [./src/hotspot/share/classfile/systemDictionary.cpp, line 231]
Event: 13.494 Thread 0x000002cdf1998800 Exception <a 'java/lang/ClassNotFoundException'{0x0000000088b8acb8}: org/gradle/api/plugins/internal/DefaultJavaPluginExtensionBeanInfo> (0x0000000088b8acb8) thrown at [./src/hotspot/share/classfile/systemDictionary.cpp, line 231]
Event: 13.495 Thread 0x000002cdf1998800 Exception <a 'java/lang/ClassNotFoundException'{0x0000000088bd1b48}: org/gradle/api/plugins/internal/DefaultJavaPluginExtensionCustomizer> (0x0000000088bd1b48) thrown at [./src/hotspot/share/classfile/systemDictionary.cpp, line 231]
Event: 13.499 Thread 0x000002cdf1998800 Exception <a 'java/lang/ClassNotFoundException'{0x0000000088a51018}: org/gradle/api/plugins/internal/DefaultJavaPluginExtension_DecoratedCustomizer> (0x0000000088a51018) thrown at [./src/hotspot/share/classfile/systemDictionary.cpp, line 231]
Event: 13.543 Thread 0x000002cdf1998800 Implicit null exception at 0x000002cddf2eaaaf to 0x000002cddf2eb220
Event: 14.050 Thread 0x000002cdf1998800 Exception <a 'java/lang/NoSuchMethodError'{0x00000000886f00f8}: 'java.lang.Object java.lang.invoke.Invokers$Holder.linkToTargetMethod(java.lang.Object, int, java.lang.Object)'> (0x00000000886f00f8) thrown at [./src/hotspot/share/interpreter/linkResolver.cpp, line 773]
Event: 14.358 Thread 0x000002cdf1998800 Exception <a 'sun/nio/fs/WindowsException'{0x000000008758ab08}> (0x000000008758ab08) thrown at [./src/hotspot/share/prims/jni.cpp, line 616]
Event: 14.545 Thread 0x000002cdf1998800 Exception <a 'java/lang/NullPointerException'{0x0000000086bb5220}> (0x0000000086bb5220) thrown at [./src/hotspot/share/interpreter/linkResolver.cpp, line 1440]
Event: 14.674 Thread 0x000002cdf1998800 Implicit null exception at 0x000002cddf41efeb to 0x000002cddf4209e0

Events (20 events):
Event: 15.002 loading class javax/xml/bind/helpers/DefaultValidationEventHandler done
Event: 15.003 loading class com/sun/xml/bind/v2/runtime/unmarshaller/UnmarshallingContext
Event: 15.003 loading class com/sun/xml/bind/v2/runtime/unmarshaller/UnmarshallingContext done
Event: 15.007 loading class com/sun/xml/bind/v2/runtime/unmarshaller/XmlVisitor$TextPredictor
Event: 15.007 loading class com/sun/xml/bind/v2/runtime/unmarshaller/XmlVisitor$TextPredictor done
Event: 15.008 loading class com/sun/xml/bind/v2/runtime/Coordinator
Event: 15.008 loading class com/sun/xml/bind/v2/runtime/Coordinator done
Event: 15.010 loading class com/sun/xml/bind/v2/runtime/unmarshaller/UnmarshallingContext$DefaultRootLoader
Event: 15.010 loading class com/sun/xml/bind/v2/runtime/unmarshaller/UnmarshallingContext$DefaultRootLoader done
Event: 15.011 loading class com/sun/xml/bind/v2/runtime/unmarshaller/UnmarshallingContext$ExpectedTypeRootLoader
Event: 15.011 loading class com/sun/xml/bind/v2/runtime/unmarshaller/UnmarshallingContext$ExpectedTypeRootLoader done
Event: 15.012 loading class com/sun/istack/SAXParseException2
Event: 15.012 loading class com/sun/istack/SAXParseException2 done
Event: 15.013 loading class org/xml/sax/helpers/LocatorImpl
Event: 15.014 loading class org/xml/sax/helpers/LocatorImpl done
Event: 15.014 loading class com/sun/xml/bind/v2/runtime/unmarshaller/LocatorExWrapper
Event: 15.014 loading class com/sun/xml/bind/v2/runtime/unmarshaller/LocatorExWrapper done
Event: 15.015 loading class javax/xml/bind/ValidationEventLocator
Event: 15.015 loading class javax/xml/bind/ValidationEventLocator done
Event: 15.015 Executing VM operation: G1CollectForAllocation


Dynamic libraries:
0x00007ff6556f0000 - 0x00007ff6556fa000 	C:\Program Files\Android\Android Studio\jre\bin\java.exe
0x00007ffa49c90000 - 0x00007ffa49e88000 	C:\WINDOWS\SYSTEM32\ntdll.dll
0x00007ffa48c30000 - 0x00007ffa48cef000 	C:\WINDOWS\System32\KERNEL32.DLL
0x00007ffa47910000 - 0x00007ffa47be2000 	C:\WINDOWS\System32\KERNELBASE.dll
0x00007ffa47380000 - 0x00007ffa47480000 	C:\WINDOWS\System32\ucrtbase.dll
0x00007ffa40520000 - 0x00007ffa40539000 	C:\Program Files\Android\Android Studio\jre\bin\jli.dll
0x00007ffa3e650000 - 0x00007ffa3e667000 	C:\Program Files\Android\Android Studio\jre\bin\VCRUNTIME140.dll
0x00007ffa48710000 - 0x00007ffa488b1000 	C:\WINDOWS\System32\USER32.dll
0x00007ffa47480000 - 0x00007ffa474a2000 	C:\WINDOWS\System32\win32u.dll
0x00007ffa35c50000 - 0x00007ffa35eea000 	C:\WINDOWS\WinSxS\amd64_microsoft.windows.common-controls_6595b64144ccf1df_6.0.19041.1110_none_60b5254171f9507e\COMCTL32.dll
0x00007ffa49bc0000 - 0x00007ffa49beb000 	C:\WINDOWS\System32\GDI32.dll
0x00007ffa491e0000 - 0x00007ffa4927e000 	C:\WINDOWS\System32\msvcrt.dll
0x00007ffa474b0000 - 0x00007ffa475bf000 	C:\WINDOWS\System32\gdi32full.dll
0x00007ffa47630000 - 0x00007ffa476cd000 	C:\WINDOWS\System32\msvcp_win.dll
0x00007ffa498f0000 - 0x00007ffa49922000 	C:\WINDOWS\System32\IMM32.DLL
0x00007ffa3da20000 - 0x00007ffa3dabd000 	C:\Program Files\Android\Android Studio\jre\bin\msvcp140.dll
0x00007ffa114f0000 - 0x00007ffa11ff2000 	C:\Program Files\Android\Android Studio\jre\bin\server\jvm.dll
0x00007ffa493d0000 - 0x00007ffa4947e000 	C:\WINDOWS\System32\ADVAPI32.dll
0x00007ffa49280000 - 0x00007ffa4931c000 	C:\WINDOWS\System32\sechost.dll
0x00007ffa48cf0000 - 0x00007ffa48e15000 	C:\WINDOWS\System32\RPCRT4.dll
0x00007ffa49050000 - 0x00007ffa49058000 	C:\WINDOWS\System32\PSAPI.DLL
0x00007ffa3e7f0000 - 0x00007ffa3e7f9000 	C:\WINDOWS\SYSTEM32\WSOCK32.dll
0x00007ffa1f740000 - 0x00007ffa1f767000 	C:\WINDOWS\SYSTEM32\WINMM.dll
0x00007ffa49110000 - 0x00007ffa4917b000 	C:\WINDOWS\System32\WS2_32.dll
0x00007ffa3f830000 - 0x00007ffa3f83a000 	C:\WINDOWS\SYSTEM32\VERSION.dll
0x00007ffa45c00000 - 0x00007ffa45c12000 	C:\WINDOWS\SYSTEM32\kernel.appcore.dll
0x00007ffa3af50000 - 0x00007ffa3af61000 	C:\Program Files\Android\Android Studio\jre\bin\verify.dll
0x00007ffa459c0000 - 0x00007ffa45ba4000 	C:\WINDOWS\SYSTEM32\DBGHELP.DLL
0x00007ffa3f590000 - 0x00007ffa3f5c5000 	C:\WINDOWS\SYSTEM32\dbgcore.DLL
0x00007ffa47bf0000 - 0x00007ffa47c72000 	C:\WINDOWS\System32\bcryptPrimitives.dll
0x00007ffa39b80000 - 0x00007ffa39ba9000 	C:\Program Files\Android\Android Studio\jre\bin\java.dll
0x00007ffa42090000 - 0x00007ffa4209b000 	C:\Program Files\Android\Android Studio\jre\bin\jimage.dll
0x00007ffa39b60000 - 0x00007ffa39b78000 	C:\Program Files\Android\Android Studio\jre\bin\zip.dll
0x00007ffa47e20000 - 0x00007ffa48564000 	C:\WINDOWS\System32\SHELL32.dll
0x00007ffa45150000 - 0x00007ffa458e2000 	C:\WINDOWS\SYSTEM32\windows.storage.dll
0x00007ffa488c0000 - 0x00007ffa48c15000 	C:\WINDOWS\System32\combase.dll
0x00007ffa46de0000 - 0x00007ffa46e10000 	C:\WINDOWS\SYSTEM32\Wldp.dll
0x00007ffa49320000 - 0x00007ffa493cd000 	C:\WINDOWS\System32\SHCORE.dll
0x00007ffa48e20000 - 0x00007ffa48e75000 	C:\WINDOWS\System32\shlwapi.dll
0x00007ffa472c0000 - 0x00007ffa472df000 	C:\WINDOWS\SYSTEM32\profapi.dll
0x00007ffa39af0000 - 0x00007ffa39b0a000 	C:\Program Files\Android\Android Studio\jre\bin\net.dll
0x00007ffa40dd0000 - 0x00007ffa40edc000 	C:\WINDOWS\SYSTEM32\WINHTTP.dll
0x00007ffa46b40000 - 0x00007ffa46baa000 	C:\WINDOWS\system32\mswsock.dll
0x00007ffa33f80000 - 0x00007ffa33f94000 	C:\Program Files\Android\Android Studio\jre\bin\nio.dll
0x00007ffa1fbd0000 - 0x00007ffa1fbf7000 	C:\Users\Prince Verma\.gradle\native\e1d6ef7f7dcc3fd88c89a11ec53ec762bb8ba0a96d01ffa2cd45eb1d1d8dd5c5\windows-amd64\native-platform.dll
0x00007ffa145c0000 - 0x00007ffa14704000 	C:\Users\Prince Verma\.gradle\native\0d407fdbe67a94daf76414ababcb853783967236a71b16ec16e742cd7a986fd3\windows-amd64\native-platform-file-events.dll
0x00007ffa40bd0000 - 0x00007ffa40bda000 	C:\Program Files\Android\Android Studio\jre\bin\management.dll
0x00007ffa40560000 - 0x00007ffa4056d000 	C:\Program Files\Android\Android Studio\jre\bin\management_ext.dll
0x00007ffa46d40000 - 0x00007ffa46d58000 	C:\WINDOWS\SYSTEM32\CRYPTSP.dll
0x00007ffa463f0000 - 0x00007ffa46424000 	C:\WINDOWS\system32\rsaenh.dll
0x00007ffa47830000 - 0x00007ffa47857000 	C:\WINDOWS\System32\bcrypt.dll
0x00007ffa47240000 - 0x00007ffa4726e000 	C:\WINDOWS\SYSTEM32\USERENV.dll
0x00007ffa46d30000 - 0x00007ffa46d3c000 	C:\WINDOWS\SYSTEM32\CRYPTBASE.dll
0x00007ffa467e0000 - 0x00007ffa4681b000 	C:\WINDOWS\SYSTEM32\IPHLPAPI.DLL
0x00007ffa48c20000 - 0x00007ffa48c28000 	C:\WINDOWS\System32\NSI.dll
0x00007ffa3e5e0000 - 0x00007ffa3e5f7000 	C:\WINDOWS\SYSTEM32\dhcpcsvc6.DLL
0x00007ffa3f0b0000 - 0x00007ffa3f0cd000 	C:\WINDOWS\SYSTEM32\dhcpcsvc.DLL
0x00007ffa46830000 - 0x00007ffa468fa000 	C:\WINDOWS\SYSTEM32\DNSAPI.dll

dbghelp: loaded successfully - version: 4.0.5 - missing functions: none
symbol engine: initialized successfully - sym options: 0x614 - pdb path: .;C:\Program Files\Android\Android Studio\jre\bin;C:\WINDOWS\SYSTEM32;C:\WINDOWS\WinSxS\amd64_microsoft.windows.common-controls_6595b64144ccf1df_6.0.19041.1110_none_60b5254171f9507e;C:\Program Files\Android\Android Studio\jre\bin\server;C:\Users\Prince Verma\.gradle\native\e1d6ef7f7dcc3fd88c89a11ec53ec762bb8ba0a96d01ffa2cd45eb1d1d8dd5c5\windows-amd64;C:\Users\Prince Verma\.gradle\native\0d407fdbe67a94daf76414ababcb853783967236a71b16ec16e742cd7a986fd3\windows-amd64

VM Arguments:
jvm_args: --add-opens=java.base/java.util=ALL-UNNAMED --add-opens=java.base/java.lang=ALL-UNNAMED --add-opens=java.base/java.lang.invoke=ALL-UNNAMED --add-opens=java.base/java.util=ALL-UNNAMED --add-opens=java.prefs/java.util.prefs=ALL-UNNAMED --add-opens=java.prefs/java.util.prefs=ALL-UNNAMED --add-opens=java.base/java.nio.charset=ALL-UNNAMED --add-opens=java.base/java.net=ALL-UNNAMED --add-opens=java.base/java.util.concurrent.atomic=ALL-UNNAMED -Xmx2048m -Dfile.encoding=UTF-8 -Duser.country=IN -Duser.language=en -Duser.variant 
java_command: org.gradle.launcher.daemon.bootstrap.GradleDaemon 7.4
java_class_path (initial): C:\Users\Prince Verma\.gradle\wrapper\dists\gradle-7.4-bin\c0gwcg53nkjbqw7r0h0umtfvt\gradle-7.4\lib\gradle-launcher-7.4.jar
Launcher Type: SUN_STANDARD

[Global flags]
     intx CICompilerCount                          = 4                                         {product} {ergonomic}
     uint ConcGCThreads                            = 2                                         {product} {ergonomic}
     uint G1ConcRefinementThreads                  = 8                                         {product} {ergonomic}
   size_t G1HeapRegionSize                         = 1048576                                   {product} {ergonomic}
    uintx GCDrainStackTargetSize                   = 64                                        {product} {ergonomic}
   size_t InitialHeapSize                          = 134217728                                 {product} {ergonomic}
   size_t MarkStackSize                            = 4194304                                   {product} {ergonomic}
   size_t MaxHeapSize                              = 2147483648                                {product} {command line}
   size_t MaxNewSize                               = 1287651328                                {product} {ergonomic}
   size_t MinHeapDeltaBytes                        = 1048576                                   {product} {ergonomic}
    uintx NonNMethodCodeHeapSize                   = 5836300                                {pd product} {ergonomic}
    uintx NonProfiledCodeHeapSize                  = 122910970                              {pd product} {ergonomic}
    uintx ProfiledCodeHeapSize                     = 122910970                              {pd product} {ergonomic}
    uintx ReservedCodeCacheSize                    = 251658240                              {pd product} {ergonomic}
     bool SegmentedCodeCache                       = true                                      {product} {ergonomic}
     bool UseCompressedClassPointers               = true                                 {lp64_product} {ergonomic}
     bool UseCompressedOops                        = true                                 {lp64_product} {ergonomic}
     bool UseG1GC                                  = true                                      {product} {ergonomic}
     bool UseLargePagesIndividualAllocation        = false                                  {pd product} {ergonomic}

Logging:
Log output configuration:
 #0: stdout all=warning uptime,level,tags
 #1: stderr all=off uptime,level,tags

Environment Variables:
PATH=C:\Program Files\Common Files\Oracle\Java\javapath;C:\Program Files (x86)\Common Files\Oracle\Java\javapath;C:\python\Python38\Scripts\;C:\python\Python38\;C:\Program Files (x86)\Intel\iCLS Client\;C:\Program Files\Intel\iCLS Client\;C:\Windows\system32;C:\Windows;C:\Windows\System32\Wbem;C:\Windows\System32\WindowsPowerShell\v1.0\;C:\Program Files (x86)\Intel\Intel(R) Management Engine Components\DAL;C:\Program Files\Intel\Intel(R) Management Engine Components\DAL;C:\Program Files (x86)\Intel\Intel(R) Management Engine Components\IPT;C:\Program Files\Intel\Intel(R) Management Engine Components\IPT;C:\Program Files\MATLAB\R2016a\runtime\win64;C:\Program Files\MATLAB\R2016a\bin;C:\Program Files\MATLAB\R2016a\polyspace\bin;C:\WINDOWS\system32;C:\WINDOWS;C:\WINDOWS\System32\Wbem;C:\WINDOWS\System32\WindowsPowerShell\v1.0\;C:\WINDOWS\System32\OpenSSH\;C:\Program Files (x86)\SMLNJ\bin\;C:\Android;C:\Program Files\Git\cmd;C:\Program Files (x86)\NVIDIA Corporation\PhysX\Common;C:\Users\Prince Verma\anaconda3;C:\Users\Prince Verma\anaconda3\Library\mingw-w64\bin;C:\Users\Prince Verma\anaconda3\Library\usr\bin;C:\Users\Prince Verma\anaconda3\Library\bin;C:\Users\Prince Verma\anaconda3\Scripts;C:\Users\Prince Verma\AppData\Local\Microsoft\WindowsApps;C:\Users\Prince Verma\AppData\Roaming\Python\Python38\Scripts;C:\Program Files (x86)\mingw-w64\i686-8.1.0-posix-dwarf-rt_v6-rev0\mingw32\bin;C:\iverilog\bin;C:\iverilog\gtkwave\bin;F:\.vscode\Microsoft VS Code\bin
USERNAME=Prince Verma
OS=Windows_NT
PROCESSOR_IDENTIFIER=Intel64 Family 6 Model 158 Stepping 9, GenuineIntel



---------------  S Y S T E M  ---------------

OS: Windows 10 , 64 bit Build 19041 (10.0.19041.2364)
OS uptime: 0 days 2:29 hours

CPU:total 8 (initial active 8) (4 cores per cpu, 2 threads per core) family 6 model 158 stepping 9 microcode 0xb4, cmov, cx8, fxsr, mmx, sse, sse2, sse3, ssse3, sse4.1, sse4.2, popcnt, avx, avx2, aes, clmul, erms, 3dnowpref, lzcnt, ht, tsc, tscinvbit, bmi1, bmi2, adx, fma

Memory: 4k page, system-wide physical 8067M (529M free)
TotalPageFile size 23170M (AvailPageFile size 20M)
current process WorkingSet (physical memory assigned to process): 414M, peak: 417M
current process commit charge ("private bytes"): 454M, peak: 487M

vm_info: OpenJDK 64-Bit Server VM (11.0.13+0-b1751.21-8125866) for windows-amd64 JRE (11.0.13+0-b1751.21-8125866), built on Feb  2 2022 03:00:22 by "builder" with MS VC++ 14.0 (VS2015)

END.
