#
# A fatal error has been detected by the Java Runtime Environment:
#
#  EXCEPTION_ACCESS_VIOLATION (0xc0000005) at pc=0x00007ff9d92beed7, pid=14660, tid=10588
#
# JRE version: OpenJDK Runtime Environment (11.0.13) (build 11.0.13+0-b1751.21-8125866)
# Java VM: OpenJDK 64-Bit Server VM (11.0.13+0-b1751.21-8125866, mixed mode, tiered, compressed oops, g1 gc, windows-amd64)
# Problematic frame:
# V  [jvm.dll+0x37eed7]
#
# No core dump will be written. Minidumps are not enabled by default on client versions of Windows
#
# If you would like to submit a bug report, please visit:
#   https://bugreport.java.com/bugreport/crash.jsp
#

---------------  S U M M A R Y ------------

Command Line: --add-opens=java.base/java.util=ALL-UNNAMED --add-opens=java.base/java.lang=ALL-UNNAMED --add-opens=java.base/java.lang.invoke=ALL-UNNAMED --add-opens=java.base/java.util=ALL-UNNAMED --add-opens=java.prefs/java.util.prefs=ALL-UNNAMED --add-opens=java.prefs/java.util.prefs=ALL-UNNAMED --add-opens=java.base/java.nio.charset=ALL-UNNAMED --add-opens=java.base/java.net=ALL-UNNAMED --add-opens=java.base/java.util.concurrent.atomic=ALL-UNNAMED -Xmx2048m -Dfile.encoding=UTF-8 -Duser.country=IN -Duser.language=en -Duser.variant org.gradle.launcher.daemon.bootstrap.GradleDaemon 7.4

Host: Intel(R) Core(TM) i7-7700HQ CPU @ 2.80GHz, 8 cores, 7G,  Windows 10 , 64 bit Build 19041 (10.0.19041.2364)
Time: Mon Dec 19 13:47:21 2022 India Standard Time elapsed time: 224.967857 seconds (0d 0h 3m 44s)

---------------  T H R E A D  ---------------

Current thread (0x000001b7e4cab000):  JavaThread "Unconstrained build operations Thread 58" [_thread_in_vm, id=10588, stack(0x000000adcb000000,0x000000adcb100000)]

Stack: [0x000000adcb000000,0x000000adcb100000],  sp=0x000000adcb0ff780,  free space=1021k
Native frames: (J=compiled Java code, j=interpreted, Vv=VM code, C=native code)
V  [jvm.dll+0x37eed7]
V  [jvm.dll+0x610022]
V  [jvm.dll+0x37f88a]
V  [jvm.dll+0x37fb17]
V  [jvm.dll+0x3f4a6d]
V  [jvm.dll+0x70de0f]
V  [jvm.dll+0x706a75]
V  [jvm.dll+0x60ed66]
C  [ucrtbase.dll+0x21bb2]
C  [KERNEL32.DLL+0x17614]
C  [ntdll.dll+0x526a1]


siginfo: EXCEPTION_ACCESS_VIOLATION (0xc0000005), writing address 0x000000adcb0f8780


Register to memory mapping:

RIP=0x00007ff9d92beed7 jvm.dll
RAX=0x0000000000000001 is an unknown value
RBX=0x000000adcb0f8780 is pointing into the stack for thread: 0x000001b7e4cab000
RCX=0x0000000000001000 is an unknown value
RDX=0x0 is NULL
RSP=0x000000adcb0ff780 is pointing into the stack for thread: 0x000001b7e4cab000
RBP=0x0000000000000300 is an unknown value
RSI=0x000000adcb0ff8f0 is pointing into the stack for thread: 0x000001b7e4cab000
RDI=0x000001b7e4cab000 is a thread
R8 =0x000000adcb0ff780 is pointing into the stack for thread: 0x000001b7e4cab000
R9 =0x000001b7e4cab000 is a thread
R10=0x000000adcb0ff8f0 is pointing into the stack for thread: 0x000001b7e4cab000
R11=0x000000adcb0ffaa0 is pointing into the stack for thread: 0x000001b7e4cab000
R12=0x000001b7e69a6b70 points into unknown readable memory: 0x000000008a908148 | 48 81 90 8a 00 00 00 00
R13=0x000000adcb0ff9d0 is pointing into the stack for thread: 0x000001b7e4cab000
R14=0x0 is NULL
R15=0x000000adcb0ffaa0 is pointing into the stack for thread: 0x000001b7e4cab000


Registers:
RAX=0x0000000000000001, RBX=0x000000adcb0f8780, RCX=0x0000000000001000, RDX=0x0000000000000000
RSP=0x000000adcb0ff780, RBP=0x0000000000000300, RSI=0x000000adcb0ff8f0, RDI=0x000001b7e4cab000
R8 =0x000000adcb0ff780, R9 =0x000001b7e4cab000, R10=0x000000adcb0ff8f0, R11=0x000000adcb0ffaa0
R12=0x000001b7e69a6b70, R13=0x000000adcb0ff9d0, R14=0x0000000000000000, R15=0x000000adcb0ffaa0
RIP=0x00007ff9d92beed7, EFLAGS=0x0000000000010202

Top of Stack: (sp=0x000000adcb0ff780)
0x000000adcb0ff780:   000000adcb0ff780 000000adcb0ff8f0
0x000000adcb0ff790:   0000000000000000 0000000000000000
0x000000adcb0ff7a0:   0000000000000000 00007ff9d9287e55
0x000000adcb0ff7b0:   000000adc3ed4000 00007ffa49d050ad
0x000000adcb0ff7c0:   0000000000000000 0000000000000000
0x000000adcb0ff7d0:   000001b7e4cab000 00007ff9d944772b
0x000000adcb0ff7e0:   0000000000000001 0000000000000001
0x000000adcb0ff7f0:   0000000000000000 0000000000000000
0x000000adcb0ff800:   000001b7e312a9c8 000001b7e69a6b70
0x000000adcb0ff810:   000001b7e312a980 000001b7e4cab000
0x000000adcb0ff820:   000001b7e312a980 000001b7e4cab000
0x000000adcb0ff830:   000001b7ea869b78 000000adcb0ff900
0x000000adcb0ff840:   000001b7ea8697a0 0000000000000000
0x000000adcb0ff850:   0000000000000000 00000000000003d8
0x000000adcb0ff860:   000001b7ea869b78 000001b7ea8697a0
0x000000adcb0ff870:   0000000000000000 000000adcb0ff9d0 

Instructions: (pc=0x00007ff9d92beed7)
0x00007ff9d92bedd7:   89 9c 24 10 01 00 00 48 89 84 24 80 00 00 00 48
0x00007ff9d92bede7:   8b 18 80 3d be d9 6a 00 00 48 89 9c 24 28 01 00
0x00007ff9d92bedf7:   00 74 18 83 bf b8 04 00 00 00 74 0f 48 8b 06 48
0x00007ff9d92bee07:   8b 48 30 48 89 8c 24 28 01 00 00 49 8b cf 48 89
0x00007ff9d92bee17:   ac 24 d8 00 00 00 e8 be 14 00 00 41 8b 0f 89 84
0x00007ff9d92bee27:   24 20 01 00 00 83 f9 0c 74 0a 83 f9 0d 74 05 40
0x00007ff9d92bee37:   32 ed eb 03 40 b5 01 48 8b 06 4c 89 a4 24 d0 00
0x00007ff9d92bee47:   00 00 8b 40 20 c1 e8 03 a8 01 75 11 49 8b 45 58
0x00007ff9d92bee57:   4c 8b 20 4c 89 a4 24 88 00 00 00 eb 0f 48 c7 84
0x00007ff9d92bee67:   24 90 00 00 00 00 00 00 00 45 33 e4 83 bf 20 04
0x00007ff9d92bee77:   00 00 03 74 08 48 8b cf e8 0c e1 38 00 e8 b7 0d
0x00007ff9d92bee87:   29 00 4c 8b c0 48 8b d6 48 8b cf 48 8b d8 e8 f6
0x00007ff9d92bee97:   5c 28 00 84 c0 75 1d 4c 8b ce 48 8d 15 20 aa 4d
0x00007ff9d92beea7:   00 41 b8 a0 01 00 00 48 8b cf e8 fa e9 f4 ff e9
0x00007ff9d92beeb7:   b5 01 00 00 48 63 0d a6 d3 6b 00 33 d2 48 8b 05
0x00007ff9d92beec7:   a5 aa 6d 00 48 f7 f1 48 83 f8 01 72 0c 48 2b d9
0x00007ff9d92beed7:   c6 03 00 48 83 e8 01 75 f4 4d 85 f6 74 7b 49 8b
0x00007ff9d92beee7:   06 49 8b ce ff 90 88 00 00 00 84 c0 74 43 49 8b
0x00007ff9d92beef7:   06 49 8b ce ff 90 d8 00 00 00 48 89 87 f8 03 00
0x00007ff9d92bef07:   00 48 8b 06 48 8b 48 08 48 3b 0d ea f4 69 00 73
0x00007ff9d92bef17:   16 48 3b 0d d9 f4 69 00 72 0d 48 8b 41 18 48 8b
0x00007ff9d92bef27:   08 4c 8b 71 18 eb 3a 48 8b 49 18 4c 8b 71 18 eb
0x00007ff9d92bef37:   30 4c 8b 0d 79 09 6e 00 48 8d 15 82 a9 4d 00 33
0x00007ff9d92bef47:   c9 41 b8 ad 01 00 00 48 89 4c 24 20 48 8b cf e8
0x00007ff9d92bef57:   05 d9 f4 ff e9 10 01 00 00 4c 8b b4 24 28 01 00
0x00007ff9d92bef67:   00 4d 8b cf 48 89 7c 24 20 4d 8b c4 48 8d 4c 24
0x00007ff9d92bef77:   40 48 8b d6 e8 a0 fb ff ff 48 83 7f 08 00 75 61
0x00007ff9d92bef87:   48 8b d7 48 8d 8c 24 98 00 00 00 e8 59 8f fc ff
0x00007ff9d92bef97:   49 8b cd e8 11 12 00 00 41 8b 4d 68 49 8d 57 08
0x00007ff9d92befa7:   4c 8b 0e 44 8b 84 24 20 01 00 00 48 89 7c 24 38
0x00007ff9d92befb7:   89 4c 24 30 48 8d 4c 24 40 48 89 44 24 28 4c 89
0x00007ff9d92befc7:   74 24 20 ff 15 f8 1c 6c 00 48 83 7f 08 00 0f 84 


Stack slot to memory mapping:
stack at sp + 0 slots: 0x000000adcb0ff780 is pointing into the stack for thread: 0x000001b7e4cab000
stack at sp + 1 slots: 0x000000adcb0ff8f0 is pointing into the stack for thread: 0x000001b7e4cab000
stack at sp + 2 slots: 0x0 is NULL
stack at sp + 3 slots: 0x0 is NULL
stack at sp + 4 slots: 0x0 is NULL
stack at sp + 5 slots: 0x00007ff9d9287e55 jvm.dll
stack at sp + 6 slots: 0x000000adc3ed4000 points into unknown readable memory: 0x0000000004000000 | 00 00 00 04 00 00 00 00
stack at sp + 7 slots: 0x00007ffa49d050ad ntdll.dll


---------------  P R O C E S S  ---------------

Threads class SMR info:
_java_thread_list=0x000001b7ea2eb660, length=107, elements={
0x000001b7c8c0f800, 0x000001b7e30b4800, 0x000001b7e30be000, 0x000001b7e30d0000,
0x000001b7e30d3000, 0x000001b7e30d7000, 0x000001b7e30da800, 0x000001b7e30dc800,
0x000001b7e3a3a800, 0x000001b7e3b88000, 0x000001b7e6213800, 0x000001b7e3db3000,
0x000001b7e5cf1800, 0x000001b7e5391000, 0x000001b7e5393800, 0x000001b7e5394800,
0x000001b7e5396800, 0x000001b7e5396000, 0x000001b7e9575000, 0x000001b7e9579800,
0x000001b7e9579000, 0x000001b7e9575800, 0x000001b7e9578000, 0x000001b7e9059800,
0x000001b7e905b000, 0x000001b7e9055800, 0x000001b7e9057800, 0x000001b7e905c000,
0x000001b7e9062800, 0x000001b7e9060000, 0x000001b7e8db2800, 0x000001b7e8dc1000,
0x000001b7f21d9000, 0x000001b7f21dc800, 0x000001b7f21da000, 0x000001b7e8db9000,
0x000001b7e8db8000, 0x000001b7e8db3000, 0x000001b7e8db5800, 0x000001b7e8db7000,
0x000001b7e8db9800, 0x000001b7e8db4000, 0x000001b7e623e800, 0x000001b7e8dba800,
0x000001b7e8db4800, 0x000001b7e8dbb800, 0x000001b7e8dbc000, 0x000001b7e8dbf800,
0x000001b7e8dbd000, 0x000001b7e8dc0000, 0x000001b7e8dbe800, 0x000001b7f21db800,
0x000001b7f21da800, 0x000001b7f21de000, 0x000001b7f21dd000, 0x000001b7f21d8000,
0x000001b7f21e0800, 0x000001b7f21e4800, 0x000001b7f21e3800, 0x000001b7f21de800,
0x000001b7f21e5800, 0x000001b7f21df800, 0x000001b7f21e2000, 0x000001b7f21e7000,
0x000001b7f21e6000, 0x000001b7f21e3000, 0x000001b7f21e1000, 0x000001b7e957a800,
0x000001b7e957b800, 0x000001b7e957c000, 0x000001b7e957d000, 0x000001b7e9577800,
0x000001b7e9582000, 0x000001b7e957e000, 0x000001b7e957e800, 0x000001b7e957f800,
0x000001b7e9582800, 0x000001b7e9583800, 0x000001b7e9580800, 0x000001b7e9581000,
0x000001b7e905c800, 0x000001b7e9057000, 0x000001b7e905d800, 0x000001b7e905e800,
0x000001b7e9058800, 0x000001b7e905f000, 0x000001b7e905a000, 0x000001b7e9060800,
0x000001b7e9061800, 0x000001b7e9063000, 0x000001b7e9064000, 0x000001b7ead6b000,
0x000001b7ead6d000, 0x000001b7ead68800, 0x000001b7ead6a800, 0x000001b7ead6d800,
0x000001b7ead69800, 0x000001b7ead68000, 0x000001b7ead6e800, 0x000001b7e5397800,
0x000001b7e5392000, 0x000001b7e5395000, 0x000001b7e5392800, 0x000001b7e4caf000,
0x000001b7e4caa800, 0x000001b7e4cac800, 0x000001b7e4cab000
}

Java Threads: ( => current thread )
  0x000001b7c8c0f800 JavaThread "main" [_thread_blocked, id=1348, stack(0x000000adc4300000,0x000000adc4400000)]
  0x000001b7e30b4800 JavaThread "Reference Handler" daemon [_thread_blocked, id=18088, stack(0x000000adc4a00000,0x000000adc4b00000)]
  0x000001b7e30be000 JavaThread "Finalizer" daemon [_thread_blocked, id=17712, stack(0x000000adc4b00000,0x000000adc4c00000)]
  0x000001b7e30d0000 JavaThread "Signal Dispatcher" daemon [_thread_blocked, id=10760, stack(0x000000adc4c00000,0x000000adc4d00000)]
  0x000001b7e30d3000 JavaThread "Attach Listener" daemon [_thread_blocked, id=3832, stack(0x000000adc4d00000,0x000000adc4e00000)]
  0x000001b7e30d7000 JavaThread "Service Thread" daemon [_thread_blocked, id=10988, stack(0x000000adc4e00000,0x000000adc4f00000)]
  0x000001b7e30da800 JavaThread "C2 CompilerThread0" daemon [_thread_blocked, id=1736, stack(0x000000adc4f00000,0x000000adc5000000)]
  0x000001b7e30dc800 JavaThread "C1 CompilerThread0" daemon [_thread_in_vm, id=11352, stack(0x000000adc5000000,0x000000adc5100000)]
  0x000001b7e3a3a800 JavaThread "Sweeper thread" daemon [_thread_blocked, id=6828, stack(0x000000adc5100000,0x000000adc5200000)]
  0x000001b7e3b88000 JavaThread "Common-Cleaner" daemon [_thread_blocked, id=14388, stack(0x000000adc5200000,0x000000adc5300000)]
  0x000001b7e6213800 JavaThread "Daemon health stats" [_thread_blocked, id=12804, stack(0x000000adc5800000,0x000000adc5900000)]
  0x000001b7e3db3000 JavaThread "Incoming local TCP Connector on port 58885" [_thread_in_native, id=2780, stack(0x000000adc5400000,0x000000adc5500000)]
  0x000001b7e5cf1800 JavaThread "Daemon periodic checks" [_thread_blocked, id=10132, stack(0x000000adc5700000,0x000000adc5800000)]
  0x000001b7e5391000 JavaThread "Cache worker for journal cache (C:\Users\Prince Verma\.gradle\caches\journal-1)" [_thread_blocked, id=4908, stack(0x000000adc6500000,0x000000adc6600000)]
  0x000001b7e5393800 JavaThread "File lock request listener" [_thread_in_native, id=10404, stack(0x000000adc6600000,0x000000adc6700000)]
  0x000001b7e5394800 JavaThread "Cache worker for file hash cache (C:\Users\Prince Verma\.gradle\caches\7.4\fileHashes)" [_thread_blocked, id=8912, stack(0x000000adc6700000,0x000000adc6800000)]
  0x000001b7e5396800 JavaThread "File watcher server" daemon [_thread_in_native, id=17224, stack(0x000000adc6b00000,0x000000adc6c00000)]
  0x000001b7e5396000 JavaThread "File watcher consumer" daemon [_thread_blocked, id=18368, stack(0x000000adc6c00000,0x000000adc6d00000)]
  0x000001b7e9575000 JavaThread "Cache worker for execution history cache (C:\Users\Prince Verma\.gradle\caches\7.4\executionHistory)" [_thread_blocked, id=2120, stack(0x000000adc7100000,0x000000adc7200000)]
  0x000001b7e9579800 JavaThread "jar transforms" [_thread_blocked, id=7512, stack(0x000000adc7200000,0x000000adc7300000)]
  0x000001b7e9579000 JavaThread "Cache worker for file content cache (C:\Users\Prince Verma\.gradle\caches\7.4\fileContent)" [_thread_blocked, id=14108, stack(0x000000adc7300000,0x000000adc7400000)]
  0x000001b7e9575800 JavaThread "jar transforms Thread 2" [_thread_blocked, id=17760, stack(0x000000adc7400000,0x000000adc7500000)]
  0x000001b7e9578000 JavaThread "jar transforms Thread 3" [_thread_blocked, id=1392, stack(0x000000adc7600000,0x000000adc7700000)]
  0x000001b7e9059800 JavaThread "jar transforms Thread 4" [_thread_blocked, id=13728, stack(0x000000adcc800000,0x000000adcc900000)]
  0x000001b7e905b000 JavaThread "jar transforms Thread 5" [_thread_blocked, id=12220, stack(0x000000adcc900000,0x000000adcca00000)]
  0x000001b7e9055800 JavaThread "jar transforms Thread 6" [_thread_blocked, id=14840, stack(0x000000adcca00000,0x000000adccb00000)]
  0x000001b7e9057800 JavaThread "jar transforms Thread 7" [_thread_blocked, id=9064, stack(0x000000adccb00000,0x000000adccc00000)]
  0x000001b7e905c000 JavaThread "jar transforms Thread 8" [_thread_blocked, id=15076, stack(0x000000adccc00000,0x000000adccd00000)]
  0x000001b7e9062800 JavaThread "Memory manager" [_thread_blocked, id=15256, stack(0x000000adccd00000,0x000000adcce00000)]
  0x000001b7e9060000 JavaThread "pool-3-thread-1" [_thread_blocked, id=1572, stack(0x000000adccf00000,0x000000adcd000000)]
  0x000001b7e8db2800 JavaThread "Cache worker for Java compile cache (C:\Users\Prince Verma\.gradle\caches\7.4\javaCompile)" [_thread_blocked, id=13020, stack(0x000000adc6a00000,0x000000adc6b00000)]
  0x000001b7e8dc1000 JavaThread "ForkJoinPool.commonPool-worker-3" daemon [_thread_blocked, id=9000, stack(0x000000adcee00000,0x000000adcef00000)]
  0x000001b7f21d9000 JavaThread "ForkJoinPool.commonPool-worker-11" daemon [_thread_blocked, id=2972, stack(0x000000adcf200000,0x000000adcf300000)]
  0x000001b7f21dc800 JavaThread "ForkJoinPool.commonPool-worker-15" daemon [_thread_blocked, id=9048, stack(0x000000adcf300000,0x000000adcf400000)]
  0x000001b7f21da000 JavaThread "ForkJoinPool.commonPool-worker-13" daemon [_thread_blocked, id=7400, stack(0x000000adcf400000,0x000000adcf500000)]
  0x000001b7e8db9000 JavaThread "Daemon Thread 2" [_thread_blocked, id=13708, stack(0x000000adc4000000,0x000000adc4100000)]
  0x000001b7e8db8000 JavaThread "Handler for socket connection from /127.0.0.1:58885 to /127.0.0.1:59078" [_thread_in_native, id=12540, stack(0x000000adc4100000,0x000000adc4200000)]
  0x000001b7e8db3000 JavaThread "Cancel handler" [_thread_blocked, id=1920, stack(0x000000adc4200000,0x000000adc4300000)]
  0x000001b7e8db5800 JavaThread "Daemon worker Thread 2" [_thread_in_vm, id=10572, stack(0x000000adc5900000,0x000000adc5a00000)]
  0x000001b7e8db7000 JavaThread "Asynchronous log dispatcher for DefaultDaemonConnection: socket connection from /127.0.0.1:58885 to /127.0.0.1:59078" [_thread_blocked, id=6312, stack(0x000000adc5c00000,0x000000adc5d00000)]
  0x000001b7e8db9800 JavaThread "Stdin handler" [_thread_blocked, id=11444, stack(0x000000adc5d00000,0x000000adc5e00000)]
  0x000001b7e8db4000 JavaThread "Daemon client event forwarder" [_thread_blocked, id=12876, stack(0x000000adc5e00000,0x000000adc5f00000)]
  0x000001b7e623e800 JavaThread "C2 CompilerThread1" daemon [_thread_in_native, id=6252, stack(0x000000adc5f00000,0x000000adc6000000)]
  0x000001b7e8dba800 JavaThread "Cache worker for checksums cache (C:\Users\Prince Verma\AndroidStudioProjects\Jewel\.gradle\7.4\checksums)" [_thread_blocked, id=14028, stack(0x000000adc6900000,0x000000adc6a00000)]
  0x000001b7e8db4800 JavaThread "Cache worker for cache directory md-rule (C:\Users\Prince Verma\.gradle\caches\7.4\md-rule)" [_thread_blocked, id=15180, stack(0x000000adc6d00000,0x000000adc6e00000)]
  0x000001b7e8dbb800 JavaThread "Cache worker for file hash cache (C:\Users\Prince Verma\AndroidStudioProjects\Jewel\.gradle\7.4\fileHashes)" [_thread_blocked, id=15788, stack(0x000000adc6e00000,0x000000adc6f00000)]
  0x000001b7e8dbc000 JavaThread "Cache worker for cache directory md-supplier (C:\Users\Prince Verma\.gradle\caches\7.4\md-supplier)" [_thread_blocked, id=16488, stack(0x000000adc6f00000,0x000000adc7000000)]
  0x000001b7e8dbf800 JavaThread "Cache worker for dependencies-accessors (C:\Users\Prince Verma\AndroidStudioProjects\Jewel\.gradle\7.4\dependencies-accessors)" [_thread_blocked, id=16732, stack(0x000000adc7000000,0x000000adc7100000)]
  0x000001b7e8dbd000 JavaThread "Cache worker for Build Output Cleanup Cache (C:\Users\Prince Verma\AndroidStudioProjects\Jewel\.gradle\buildOutputCleanup)" [_thread_blocked, id=9536, stack(0x000000adc7500000,0x000000adc7600000)]
  0x000001b7e8dc0000 JavaThread "Unconstrained build operations" [_thread_blocked, id=12488, stack(0x000000adc7700000,0x000000adc7800000)]
  0x000001b7e8dbe800 JavaThread "Unconstrained build operations Thread 2" [_thread_blocked, id=10652, stack(0x000000adc7800000,0x000000adc7900000)]
  0x000001b7f21db800 JavaThread "Unconstrained build operations Thread 3" [_thread_blocked, id=9948, stack(0x000000adc7900000,0x000000adc7a00000)]
  0x000001b7f21da800 JavaThread "Unconstrained build operations Thread 4" [_thread_blocked, id=9488, stack(0x000000adc7a00000,0x000000adc7b00000)]
  0x000001b7f21de000 JavaThread "Unconstrained build operations Thread 5" [_thread_blocked, id=6744, stack(0x000000adc7b00000,0x000000adc7c00000)]
  0x000001b7f21dd000 JavaThread "Unconstrained build operations Thread 6" [_thread_blocked, id=17424, stack(0x000000adc7c00000,0x000000adc7d00000)]
  0x000001b7f21d8000 JavaThread "Unconstrained build operations Thread 7" [_thread_blocked, id=17584, stack(0x000000adc7d00000,0x000000adc7e00000)]
  0x000001b7f21e0800 JavaThread "Unconstrained build operations Thread 8" [_thread_blocked, id=4788, stack(0x000000adc7e00000,0x000000adc7f00000)]
  0x000001b7f21e4800 JavaThread "Unconstrained build operations Thread 9" [_thread_blocked, id=18276, stack(0x000000adc7f00000,0x000000adc8000000)]
  0x000001b7f21e3800 JavaThread "Unconstrained build operations Thread 10" [_thread_blocked, id=8876, stack(0x000000adc8000000,0x000000adc8100000)]
  0x000001b7f21de800 JavaThread "Unconstrained build operations Thread 11" [_thread_blocked, id=12204, stack(0x000000adc8100000,0x000000adc8200000)]
  0x000001b7f21e5800 JavaThread "Unconstrained build operations Thread 12" [_thread_blocked, id=15908, stack(0x000000adc8200000,0x000000adc8300000)]
  0x000001b7f21df800 JavaThread "Unconstrained build operations Thread 13" [_thread_blocked, id=7252, stack(0x000000adc8300000,0x000000adc8400000)]
  0x000001b7f21e2000 JavaThread "Unconstrained build operations Thread 14" [_thread_blocked, id=11236, stack(0x000000adc8400000,0x000000adc8500000)]
  0x000001b7f21e7000 JavaThread "Unconstrained build operations Thread 15" [_thread_blocked, id=8016, stack(0x000000adc8500000,0x000000adc8600000)]
  0x000001b7f21e6000 JavaThread "Unconstrained build operations Thread 16" [_thread_blocked, id=9980, stack(0x000000adc8600000,0x000000adc8700000)]
  0x000001b7f21e3000 JavaThread "Unconstrained build operations Thread 17" [_thread_blocked, id=1892, stack(0x000000adc8700000,0x000000adc8800000)]
  0x000001b7f21e1000 JavaThread "Unconstrained build operations Thread 18" [_thread_blocked, id=1740, stack(0x000000adc8800000,0x000000adc8900000)]
  0x000001b7e957a800 JavaThread "Unconstrained build operations Thread 19" [_thread_blocked, id=16904, stack(0x000000adc8900000,0x000000adc8a00000)]
  0x000001b7e957b800 JavaThread "Unconstrained build operations Thread 20" [_thread_blocked, id=10492, stack(0x000000adc8a00000,0x000000adc8b00000)]
  0x000001b7e957c000 JavaThread "Unconstrained build operations Thread 21" [_thread_blocked, id=8272, stack(0x000000adc8b00000,0x000000adc8c00000)]
  0x000001b7e957d000 JavaThread "Unconstrained build operations Thread 22" [_thread_blocked, id=12568, stack(0x000000adc8c00000,0x000000adc8d00000)]
  0x000001b7e9577800 JavaThread "Unconstrained build operations Thread 23" [_thread_blocked, id=7248, stack(0x000000adc8d00000,0x000000adc8e00000)]
  0x000001b7e9582000 JavaThread "Unconstrained build operations Thread 24" [_thread_blocked, id=17776, stack(0x000000adc8e00000,0x000000adc8f00000)]
  0x000001b7e957e000 JavaThread "Unconstrained build operations Thread 25" [_thread_blocked, id=2652, stack(0x000000adc8f00000,0x000000adc9000000)]
  0x000001b7e957e800 JavaThread "Unconstrained build operations Thread 26" [_thread_blocked, id=9828, stack(0x000000adc9000000,0x000000adc9100000)]
  0x000001b7e957f800 JavaThread "Unconstrained build operations Thread 27" [_thread_blocked, id=4280, stack(0x000000adc9100000,0x000000adc9200000)]
  0x000001b7e9582800 JavaThread "Unconstrained build operations Thread 28" [_thread_blocked, id=7604, stack(0x000000adc9200000,0x000000adc9300000)]
  0x000001b7e9583800 JavaThread "Unconstrained build operations Thread 29" [_thread_blocked, id=10744, stack(0x000000adc9300000,0x000000adc9400000)]
  0x000001b7e9580800 JavaThread "Unconstrained build operations Thread 30" [_thread_blocked, id=7420, stack(0x000000adc9400000,0x000000adc9500000)]
  0x000001b7e9581000 JavaThread "Unconstrained build operations Thread 31" [_thread_blocked, id=15424, stack(0x000000adc9500000,0x000000adc9600000)]
  0x000001b7e905c800 JavaThread "Unconstrained build operations Thread 32" [_thread_blocked, id=6864, stack(0x000000adc9600000,0x000000adc9700000)]
  0x000001b7e9057000 JavaThread "Unconstrained build operations Thread 33" [_thread_blocked, id=2760, stack(0x000000adc9700000,0x000000adc9800000)]
  0x000001b7e905d800 JavaThread "Unconstrained build operations Thread 34" [_thread_blocked, id=12632, stack(0x000000adc9800000,0x000000adc9900000)]
  0x000001b7e905e800 JavaThread "Unconstrained build operations Thread 35" [_thread_blocked, id=15008, stack(0x000000adc9900000,0x000000adc9a00000)]
  0x000001b7e9058800 JavaThread "Unconstrained build operations Thread 36" [_thread_blocked, id=10976, stack(0x000000adc9a00000,0x000000adc9b00000)]
  0x000001b7e905f000 JavaThread "Unconstrained build operations Thread 37" [_thread_blocked, id=15116, stack(0x000000adc9b00000,0x000000adc9c00000)]
  0x000001b7e905a000 JavaThread "Unconstrained build operations Thread 38" [_thread_blocked, id=2040, stack(0x000000adc9c00000,0x000000adc9d00000)]
  0x000001b7e9060800 JavaThread "Unconstrained build operations Thread 39" [_thread_blocked, id=12356, stack(0x000000adc9d00000,0x000000adc9e00000)]
  0x000001b7e9061800 JavaThread "Unconstrained build operations Thread 40" [_thread_blocked, id=13768, stack(0x000000adc9e00000,0x000000adc9f00000)]
  0x000001b7e9063000 JavaThread "Unconstrained build operations Thread 41" [_thread_blocked, id=13776, stack(0x000000adc9f00000,0x000000adca000000)]
  0x000001b7e9064000 JavaThread "Unconstrained build operations Thread 42" [_thread_blocked, id=6328, stack(0x000000adca000000,0x000000adca100000)]
  0x000001b7ead6b000 JavaThread "Unconstrained build operations Thread 43" [_thread_blocked, id=1492, stack(0x000000adca100000,0x000000adca200000)]
  0x000001b7ead6d000 JavaThread "Unconstrained build operations Thread 44" [_thread_blocked, id=8224, stack(0x000000adca200000,0x000000adca300000)]
  0x000001b7ead68800 JavaThread "Unconstrained build operations Thread 45" [_thread_blocked, id=10128, stack(0x000000adca300000,0x000000adca400000)]
  0x000001b7ead6a800 JavaThread "Unconstrained build operations Thread 46" [_thread_blocked, id=7436, stack(0x000000adca400000,0x000000adca500000)]
  0x000001b7ead6d800 JavaThread "Unconstrained build operations Thread 47" [_thread_blocked, id=16100, stack(0x000000adca500000,0x000000adca600000)]
  0x000001b7ead69800 JavaThread "Unconstrained build operations Thread 48" [_thread_blocked, id=2144, stack(0x000000adca600000,0x000000adca700000)]
  0x000001b7ead68000 JavaThread "Unconstrained build operations Thread 49" [_thread_blocked, id=4700, stack(0x000000adca700000,0x000000adca800000)]
  0x000001b7ead6e800 JavaThread "Unconstrained build operations Thread 50" [_thread_blocked, id=3640, stack(0x000000adca800000,0x000000adca900000)]
  0x000001b7e5397800 JavaThread "Unconstrained build operations Thread 51" [_thread_blocked, id=17848, stack(0x000000adca900000,0x000000adcaa00000)]
  0x000001b7e5392000 JavaThread "Unconstrained build operations Thread 52" [_thread_blocked, id=16844, stack(0x000000adcaa00000,0x000000adcab00000)]
  0x000001b7e5395000 JavaThread "Unconstrained build operations Thread 53" [_thread_blocked, id=10316, stack(0x000000adcab00000,0x000000adcac00000)]
  0x000001b7e5392800 JavaThread "Unconstrained build operations Thread 54" [_thread_blocked, id=2116, stack(0x000000adcac00000,0x000000adcad00000)]
  0x000001b7e4caf000 JavaThread "Unconstrained build operations Thread 55" [_thread_blocked, id=12924, stack(0x000000adcad00000,0x000000adcae00000)]
  0x000001b7e4caa800 JavaThread "Unconstrained build operations Thread 56" [_thread_new, id=2508, stack(0x000000adcae00000,0x000000adcaf00000)]
  0x000001b7e4cac800 JavaThread "Unconstrained build operations Thread 57" [_thread_blocked, id=13632, stack(0x000000adcaf00000,0x000000adcb000000)]
=>0x000001b7e4cab000 JavaThread "Unconstrained build operations Thread 58" [_thread_in_vm, id=10588, stack(0x000000adcb000000,0x000000adcb100000)]

Other Threads:
  0x000001b7e30b1000 VMThread "VM Thread" [stack: 0x000000adc4900000,0x000000adc4a00000] [id=14208] _threads_hazard_ptr=0x000001b7ea2eb660
  0x000001b7e3bc2000 WatcherThread [stack: 0x000000adc5300000,0x000000adc5400000] [id=8424]
  0x000001b7c8c2b800 GCTaskThread "GC Thread#0" [stack: 0x000000adc4400000,0x000000adc4500000] [id=9524]
  0x000001b7e462c800 GCTaskThread "GC Thread#1" [stack: 0x000000adc5500000,0x000000adc5600000] [id=13316]
  0x000001b7e4830000 GCTaskThread "GC Thread#2" [stack: 0x000000adc5600000,0x000000adc5700000] [id=1084]
  0x000001b7e6558800 GCTaskThread "GC Thread#3" [stack: 0x000000adc6000000,0x000000adc6100000] [id=13568]
  0x000001b7e6559000 GCTaskThread "GC Thread#4" [stack: 0x000000adc6100000,0x000000adc6200000] [id=17244]
  0x000001b7e5c93800 GCTaskThread "GC Thread#5" [stack: 0x000000adc6200000,0x000000adc6300000] [id=14844]
  0x000001b7e5c94800 GCTaskThread "GC Thread#6" [stack: 0x000000adc6300000,0x000000adc6400000] [id=6980]
  0x000001b7e4fdf800 GCTaskThread "GC Thread#7" [stack: 0x000000adc6400000,0x000000adc6500000] [id=14340]
  0x000001b7c8c5b800 ConcurrentGCThread "G1 Main Marker" [stack: 0x000000adc4500000,0x000000adc4600000] [id=17600]
  0x000001b7c8c5d000 ConcurrentGCThread "G1 Conc#0" [stack: 0x000000adc4600000,0x000000adc4700000] [id=2828]
  0x000001b7e6499000 ConcurrentGCThread "G1 Conc#1" [stack: 0x000000adc6800000,0x000000adc6900000] [id=11988]
  0x000001b7e2f00800 ConcurrentGCThread "G1 Refine#0" [stack: 0x000000adc4700000,0x000000adc4800000] [id=5872]
  0x000001b7e61ce800 ConcurrentGCThread "G1 Refine#1" [stack: 0x000000adcda00000,0x000000adcdb00000] [id=8204]
  0x000001b7e2f01800 ConcurrentGCThread "G1 Young RemSet Sampling" [stack: 0x000000adc4800000,0x000000adc4900000] [id=3236]

Threads with active compile tasks:
C2 CompilerThread0 225033 16310       4       org.gradle.api.internal.attributes.DefaultImmutableAttributes::findEntry (37 bytes)
C1 CompilerThread0 225033 16350       3       org.codehaus.groovy.runtime.StackTraceUtils::isApplicationClass (84 bytes)
C2 CompilerThread1 225033 16046       4       org.gradle.internal.service.DefaultServiceRegistry$SingletonService::get (5 bytes)

VM state:synchronizing (normal execution)

VM Mutex/Monitor currently owned by a thread:  ([mutex/lock_event])
[0x000001b7c8c0be40] Safepoint_lock - owner thread: 0x000001b7e30b1000
[0x000001b7c8c0cb30] Threads_lock - owner thread: 0x000001b7e30b1000

OutOfMemory and StackOverflow Exception counts:
OutOfMemoryError java_heap_errors=1
LinkageErrors=220

Heap address: 0x0000000080000000, size: 2048 MB, Compressed Oops mode: 32-bit
Narrow klass base: 0x0000000000000000, Narrow klass shift: 3
Compressed class space size: 1073741824 Address: 0x0000000100000000

Heap:
 garbage-first heap   total 189440K, used 123269K [0x0000000080000000, 0x0000000100000000)
  region size 1024K, 18 young (18432K), 1 survivors (1024K)
 Metaspace       used 125966K, capacity 129551K, committed 132672K, reserved 1163264K
  class space    used 16083K, capacity 17463K, committed 18816K, reserved 1048576K
Heap Regions: E=young(eden), S=young(survivor), O=old, HS=humongous(starts), HC=humongous(continues), CS=collection set, F=free, A=archive, TAMS=top-at-mark-start (previous, next)
|   0|0x0000000080000000, 0x0000000080100000, 0x0000000080100000|100%| O|  |TAMS 0x0000000080100000, 0x0000000080000000| Untracked 
|   1|0x0000000080100000, 0x0000000080200000, 0x0000000080200000|100%| O|  |TAMS 0x0000000080200000, 0x0000000080100000| Untracked 
|   2|0x0000000080200000, 0x0000000080300000, 0x0000000080300000|100%| O|  |TAMS 0x0000000080300000, 0x0000000080200000| Untracked 
|   3|0x0000000080300000, 0x0000000080400000, 0x0000000080400000|100%|HS|  |TAMS 0x0000000080400000, 0x0000000080300000| Complete 
|   4|0x0000000080400000, 0x0000000080500000, 0x0000000080500000|100%|HC|  |TAMS 0x0000000080500000, 0x0000000080400000| Complete 
|   5|0x0000000080500000, 0x0000000080600000, 0x0000000080600000|100%|HC|  |TAMS 0x0000000080600000, 0x0000000080500000| Complete 
|   6|0x0000000080600000, 0x0000000080700000, 0x0000000080700000|100%| O|  |TAMS 0x0000000080700000, 0x0000000080600000| Untracked 
|   7|0x0000000080700000, 0x0000000080800000, 0x0000000080800000|100%| O|  |TAMS 0x0000000080800000, 0x0000000080700000| Untracked 
|   8|0x0000000080800000, 0x0000000080900000, 0x0000000080900000|100%| O|  |TAMS 0x0000000080900000, 0x0000000080800000| Untracked 
|   9|0x0000000080900000, 0x0000000080a00000, 0x0000000080a00000|100%| O|  |TAMS 0x0000000080a00000, 0x0000000080900000| Untracked 
|  10|0x0000000080a00000, 0x0000000080b00000, 0x0000000080b00000|100%| O|  |TAMS 0x0000000080b00000, 0x0000000080a00000| Untracked 
|  11|0x0000000080b00000, 0x0000000080c00000, 0x0000000080c00000|100%| O|  |TAMS 0x0000000080c00000, 0x0000000080b00000| Untracked 
|  12|0x0000000080c00000, 0x0000000080d00000, 0x0000000080d00000|100%| O|  |TAMS 0x0000000080d00000, 0x0000000080c00000| Untracked 
|  13|0x0000000080d00000, 0x0000000080e00000, 0x0000000080e00000|100%| O|  |TAMS 0x0000000080e00000, 0x0000000080d00000| Untracked 
|  14|0x0000000080e00000, 0x0000000080f00000, 0x0000000080f00000|100%| O|  |TAMS 0x0000000080f00000, 0x0000000080e00000| Untracked 
|  15|0x0000000080f00000, 0x0000000081000000, 0x0000000081000000|100%| O|  |TAMS 0x0000000081000000, 0x0000000080f00000| Untracked 
|  16|0x0000000081000000, 0x0000000081100000, 0x0000000081100000|100%|HS|  |TAMS 0x0000000081100000, 0x0000000081000000| Complete 
|  17|0x0000000081100000, 0x0000000081200000, 0x0000000081200000|100%|HS|  |TAMS 0x0000000081200000, 0x0000000081100000| Complete 
|  18|0x0000000081200000, 0x0000000081300000, 0x0000000081300000|100%| O|  |TAMS 0x0000000081300000, 0x0000000081200000| Untracked 
|  19|0x0000000081300000, 0x0000000081400000, 0x0000000081400000|100%| O|  |TAMS 0x0000000081400000, 0x0000000081300000| Untracked 
|  20|0x0000000081400000, 0x0000000081500000, 0x0000000081500000|100%| O|  |TAMS 0x0000000081500000, 0x0000000081400000| Untracked 
|  21|0x0000000081500000, 0x0000000081600000, 0x0000000081600000|100%| O|  |TAMS 0x0000000081600000, 0x0000000081500000| Untracked 
|  22|0x0000000081600000, 0x0000000081700000, 0x0000000081700000|100%| O|  |TAMS 0x0000000081700000, 0x0000000081600000| Untracked 
|  23|0x0000000081700000, 0x0000000081800000, 0x0000000081800000|100%| O|  |TAMS 0x0000000081800000, 0x0000000081700000| Untracked 
|  24|0x0000000081800000, 0x0000000081900000, 0x0000000081900000|100%| O|  |TAMS 0x0000000081900000, 0x0000000081800000| Untracked 
|  25|0x0000000081900000, 0x0000000081a00000, 0x0000000081a00000|100%| O|  |TAMS 0x0000000081a00000, 0x0000000081900000| Untracked 
|  26|0x0000000081a00000, 0x0000000081b00000, 0x0000000081b00000|100%| O|  |TAMS 0x0000000081b00000, 0x0000000081a00000| Untracked 
|  27|0x0000000081b00000, 0x0000000081c00000, 0x0000000081c00000|100%| O|  |TAMS 0x0000000081c00000, 0x0000000081b00000| Untracked 
|  28|0x0000000081c00000, 0x0000000081d00000, 0x0000000081d00000|100%| O|  |TAMS 0x0000000081d00000, 0x0000000081c00000| Untracked 
|  29|0x0000000081d00000, 0x0000000081e00000, 0x0000000081e00000|100%| O|  |TAMS 0x0000000081e00000, 0x0000000081d00000| Untracked 
|  30|0x0000000081e00000, 0x0000000081f00000, 0x0000000081f00000|100%| O|  |TAMS 0x0000000081f00000, 0x0000000081e00000| Untracked 
|  31|0x0000000081f00000, 0x0000000082000000, 0x0000000082000000|100%|HS|  |TAMS 0x0000000082000000, 0x0000000081f00000| Complete 
|  32|0x0000000082000000, 0x0000000082100000, 0x0000000082100000|100%|HC|  |TAMS 0x0000000082100000, 0x0000000082000000| Complete 
|  33|0x0000000082100000, 0x0000000082200000, 0x0000000082200000|100%| O|  |TAMS 0x0000000082200000, 0x0000000082100000| Untracked 
|  34|0x0000000082200000, 0x0000000082300000, 0x0000000082300000|100%| O|  |TAMS 0x0000000082300000, 0x0000000082200000| Untracked 
|  35|0x0000000082300000, 0x0000000082400000, 0x0000000082400000|100%| O|  |TAMS 0x0000000082400000, 0x0000000082300000| Untracked 
|  36|0x0000000082400000, 0x0000000082500000, 0x0000000082500000|100%| O|  |TAMS 0x0000000082500000, 0x0000000082400000| Untracked 
|  37|0x0000000082500000, 0x0000000082600000, 0x0000000082600000|100%| O|  |TAMS 0x0000000082600000, 0x0000000082500000| Untracked 
|  38|0x0000000082600000, 0x0000000082700000, 0x0000000082700000|100%| O|  |TAMS 0x0000000082700000, 0x0000000082600000| Untracked 
|  39|0x0000000082700000, 0x0000000082800000, 0x0000000082800000|100%| O|  |TAMS 0x0000000082800000, 0x0000000082700000| Untracked 
|  40|0x0000000082800000, 0x0000000082900000, 0x0000000082900000|100%| O|  |TAMS 0x0000000082900000, 0x0000000082800000| Untracked 
|  41|0x0000000082900000, 0x0000000082a00000, 0x0000000082a00000|100%| O|  |TAMS 0x0000000082a00000, 0x0000000082900000| Untracked 
|  42|0x0000000082a00000, 0x0000000082b00000, 0x0000000082b00000|100%| O|  |TAMS 0x0000000082b00000, 0x0000000082a00000| Untracked 
|  43|0x0000000082b00000, 0x0000000082c00000, 0x0000000082c00000|100%| O|  |TAMS 0x0000000082c00000, 0x0000000082b00000| Untracked 
|  44|0x0000000082c00000, 0x0000000082d00000, 0x0000000082d00000|100%| O|  |TAMS 0x0000000082d00000, 0x0000000082c00000| Untracked 
|  45|0x0000000082d00000, 0x0000000082e00000, 0x0000000082e00000|100%| O|  |TAMS 0x0000000082e00000, 0x0000000082d00000| Untracked 
|  46|0x0000000082e00000, 0x0000000082f00000, 0x0000000082f00000|100%| O|  |TAMS 0x0000000082f00000, 0x0000000082e00000| Untracked 
|  47|0x0000000082f00000, 0x0000000083000000, 0x0000000083000000|100%| O|  |TAMS 0x0000000083000000, 0x0000000082f00000| Untracked 
|  48|0x0000000083000000, 0x0000000083100000, 0x0000000083100000|100%| O|  |TAMS 0x0000000083100000, 0x0000000083000000| Untracked 
|  49|0x0000000083100000, 0x0000000083200000, 0x0000000083200000|100%| O|  |TAMS 0x0000000083200000, 0x0000000083100000| Untracked 
|  50|0x0000000083200000, 0x0000000083300000, 0x0000000083300000|100%| O|  |TAMS 0x0000000083300000, 0x0000000083200000| Untracked 
|  51|0x0000000083300000, 0x0000000083400000, 0x0000000083400000|100%| O|  |TAMS 0x0000000083400000, 0x0000000083300000| Untracked 
|  52|0x0000000083400000, 0x0000000083500000, 0x0000000083500000|100%| O|  |TAMS 0x0000000083500000, 0x0000000083400000| Untracked 
|  53|0x0000000083500000, 0x0000000083600000, 0x0000000083600000|100%| O|  |TAMS 0x0000000083600000, 0x0000000083500000| Untracked 
|  54|0x0000000083600000, 0x0000000083700000, 0x0000000083700000|100%| O|  |TAMS 0x0000000083700000, 0x0000000083600000| Untracked 
|  55|0x0000000083700000, 0x0000000083800000, 0x0000000083800000|100%| O|  |TAMS 0x0000000083800000, 0x0000000083700000| Untracked 
|  56|0x0000000083800000, 0x0000000083900000, 0x0000000083900000|100%| O|  |TAMS 0x0000000083900000, 0x0000000083800000| Untracked 
|  57|0x0000000083900000, 0x0000000083a00000, 0x0000000083a00000|100%| O|  |TAMS 0x0000000083a00000, 0x0000000083900000| Untracked 
|  58|0x0000000083a00000, 0x0000000083b00000, 0x0000000083b00000|100%| O|  |TAMS 0x0000000083b00000, 0x0000000083a00000| Untracked 
|  59|0x0000000083b00000, 0x0000000083c00000, 0x0000000083c00000|100%| O|  |TAMS 0x0000000083c00000, 0x0000000083b00000| Untracked 
|  60|0x0000000083c00000, 0x0000000083d00000, 0x0000000083d00000|100%| O|  |TAMS 0x0000000083d00000, 0x0000000083c00000| Untracked 
|  61|0x0000000083d00000, 0x0000000083e00000, 0x0000000083e00000|100%| O|  |TAMS 0x0000000083e00000, 0x0000000083d00000| Untracked 
|  62|0x0000000083e00000, 0x0000000083f00000, 0x0000000083f00000|100%| O|  |TAMS 0x0000000083f00000, 0x0000000083e00000| Untracked 
|  63|0x0000000083f00000, 0x0000000084000000, 0x0000000084000000|100%| O|  |TAMS 0x0000000084000000, 0x0000000083f00000| Untracked 
|  64|0x0000000084000000, 0x0000000084000000, 0x0000000084100000|  0%| F|  |TAMS 0x0000000084000000, 0x0000000084000000| Untracked 
|  65|0x0000000084100000, 0x0000000084100000, 0x0000000084200000|  0%| F|  |TAMS 0x0000000084100000, 0x0000000084100000| Untracked 
|  66|0x0000000084200000, 0x0000000084300000, 0x0000000084300000|100%| O|  |TAMS 0x0000000084300000, 0x0000000084200000| Untracked 
|  67|0x0000000084300000, 0x0000000084300000, 0x0000000084400000|  0%| F|  |TAMS 0x0000000084300000, 0x0000000084300000| Untracked 
|  68|0x0000000084400000, 0x0000000084500000, 0x0000000084500000|100%| O|  |TAMS 0x0000000084500000, 0x0000000084400000| Untracked 
|  69|0x0000000084500000, 0x0000000084600000, 0x0000000084600000|100%| O|  |TAMS 0x0000000084600000, 0x0000000084500000| Untracked 
|  70|0x0000000084600000, 0x0000000084700000, 0x0000000084700000|100%| O|  |TAMS 0x0000000084700000, 0x0000000084600000| Untracked 
|  71|0x0000000084700000, 0x0000000084800000, 0x0000000084800000|100%| O|  |TAMS 0x0000000084800000, 0x0000000084700000| Untracked 
|  72|0x0000000084800000, 0x0000000084900000, 0x0000000084900000|100%| O|  |TAMS 0x0000000084900000, 0x0000000084800000| Untracked 
|  73|0x0000000084900000, 0x0000000084a00000, 0x0000000084a00000|100%| O|  |TAMS 0x0000000084a00000, 0x0000000084900000| Untracked 
|  74|0x0000000084a00000, 0x0000000084b00000, 0x0000000084b00000|100%| O|  |TAMS 0x0000000084b00000, 0x0000000084a00000| Untracked 
|  75|0x0000000084b00000, 0x0000000084c00000, 0x0000000084c00000|100%| O|  |TAMS 0x0000000084c00000, 0x0000000084b00000| Untracked 
|  76|0x0000000084c00000, 0x0000000084d00000, 0x0000000084d00000|100%| O|  |TAMS 0x0000000084d00000, 0x0000000084c00000| Untracked 
|  77|0x0000000084d00000, 0x0000000084e00000, 0x0000000084e00000|100%| O|  |TAMS 0x0000000084e00000, 0x0000000084d00000| Untracked 
|  78|0x0000000084e00000, 0x0000000084f00000, 0x0000000084f00000|100%| O|  |TAMS 0x0000000084f00000, 0x0000000084e00000| Untracked 
|  79|0x0000000084f00000, 0x0000000085000000, 0x0000000085000000|100%| O|  |TAMS 0x0000000085000000, 0x0000000084f00000| Untracked 
|  80|0x0000000085000000, 0x0000000085100000, 0x0000000085100000|100%| O|  |TAMS 0x0000000085100000, 0x0000000085000000| Untracked 
|  81|0x0000000085100000, 0x0000000085200000, 0x0000000085200000|100%| O|  |TAMS 0x0000000085200000, 0x0000000085100000| Untracked 
|  82|0x0000000085200000, 0x0000000085300000, 0x0000000085300000|100%| O|  |TAMS 0x0000000085300000, 0x0000000085200000| Untracked 
|  83|0x0000000085300000, 0x0000000085400000, 0x0000000085400000|100%| O|  |TAMS 0x0000000085400000, 0x0000000085300000| Untracked 
|  84|0x0000000085400000, 0x0000000085500000, 0x0000000085500000|100%| O|  |TAMS 0x0000000085500000, 0x0000000085400000| Untracked 
|  85|0x0000000085500000, 0x0000000085600000, 0x0000000085600000|100%| O|  |TAMS 0x0000000085600000, 0x0000000085500000| Untracked 
|  86|0x0000000085600000, 0x0000000085700000, 0x0000000085700000|100%| O|  |TAMS 0x0000000085700000, 0x0000000085600000| Untracked 
|  87|0x0000000085700000, 0x0000000085700000, 0x0000000085800000|  0%| F|  |TAMS 0x0000000085700000, 0x0000000085700000| Untracked 
|  88|0x0000000085800000, 0x0000000085900000, 0x0000000085900000|100%| O|  |TAMS 0x0000000085900000, 0x0000000085800000| Untracked 
|  89|0x0000000085900000, 0x0000000085a00000, 0x0000000085a00000|100%| O|  |TAMS 0x0000000085a00000, 0x0000000085900000| Untracked 
|  90|0x0000000085a00000, 0x0000000085b00000, 0x0000000085b00000|100%| O|  |TAMS 0x0000000085b00000, 0x0000000085a00000| Untracked 
|  91|0x0000000085b00000, 0x0000000085c00000, 0x0000000085c00000|100%| O|  |TAMS 0x0000000085c00000, 0x0000000085b00000| Untracked 
|  92|0x0000000085c00000, 0x0000000085c00000, 0x0000000085d00000|  0%| F|  |TAMS 0x0000000085c00000, 0x0000000085c00000| Untracked 
|  93|0x0000000085d00000, 0x0000000085e00000, 0x0000000085e00000|100%| O|  |TAMS 0x0000000085e00000, 0x0000000085d00000| Untracked 
|  94|0x0000000085e00000, 0x0000000085f00000, 0x0000000085f00000|100%| O|  |TAMS 0x0000000085f00000, 0x0000000085e00000| Untracked 
|  95|0x0000000085f00000, 0x0000000086000000, 0x0000000086000000|100%| O|  |TAMS 0x0000000086000000, 0x0000000085f00000| Untracked 
|  96|0x0000000086000000, 0x0000000086000000, 0x0000000086100000|  0%| F|  |TAMS 0x0000000086000000, 0x0000000086000000| Untracked 
|  97|0x0000000086100000, 0x0000000086200000, 0x0000000086200000|100%| O|  |TAMS 0x0000000086200000, 0x0000000086100000| Untracked 
|  98|0x0000000086200000, 0x0000000086300000, 0x0000000086300000|100%| O|  |TAMS 0x0000000086300000, 0x0000000086200000| Untracked 
|  99|0x0000000086300000, 0x0000000086400000, 0x0000000086400000|100%| O|  |TAMS 0x0000000086400000, 0x0000000086300000| Untracked 
| 100|0x0000000086400000, 0x0000000086500000, 0x0000000086500000|100%| O|  |TAMS 0x0000000086500000, 0x0000000086400000| Untracked 
| 101|0x0000000086500000, 0x0000000086600000, 0x0000000086600000|100%| O|  |TAMS 0x0000000086600000, 0x0000000086500000| Untracked 
| 102|0x0000000086600000, 0x0000000086700000, 0x0000000086700000|100%| O|  |TAMS 0x0000000086700000, 0x0000000086600000| Untracked 
| 103|0x0000000086700000, 0x0000000086800000, 0x0000000086800000|100%| O|  |TAMS 0x0000000086800000, 0x0000000086700000| Untracked 
| 104|0x0000000086800000, 0x0000000086900000, 0x0000000086900000|100%| O|  |TAMS 0x0000000086900000, 0x0000000086800000| Untracked 
| 105|0x0000000086900000, 0x0000000086a00000, 0x0000000086a00000|100%| O|  |TAMS 0x0000000086a00000, 0x0000000086900000| Untracked 
| 106|0x0000000086a00000, 0x0000000086b00000, 0x0000000086b00000|100%| O|  |TAMS 0x0000000086b00000, 0x0000000086a00000| Untracked 
| 107|0x0000000086b00000, 0x0000000086c00000, 0x0000000086c00000|100%| O|  |TAMS 0x0000000086b5ea00, 0x0000000086b00000| Untracked 
| 108|0x0000000086c00000, 0x0000000086d00000, 0x0000000086d00000|100%| O|  |TAMS 0x0000000086c00000, 0x0000000086c00000| Untracked 
| 109|0x0000000086d00000, 0x0000000086e00000, 0x0000000086e00000|100%| O|  |TAMS 0x0000000086d00000, 0x0000000086d00000| Untracked 
| 110|0x0000000086e00000, 0x0000000086e34000, 0x0000000086f00000| 20%| O|  |TAMS 0x0000000086e00000, 0x0000000086e00000| Untracked 
| 111|0x0000000086f00000, 0x0000000086f00000, 0x0000000087000000|  0%| F|  |TAMS 0x0000000086f00000, 0x0000000086f00000| Untracked 
| 112|0x0000000087000000, 0x0000000087000000, 0x0000000087100000|  0%| F|  |TAMS 0x0000000087000000, 0x0000000087000000| Untracked 
| 113|0x0000000087100000, 0x0000000087100000, 0x0000000087200000|  0%| F|  |TAMS 0x0000000087100000, 0x0000000087100000| Untracked 
| 114|0x0000000087200000, 0x0000000087200000, 0x0000000087300000|  0%| F|  |TAMS 0x0000000087200000, 0x0000000087200000| Untracked 
| 115|0x0000000087300000, 0x0000000087300000, 0x0000000087400000|  0%| F|  |TAMS 0x0000000087300000, 0x0000000087300000| Untracked 
| 116|0x0000000087400000, 0x0000000087400000, 0x0000000087500000|  0%| F|  |TAMS 0x0000000087400000, 0x0000000087400000| Untracked 
| 117|0x0000000087500000, 0x0000000087500000, 0x0000000087600000|  0%| F|  |TAMS 0x0000000087500000, 0x0000000087500000| Untracked 
| 118|0x0000000087600000, 0x0000000087600000, 0x0000000087700000|  0%| F|  |TAMS 0x0000000087600000, 0x0000000087600000| Untracked 
| 119|0x0000000087700000, 0x0000000087700000, 0x0000000087800000|  0%| F|  |TAMS 0x0000000087700000, 0x0000000087700000| Untracked 
| 120|0x0000000087800000, 0x0000000087800000, 0x0000000087900000|  0%| F|  |TAMS 0x0000000087800000, 0x0000000087800000| Untracked 
| 121|0x0000000087900000, 0x0000000087900000, 0x0000000087a00000|  0%| F|  |TAMS 0x0000000087900000, 0x0000000087900000| Untracked 
| 122|0x0000000087a00000, 0x0000000087a00000, 0x0000000087b00000|  0%| F|  |TAMS 0x0000000087a00000, 0x0000000087a00000| Untracked 
| 123|0x0000000087b00000, 0x0000000087b00000, 0x0000000087c00000|  0%| F|  |TAMS 0x0000000087b00000, 0x0000000087b00000| Untracked 
| 124|0x0000000087c00000, 0x0000000087c00000, 0x0000000087d00000|  0%| F|  |TAMS 0x0000000087c00000, 0x0000000087c00000| Untracked 
| 125|0x0000000087d00000, 0x0000000087d00000, 0x0000000087e00000|  0%| F|  |TAMS 0x0000000087d00000, 0x0000000087d00000| Untracked 
| 126|0x0000000087e00000, 0x0000000087e00000, 0x0000000087f00000|  0%| F|  |TAMS 0x0000000087e00000, 0x0000000087e00000| Untracked 
| 127|0x0000000087f00000, 0x0000000087f00000, 0x0000000088000000|  0%| F|  |TAMS 0x0000000087f00000, 0x0000000087f00000| Untracked 
| 128|0x0000000088000000, 0x0000000088000000, 0x0000000088100000|  0%| F|  |TAMS 0x0000000088000000, 0x0000000088000000| Untracked 
| 129|0x0000000088100000, 0x0000000088100000, 0x0000000088200000|  0%| F|  |TAMS 0x0000000088100000, 0x0000000088100000| Untracked 
| 130|0x0000000088200000, 0x0000000088200000, 0x0000000088300000|  0%| F|  |TAMS 0x0000000088200000, 0x0000000088200000| Untracked 
| 131|0x0000000088300000, 0x0000000088300000, 0x0000000088400000|  0%| F|  |TAMS 0x0000000088300000, 0x0000000088300000| Untracked 
| 132|0x0000000088400000, 0x0000000088400000, 0x0000000088500000|  0%| F|  |TAMS 0x0000000088400000, 0x0000000088400000| Untracked 
| 133|0x0000000088500000, 0x0000000088500000, 0x0000000088600000|  0%| F|  |TAMS 0x0000000088500000, 0x0000000088500000| Untracked 
| 134|0x0000000088600000, 0x0000000088600000, 0x0000000088700000|  0%| F|  |TAMS 0x0000000088600000, 0x0000000088600000| Untracked 
| 135|0x0000000088700000, 0x0000000088700000, 0x0000000088800000|  0%| F|  |TAMS 0x0000000088700000, 0x0000000088700000| Untracked 
| 136|0x0000000088800000, 0x0000000088800000, 0x0000000088900000|  0%| F|  |TAMS 0x0000000088800000, 0x0000000088800000| Untracked 
| 137|0x0000000088900000, 0x0000000088900000, 0x0000000088a00000|  0%| F|  |TAMS 0x0000000088900000, 0x0000000088900000| Untracked 
| 138|0x0000000088a00000, 0x0000000088a00000, 0x0000000088b00000|  0%| F|  |TAMS 0x0000000088a00000, 0x0000000088a00000| Untracked 
| 139|0x0000000088b00000, 0x0000000088b00000, 0x0000000088c00000|  0%| F|  |TAMS 0x0000000088b00000, 0x0000000088b00000| Untracked 
| 140|0x0000000088c00000, 0x0000000088c00000, 0x0000000088d00000|  0%| F|  |TAMS 0x0000000088c00000, 0x0000000088c00000| Untracked 
| 141|0x0000000088d00000, 0x0000000088d00000, 0x0000000088e00000|  0%| F|  |TAMS 0x0000000088d00000, 0x0000000088d00000| Untracked 
| 142|0x0000000088e00000, 0x0000000088e00000, 0x0000000088f00000|  0%| F|  |TAMS 0x0000000088e00000, 0x0000000088e00000| Untracked 
| 143|0x0000000088f00000, 0x0000000088f00000, 0x0000000089000000|  0%| F|  |TAMS 0x0000000088f00000, 0x0000000088f00000| Untracked 
| 144|0x0000000089000000, 0x0000000089000000, 0x0000000089100000|  0%| F|  |TAMS 0x0000000089000000, 0x0000000089000000| Untracked 
| 145|0x0000000089100000, 0x0000000089100000, 0x0000000089200000|  0%| F|  |TAMS 0x0000000089100000, 0x0000000089100000| Untracked 
| 146|0x0000000089200000, 0x0000000089200000, 0x0000000089300000|  0%| F|  |TAMS 0x0000000089200000, 0x0000000089200000| Untracked 
| 147|0x0000000089300000, 0x0000000089300000, 0x0000000089400000|  0%| F|  |TAMS 0x0000000089300000, 0x0000000089300000| Untracked 
| 148|0x0000000089400000, 0x0000000089400000, 0x0000000089500000|  0%| F|  |TAMS 0x0000000089400000, 0x0000000089400000| Untracked 
| 149|0x0000000089500000, 0x0000000089500000, 0x0000000089600000|  0%| F|  |TAMS 0x0000000089500000, 0x0000000089500000| Untracked 
| 150|0x0000000089600000, 0x0000000089600000, 0x0000000089700000|  0%| F|  |TAMS 0x0000000089600000, 0x0000000089600000| Untracked 
| 151|0x0000000089700000, 0x0000000089700000, 0x0000000089800000|  0%| F|  |TAMS 0x0000000089700000, 0x0000000089700000| Untracked 
| 152|0x0000000089800000, 0x0000000089800000, 0x0000000089900000|  0%| F|  |TAMS 0x0000000089800000, 0x0000000089800000| Untracked 
| 153|0x0000000089900000, 0x0000000089900000, 0x0000000089a00000|  0%| F|  |TAMS 0x0000000089900000, 0x0000000089900000| Untracked 
| 154|0x0000000089a00000, 0x0000000089a00000, 0x0000000089b00000|  0%| F|  |TAMS 0x0000000089a00000, 0x0000000089a00000| Untracked 
| 155|0x0000000089b00000, 0x0000000089b00000, 0x0000000089c00000|  0%| F|  |TAMS 0x0000000089b00000, 0x0000000089b00000| Untracked 
| 156|0x0000000089c00000, 0x0000000089c00000, 0x0000000089d00000|  0%| F|  |TAMS 0x0000000089c00000, 0x0000000089c00000| Untracked 
| 157|0x0000000089d00000, 0x0000000089d00000, 0x0000000089e00000|  0%| F|  |TAMS 0x0000000089d00000, 0x0000000089d00000| Untracked 
| 158|0x0000000089e00000, 0x0000000089e00000, 0x0000000089f00000|  0%| F|  |TAMS 0x0000000089e00000, 0x0000000089e00000| Untracked 
| 159|0x0000000089f00000, 0x0000000089f00000, 0x000000008a000000|  0%| F|  |TAMS 0x0000000089f00000, 0x0000000089f00000| Untracked 
| 160|0x000000008a000000, 0x000000008a000000, 0x000000008a100000|  0%| F|  |TAMS 0x000000008a000000, 0x000000008a000000| Untracked 
| 161|0x000000008a100000, 0x000000008a100000, 0x000000008a200000|  0%| F|  |TAMS 0x000000008a100000, 0x000000008a100000| Untracked 
| 162|0x000000008a200000, 0x000000008a200000, 0x000000008a300000|  0%| F|  |TAMS 0x000000008a200000, 0x000000008a200000| Untracked 
| 163|0x000000008a300000, 0x000000008a300000, 0x000000008a400000|  0%| F|  |TAMS 0x000000008a300000, 0x000000008a300000| Untracked 
| 164|0x000000008a400000, 0x000000008a400000, 0x000000008a500000|  0%| F|  |TAMS 0x000000008a400000, 0x000000008a400000| Untracked 
| 165|0x000000008a500000, 0x000000008a500000, 0x000000008a600000|  0%| F|  |TAMS 0x000000008a500000, 0x000000008a500000| Untracked 
| 166|0x000000008a600000, 0x000000008a600000, 0x000000008a700000|  0%| F|  |TAMS 0x000000008a600000, 0x000000008a600000| Untracked 
| 167|0x000000008a700000, 0x000000008a78d868, 0x000000008a800000| 55%| E|  |TAMS 0x000000008a700000, 0x000000008a700000| Complete 
| 168|0x000000008a800000, 0x000000008a900000, 0x000000008a900000|100%| E|CS|TAMS 0x000000008a800000, 0x000000008a800000| Complete 
| 169|0x000000008a900000, 0x000000008aa00000, 0x000000008aa00000|100%| E|CS|TAMS 0x000000008a900000, 0x000000008a900000| Complete 
| 170|0x000000008aa00000, 0x000000008ab00000, 0x000000008ab00000|100%| E|CS|TAMS 0x000000008aa00000, 0x000000008aa00000| Complete 
| 171|0x000000008ab00000, 0x000000008ac00000, 0x000000008ac00000|100%| E|CS|TAMS 0x000000008ab00000, 0x000000008ab00000| Complete 
| 172|0x000000008ac00000, 0x000000008ad00000, 0x000000008ad00000|100%| E|CS|TAMS 0x000000008ac00000, 0x000000008ac00000| Complete 
| 173|0x000000008ad00000, 0x000000008ae00000, 0x000000008ae00000|100%| E|CS|TAMS 0x000000008ad00000, 0x000000008ad00000| Complete 
| 174|0x000000008ae00000, 0x000000008af00000, 0x000000008af00000|100%| E|CS|TAMS 0x000000008ae00000, 0x000000008ae00000| Complete 
| 175|0x000000008af00000, 0x000000008b000000, 0x000000008b000000|100%| E|CS|TAMS 0x000000008af00000, 0x000000008af00000| Complete 
| 176|0x000000008b000000, 0x000000008b100000, 0x000000008b100000|100%| E|CS|TAMS 0x000000008b000000, 0x000000008b000000| Complete 
| 177|0x000000008b100000, 0x000000008b12d678, 0x000000008b200000| 17%| S|CS|TAMS 0x000000008b100000, 0x000000008b100000| Complete 
| 178|0x000000008b200000, 0x000000008b300000, 0x000000008b300000|100%| E|CS|TAMS 0x000000008b200000, 0x000000008b200000| Complete 
| 179|0x000000008b300000, 0x000000008b400000, 0x000000008b400000|100%| E|CS|TAMS 0x000000008b300000, 0x000000008b300000| Complete 
| 180|0x000000008b400000, 0x000000008b500000, 0x000000008b500000|100%| E|CS|TAMS 0x000000008b400000, 0x000000008b400000| Complete 
| 181|0x000000008b500000, 0x000000008b600000, 0x000000008b600000|100%| E|CS|TAMS 0x000000008b500000, 0x000000008b500000| Complete 
| 182|0x000000008b600000, 0x000000008b700000, 0x000000008b700000|100%| E|CS|TAMS 0x000000008b600000, 0x000000008b600000| Complete 
| 183|0x000000008b700000, 0x000000008b800000, 0x000000008b800000|100%| E|CS|TAMS 0x000000008b700000, 0x000000008b700000| Complete 
| 184|0x000000008b800000, 0x000000008b900000, 0x000000008b900000|100%| E|CS|TAMS 0x000000008b800000, 0x000000008b800000| Complete 

Card table byte_map: [0x000001b7dbe60000,0x000001b7dc260000] _byte_map_base: 0x000001b7dba60000

Marking Bits (Prev, Next): (CMBitMap*) 0x000001b7c8c529b8, (CMBitMap*) 0x000001b7c8c529f0
 Prev Bits: [0x000001b7dc660000, 0x000001b7de660000)
 Next Bits: [0x000001b7de660000, 0x000001b7e0660000)

Polling page: 0x000001b7c6ad0000

Metaspace:

Usage:
  Non-class:    109.46 MB capacity,   107.31 MB ( 98%) used,     1.72 MB (  2%) free+waste,   444.69 KB ( <1%) overhead. 
      Class:     17.05 MB capacity,    15.71 MB ( 92%) used,     1.15 MB (  7%) free+waste,   203.81 KB (  1%) overhead. 
       Both:    126.51 MB capacity,   123.01 MB ( 97%) used,     2.87 MB (  2%) free+waste,   648.50 KB ( <1%) overhead. 

Virtual space:
  Non-class space:      112.00 MB reserved,     111.19 MB (>99%) committed 
      Class space:        1.00 GB reserved,      18.38 MB (  2%) committed 
             Both:        1.11 GB reserved,     129.56 MB ( 11%) committed 

Chunk freelists:
   Non-Class:  1.66 MB
       Class:  1.23 MB
        Both:  2.89 MB

MaxMetaspaceSize: 17179869184.00 GB
CompressedClassSpaceSize: 1.00 GB
Initial GC threshold: 20.80 MB
Current GC threshold: 206.15 MB
CDS: off

CodeHeap 'non-profiled nmethods': size=120000Kb used=9954Kb max_used=9954Kb free=110045Kb
 bounds [0x000001b7d4200000, 0x000001b7d4bc0000, 0x000001b7db730000]
CodeHeap 'profiled nmethods': size=120000Kb used=34086Kb max_used=34086Kb free=85913Kb
 bounds [0x000001b7cccd0000, 0x000001b7cee20000, 0x000001b7d4200000]
CodeHeap 'non-nmethods': size=5760Kb used=2447Kb max_used=2498Kb free=3312Kb
 bounds [0x000001b7cc730000, 0x000001b7cc9b0000, 0x000001b7cccd0000]
 total_blobs=17075 nmethods=16091 adapters=895
 compilation: enabled
              stopped_count=0, restarted_count=0
 full_count=0

Compilation events (20 events):
Event: 224.944 Thread 0x000001b7e30dc800 nmethod 16323 0x000001b7cee09510 code [0x000001b7cee096c0, 0x000001b7cee097d8]
Event: 224.944 Thread 0x000001b7e30dc800 16325       3       com.esotericsoftware.kryo.io.Output::writeByte (36 bytes)
Event: 224.945 Thread 0x000001b7e30dc800 nmethod 16325 0x000001b7cee09890 code [0x000001b7cee09a60, 0x000001b7cee09c28]
Event: 224.945 Thread 0x000001b7e30dc800 16326   !   3       org.gradle.internal.resources.AbstractTrackedResourceLock::tryLock (75 bytes)
Event: 224.948 Thread 0x000001b7e30dc800 nmethod 16326 0x000001b7cee09d10 code [0x000001b7cee0a060, 0x000001b7cee0b458]
Event: 224.952 Thread 0x000001b7e30dc800 16328       3       org.gradle.internal.operations.DefaultBuildOperationRunner$BuildOperationTrackingListener::start (53 bytes)
Event: 224.954 Thread 0x000001b7e30dc800 nmethod 16328 0x000001b7cee0bc90 code [0x000001b7cee0bf60, 0x000001b7cee0cf98]
Event: 224.954 Thread 0x000001b7e30dc800 16329       3       org.gradle.internal.serialize.kryo.KryoBackedEncoder::writeNullableString (9 bytes)
Event: 224.954 Thread 0x000001b7e30dc800 nmethod 16329 0x000001b7cee0d590 code [0x000001b7cee0d740, 0x000001b7cee0d888]
Event: 224.955 Thread 0x000001b7e30dc800 16330       3       org.gradle.api.internal.artifacts.ivyservice.resolveengine.artifact.DefaultArtifactSet$LazyArtifactSupplier::calculateValue (34 bytes)
Event: 224.956 Thread 0x000001b7e30dc800 nmethod 16330 0x000001b7cee0d990 code [0x000001b7cee0dc40, 0x000001b7cee0e9e8]
Event: 224.956 Thread 0x000001b7e30dc800 16331       3       org.gradle.api.internal.artifacts.ivyservice.resolveengine.artifact.DefaultArtifactSet$LazyArtifactSupplier::calculateValue (6 bytes)
Event: 224.957 Thread 0x000001b7e30da800 nmethod 16290 0x000001b7d4bb5690 code [0x000001b7d4bb58c0, 0x000001b7d4bb6b40]
Event: 224.957 Thread 0x000001b7e30dc800 nmethod 16331 0x000001b7cee0ee90 code [0x000001b7cee0f100, 0x000001b7cee0fc88]
Event: 224.957 Thread 0x000001b7e30dc800 16332       3       org.gradle.api.internal.artifacts.DefaultModuleVersionIdentifier::newId (26 bytes)
Event: 224.958 Thread 0x000001b7e30da800 16316       4       java.lang.StringBuilder::append (8 bytes)
Event: 224.958 Thread 0x000001b7e30dc800 nmethod 16332 0x000001b7cee10010 code [0x000001b7cee10200, 0x000001b7cee10708]
Event: 224.959 Thread 0x000001b7e30dc800 16334       3       org.gradle.internal.operations.DefaultBuildOperationRunner$BuildOperationTrackingListener::stop (36 bytes)
Event: 224.961 Thread 0x000001b7e30dc800 nmethod 16334 0x000001b7cee10910 code [0x000001b7cee10b80, 0x000001b7cee11598]
Event: 224.961 Thread 0x000001b7e30dc800 16337       3       org.gradle.internal.operations.DefaultBuildOperationRunner::access$400 (7 bytes)

GC Heap History (20 events):
Event: 20.570 GC heap before
{Heap before GC invocations=31 (full 0):
 garbage-first heap   total 189440K, used 96160K [0x0000000080000000, 0x0000000100000000)
  region size 1024K, 9 young (9216K), 7 survivors (7168K)
 Metaspace       used 97489K, capacity 99739K, committed 100416K, reserved 1136640K
  class space    used 12389K, capacity 13229K, committed 13440K, reserved 1048576K
}
Event: 20.577 GC heap after
{Heap after GC invocations=32 (full 0):
 garbage-first heap   total 189440K, used 93687K [0x0000000080000000, 0x0000000100000000)
  region size 1024K, 1 young (1024K), 1 survivors (1024K)
 Metaspace       used 97489K, capacity 99739K, committed 100416K, reserved 1136640K
  class space    used 12389K, capacity 13229K, committed 13440K, reserved 1048576K
}
Event: 21.291 GC heap before
{Heap before GC invocations=32 (full 0):
 garbage-first heap   total 189440K, used 140791K [0x0000000080000000, 0x0000000100000000)
  region size 1024K, 49 young (50176K), 1 survivors (1024K)
 Metaspace       used 104034K, capacity 106478K, committed 106816K, reserved 1142784K
  class space    used 13222K, capacity 14112K, committed 14208K, reserved 1048576K
}
Event: 21.308 GC heap after
{Heap after GC invocations=33 (full 0):
 garbage-first heap   total 189440K, used 97664K [0x0000000080000000, 0x0000000100000000)
  region size 1024K, 5 young (5120K), 5 survivors (5120K)
 Metaspace       used 104034K, capacity 106478K, committed 106816K, reserved 1142784K
  class space    used 13222K, capacity 14112K, committed 14208K, reserved 1048576K
}
Event: 22.528 GC heap before
{Heap before GC invocations=34 (full 0):
 garbage-first heap   total 189440K, used 150912K [0x0000000080000000, 0x0000000100000000)
  region size 1024K, 56 young (57344K), 5 survivors (5120K)
 Metaspace       used 106405K, capacity 108870K, committed 109120K, reserved 1144832K
  class space    used 13464K, capacity 14373K, committed 14464K, reserved 1048576K
}
Event: 22.534 GC heap after
{Heap after GC invocations=35 (full 0):
 garbage-first heap   total 189440K, used 100154K [0x0000000080000000, 0x0000000100000000)
  region size 1024K, 2 young (2048K), 2 survivors (2048K)
 Metaspace       used 106405K, capacity 108870K, committed 109120K, reserved 1144832K
  class space    used 13464K, capacity 14373K, committed 14464K, reserved 1048576K
}
Event: 22.540 GC heap before
{Heap before GC invocations=35 (full 0):
 garbage-first heap   total 189440K, used 100154K [0x0000000080000000, 0x0000000100000000)
  region size 1024K, 3 young (3072K), 2 survivors (2048K)
 Metaspace       used 106447K, capacity 108870K, committed 109120K, reserved 1144832K
  class space    used 13468K, capacity 14373K, committed 14464K, reserved 1048576K
}
Event: 22.542 GC heap after
{Heap after GC invocations=36 (full 0):
 garbage-first heap   total 189440K, used 99261K [0x0000000080000000, 0x0000000100000000)
  region size 1024K, 2 young (2048K), 2 survivors (2048K)
 Metaspace       used 106447K, capacity 108870K, committed 109120K, reserved 1144832K
  class space    used 13468K, capacity 14373K, committed 14464K, reserved 1048576K
}
Event: 23.184 GC heap before
{Heap before GC invocations=37 (full 0):
 garbage-first heap   total 189440K, used 152509K [0x0000000080000000, 0x0000000100000000)
  region size 1024K, 53 young (54272K), 2 survivors (2048K)
 Metaspace       used 112508K, capacity 115593K, committed 115648K, reserved 1148928K
  class space    used 14394K, capacity 15567K, committed 15616K, reserved 1048576K
}
Event: 23.195 GC heap after
{Heap after GC invocations=38 (full 0):
 garbage-first heap   total 189440K, used 107830K [0x0000000080000000, 0x0000000100000000)
  region size 1024K, 7 young (7168K), 7 survivors (7168K)
 Metaspace       used 112508K, capacity 115593K, committed 115648K, reserved 1148928K
  class space    used 14394K, capacity 15567K, committed 15616K, reserved 1048576K
}
Event: 23.688 GC heap before
{Heap before GC invocations=38 (full 0):
 garbage-first heap   total 189440K, used 150838K [0x0000000080000000, 0x0000000100000000)
  region size 1024K, 50 young (51200K), 7 survivors (7168K)
 Metaspace       used 118275K, capacity 122384K, committed 122560K, reserved 1155072K
  class space    used 15585K, capacity 17291K, committed 17408K, reserved 1048576K
}
Event: 23.708 GC heap after
{Heap after GC invocations=39 (full 0):
 garbage-first heap   total 189440K, used 111606K [0x0000000080000000, 0x0000000100000000)
  region size 1024K, 4 young (4096K), 4 survivors (4096K)
 Metaspace       used 118275K, capacity 122384K, committed 122560K, reserved 1155072K
  class space    used 15585K, capacity 17291K, committed 17408K, reserved 1048576K
}
Event: 24.158 GC heap before
{Heap before GC invocations=40 (full 0):
 garbage-first heap   total 189440K, used 150518K [0x0000000080000000, 0x0000000100000000)
  region size 1024K, 45 young (46080K), 4 survivors (4096K)
 Metaspace       used 121071K, capacity 125681K, committed 126016K, reserved 1157120K
  class space    used 16057K, capacity 17941K, committed 18048K, reserved 1048576K
}
Event: 24.166 GC heap after
{Heap after GC invocations=41 (full 0):
 garbage-first heap   total 189440K, used 112613K [0x0000000080000000, 0x0000000100000000)
  region size 1024K, 5 young (5120K), 5 survivors (5120K)
 Metaspace       used 121071K, capacity 125681K, committed 126016K, reserved 1157120K
  class space    used 16057K, capacity 17941K, committed 18048K, reserved 1048576K
}
Event: 24.226 GC heap before
{Heap before GC invocations=41 (full 0):
 garbage-first heap   total 189440K, used 120805K [0x0000000080000000, 0x0000000100000000)
  region size 1024K, 15 young (15360K), 5 survivors (5120K)
 Metaspace       used 121413K, capacity 126136K, committed 126400K, reserved 1157120K
  class space    used 16135K, capacity 18091K, committed 18176K, reserved 1048576K
}
Event: 24.232 GC heap after
{Heap after GC invocations=42 (full 0):
 garbage-first heap   total 189440K, used 111468K [0x0000000080000000, 0x0000000100000000)
  region size 1024K, 2 young (2048K), 2 survivors (2048K)
 Metaspace       used 121413K, capacity 126136K, committed 126400K, reserved 1157120K
  class space    used 16135K, capacity 18091K, committed 18176K, reserved 1048576K
}
Event: 25.190 GC heap before
{Heap before GC invocations=43 (full 0):
 garbage-first heap   total 189440K, used 164716K [0x0000000080000000, 0x0000000100000000)
  region size 1024K, 43 young (44032K), 2 survivors (2048K)
 Metaspace       used 124711K, capacity 128304K, committed 131520K, reserved 1163264K
  class space    used 16018K, capacity 17410K, committed 18688K, reserved 1048576K
}
Event: 25.194 GC heap after
{Heap after GC invocations=44 (full 0):
 garbage-first heap   total 189440K, used 111582K [0x0000000080000000, 0x0000000100000000)
  region size 1024K, 2 young (2048K), 2 survivors (2048K)
 Metaspace       used 124711K, capacity 128304K, committed 131520K, reserved 1163264K
  class space    used 16018K, capacity 17410K, committed 18688K, reserved 1048576K
}
Event: 199.206 GC heap before
{Heap before GC invocations=44 (full 0):
 garbage-first heap   total 189440K, used 117726K [0x0000000080000000, 0x0000000100000000)
  region size 1024K, 9 young (9216K), 2 survivors (2048K)
 Metaspace       used 125627K, capacity 129195K, committed 132416K, reserved 1163264K
  class space    used 16069K, capacity 17446K, committed 18816K, reserved 1048576K
}
Event: 199.210 GC heap after
{Heap after GC invocations=45 (full 0):
 garbage-first heap   total 189440K, used 106885K [0x0000000080000000, 0x0000000100000000)
  region size 1024K, 1 young (1024K), 1 survivors (1024K)
 Metaspace       used 125627K, capacity 129195K, committed 132416K, reserved 1163264K
  class space    used 16069K, capacity 17446K, committed 18816K, reserved 1048576K
}

Deoptimization events (20 events):
Event: 224.596 Thread 0x000001b7e8db5800 Uncommon trap: trap_request=0xffffffde fr.pc=0x000001b7d4a48768 relative=0x0000000000000128
Event: 224.596 Thread 0x000001b7e8db5800 Uncommon trap: reason=class_check action=maybe_recompile pc=0x000001b7d4a48768 method=com.google.common.base.CharMatcher$Or.matches(C)Z @ 5 c2
Event: 224.596 Thread 0x000001b7e8db5800 DEOPT PACKING pc=0x000001b7d4a48768 sp=0x000000adc59f81f0
Event: 224.596 Thread 0x000001b7e8db5800 DEOPT UNPACKING pc=0x000001b7cc77a1af sp=0x000000adc59f8198 mode 2
Event: 224.807 Thread 0x000001b7e8db5800 Uncommon trap: trap_request=0xffffffc6 fr.pc=0x000001b7d4889958 relative=0x0000000000000478
Event: 224.807 Thread 0x000001b7e8db5800 Uncommon trap: reason=bimorphic_or_optimized_type_check action=maybe_recompile pc=0x000001b7d4889958 method=java.util.Collections.indexedBinarySearch(Ljava/util/List;Ljava/lang/Object;Ljava/util/Comparator;)I @ 3 c2
Event: 224.807 Thread 0x000001b7e8db5800 DEOPT PACKING pc=0x000001b7d4889958 sp=0x000000adc59f8f20
Event: 224.807 Thread 0x000001b7e8db5800 DEOPT UNPACKING pc=0x000001b7cc77a1af sp=0x000000adc59f8e58 mode 2
Event: 224.860 Thread 0x000001b7e8db5800 Uncommon trap: trap_request=0xffffffc6 fr.pc=0x000001b7d4889958 relative=0x0000000000000478
Event: 224.860 Thread 0x000001b7e8db5800 Uncommon trap: reason=bimorphic_or_optimized_type_check action=maybe_recompile pc=0x000001b7d4889958 method=java.util.Collections.indexedBinarySearch(Ljava/util/List;Ljava/lang/Object;Ljava/util/Comparator;)I @ 3 c2
Event: 224.860 Thread 0x000001b7e8db5800 DEOPT PACKING pc=0x000001b7d4889958 sp=0x000000adc59f8ec0
Event: 224.860 Thread 0x000001b7e8db5800 DEOPT UNPACKING pc=0x000001b7cc77a1af sp=0x000000adc59f8df8 mode 2
Event: 224.886 Thread 0x000001b7e8db5800 Uncommon trap: trap_request=0xffffffc6 fr.pc=0x000001b7d4889958 relative=0x0000000000000478
Event: 224.886 Thread 0x000001b7e8db5800 Uncommon trap: reason=bimorphic_or_optimized_type_check action=maybe_recompile pc=0x000001b7d4889958 method=java.util.Collections.indexedBinarySearch(Ljava/util/List;Ljava/lang/Object;Ljava/util/Comparator;)I @ 3 c2
Event: 224.886 Thread 0x000001b7e8db5800 DEOPT PACKING pc=0x000001b7d4889958 sp=0x000000adc59f8ec0
Event: 224.886 Thread 0x000001b7e8db5800 DEOPT UNPACKING pc=0x000001b7cc77a1af sp=0x000000adc59f8df8 mode 2
Event: 224.920 Thread 0x000001b7f21db800 DEOPT PACKING pc=0x000001b7ce696644 sp=0x000000adc79fd6a0
Event: 224.920 Thread 0x000001b7f21db800 DEOPT UNPACKING pc=0x000001b7cc77a95e sp=0x000000adc79fcc40 mode 0
Event: 224.945 Thread 0x000001b7f21e4800 DEOPT PACKING pc=0x000001b7ce696644 sp=0x000000adc7ffd920
Event: 224.945 Thread 0x000001b7f21e4800 DEOPT UNPACKING pc=0x000001b7cc77a95e sp=0x000000adc7ffcec0 mode 0

Classes redefined (0 events):
No events

Internal exceptions (20 events):
Event: 24.214 Thread 0x000001b7e8dbf800 Exception <a 'sun/nio/fs/WindowsException'{0x000000008b4dad78}> (0x000000008b4dad78) thrown at [./src/hotspot/share/prims/jni.cpp, line 616]
Event: 24.214 Thread 0x000001b7e8dc0000 Exception <a 'sun/nio/fs/WindowsException'{0x000000008b2c2d20}> (0x000000008b2c2d20) thrown at [./src/hotspot/share/prims/jni.cpp, line 616]
Event: 24.215 Thread 0x000001b7ead6b000 Exception <a 'sun/nio/fs/WindowsException'{0x000000008b3c7e40}> (0x000000008b3c7e40) thrown at [./src/hotspot/share/prims/jni.cpp, line 616]
Event: 24.216 Thread 0x000001b7ead6e800 Exception <a 'sun/nio/fs/WindowsException'{0x000000008b3fa8a0}> (0x000000008b3fa8a0) thrown at [./src/hotspot/share/prims/jni.cpp, line 616]
Event: 24.220 Thread 0x000001b7e8dc0000 Exception <a 'sun/nio/fs/WindowsException'{0x000000008b2ca878}> (0x000000008b2ca878) thrown at [./src/hotspot/share/prims/jni.cpp, line 616]
Event: 24.222 Thread 0x000001b7ead6e800 Exception <a 'sun/nio/fs/WindowsException'{0x000000008b1ec568}> (0x000000008b1ec568) thrown at [./src/hotspot/share/prims/jni.cpp, line 616]
Event: 24.223 Thread 0x000001b7e8dc0000 Exception <a 'sun/nio/fs/WindowsException'{0x000000008af40a28}> (0x000000008af40a28) thrown at [./src/hotspot/share/prims/jni.cpp, line 616]
Event: 24.233 Thread 0x000001b7ead6e800 Exception <a 'sun/nio/fs/WindowsException'{0x000000008b8008d8}> (0x000000008b8008d8) thrown at [./src/hotspot/share/prims/jni.cpp, line 616]
Event: 24.239 Thread 0x000001b7ead6e800 Exception <a 'sun/nio/fs/WindowsException'{0x000000008b8080a8}> (0x000000008b8080a8) thrown at [./src/hotspot/share/prims/jni.cpp, line 616]
Event: 24.243 Thread 0x000001b7ead6e800 Exception <a 'sun/nio/fs/WindowsException'{0x000000008b80e970}> (0x000000008b80e970) thrown at [./src/hotspot/share/prims/jni.cpp, line 616]
Event: 24.245 Thread 0x000001b7ead6e800 Exception <a 'sun/nio/fs/WindowsException'{0x000000008b8fd220}> (0x000000008b8fd220) thrown at [./src/hotspot/share/prims/jni.cpp, line 616]
Event: 24.386 Thread 0x000001b7ead68000 Exception <a 'sun/nio/fs/WindowsException'{0x000000008b399010}> (0x000000008b399010) thrown at [./src/hotspot/share/prims/jni.cpp, line 616]
Event: 24.550 Thread 0x000001b7ead68000 Exception <a 'sun/nio/fs/WindowsException'{0x000000008ab231e0}> (0x000000008ab231e0) thrown at [./src/hotspot/share/prims/jni.cpp, line 616]
Event: 24.943 Thread 0x000001b7f21dd000 Exception <a 'sun/nio/fs/WindowsException'{0x0000000089ebe438}> (0x0000000089ebe438) thrown at [./src/hotspot/share/prims/jni.cpp, line 616]
Event: 24.962 Thread 0x000001b7e6911800 Exception <a 'sun/nio/fs/WindowsException'{0x0000000089d62820}> (0x0000000089d62820) thrown at [./src/hotspot/share/prims/jni.cpp, line 616]
Event: 24.963 Thread 0x000001b7e6911800 Exception <a 'sun/nio/fs/WindowsException'{0x0000000089d628a0}> (0x0000000089d628a0) thrown at [./src/hotspot/share/prims/jni.cpp, line 616]
Event: 24.963 Thread 0x000001b7e6911800 Exception <a 'sun/nio/fs/WindowsException'{0x0000000089d64268}> (0x0000000089d64268) thrown at [./src/hotspot/share/prims/jni.cpp, line 616]
Event: 32.557 Thread 0x000001b7e5cf1800 Implicit null exception at 0x000001b7d4561714 to 0x000001b7d4561cf8
Event: 32.557 Thread 0x000001b7e5cf1800 Implicit null exception at 0x000001b7d455f394 to 0x000001b7d455f968
Event: 224.959 Thread 0x000001b7e8db5800 Exception <a 'java/lang/OutOfMemoryError'{0x000000008a908d10}: unable to create native thread: possibly out of memory or process/resource limits reached> (0x000000008a908d10) thrown at [./src/hotspot/share/prims/jvm.cpp, line 2924]

Events (20 events):
Event: 224.941 Thread 0x000001b7e9063000 Thread added: 0x000001b7e9063000
Event: 224.941 Thread 0x000001b7e9064000 Thread added: 0x000001b7e9064000
Event: 224.941 Thread 0x000001b7ead6b000 Thread added: 0x000001b7ead6b000
Event: 224.942 Thread 0x000001b7ead6d000 Thread added: 0x000001b7ead6d000
Event: 224.949 Thread 0x000001b7ead68800 Thread added: 0x000001b7ead68800
Event: 224.949 Thread 0x000001b7ead6a800 Thread added: 0x000001b7ead6a800
Event: 224.950 Thread 0x000001b7ead6d800 Thread added: 0x000001b7ead6d800
Event: 224.950 Thread 0x000001b7ead69800 Thread added: 0x000001b7ead69800
Event: 224.952 Thread 0x000001b7ead68000 Thread added: 0x000001b7ead68000
Event: 224.952 Thread 0x000001b7ead6e800 Thread added: 0x000001b7ead6e800
Event: 224.953 Thread 0x000001b7e5397800 Thread added: 0x000001b7e5397800
Event: 224.954 Thread 0x000001b7e5392000 Thread added: 0x000001b7e5392000
Event: 224.954 Thread 0x000001b7e5395000 Thread added: 0x000001b7e5395000
Event: 224.954 Thread 0x000001b7e5392800 Thread added: 0x000001b7e5392800
Event: 224.957 Thread 0x000001b7e4caf000 Thread added: 0x000001b7e4caf000
Event: 224.958 Thread 0x000001b7e4caa800 Thread added: 0x000001b7e4caa800
Event: 224.958 Thread 0x000001b7e4cac800 Thread added: 0x000001b7e4cac800
Event: 224.958 Thread 0x000001b7e4cab000 Thread added: 0x000001b7e4cab000
Event: 224.960 loading class org/gradle/internal/build/event/types/DefaultFailure
Event: 224.960 loading class org/gradle/internal/build/event/types/DefaultFailure done


Dynamic libraries:
0x00007ff6556f0000 - 0x00007ff6556fa000 	C:\Program Files\Android\Android Studio\jre\bin\java.exe
0x00007ffa49c90000 - 0x00007ffa49e88000 	C:\WINDOWS\SYSTEM32\ntdll.dll
0x00007ffa48c30000 - 0x00007ffa48cef000 	C:\WINDOWS\System32\KERNEL32.DLL
0x00007ffa47910000 - 0x00007ffa47be2000 	C:\WINDOWS\System32\KERNELBASE.dll
0x00007ffa47380000 - 0x00007ffa47480000 	C:\WINDOWS\System32\ucrtbase.dll
0x00007ffa40560000 - 0x00007ffa40577000 	C:\Program Files\Android\Android Studio\jre\bin\VCRUNTIME140.dll
0x00007ffa40580000 - 0x00007ffa40599000 	C:\Program Files\Android\Android Studio\jre\bin\jli.dll
0x00007ffa48710000 - 0x00007ffa488b1000 	C:\WINDOWS\System32\USER32.dll
0x00007ffa47480000 - 0x00007ffa474a2000 	C:\WINDOWS\System32\win32u.dll
0x00007ffa35c50000 - 0x00007ffa35eea000 	C:\WINDOWS\WinSxS\amd64_microsoft.windows.common-controls_6595b64144ccf1df_6.0.19041.1110_none_60b5254171f9507e\COMCTL32.dll
0x00007ffa49bc0000 - 0x00007ffa49beb000 	C:\WINDOWS\System32\GDI32.dll
0x00007ffa491e0000 - 0x00007ffa4927e000 	C:\WINDOWS\System32\msvcrt.dll
0x00007ffa474b0000 - 0x00007ffa475bf000 	C:\WINDOWS\System32\gdi32full.dll
0x00007ffa47630000 - 0x00007ffa476cd000 	C:\WINDOWS\System32\msvcp_win.dll
0x00007ffa498f0000 - 0x00007ffa49922000 	C:\WINDOWS\System32\IMM32.DLL
0x00007ffa24d40000 - 0x00007ffa24ddd000 	C:\Program Files\Android\Android Studio\jre\bin\msvcp140.dll
0x00007ff9d8f40000 - 0x00007ff9d9a42000 	C:\Program Files\Android\Android Studio\jre\bin\server\jvm.dll
0x00007ffa493d0000 - 0x00007ffa4947e000 	C:\WINDOWS\System32\ADVAPI32.dll
0x00007ffa49280000 - 0x00007ffa4931c000 	C:\WINDOWS\System32\sechost.dll
0x00007ffa48cf0000 - 0x00007ffa48e15000 	C:\WINDOWS\System32\RPCRT4.dll
0x00007ffa49050000 - 0x00007ffa49058000 	C:\WINDOWS\System32\PSAPI.DLL
0x00007ffa1f740000 - 0x00007ffa1f767000 	C:\WINDOWS\SYSTEM32\WINMM.dll
0x00007ffa3e7f0000 - 0x00007ffa3e7f9000 	C:\WINDOWS\SYSTEM32\WSOCK32.dll
0x00007ffa3f830000 - 0x00007ffa3f83a000 	C:\WINDOWS\SYSTEM32\VERSION.dll
0x00007ffa49110000 - 0x00007ffa4917b000 	C:\WINDOWS\System32\WS2_32.dll
0x00007ffa45c00000 - 0x00007ffa45c12000 	C:\WINDOWS\SYSTEM32\kernel.appcore.dll
0x00007ff9d8f20000 - 0x00007ff9d8f31000 	C:\Program Files\Android\Android Studio\jre\bin\verify.dll
0x00007ffa459c0000 - 0x00007ffa45ba4000 	C:\WINDOWS\SYSTEM32\DBGHELP.DLL
0x00007ffa3f590000 - 0x00007ffa3f5c5000 	C:\WINDOWS\SYSTEM32\dbgcore.DLL
0x00007ffa47bf0000 - 0x00007ffa47c72000 	C:\WINDOWS\System32\bcryptPrimitives.dll
0x00007ff9d8ef0000 - 0x00007ff9d8f19000 	C:\Program Files\Android\Android Studio\jre\bin\java.dll
0x00007ffa3e700000 - 0x00007ffa3e70b000 	C:\Program Files\Android\Android Studio\jre\bin\jimage.dll
0x00007ff9d8ed0000 - 0x00007ff9d8ee8000 	C:\Program Files\Android\Android Studio\jre\bin\zip.dll
0x00007ffa47e20000 - 0x00007ffa48564000 	C:\WINDOWS\System32\SHELL32.dll
0x00007ffa45150000 - 0x00007ffa458e2000 	C:\WINDOWS\SYSTEM32\windows.storage.dll
0x00007ffa488c0000 - 0x00007ffa48c15000 	C:\WINDOWS\System32\combase.dll
0x00007ffa46de0000 - 0x00007ffa46e10000 	C:\WINDOWS\SYSTEM32\Wldp.dll
0x00007ffa49320000 - 0x00007ffa493cd000 	C:\WINDOWS\System32\SHCORE.dll
0x00007ffa48e20000 - 0x00007ffa48e75000 	C:\WINDOWS\System32\shlwapi.dll
0x00007ffa472c0000 - 0x00007ffa472df000 	C:\WINDOWS\SYSTEM32\profapi.dll
0x00007ff9d8eb0000 - 0x00007ff9d8eca000 	C:\Program Files\Android\Android Studio\jre\bin\net.dll
0x00007ffa40dd0000 - 0x00007ffa40edc000 	C:\WINDOWS\SYSTEM32\WINHTTP.dll
0x00007ffa46b40000 - 0x00007ffa46baa000 	C:\WINDOWS\system32\mswsock.dll
0x00007ff9d8de0000 - 0x00007ff9d8df4000 	C:\Program Files\Android\Android Studio\jre\bin\nio.dll
0x00007ffa3af70000 - 0x00007ffa3af97000 	C:\Users\Prince Verma\.gradle\native\e1d6ef7f7dcc3fd88c89a11ec53ec762bb8ba0a96d01ffa2cd45eb1d1d8dd5c5\windows-amd64\native-platform.dll
0x00007ffa200c0000 - 0x00007ffa20204000 	C:\Users\Prince Verma\.gradle\native\0d407fdbe67a94daf76414ababcb853783967236a71b16ec16e742cd7a986fd3\windows-amd64\native-platform-file-events.dll
0x00007ffa3dde0000 - 0x00007ffa3ddea000 	C:\Program Files\Android\Android Studio\jre\bin\management.dll
0x00007ffa1f8e0000 - 0x00007ffa1f8ed000 	C:\Program Files\Android\Android Studio\jre\bin\management_ext.dll
0x00007ffa46d40000 - 0x00007ffa46d58000 	C:\WINDOWS\SYSTEM32\CRYPTSP.dll
0x00007ffa463f0000 - 0x00007ffa46424000 	C:\WINDOWS\system32\rsaenh.dll
0x00007ffa47830000 - 0x00007ffa47857000 	C:\WINDOWS\System32\bcrypt.dll
0x00007ffa47240000 - 0x00007ffa4726e000 	C:\WINDOWS\SYSTEM32\USERENV.dll
0x00007ffa46d30000 - 0x00007ffa46d3c000 	C:\WINDOWS\SYSTEM32\CRYPTBASE.dll
0x00007ffa467e0000 - 0x00007ffa4681b000 	C:\WINDOWS\SYSTEM32\IPHLPAPI.DLL
0x00007ffa48c20000 - 0x00007ffa48c28000 	C:\WINDOWS\System32\NSI.dll
0x00007ffa3e5e0000 - 0x00007ffa3e5f7000 	C:\WINDOWS\SYSTEM32\dhcpcsvc6.DLL
0x00007ffa3f0b0000 - 0x00007ffa3f0cd000 	C:\WINDOWS\SYSTEM32\dhcpcsvc.DLL
0x00007ffa46830000 - 0x00007ffa468fa000 	C:\WINDOWS\SYSTEM32\DNSAPI.dll
0x00007ffa46510000 - 0x00007ffa46543000 	C:\WINDOWS\SYSTEM32\ntmarta.dll

dbghelp: loaded successfully - version: 4.0.5 - missing functions: none
symbol engine: initialized successfully - sym options: 0x614 - pdb path: .;C:\Program Files\Android\Android Studio\jre\bin;C:\WINDOWS\SYSTEM32;C:\WINDOWS\WinSxS\amd64_microsoft.windows.common-controls_6595b64144ccf1df_6.0.19041.1110_none_60b5254171f9507e;C:\Program Files\Android\Android Studio\jre\bin\server;C:\Users\Prince Verma\.gradle\native\e1d6ef7f7dcc3fd88c89a11ec53ec762bb8ba0a96d01ffa2cd45eb1d1d8dd5c5\windows-amd64;C:\Users\Prince Verma\.gradle\native\0d407fdbe67a94daf76414ababcb853783967236a71b16ec16e742cd7a986fd3\windows-amd64

VM Arguments:
jvm_args: --add-opens=java.base/java.util=ALL-UNNAMED --add-opens=java.base/java.lang=ALL-UNNAMED --add-opens=java.base/java.lang.invoke=ALL-UNNAMED --add-opens=java.base/java.util=ALL-UNNAMED --add-opens=java.prefs/java.util.prefs=ALL-UNNAMED --add-opens=java.prefs/java.util.prefs=ALL-UNNAMED --add-opens=java.base/java.nio.charset=ALL-UNNAMED --add-opens=java.base/java.net=ALL-UNNAMED --add-opens=java.base/java.util.concurrent.atomic=ALL-UNNAMED -Xmx2048m -Dfile.encoding=UTF-8 -Duser.country=IN -Duser.language=en -Duser.variant 
java_command: org.gradle.launcher.daemon.bootstrap.GradleDaemon 7.4
java_class_path (initial): C:\Users\Prince Verma\.gradle\wrapper\dists\gradle-7.4-bin\c0gwcg53nkjbqw7r0h0umtfvt\gradle-7.4\lib\gradle-launcher-7.4.jar
Launcher Type: SUN_STANDARD

[Global flags]
     intx CICompilerCount                          = 4                                         {product} {ergonomic}
     uint ConcGCThreads                            = 2                                         {product} {ergonomic}
     uint G1ConcRefinementThreads                  = 8                                         {product} {ergonomic}
   size_t G1HeapRegionSize                         = 1048576                                   {product} {ergonomic}
    uintx GCDrainStackTargetSize                   = 64                                        {product} {ergonomic}
   size_t InitialHeapSize                          = 134217728                                 {product} {ergonomic}
   size_t MarkStackSize                            = 4194304                                   {product} {ergonomic}
   size_t MaxHeapSize                              = 2147483648                                {product} {command line}
   size_t MaxNewSize                               = 1287651328                                {product} {ergonomic}
   size_t MinHeapDeltaBytes                        = 1048576                                   {product} {ergonomic}
    uintx NonNMethodCodeHeapSize                   = 5836300                                {pd product} {ergonomic}
    uintx NonProfiledCodeHeapSize                  = 122910970                              {pd product} {ergonomic}
    uintx ProfiledCodeHeapSize                     = 122910970                              {pd product} {ergonomic}
    uintx ReservedCodeCacheSize                    = 251658240                              {pd product} {ergonomic}
     bool SegmentedCodeCache                       = true                                      {product} {ergonomic}
     bool UseCompressedClassPointers               = true                                 {lp64_product} {ergonomic}
     bool UseCompressedOops                        = true                                 {lp64_product} {ergonomic}
     bool UseG1GC                                  = true                                      {product} {ergonomic}
     bool UseLargePagesIndividualAllocation        = false                                  {pd product} {ergonomic}

Logging:
Log output configuration:
 #0: stdout all=warning uptime,level,tags
 #1: stderr all=off uptime,level,tags

Environment Variables:
PATH=C:\Program Files\Common Files\Oracle\Java\javapath;C:\Program Files (x86)\Common Files\Oracle\Java\javapath;C:\python\Python38\Scripts\;C:\python\Python38\;C:\Program Files (x86)\Intel\iCLS Client\;C:\Program Files\Intel\iCLS Client\;C:\Windows\system32;C:\Windows;C:\Windows\System32\Wbem;C:\Windows\System32\WindowsPowerShell\v1.0\;C:\Program Files (x86)\Intel\Intel(R) Management Engine Components\DAL;C:\Program Files\Intel\Intel(R) Management Engine Components\DAL;C:\Program Files (x86)\Intel\Intel(R) Management Engine Components\IPT;C:\Program Files\Intel\Intel(R) Management Engine Components\IPT;C:\Program Files\MATLAB\R2016a\runtime\win64;C:\Program Files\MATLAB\R2016a\bin;C:\Program Files\MATLAB\R2016a\polyspace\bin;C:\WINDOWS\system32;C:\WINDOWS;C:\WINDOWS\System32\Wbem;C:\WINDOWS\System32\WindowsPowerShell\v1.0\;C:\WINDOWS\System32\OpenSSH\;C:\Program Files (x86)\SMLNJ\bin\;C:\Android;C:\Program Files\Git\cmd;C:\Program Files (x86)\NVIDIA Corporation\PhysX\Common;C:\Users\Prince Verma\anaconda3;C:\Users\Prince Verma\anaconda3\Library\mingw-w64\bin;C:\Users\Prince Verma\anaconda3\Library\usr\bin;C:\Users\Prince Verma\anaconda3\Library\bin;C:\Users\Prince Verma\anaconda3\Scripts;C:\Users\Prince Verma\AppData\Local\Microsoft\WindowsApps;C:\Users\Prince Verma\AppData\Roaming\Python\Python38\Scripts;C:\Program Files (x86)\mingw-w64\i686-8.1.0-posix-dwarf-rt_v6-rev0\mingw32\bin;C:\iverilog\bin;C:\iverilog\gtkwave\bin;F:\.vscode\Microsoft VS Code\bin
USERNAME=Prince Verma
OS=Windows_NT
PROCESSOR_IDENTIFIER=Intel64 Family 6 Model 158 Stepping 9, GenuineIntel



---------------  S Y S T E M  ---------------

OS: Windows 10 , 64 bit Build 19041 (10.0.19041.2364)
OS uptime: 0 days 2:28 hours

CPU:total 8 (initial active 8) (4 cores per cpu, 2 threads per core) family 6 model 158 stepping 9 microcode 0xb4, cmov, cx8, fxsr, mmx, sse, sse2, sse3, ssse3, sse4.1, sse4.2, popcnt, avx, avx2, aes, clmul, erms, 3dnowpref, lzcnt, ht, tsc, tscinvbit, bmi1, bmi2, adx, fma

Memory: 4k page, system-wide physical 8067M (489M free)
TotalPageFile size 23170M (AvailPageFile size 5M)
current process WorkingSet (physical memory assigned to process): 506M, peak: 534M
current process commit charge ("private bytes"): 553M, peak: 569M

vm_info: OpenJDK 64-Bit Server VM (11.0.13+0-b1751.21-8125866) for windows-amd64 JRE (11.0.13+0-b1751.21-8125866), built on Feb  2 2022 03:00:22 by "builder" with MS VC++ 14.0 (VS2015)

END.
