#
# There is insufficient memory for the Java Runtime Environment to continue.
# Native memory allocation (malloc) failed to allocate 1051536 bytes for Chunk::new
# Possible reasons:
#   The system is out of physical RAM or swap space
#   The process is running with CompressedOops enabled, and the Java Heap may be blocking the growth of the native heap
# Possible solutions:
#   Reduce memory load on the system
#   Increase physical memory or swap space
#   Check if swap backing store is full
#   Decrease Java heap size (-Xmx/-Xms)
#   Decrease number of Java threads
#   Decrease Java thread stack sizes (-Xss)
#   Set larger code cache with -XX:ReservedCodeCacheSize=
#   JVM is running with Unscaled Compressed Oops mode in which the Java heap is
#     placed in the first 4GB address space. The Java Heap base address is the
#     maximum limit for the native heap growth. Please use -XX:HeapBaseMinAddress
#     to set the Java Heap base and to place the Java Heap above 4GB virtual address.
# This output file may be truncated or incomplete.
#
#  Out of Memory Error (./src/hotspot/share/memory/arena.cpp:197), pid=4620, tid=7704
#
# JRE version: OpenJDK Runtime Environment (11.0.13) (build 11.0.13+0-b1751.21-8125866)
# Java VM: OpenJDK 64-Bit Server VM (11.0.13+0-b1751.21-8125866, mixed mode, tiered, compressed oops, g1 gc, windows-amd64)
# No core dump will be written. Minidumps are not enabled by default on client versions of Windows
#

---------------  S U M M A R Y ------------

Command Line: --add-opens=java.base/java.util=ALL-UNNAMED --add-opens=java.base/java.lang=ALL-UNNAMED --add-opens=java.base/java.lang.invoke=ALL-UNNAMED --add-opens=java.base/java.util=ALL-UNNAMED --add-opens=java.prefs/java.util.prefs=ALL-UNNAMED --add-opens=java.prefs/java.util.prefs=ALL-UNNAMED --add-opens=java.base/java.nio.charset=ALL-UNNAMED --add-opens=java.base/java.net=ALL-UNNAMED --add-opens=java.base/java.util.concurrent.atomic=ALL-UNNAMED -Xmx2048m -Dfile.encoding=UTF-8 -Duser.country=IN -Duser.language=en -Duser.variant org.gradle.launcher.daemon.bootstrap.GradleDaemon 7.4

Host: Intel(R) Core(TM) i7-7700HQ CPU @ 2.80GHz, 8 cores, 7G,  Windows 10 , 64 bit Build 19041 (10.0.19041.2364)
Time: Mon Dec 19 13:24:45 2022 India Standard Time elapsed time: 9.264853 seconds (0d 0h 0m 9s)

---------------  T H R E A D  ---------------

Current thread (0x000002b97c033000):  JavaThread "C2 CompilerThread0" daemon [_thread_in_native, id=7704, stack(0x000000f517800000,0x000000f517900000)]


Current CompileTask:
C2:   9264 6411       4       java.lang.Class::getMethodsRecursive (99 bytes)

Stack: [0x000000f517800000,0x000000f517900000]
Native frames: (J=compiled Java code, j=interpreted, Vv=VM code, C=native code)
V  [jvm.dll+0x6100fa]
V  [jvm.dll+0x747090]
V  [jvm.dll+0x7486ad]
V  [jvm.dll+0x748d83]
V  [jvm.dll+0x24ab48]
V  [jvm.dll+0xc04dc]
V  [jvm.dll+0xc0a0c]
V  [jvm.dll+0x35eb9d]
V  [jvm.dll+0x19d9bc]
V  [jvm.dll+0x2033be]
V  [jvm.dll+0x202437]
V  [jvm.dll+0x188e01]
V  [jvm.dll+0x21106b]
V  [jvm.dll+0x20f8c1]
V  [jvm.dll+0x70de0f]
V  [jvm.dll+0x706a75]
V  [jvm.dll+0x60ed66]
C  [ucrtbase.dll+0x21bb2]
C  [KERNEL32.DLL+0x17614]
C  [ntdll.dll+0x526a1]


---------------  P R O C E S S  ---------------

Threads class SMR info:
_java_thread_list=0x000002b97ed79bc0, length=123, elements={
0x000002b95f251000, 0x000002b97b6a1800, 0x000002b97b6a4800, 0x000002b97c022800,
0x000002b97c023800, 0x000002b97c027800, 0x000002b97c033000, 0x000002b97b6c1000,
0x000002b97b6cc000, 0x000002b97c17f800, 0x000002b97e24d000, 0x000002b97c278800,
0x000002b97e391800, 0x000002b97daba800, 0x000002b97d101800, 0x000002b97ec7b800,
0x000002b97e2ca000, 0x000002b97db71800, 0x000002b97e4a8800, 0x000002b97d325800,
0x000002b97e2c2000, 0x000002b97e2c4000, 0x000002b97e2c0800, 0x000002b97e2be000,
0x000002b97e2c3000, 0x000002b97e2bf800, 0x000002b97e2c1800, 0x000002b97e2bf000,
0x000002b97e2c4800, 0x000002b97f310800, 0x000002b97f312000, 0x000002b97f311000,
0x000002b901d96800, 0x000002b97f314800, 0x000002b97f30e800, 0x000002b97f313800,
0x000002b97f30f800, 0x000002b97f317000, 0x000002b97f318800, 0x000002b97f315000,
0x000002b97f317800, 0x000002b97f31c000, 0x000002b97f319800, 0x000002b97f31b000,
0x000002b97f31a000, 0x000002b97f316000, 0x000002b97f31c800, 0x000002b97f31d800,
0x000002b97c09e000, 0x000002b97c0a2000, 0x000002b97c09e800, 0x000002b97c0a1000,
0x000002b97c09c800, 0x000002b97c09d000, 0x000002b97c09f800, 0x000002b97c0a0800,
0x000002b97c0a3000, 0x000002b97fbe5800, 0x000002b97fbeb000, 0x000002b97fbea800,
0x000002b97fbec000, 0x000002b97fbe6800, 0x000002b97fbe9800, 0x000002b97fbe7000,
0x000002b97fbe8000, 0x000002b97fbe9000, 0x000002b97d618800, 0x000002b97d61d800,
0x000002b97d618000, 0x000002b97d619800, 0x000002b97d61a800, 0x000002b97d61b000,
0x000002b97d61c000, 0x000002b97d61d000, 0x000002b97d61e800, 0x000002b97f9fd000,
0x000002b97f9fa800, 0x000002b97f9fb000, 0x000002b97f9f9800, 0x000002b97f9fc000,
0x000002b97f9f7000, 0x000002b97f9fd800, 0x000002b97f9f8000, 0x000002b97f9f8800,
0x000002b97c760000, 0x000002b97c766800, 0x000002b97c761000, 0x000002b97c766000,
0x000002b97c763800, 0x000002b97c764000, 0x000002b97c765000, 0x000002b97c767800,
0x000002b97c761800, 0x000002b97c768000, 0x000002b97c762800, 0x000002b97c76a800,
0x000002b97c76d000, 0x000002b97c76e000, 0x000002b97c76a000, 0x000002b97c76f000,
0x000002b97c76b800, 0x000002b97c769000, 0x000002b97c76c800, 0x000002b9016f3800,
0x000002b9016f2800, 0x000002b9016ef000, 0x000002b9016f1800, 0x000002b9016f0000,
0x000002b9016f4000, 0x000002b9016f5000, 0x000002b9016f1000, 0x000002b9016f9000,
0x000002b9016f6800, 0x000002b9016f8000, 0x000002b9016f7800, 0x000002b9016f5800,
0x000002b9016fa000, 0x000002b9016fa800, 0x000002b9016fb800, 0x000002b9016fe000,
0x000002b9016fc000, 0x000002b9016fd000, 0x000002b903d90000
}

Java Threads: ( => current thread )
  0x000002b95f251000 JavaThread "main" [_thread_blocked, id=8960, stack(0x000000f516c00000,0x000000f516d00000)]
  0x000002b97b6a1800 JavaThread "Reference Handler" daemon [_thread_blocked, id=7504, stack(0x000000f517300000,0x000000f517400000)]
  0x000002b97b6a4800 JavaThread "Finalizer" daemon [_thread_blocked, id=13492, stack(0x000000f517400000,0x000000f517500000)]
  0x000002b97c022800 JavaThread "Signal Dispatcher" daemon [_thread_blocked, id=17384, stack(0x000000f517500000,0x000000f517600000)]
  0x000002b97c023800 JavaThread "Attach Listener" daemon [_thread_blocked, id=16884, stack(0x000000f517600000,0x000000f517700000)]
  0x000002b97c027800 JavaThread "Service Thread" daemon [_thread_blocked, id=10832, stack(0x000000f517700000,0x000000f517800000)]
=>0x000002b97c033000 JavaThread "C2 CompilerThread0" daemon [_thread_in_native, id=7704, stack(0x000000f517800000,0x000000f517900000)]
  0x000002b97b6c1000 JavaThread "C1 CompilerThread0" daemon [_thread_blocked, id=18340, stack(0x000000f517900000,0x000000f517a00000)]
  0x000002b97b6cc000 JavaThread "Sweeper thread" daemon [_thread_blocked, id=10556, stack(0x000000f517a00000,0x000000f517b00000)]
  0x000002b97c17f800 JavaThread "Common-Cleaner" daemon [_thread_blocked, id=300, stack(0x000000f517b00000,0x000000f517c00000)]
  0x000002b97e24d000 JavaThread "Daemon health stats" [_thread_blocked, id=9956, stack(0x000000f518000000,0x000000f518100000)]
  0x000002b97c278800 JavaThread "Incoming local TCP Connector on port 52086" [_thread_in_native, id=3104, stack(0x000000f517d00000,0x000000f517e00000)]
  0x000002b97e391800 JavaThread "Daemon periodic checks" [_thread_blocked, id=17308, stack(0x000000f518100000,0x000000f518200000)]
  0x000002b97daba800 JavaThread "Daemon" [_thread_blocked, id=15344, stack(0x000000f518200000,0x000000f518300000)]
  0x000002b97d101800 JavaThread "Handler for socket connection from /127.0.0.1:52086 to /127.0.0.1:52087" [_thread_in_native, id=964, stack(0x000000f518300000,0x000000f518400000)]
  0x000002b97ec7b800 JavaThread "Cancel handler" [_thread_blocked, id=15932, stack(0x000000f518400000,0x000000f518500000)]
  0x000002b97e2ca000 JavaThread "Daemon worker" [_thread_blocked, id=5760, stack(0x000000f518500000,0x000000f518600000)]
  0x000002b97db71800 JavaThread "Asynchronous log dispatcher for DefaultDaemonConnection: socket connection from /127.0.0.1:52086 to /127.0.0.1:52087" [_thread_blocked, id=14448, stack(0x000000f518600000,0x000000f518700000)]
  0x000002b97e4a8800 JavaThread "Stdin handler" [_thread_blocked, id=3576, stack(0x000000f518700000,0x000000f518800000)]
  0x000002b97d325800 JavaThread "Daemon client event forwarder" [_thread_blocked, id=16008, stack(0x000000f518800000,0x000000f518900000)]
  0x000002b97e2c2000 JavaThread "Cache worker for journal cache (C:\Users\Prince Verma\.gradle\caches\journal-1)" [_thread_blocked, id=2700, stack(0x000000f518f00000,0x000000f519000000)]
  0x000002b97e2c4000 JavaThread "File lock request listener" [_thread_in_native, id=3632, stack(0x000000f519000000,0x000000f519100000)]
  0x000002b97e2c0800 JavaThread "Cache worker for file hash cache (C:\Users\Prince Verma\.gradle\caches\7.4\fileHashes)" [_thread_blocked, id=688, stack(0x000000f519100000,0x000000f519200000)]
  0x000002b97e2be000 JavaThread "File watcher server" daemon [_thread_in_native, id=3460, stack(0x000000f519300000,0x000000f519400000)]
  0x000002b97e2c3000 JavaThread "File watcher consumer" daemon [_thread_blocked, id=7412, stack(0x000000f519400000,0x000000f519500000)]
  0x000002b97e2bf800 JavaThread "Cache worker for checksums cache (C:\Users\Prince Verma\AndroidStudioProjects\Jewel\.gradle\7.4\checksums)" [_thread_blocked, id=6892, stack(0x000000f519500000,0x000000f519600000)]
  0x000002b97e2c1800 JavaThread "Cache worker for cache directory md-rule (C:\Users\Prince Verma\.gradle\caches\7.4\md-rule)" [_thread_blocked, id=2160, stack(0x000000f519600000,0x000000f519700000)]
  0x000002b97e2bf000 JavaThread "Cache worker for file hash cache (C:\Users\Prince Verma\AndroidStudioProjects\Jewel\.gradle\7.4\fileHashes)" [_thread_blocked, id=8240, stack(0x000000f519700000,0x000000f519800000)]
  0x000002b97e2c4800 JavaThread "Cache worker for cache directory md-supplier (C:\Users\Prince Verma\.gradle\caches\7.4\md-supplier)" [_thread_blocked, id=17432, stack(0x000000f519800000,0x000000f519900000)]
  0x000002b97f310800 JavaThread "Cache worker for execution history cache (C:\Users\Prince Verma\.gradle\caches\7.4\executionHistory)" [_thread_blocked, id=17072, stack(0x000000f519900000,0x000000f519a00000)]
  0x000002b97f312000 JavaThread "jar transforms" [_thread_blocked, id=11544, stack(0x000000f519a00000,0x000000f519b00000)]
  0x000002b97f311000 JavaThread "Cache worker for file content cache (C:\Users\Prince Verma\.gradle\caches\7.4\fileContent)" [_thread_blocked, id=12348, stack(0x000000f519b00000,0x000000f519c00000)]
  0x000002b901d96800 JavaThread "C2 CompilerThread1" daemon [_thread_blocked, id=10100, stack(0x000000f518900000,0x000000f518a00000)]
  0x000002b97f314800 JavaThread "jar transforms Thread 2" [_thread_blocked, id=11744, stack(0x000000f519c00000,0x000000f519d00000)]
  0x000002b97f30e800 JavaThread "Cache worker for dependencies-accessors (C:\Users\Prince Verma\AndroidStudioProjects\Jewel\.gradle\7.4\dependencies-accessors)" [_thread_blocked, id=13488, stack(0x000000f519d00000,0x000000f519e00000)]
  0x000002b97f313800 JavaThread "jar transforms Thread 3" [_thread_blocked, id=9288, stack(0x000000f519e00000,0x000000f519f00000)]
  0x000002b97f30f800 JavaThread "Cache worker for Build Output Cleanup Cache (C:\Users\Prince Verma\AndroidStudioProjects\Jewel\.gradle\buildOutputCleanup)" [_thread_blocked, id=8756, stack(0x000000f519f00000,0x000000f51a000000)]
  0x000002b97f317000 JavaThread "Unconstrained build operations" [_thread_blocked, id=17324, stack(0x000000f51a000000,0x000000f51a100000)]
  0x000002b97f318800 JavaThread "Unconstrained build operations Thread 2" [_thread_blocked, id=16860, stack(0x000000f51a100000,0x000000f51a200000)]
  0x000002b97f315000 JavaThread "Unconstrained build operations Thread 3" [_thread_blocked, id=16856, stack(0x000000f51a200000,0x000000f51a300000)]
  0x000002b97f317800 JavaThread "Unconstrained build operations Thread 4" [_thread_blocked, id=16248, stack(0x000000f51a300000,0x000000f51a400000)]
  0x000002b97f31c000 JavaThread "Unconstrained build operations Thread 5" [_thread_blocked, id=12832, stack(0x000000f51a400000,0x000000f51a500000)]
  0x000002b97f319800 JavaThread "Unconstrained build operations Thread 6" [_thread_blocked, id=14052, stack(0x000000f51a500000,0x000000f51a600000)]
  0x000002b97f31b000 JavaThread "Unconstrained build operations Thread 7" [_thread_blocked, id=4280, stack(0x000000f51a600000,0x000000f51a700000)]
  0x000002b97f31a000 JavaThread "Unconstrained build operations Thread 8" [_thread_blocked, id=2604, stack(0x000000f51a700000,0x000000f51a800000)]
  0x000002b97f316000 JavaThread "Unconstrained build operations Thread 9" [_thread_blocked, id=7932, stack(0x000000f51a800000,0x000000f51a900000)]
  0x000002b97f31c800 JavaThread "Unconstrained build operations Thread 10" [_thread_blocked, id=17960, stack(0x000000f51a900000,0x000000f51aa00000)]
  0x000002b97f31d800 JavaThread "Unconstrained build operations Thread 11" [_thread_blocked, id=17880, stack(0x000000f51aa00000,0x000000f51ab00000)]
  0x000002b97c09e000 JavaThread "Unconstrained build operations Thread 12" [_thread_blocked, id=12440, stack(0x000000f51ab00000,0x000000f51ac00000)]
  0x000002b97c0a2000 JavaThread "Unconstrained build operations Thread 13" [_thread_blocked, id=16632, stack(0x000000f51ac00000,0x000000f51ad00000)]
  0x000002b97c09e800 JavaThread "Unconstrained build operations Thread 14" [_thread_blocked, id=14228, stack(0x000000f51ad00000,0x000000f51ae00000)]
  0x000002b97c0a1000 JavaThread "Unconstrained build operations Thread 15" [_thread_blocked, id=17112, stack(0x000000f51ae00000,0x000000f51af00000)]
  0x000002b97c09c800 JavaThread "Unconstrained build operations Thread 16" [_thread_blocked, id=16436, stack(0x000000f51af00000,0x000000f51b000000)]
  0x000002b97c09d000 JavaThread "Unconstrained build operations Thread 17" [_thread_blocked, id=6316, stack(0x000000f51b000000,0x000000f51b100000)]
  0x000002b97c09f800 JavaThread "Unconstrained build operations Thread 18" [_thread_blocked, id=6948, stack(0x000000f51b100000,0x000000f51b200000)]
  0x000002b97c0a0800 JavaThread "Unconstrained build operations Thread 19" [_thread_blocked, id=12840, stack(0x000000f51b200000,0x000000f51b300000)]
  0x000002b97c0a3000 JavaThread "Unconstrained build operations Thread 20" [_thread_blocked, id=7752, stack(0x000000f51b300000,0x000000f51b400000)]
  0x000002b97fbe5800 JavaThread "Unconstrained build operations Thread 21" [_thread_blocked, id=2888, stack(0x000000f51b400000,0x000000f51b500000)]
  0x000002b97fbeb000 JavaThread "Unconstrained build operations Thread 22" [_thread_blocked, id=18144, stack(0x000000f51b500000,0x000000f51b600000)]
  0x000002b97fbea800 JavaThread "Unconstrained build operations Thread 23" [_thread_blocked, id=18184, stack(0x000000f51b600000,0x000000f51b700000)]
  0x000002b97fbec000 JavaThread "Unconstrained build operations Thread 24" [_thread_blocked, id=4616, stack(0x000000f51b700000,0x000000f51b800000)]
  0x000002b97fbe6800 JavaThread "Unconstrained build operations Thread 25" [_thread_blocked, id=16068, stack(0x000000f51b800000,0x000000f51b900000)]
  0x000002b97fbe9800 JavaThread "Unconstrained build operations Thread 26" [_thread_blocked, id=6496, stack(0x000000f51b900000,0x000000f51ba00000)]
  0x000002b97fbe7000 JavaThread "Unconstrained build operations Thread 27" [_thread_blocked, id=8724, stack(0x000000f51ba00000,0x000000f51bb00000)]
  0x000002b97fbe8000 JavaThread "Unconstrained build operations Thread 28" [_thread_blocked, id=16928, stack(0x000000f51bb00000,0x000000f51bc00000)]
  0x000002b97fbe9000 JavaThread "Unconstrained build operations Thread 29" [_thread_blocked, id=9272, stack(0x000000f51bc00000,0x000000f51bd00000)]
  0x000002b97d618800 JavaThread "Unconstrained build operations Thread 30" [_thread_blocked, id=10124, stack(0x000000f51bd00000,0x000000f51be00000)]
  0x000002b97d61d800 JavaThread "Unconstrained build operations Thread 31" [_thread_blocked, id=13116, stack(0x000000f51be00000,0x000000f51bf00000)]
  0x000002b97d618000 JavaThread "Unconstrained build operations Thread 32" [_thread_blocked, id=10544, stack(0x000000f51bf00000,0x000000f51c000000)]
  0x000002b97d619800 JavaThread "Unconstrained build operations Thread 33" [_thread_blocked, id=15348, stack(0x000000f51c000000,0x000000f51c100000)]
  0x000002b97d61a800 JavaThread "Unconstrained build operations Thread 34" [_thread_blocked, id=7804, stack(0x000000f51c100000,0x000000f51c200000)]
  0x000002b97d61b000 JavaThread "Unconstrained build operations Thread 35" [_thread_blocked, id=3248, stack(0x000000f51c200000,0x000000f51c300000)]
  0x000002b97d61c000 JavaThread "Unconstrained build operations Thread 36" [_thread_blocked, id=10840, stack(0x000000f51c300000,0x000000f51c400000)]
  0x000002b97d61d000 JavaThread "Unconstrained build operations Thread 37" [_thread_blocked, id=15492, stack(0x000000f51c400000,0x000000f51c500000)]
  0x000002b97d61e800 JavaThread "Unconstrained build operations Thread 38" [_thread_blocked, id=16588, stack(0x000000f51c500000,0x000000f51c600000)]
  0x000002b97f9fd000 JavaThread "Unconstrained build operations Thread 39" [_thread_blocked, id=5076, stack(0x000000f51c600000,0x000000f51c700000)]
  0x000002b97f9fa800 JavaThread "Unconstrained build operations Thread 40" [_thread_blocked, id=13496, stack(0x000000f51c700000,0x000000f51c800000)]
  0x000002b97f9fb000 JavaThread "Unconstrained build operations Thread 41" [_thread_blocked, id=17436, stack(0x000000f51c800000,0x000000f51c900000)]
  0x000002b97f9f9800 JavaThread "Unconstrained build operations Thread 42" [_thread_blocked, id=16156, stack(0x000000f51c900000,0x000000f51ca00000)]
  0x000002b97f9fc000 JavaThread "Unconstrained build operations Thread 43" [_thread_blocked, id=10372, stack(0x000000f51ca00000,0x000000f51cb00000)]
  0x000002b97f9f7000 JavaThread "Unconstrained build operations Thread 44" [_thread_blocked, id=16136, stack(0x000000f51cb00000,0x000000f51cc00000)]
  0x000002b97f9fd800 JavaThread "Unconstrained build operations Thread 45" [_thread_blocked, id=17292, stack(0x000000f51cc00000,0x000000f51cd00000)]
  0x000002b97f9f8000 JavaThread "Unconstrained build operations Thread 46" [_thread_blocked, id=16212, stack(0x000000f51cd00000,0x000000f51ce00000)]
  0x000002b97f9f8800 JavaThread "Unconstrained build operations Thread 47" [_thread_blocked, id=17348, stack(0x000000f51ce00000,0x000000f51cf00000)]
  0x000002b97c760000 JavaThread "Unconstrained build operations Thread 48" [_thread_blocked, id=12560, stack(0x000000f51cf00000,0x000000f51d000000)]
  0x000002b97c766800 JavaThread "Unconstrained build operations Thread 49" [_thread_blocked, id=14136, stack(0x000000f51d000000,0x000000f51d100000)]
  0x000002b97c761000 JavaThread "Unconstrained build operations Thread 50" [_thread_blocked, id=7776, stack(0x000000f51d100000,0x000000f51d200000)]
  0x000002b97c766000 JavaThread "Unconstrained build operations Thread 51" [_thread_blocked, id=12900, stack(0x000000f51d200000,0x000000f51d300000)]
  0x000002b97c763800 JavaThread "Unconstrained build operations Thread 52" [_thread_blocked, id=15112, stack(0x000000f51d300000,0x000000f51d400000)]
  0x000002b97c764000 JavaThread "Unconstrained build operations Thread 53" [_thread_blocked, id=17080, stack(0x000000f51d400000,0x000000f51d500000)]
  0x000002b97c765000 JavaThread "Unconstrained build operations Thread 54" [_thread_blocked, id=13700, stack(0x000000f51d500000,0x000000f51d600000)]
  0x000002b97c767800 JavaThread "Unconstrained build operations Thread 55" [_thread_blocked, id=14316, stack(0x000000f51d600000,0x000000f51d700000)]
  0x000002b97c761800 JavaThread "Unconstrained build operations Thread 56" [_thread_blocked, id=8144, stack(0x000000f51d700000,0x000000f51d800000)]
  0x000002b97c768000 JavaThread "Unconstrained build operations Thread 57" [_thread_blocked, id=13100, stack(0x000000f51d800000,0x000000f51d900000)]
  0x000002b97c762800 JavaThread "Unconstrained build operations Thread 58" [_thread_blocked, id=14324, stack(0x000000f51d900000,0x000000f51da00000)]
  0x000002b97c76a800 JavaThread "Unconstrained build operations Thread 59" [_thread_blocked, id=11080, stack(0x000000f51da00000,0x000000f51db00000)]
  0x000002b97c76d000 JavaThread "Unconstrained build operations Thread 60" [_thread_blocked, id=4576, stack(0x000000f51db00000,0x000000f51dc00000)]
  0x000002b97c76e000 JavaThread "Unconstrained build operations Thread 61" [_thread_blocked, id=6384, stack(0x000000f51dc00000,0x000000f51dd00000)]
  0x000002b97c76a000 JavaThread "Unconstrained build operations Thread 62" [_thread_blocked, id=15140, stack(0x000000f51dd00000,0x000000f51de00000)]
  0x000002b97c76f000 JavaThread "Unconstrained build operations Thread 63" [_thread_blocked, id=7820, stack(0x000000f51de00000,0x000000f51df00000)]
  0x000002b97c76b800 JavaThread "Unconstrained build operations Thread 64" [_thread_blocked, id=13096, stack(0x000000f51df00000,0x000000f51e000000)]
  0x000002b97c769000 JavaThread "Unconstrained build operations Thread 65" [_thread_blocked, id=4752, stack(0x000000f51e000000,0x000000f51e100000)]
  0x000002b97c76c800 JavaThread "Unconstrained build operations Thread 66" [_thread_blocked, id=16752, stack(0x000000f51e100000,0x000000f51e200000)]
  0x000002b9016f3800 JavaThread "Unconstrained build operations Thread 67" [_thread_blocked, id=16572, stack(0x000000f51e200000,0x000000f51e300000)]
  0x000002b9016f2800 JavaThread "Unconstrained build operations Thread 68" [_thread_blocked, id=15796, stack(0x000000f51e300000,0x000000f51e400000)]
  0x000002b9016ef000 JavaThread "Unconstrained build operations Thread 69" [_thread_blocked, id=980, stack(0x000000f51e400000,0x000000f51e500000)]
  0x000002b9016f1800 JavaThread "Unconstrained build operations Thread 70" [_thread_blocked, id=18256, stack(0x000000f51e500000,0x000000f51e600000)]
  0x000002b9016f0000 JavaThread "Unconstrained build operations Thread 71" [_thread_blocked, id=12764, stack(0x000000f51e600000,0x000000f51e700000)]
  0x000002b9016f4000 JavaThread "Unconstrained build operations Thread 72" [_thread_blocked, id=7344, stack(0x000000f51e700000,0x000000f51e800000)]
  0x000002b9016f5000 JavaThread "Unconstrained build operations Thread 73" [_thread_blocked, id=13936, stack(0x000000f51e800000,0x000000f51e900000)]
  0x000002b9016f1000 JavaThread "Unconstrained build operations Thread 74" [_thread_blocked, id=9512, stack(0x000000f51e900000,0x000000f51ea00000)]
  0x000002b9016f9000 JavaThread "Unconstrained build operations Thread 75" [_thread_blocked, id=17164, stack(0x000000f51ea00000,0x000000f51eb00000)]
  0x000002b9016f6800 JavaThread "Unconstrained build operations Thread 76" [_thread_blocked, id=2320, stack(0x000000f51eb00000,0x000000f51ec00000)]
  0x000002b9016f8000 JavaThread "Unconstrained build operations Thread 77" [_thread_blocked, id=3932, stack(0x000000f51ec00000,0x000000f51ed00000)]
  0x000002b9016f7800 JavaThread "Unconstrained build operations Thread 78" [_thread_blocked, id=10592, stack(0x000000f51ed00000,0x000000f51ee00000)]
  0x000002b9016f5800 JavaThread "Unconstrained build operations Thread 79" [_thread_blocked, id=2024, stack(0x000000f51ee00000,0x000000f51ef00000)]
  0x000002b9016fa000 JavaThread "Unconstrained build operations Thread 80" [_thread_blocked, id=13200, stack(0x000000f51ef00000,0x000000f51f000000)]
  0x000002b9016fa800 JavaThread "jar transforms Thread 4" [_thread_blocked, id=16380, stack(0x000000f51f000000,0x000000f51f100000)]
  0x000002b9016fb800 JavaThread "jar transforms Thread 5" [_thread_blocked, id=17548, stack(0x000000f51f100000,0x000000f51f200000)]
  0x000002b9016fe000 JavaThread "jar transforms Thread 6" [_thread_blocked, id=6168, stack(0x000000f51f200000,0x000000f51f300000)]
  0x000002b9016fc000 JavaThread "jar transforms Thread 7" [_thread_blocked, id=15128, stack(0x000000f51f300000,0x000000f51f400000)]
  0x000002b9016fd000 JavaThread "jar transforms Thread 8" [_thread_blocked, id=2224, stack(0x000000f51f400000,0x000000f51f500000)]
  0x000002b903d90000 JavaThread "Memory manager" [_thread_blocked, id=2588, stack(0x000000f51f500000,0x000000f51f600000)]

Other Threads:
  0x000002b97b69f800 VMThread "VM Thread" [stack: 0x000000f517200000,0x000000f517300000] [id=5568]
  0x000002b97c187000 WatcherThread [stack: 0x000000f517c00000,0x000000f517d00000] [id=14956]
  0x000002b95f269000 GCTaskThread "GC Thread#0" [stack: 0x000000f516d00000,0x000000f516e00000] [id=12028]
  0x000002b97c8b6800 GCTaskThread "GC Thread#1" [stack: 0x000000f517e00000,0x000000f517f00000] [id=17948]
  0x000002b97d4bf800 GCTaskThread "GC Thread#2" [stack: 0x000000f517f00000,0x000000f518000000] [id=12792]
  0x000002b97e169000 GCTaskThread "GC Thread#3" [stack: 0x000000f518a00000,0x000000f518b00000] [id=15576]
  0x000002b97e3a5000 GCTaskThread "GC Thread#4" [stack: 0x000000f518b00000,0x000000f518c00000] [id=7240]
  0x000002b97e22d800 GCTaskThread "GC Thread#5" [stack: 0x000000f518c00000,0x000000f518d00000] [id=17256]
  0x000002b97e9f6800 GCTaskThread "GC Thread#6" [stack: 0x000000f518d00000,0x000000f518e00000] [id=3316]
  0x000002b97ceca800 GCTaskThread "GC Thread#7" [stack: 0x000000f518e00000,0x000000f518f00000] [id=3100]
  0x000002b95f29b000 ConcurrentGCThread "G1 Main Marker" [stack: 0x000000f516e00000,0x000000f516f00000] [id=12216]
  0x000002b95f29d000 ConcurrentGCThread "G1 Conc#0" [stack: 0x000000f516f00000,0x000000f517000000] [id=444]
  0x000002b97dfff000 ConcurrentGCThread "G1 Conc#1" [stack: 0x000000f519200000,0x000000f519300000] [id=17248]
  0x000002b97b4f0800 ConcurrentGCThread "G1 Refine#0" [stack: 0x000000f517000000,0x000000f517100000] [id=16972]
  0x000002b97b4f1800 ConcurrentGCThread "G1 Young RemSet Sampling" [stack: 0x000000f517100000,0x000000f517200000] [id=10296]

Threads with active compile tasks:
C2 CompilerThread0   9290 6411       4       java.lang.Class::getMethodsRecursive (99 bytes)
C2 CompilerThread1   9290 6495       4       java.net.URLClassLoader::getAndVerifyPackage (109 bytes)

VM state:at safepoint (normal execution)

VM Mutex/Monitor currently owned by a thread:  ([mutex/lock_event])
[0x000002b95f24d580] Threads_lock - owner thread: 0x000002b97b69f800
[0x000002b95f24db20] Heap_lock - owner thread: 0x000002b97e2ca000

Heap address: 0x0000000080000000, size: 2048 MB, Compressed Oops mode: 32-bit
Narrow klass base: 0x0000000000000000, Narrow klass shift: 3
Compressed class space size: 1073741824 Address: 0x0000000100000000

Heap:
 garbage-first heap   total 157696K, used 118851K [0x0000000080000000, 0x0000000100000000)
  region size 1024K, 70 young (71680K), 4 survivors (4096K)
 Metaspace       used 67507K, capacity 69109K, committed 69468K, reserved 1110016K
  class space    used 8466K, capacity 9034K, committed 9164K, reserved 1048576K
Heap Regions: E=young(eden), S=young(survivor), O=old, HS=humongous(starts), HC=humongous(continues), CS=collection set, F=free, A=archive, TAMS=top-at-mark-start (previous, next)
|   0|0x0000000080000000, 0x0000000080100000, 0x0000000080100000|100%| O|  |TAMS 0x0000000080100000, 0x0000000080000000| Untracked 
|   1|0x0000000080100000, 0x0000000080200000, 0x0000000080200000|100%| O|  |TAMS 0x0000000080200000, 0x0000000080100000| Untracked 
|   2|0x0000000080200000, 0x0000000080300000, 0x0000000080300000|100%| O|  |TAMS 0x0000000080300000, 0x0000000080200000| Untracked 
|   3|0x0000000080300000, 0x0000000080400000, 0x0000000080400000|100%|HS|  |TAMS 0x0000000080400000, 0x0000000080300000| Complete 
|   4|0x0000000080400000, 0x0000000080500000, 0x0000000080500000|100%|HC|  |TAMS 0x0000000080500000, 0x0000000080400000| Complete 
|   5|0x0000000080500000, 0x0000000080600000, 0x0000000080600000|100%|HC|  |TAMS 0x0000000080600000, 0x0000000080500000| Complete 
|   6|0x0000000080600000, 0x0000000080700000, 0x0000000080700000|100%| O|  |TAMS 0x0000000080700000, 0x0000000080600000| Untracked 
|   7|0x0000000080700000, 0x0000000080800000, 0x0000000080800000|100%| O|  |TAMS 0x0000000080800000, 0x0000000080700000| Untracked 
|   8|0x0000000080800000, 0x0000000080900000, 0x0000000080900000|100%| O|  |TAMS 0x0000000080900000, 0x0000000080800000| Untracked 
|   9|0x0000000080900000, 0x0000000080a00000, 0x0000000080a00000|100%| O|  |TAMS 0x0000000080a00000, 0x0000000080900000| Untracked 
|  10|0x0000000080a00000, 0x0000000080b00000, 0x0000000080b00000|100%| O|  |TAMS 0x0000000080b00000, 0x0000000080a00000| Untracked 
|  11|0x0000000080b00000, 0x0000000080c00000, 0x0000000080c00000|100%| O|  |TAMS 0x0000000080c00000, 0x0000000080b00000| Untracked 
|  12|0x0000000080c00000, 0x0000000080d00000, 0x0000000080d00000|100%| O|  |TAMS 0x0000000080d00000, 0x0000000080c00000| Untracked 
|  13|0x0000000080d00000, 0x0000000080e00000, 0x0000000080e00000|100%| O|  |TAMS 0x0000000080e00000, 0x0000000080d00000| Untracked 
|  14|0x0000000080e00000, 0x0000000080f00000, 0x0000000080f00000|100%| O|  |TAMS 0x0000000080f00000, 0x0000000080e00000| Untracked 
|  15|0x0000000080f00000, 0x0000000081000000, 0x0000000081000000|100%| O|  |TAMS 0x0000000081000000, 0x0000000080f00000| Untracked 
|  16|0x0000000081000000, 0x0000000081100000, 0x0000000081100000|100%| O|  |TAMS 0x0000000081100000, 0x0000000081000000| Untracked 
|  17|0x0000000081100000, 0x0000000081200000, 0x0000000081200000|100%| O|  |TAMS 0x0000000081200000, 0x0000000081100000| Untracked 
|  18|0x0000000081200000, 0x0000000081300000, 0x0000000081300000|100%| O|  |TAMS 0x0000000081300000, 0x0000000081200000| Untracked 
|  19|0x0000000081300000, 0x0000000081400000, 0x0000000081400000|100%|HS|  |TAMS 0x0000000081400000, 0x0000000081300000| Complete 
|  20|0x0000000081400000, 0x0000000081500000, 0x0000000081500000|100%| O|  |TAMS 0x0000000081500000, 0x0000000081400000| Untracked 
|  21|0x0000000081500000, 0x0000000081600000, 0x0000000081600000|100%| O|  |TAMS 0x0000000081600000, 0x0000000081500000| Untracked 
|  22|0x0000000081600000, 0x0000000081700000, 0x0000000081700000|100%| O|  |TAMS 0x0000000081700000, 0x0000000081600000| Untracked 
|  23|0x0000000081700000, 0x0000000081800000, 0x0000000081800000|100%| O|  |TAMS 0x0000000081800000, 0x0000000081700000| Untracked 
|  24|0x0000000081800000, 0x0000000081900000, 0x0000000081900000|100%| O|  |TAMS 0x0000000081900000, 0x0000000081800000| Untracked 
|  25|0x0000000081900000, 0x0000000081a00000, 0x0000000081a00000|100%| O|  |TAMS 0x0000000081a00000, 0x0000000081900000| Untracked 
|  26|0x0000000081a00000, 0x0000000081b00000, 0x0000000081b00000|100%| O|  |TAMS 0x0000000081b00000, 0x0000000081a00000| Untracked 
|  27|0x0000000081b00000, 0x0000000081c00000, 0x0000000081c00000|100%| O|  |TAMS 0x0000000081c00000, 0x0000000081b00000| Untracked 
|  28|0x0000000081c00000, 0x0000000081d00000, 0x0000000081d00000|100%|HS|  |TAMS 0x0000000081d00000, 0x0000000081c00000| Complete 
|  29|0x0000000081d00000, 0x0000000081e00000, 0x0000000081e00000|100%|HS|  |TAMS 0x0000000081e00000, 0x0000000081d00000| Complete 
|  30|0x0000000081e00000, 0x0000000081f00000, 0x0000000081f00000|100%|HC|  |TAMS 0x0000000081f00000, 0x0000000081e00000| Complete 
|  31|0x0000000081f00000, 0x0000000082000000, 0x0000000082000000|100%| O|  |TAMS 0x0000000082000000, 0x0000000081f00000| Untracked 
|  32|0x0000000082000000, 0x0000000082100000, 0x0000000082100000|100%| O|  |TAMS 0x0000000082100000, 0x0000000082000000| Untracked 
|  33|0x0000000082100000, 0x0000000082200000, 0x0000000082200000|100%| O|  |TAMS 0x0000000082200000, 0x0000000082100000| Untracked 
|  34|0x0000000082200000, 0x0000000082300000, 0x0000000082300000|100%| O|  |TAMS 0x0000000082300000, 0x0000000082200000| Untracked 
|  35|0x0000000082300000, 0x0000000082400000, 0x0000000082400000|100%| O|  |TAMS 0x0000000082400000, 0x0000000082300000| Untracked 
|  36|0x0000000082400000, 0x0000000082500000, 0x0000000082500000|100%| O|  |TAMS 0x0000000082500000, 0x0000000082400000| Untracked 
|  37|0x0000000082500000, 0x0000000082600000, 0x0000000082600000|100%| O|  |TAMS 0x0000000082600000, 0x0000000082500000| Untracked 
|  38|0x0000000082600000, 0x0000000082700000, 0x0000000082700000|100%| O|  |TAMS 0x0000000082700000, 0x0000000082600000| Untracked 
|  39|0x0000000082700000, 0x0000000082800000, 0x0000000082800000|100%|HS|  |TAMS 0x0000000082700000, 0x0000000082700000| Complete 
|  40|0x0000000082800000, 0x0000000082900000, 0x0000000082900000|100%| O|  |TAMS 0x0000000082800000, 0x0000000082800000| Untracked 
|  41|0x0000000082900000, 0x0000000082a00000, 0x0000000082a00000|100%| O|  |TAMS 0x0000000082900000, 0x0000000082900000| Untracked 
|  42|0x0000000082a00000, 0x0000000082b00000, 0x0000000082b00000|100%| O|  |TAMS 0x0000000082a00000, 0x0000000082a00000| Untracked 
|  43|0x0000000082b00000, 0x0000000082c00000, 0x0000000082c00000|100%| O|  |TAMS 0x0000000082b00000, 0x0000000082b00000| Untracked 
|  44|0x0000000082c00000, 0x0000000082d00000, 0x0000000082d00000|100%| O|  |TAMS 0x0000000082c00000, 0x0000000082c00000| Untracked 
|  45|0x0000000082d00000, 0x0000000082e00000, 0x0000000082e00000|100%| O|  |TAMS 0x0000000082d00000, 0x0000000082d00000| Untracked 
|  46|0x0000000082e00000, 0x0000000082f00000, 0x0000000082f00000|100%| O|  |TAMS 0x0000000082e10e00, 0x0000000082e00000| Untracked 
|  47|0x0000000082f00000, 0x0000000083000000, 0x0000000083000000|100%| O|  |TAMS 0x0000000082f00000, 0x0000000082f00000| Untracked 
|  48|0x0000000083000000, 0x0000000083100000, 0x0000000083100000|100%| O|  |TAMS 0x0000000083000000, 0x0000000083000000| Untracked 
|  49|0x0000000083100000, 0x0000000083177d10, 0x0000000083200000| 48%| O|  |TAMS 0x0000000083100000, 0x0000000083100000| Untracked 
|  50|0x0000000083200000, 0x0000000083200000, 0x0000000083300000|  0%| F|  |TAMS 0x0000000083200000, 0x0000000083200000| Untracked 
|  51|0x0000000083300000, 0x0000000083300000, 0x0000000083400000|  0%| F|  |TAMS 0x0000000083300000, 0x0000000083300000| Untracked 
|  52|0x0000000083400000, 0x0000000083400000, 0x0000000083500000|  0%| F|  |TAMS 0x0000000083400000, 0x0000000083400000| Untracked 
|  53|0x0000000083500000, 0x0000000083500000, 0x0000000083600000|  0%| F|  |TAMS 0x0000000083500000, 0x0000000083500000| Untracked 
|  54|0x0000000083600000, 0x0000000083600000, 0x0000000083700000|  0%| F|  |TAMS 0x0000000083600000, 0x0000000083600000| Untracked 
|  55|0x0000000083700000, 0x0000000083700000, 0x0000000083800000|  0%| F|  |TAMS 0x0000000083700000, 0x0000000083700000| Untracked 
|  56|0x0000000083800000, 0x0000000083800000, 0x0000000083900000|  0%| F|  |TAMS 0x0000000083800000, 0x0000000083800000| Untracked 
|  57|0x0000000083900000, 0x0000000083900000, 0x0000000083a00000|  0%| F|  |TAMS 0x0000000083900000, 0x0000000083900000| Untracked 
|  58|0x0000000083a00000, 0x0000000083a00000, 0x0000000083b00000|  0%| F|  |TAMS 0x0000000083a00000, 0x0000000083a00000| Untracked 
|  59|0x0000000083b00000, 0x0000000083b00000, 0x0000000083c00000|  0%| F|  |TAMS 0x0000000083b00000, 0x0000000083b00000| Untracked 
|  60|0x0000000083c00000, 0x0000000083c00000, 0x0000000083d00000|  0%| F|  |TAMS 0x0000000083c00000, 0x0000000083c00000| Untracked 
|  61|0x0000000083d00000, 0x0000000083d00000, 0x0000000083e00000|  0%| F|  |TAMS 0x0000000083d00000, 0x0000000083d00000| Untracked 
|  62|0x0000000083e00000, 0x0000000083e00000, 0x0000000083f00000|  0%| F|  |TAMS 0x0000000083e00000, 0x0000000083e00000| Untracked 
|  63|0x0000000083f00000, 0x0000000083f00000, 0x0000000084000000|  0%| F|  |TAMS 0x0000000083f00000, 0x0000000083f00000| Untracked 
|  64|0x0000000084000000, 0x0000000084000000, 0x0000000084100000|  0%| F|  |TAMS 0x0000000084000000, 0x0000000084000000| Untracked 
|  65|0x0000000084100000, 0x0000000084100000, 0x0000000084200000|  0%| F|  |TAMS 0x0000000084100000, 0x0000000084100000| Untracked 
|  66|0x0000000084200000, 0x0000000084200000, 0x0000000084300000|  0%| F|  |TAMS 0x0000000084200000, 0x0000000084200000| Untracked 
|  67|0x0000000084300000, 0x0000000084300000, 0x0000000084400000|  0%| F|  |TAMS 0x0000000084300000, 0x0000000084300000| Untracked 
|  68|0x0000000084400000, 0x0000000084400000, 0x0000000084500000|  0%| F|  |TAMS 0x0000000084400000, 0x0000000084400000| Untracked 
|  69|0x0000000084500000, 0x0000000084500000, 0x0000000084600000|  0%| F|  |TAMS 0x0000000084500000, 0x0000000084500000| Untracked 
|  70|0x0000000084600000, 0x0000000084600000, 0x0000000084700000|  0%| F|  |TAMS 0x0000000084600000, 0x0000000084600000| Untracked 
|  71|0x0000000084700000, 0x0000000084800000, 0x0000000084800000|100%| E|CS|TAMS 0x0000000084700000, 0x0000000084700000| Complete 
|  72|0x0000000084800000, 0x0000000084900000, 0x0000000084900000|  0%| F|  |TAMS 0x0000000084800000, 0x0000000084800000| Untracked 
|  73|0x0000000084900000, 0x0000000084900000, 0x0000000084a00000|  0%| F|  |TAMS 0x0000000084900000, 0x0000000084900000| Untracked 
|  74|0x0000000084a00000, 0x0000000084a00000, 0x0000000084b00000|  0%| F|  |TAMS 0x0000000084a00000, 0x0000000084a00000| Untracked 
|  75|0x0000000084b00000, 0x0000000084b00000, 0x0000000084c00000|  0%| F|  |TAMS 0x0000000084b00000, 0x0000000084b00000| Untracked 
|  76|0x0000000084c00000, 0x0000000084c00000, 0x0000000084d00000|  0%| F|  |TAMS 0x0000000084c00000, 0x0000000084c00000| Untracked 
|  77|0x0000000084d00000, 0x0000000084d00000, 0x0000000084e00000|  0%| F|  |TAMS 0x0000000084d00000, 0x0000000084d00000| Untracked 
|  78|0x0000000084e00000, 0x0000000084e00000, 0x0000000084f00000|  0%| F|  |TAMS 0x0000000084e00000, 0x0000000084e00000| Untracked 
|  79|0x0000000084f00000, 0x0000000084f00000, 0x0000000085000000|  0%| F|  |TAMS 0x0000000084f00000, 0x0000000084f00000| Untracked 
|  80|0x0000000085000000, 0x0000000085000000, 0x0000000085100000|  0%| F|  |TAMS 0x0000000085000000, 0x0000000085000000| Untracked 
|  81|0x0000000085100000, 0x0000000085100000, 0x0000000085200000|  0%| F|  |TAMS 0x0000000085100000, 0x0000000085100000| Untracked 
|  82|0x0000000085200000, 0x0000000085200000, 0x0000000085300000|  0%| F|  |TAMS 0x0000000085200000, 0x0000000085200000| Untracked 
|  83|0x0000000085300000, 0x00000000853b7b60, 0x0000000085400000| 71%| S|CS|TAMS 0x0000000085300000, 0x0000000085300000| Complete 
|  84|0x0000000085400000, 0x0000000085500000, 0x0000000085500000|100%| S|CS|TAMS 0x0000000085400000, 0x0000000085400000| Complete 
|  85|0x0000000085500000, 0x0000000085600000, 0x0000000085600000|100%| S|CS|TAMS 0x0000000085500000, 0x0000000085500000| Complete 
|  86|0x0000000085600000, 0x0000000085700000, 0x0000000085700000|100%| S|CS|TAMS 0x0000000085600000, 0x0000000085600000| Complete 
|  87|0x0000000085700000, 0x0000000085800000, 0x0000000085800000|100%| S|CS|TAMS 0x0000000085700000, 0x0000000085700000| Complete 
|  88|0x0000000085800000, 0x0000000085800000, 0x0000000085900000|  0%| F|  |TAMS 0x0000000085800000, 0x0000000085800000| Untracked 
|  89|0x0000000085900000, 0x0000000085900000, 0x0000000085a00000|  0%| F|  |TAMS 0x0000000085900000, 0x0000000085900000| Untracked 
|  90|0x0000000085a00000, 0x0000000085a00000, 0x0000000085b00000|  0%| F|  |TAMS 0x0000000085a00000, 0x0000000085a00000| Untracked 
|  91|0x0000000085b00000, 0x0000000085b00000, 0x0000000085c00000|  0%| F|  |TAMS 0x0000000085b00000, 0x0000000085b00000| Untracked 
|  92|0x0000000085c00000, 0x0000000085c00000, 0x0000000085d00000|  0%| F|  |TAMS 0x0000000085c00000, 0x0000000085c00000| Untracked 
|  93|0x0000000085d00000, 0x0000000085d00000, 0x0000000085e00000|  0%| F|  |TAMS 0x0000000085d00000, 0x0000000085d00000| Untracked 
|  94|0x0000000085e00000, 0x0000000085e00000, 0x0000000085f00000|  0%| F|  |TAMS 0x0000000085e00000, 0x0000000085e00000| Untracked 
|  95|0x0000000085f00000, 0x0000000085f00000, 0x0000000086000000|  0%| F|  |TAMS 0x0000000085f00000, 0x0000000085f00000| Untracked 
|  96|0x0000000086000000, 0x0000000086000000, 0x0000000086100000|  0%| F|  |TAMS 0x0000000086000000, 0x0000000086000000| Untracked 
|  97|0x0000000086100000, 0x0000000086100000, 0x0000000086200000|  0%| F|  |TAMS 0x0000000086100000, 0x0000000086100000| Untracked 
|  98|0x0000000086200000, 0x0000000086200000, 0x0000000086300000|  0%| F|  |TAMS 0x0000000086200000, 0x0000000086200000| Untracked 
|  99|0x0000000086300000, 0x0000000086300000, 0x0000000086400000|  0%| F|  |TAMS 0x0000000086300000, 0x0000000086300000| Untracked 
| 100|0x0000000086400000, 0x0000000086400000, 0x0000000086500000|  0%| F|  |TAMS 0x0000000086400000, 0x0000000086400000| Untracked 
| 101|0x0000000086500000, 0x0000000086500000, 0x0000000086600000|  0%| F|  |TAMS 0x0000000086500000, 0x0000000086500000| Untracked 
| 102|0x0000000086600000, 0x0000000086600000, 0x0000000086700000|  0%| F|  |TAMS 0x0000000086600000, 0x0000000086600000| Untracked 
| 103|0x0000000086700000, 0x0000000086700000, 0x0000000086800000|  0%| F|  |TAMS 0x0000000086700000, 0x0000000086700000| Untracked 
| 104|0x0000000086800000, 0x0000000086800000, 0x0000000086900000|  0%| F|  |TAMS 0x0000000086800000, 0x0000000086800000| Untracked 
| 105|0x0000000086900000, 0x0000000086900000, 0x0000000086a00000|  0%| F|  |TAMS 0x0000000086900000, 0x0000000086900000| Untracked 
| 106|0x0000000086a00000, 0x0000000086a00000, 0x0000000086b00000|  0%| F|  |TAMS 0x0000000086a00000, 0x0000000086a00000| Untracked 
| 107|0x0000000086b00000, 0x0000000086b00000, 0x0000000086c00000|  0%| F|  |TAMS 0x0000000086b00000, 0x0000000086b00000| Untracked 
| 108|0x0000000086c00000, 0x0000000086c00000, 0x0000000086d00000|  0%| F|  |TAMS 0x0000000086c00000, 0x0000000086c00000| Untracked 
| 109|0x0000000086d00000, 0x0000000086d00000, 0x0000000086e00000|  0%| F|  |TAMS 0x0000000086d00000, 0x0000000086d00000| Untracked 
| 110|0x0000000086e00000, 0x0000000086e00000, 0x0000000086f00000|  0%| F|  |TAMS 0x0000000086e00000, 0x0000000086e00000| Untracked 
| 111|0x0000000086f00000, 0x0000000086f00000, 0x0000000087000000|  0%| F|  |TAMS 0x0000000086f00000, 0x0000000086f00000| Untracked 
| 112|0x0000000087000000, 0x0000000087000000, 0x0000000087100000|  0%| F|  |TAMS 0x0000000087000000, 0x0000000087000000| Untracked 
| 113|0x0000000087100000, 0x0000000087100000, 0x0000000087200000|  0%| F|  |TAMS 0x0000000087100000, 0x0000000087100000| Untracked 
| 114|0x0000000087200000, 0x0000000087200000, 0x0000000087300000|  0%| F|  |TAMS 0x0000000087200000, 0x0000000087200000| Untracked 
| 115|0x0000000087300000, 0x0000000087300000, 0x0000000087400000|  0%| F|  |TAMS 0x0000000087300000, 0x0000000087300000| Untracked 
| 116|0x0000000087400000, 0x0000000087400000, 0x0000000087500000|  0%| F|  |TAMS 0x0000000087400000, 0x0000000087400000| Untracked 
| 117|0x0000000087500000, 0x0000000087500000, 0x0000000087600000|  0%| F|  |TAMS 0x0000000087500000, 0x0000000087500000| Untracked 
| 118|0x0000000087600000, 0x0000000087600000, 0x0000000087700000|  0%| F|  |TAMS 0x0000000087600000, 0x0000000087600000| Untracked 
| 119|0x0000000087700000, 0x0000000087700000, 0x0000000087800000|  0%| F|  |TAMS 0x0000000087700000, 0x0000000087700000| Untracked 
| 120|0x0000000087800000, 0x0000000087800000, 0x0000000087900000|  0%| F|  |TAMS 0x0000000087800000, 0x0000000087800000| Untracked 
| 121|0x0000000087900000, 0x0000000087900000, 0x0000000087a00000|  0%| F|  |TAMS 0x0000000087900000, 0x0000000087900000| Untracked 
| 122|0x0000000087a00000, 0x0000000087a00000, 0x0000000087b00000|  0%| F|  |TAMS 0x0000000087a00000, 0x0000000087a00000| Untracked 
| 123|0x0000000087b00000, 0x0000000087b00000, 0x0000000087c00000|  0%| F|  |TAMS 0x0000000087b00000, 0x0000000087b00000| Untracked 
| 124|0x0000000087c00000, 0x0000000087c00000, 0x0000000087d00000|  0%| F|  |TAMS 0x0000000087c00000, 0x0000000087c00000| Untracked 
| 125|0x0000000087d00000, 0x0000000087d00000, 0x0000000087e00000|  0%| F|  |TAMS 0x0000000087d00000, 0x0000000087d00000| Untracked 
| 126|0x0000000087e00000, 0x0000000087e00000, 0x0000000087f00000|  0%| F|  |TAMS 0x0000000087e00000, 0x0000000087e00000| Untracked 
| 127|0x0000000087f00000, 0x0000000087f00000, 0x0000000088000000|  0%| F|  |TAMS 0x0000000087f00000, 0x0000000087f00000| Untracked 
| 128|0x0000000088000000, 0x0000000088000000, 0x0000000088100000|  0%| F|  |TAMS 0x0000000088000000, 0x0000000088000000| Untracked 
| 129|0x0000000088100000, 0x0000000088100000, 0x0000000088200000|  0%| F|  |TAMS 0x0000000088100000, 0x0000000088100000| Untracked 
| 130|0x0000000088200000, 0x0000000088200000, 0x0000000088300000|  0%| F|  |TAMS 0x0000000088200000, 0x0000000088200000| Untracked 
| 131|0x0000000088300000, 0x0000000088300000, 0x0000000088400000|  0%| F|  |TAMS 0x0000000088300000, 0x0000000088300000| Untracked 
| 132|0x0000000088400000, 0x0000000088400000, 0x0000000088500000|  0%| F|  |TAMS 0x0000000088400000, 0x0000000088400000| Untracked 
| 133|0x0000000088500000, 0x0000000088500000, 0x0000000088600000|  0%| F|  |TAMS 0x0000000088500000, 0x0000000088500000| Untracked 
| 134|0x0000000088600000, 0x0000000088600000, 0x0000000088700000|  0%| F|  |TAMS 0x0000000088600000, 0x0000000088600000| Untracked 
| 135|0x0000000088700000, 0x0000000088700000, 0x0000000088800000|  0%| F|  |TAMS 0x0000000088700000, 0x0000000088700000| Untracked 
| 136|0x0000000088800000, 0x0000000088800000, 0x0000000088900000|  0%| F|  |TAMS 0x0000000088800000, 0x0000000088800000| Untracked 
| 137|0x0000000088900000, 0x0000000088900000, 0x0000000088a00000|  0%| F|  |TAMS 0x0000000088900000, 0x0000000088900000| Untracked 
| 138|0x0000000088a00000, 0x0000000088a00000, 0x0000000088b00000|  0%| F|  |TAMS 0x0000000088a00000, 0x0000000088a00000| Untracked 
| 139|0x0000000088b00000, 0x0000000088b00000, 0x0000000088c00000|  0%| F|  |TAMS 0x0000000088b00000, 0x0000000088b00000| Untracked 
| 140|0x0000000088c00000, 0x0000000088c00000, 0x0000000088d00000|  0%| F|  |TAMS 0x0000000088c00000, 0x0000000088c00000| Untracked 
| 141|0x0000000088d00000, 0x0000000088d00000, 0x0000000088e00000|  0%| F|  |TAMS 0x0000000088d00000, 0x0000000088d00000| Untracked 
| 142|0x0000000088e00000, 0x0000000088e00000, 0x0000000088f00000|  0%| F|  |TAMS 0x0000000088e00000, 0x0000000088e00000| Untracked 
| 143|0x0000000088f00000, 0x0000000088f00000, 0x0000000089000000|  0%| F|  |TAMS 0x0000000088f00000, 0x0000000088f00000| Untracked 
| 144|0x0000000089000000, 0x0000000089000000, 0x0000000089100000|  0%| F|  |TAMS 0x0000000089000000, 0x0000000089000000| Untracked 
| 145|0x0000000089100000, 0x0000000089100000, 0x0000000089200000|  0%| F|  |TAMS 0x0000000089100000, 0x0000000089100000| Untracked 
| 146|0x0000000089200000, 0x0000000089200000, 0x0000000089300000|  0%| F|  |TAMS 0x0000000089200000, 0x0000000089200000| Untracked 
| 147|0x0000000089300000, 0x0000000089300000, 0x0000000089400000|  0%| F|  |TAMS 0x0000000089300000, 0x0000000089300000| Untracked 
| 148|0x0000000089400000, 0x0000000089400000, 0x0000000089500000|  0%| F|  |TAMS 0x0000000089400000, 0x0000000089400000| Untracked 
| 149|0x0000000089500000, 0x0000000089500000, 0x0000000089600000|  0%| F|  |TAMS 0x0000000089500000, 0x0000000089500000| Untracked 
| 150|0x0000000089600000, 0x0000000089600000, 0x0000000089700000|  0%| F|  |TAMS 0x0000000089600000, 0x0000000089600000| Untracked 
| 151|0x0000000089700000, 0x0000000089700000, 0x0000000089800000|  0%| F|  |TAMS 0x0000000089700000, 0x0000000089700000| Untracked 
| 152|0x0000000089800000, 0x0000000089800000, 0x0000000089900000|  0%| F|  |TAMS 0x0000000089800000, 0x0000000089800000| Untracked 
| 153|0x0000000089900000, 0x0000000089982808, 0x0000000089a00000| 50%| E|  |TAMS 0x0000000089900000, 0x0000000089900000| Complete 

Card table byte_map: [0x000002b9743d0000,0x000002b9747d0000] _byte_map_base: 0x000002b973fd0000

Marking Bits (Prev, Next): (CMBitMap*) 0x000002b95f292218, (CMBitMap*) 0x000002b95f292250
 Prev Bits: [0x000002b974bd0000, 0x000002b976bd0000)
 Next Bits: [0x000002b976bd0000, 0x000002b978bd0000)

Polling page: 0x000002b95f330000

Metaspace:

Usage:
  Non-class:     58.67 MB capacity,    57.67 MB ( 98%) used,   854.42 KB (  1%) free+waste,   165.38 KB ( <1%) overhead. 
      Class:      8.85 MB capacity,     8.27 MB ( 93%) used,   520.59 KB (  6%) free+waste,    76.69 KB ( <1%) overhead. 
       Both:     67.52 MB capacity,    65.94 MB ( 98%) used,     1.34 MB (  2%) free+waste,   242.06 KB ( <1%) overhead. 

Virtual space:
  Non-class space:       60.00 MB reserved,      58.89 MB ( 98%) committed 
      Class space:        1.00 GB reserved,       8.95 MB ( <1%) committed 
             Both:        1.06 GB reserved,      67.84 MB (  6%) committed 

Chunk freelists:
   Non-Class:  37.00 KB
       Class:  22.00 KB
        Both:  59.00 KB

MaxMetaspaceSize: 17179869184.00 GB
CompressedClassSpaceSize: 1.00 GB
Initial GC threshold: 20.80 MB
Current GC threshold: 108.69 MB
CDS: off

CodeHeap 'non-profiled nmethods': size=120000Kb used=3602Kb max_used=3602Kb free=116397Kb
 bounds [0x000002b96c030000, 0x000002b96c3c0000, 0x000002b973560000]
CodeHeap 'profiled nmethods': size=120000Kb used=13702Kb max_used=13702Kb free=106297Kb
 bounds [0x000002b964b00000, 0x000002b965870000, 0x000002b96c030000]
CodeHeap 'non-nmethods': size=5760Kb used=2346Kb max_used=2385Kb free=3413Kb
 bounds [0x000002b964560000, 0x000002b9647d0000, 0x000002b964b00000]
 total_blobs=7310 nmethods=6450 adapters=772
 compilation: enabled
              stopped_count=0, restarted_count=0
 full_count=0

Compilation events (20 events):
Event: 9.234 Thread 0x000002b901d96800 6289       4       java.util.regex.Pattern::append (39 bytes)
Event: 9.237 Thread 0x000002b97b6c1000 6486       3       org.gradle.api.internal.artifacts.configurations.DefaultConfiguration::validateMutationType (8 bytes)
Event: 9.237 Thread 0x000002b97b6c1000 nmethod 6486 0x000002b96585c590 code [0x000002b96585c780, 0x000002b96585cd38]
Event: 9.237 Thread 0x000002b97b6c1000 6487       3       org.gradle.api.internal.artifacts.configurations.DefaultConfiguration$$Lambda$448/0x00000001005cf440::get$Lambda (10 bytes)
Event: 9.237 Thread 0x000002b97b6c1000 nmethod 6487 0x000002b96585cf10 code [0x000002b96585d0e0, 0x000002b96585d398]
Event: 9.237 Thread 0x000002b97b6c1000 6489       3       org.gradle.api.internal.artifacts.ivyservice.moduleconverter.DefaultRootComponentMetadataBuilder$MetadataHolder::validateMutation (27 bytes)
Event: 9.238 Thread 0x000002b97b6c1000 nmethod 6489 0x000002b96585d490 code [0x000002b96585d640, 0x000002b96585d838]
Event: 9.238 Thread 0x000002b97b6c1000 6490       3       org.gradle.api.internal.attributes.DefaultImmutableAttributesFactory::concat (12 bytes)
Event: 9.238 Thread 0x000002b97b6c1000 nmethod 6490 0x000002b96585d910 code [0x000002b96585dae0, 0x000002b96585dc78]
Event: 9.238 Thread 0x000002b97b6c1000 6491       3       org.gradle.api.internal.attributes.DefaultImmutableAttributesFactory::isolate (40 bytes)
Event: 9.238 Thread 0x000002b97b6c1000 nmethod 6491 0x000002b96585dd90 code [0x000002b96585dfc0, 0x000002b96585e998]
Event: 9.238 Thread 0x000002b97b6c1000 6493   !   3       jdk.internal.reflect.GeneratedConstructorAccessor19::newInstance (61 bytes)
Event: 9.239 Thread 0x000002b901d96800 nmethod 6289 0x000002b96c3b1d90 code [0x000002b96c3b1f40, 0x000002b96c3b22f8]
Event: 9.239 Thread 0x000002b901d96800 6492       4       java.lang.ThreadLocal$ThreadLocalMap::set (136 bytes)
Event: 9.240 Thread 0x000002b97b6c1000 nmethod 6493 0x000002b96585ec90 code [0x000002b96585efa0, 0x000002b9658601c8]
Event: 9.255 Thread 0x000002b901d96800 nmethod 6492 0x000002b96c3b2490 code [0x000002b96c3b2660, 0x000002b96c3b2fb8]
Event: 9.255 Thread 0x000002b901d96800 6488       4       java.util.concurrent.ConcurrentHashMap::put (8 bytes)
Event: 9.255 Thread 0x000002b901d96800 nmethod 6488 0x000002b96c3b3390 code [0x000002b96c3b3520, 0x000002b96c3b35a8]
Event: 9.255 Thread 0x000002b901d96800 6061       4       jdk.internal.misc.SharedSecrets::getJavaLangAccess (4 bytes)
Event: 9.256 Thread 0x000002b901d96800 nmethod 6061 0x000002b96c3b3690 code [0x000002b96c3b3820, 0x000002b96c3b3878]

GC Heap History (20 events):
Event: 2.645 GC heap before
{Heap before GC invocations=2 (full 0):
 garbage-first heap   total 131072K, used 47121K [0x0000000080000000, 0x0000000100000000)
  region size 1024K, 42 young (43008K), 10 survivors (10240K)
 Metaspace       used 20835K, capacity 21193K, committed 21296K, reserved 1069056K
  class space    used 2536K, capacity 2688K, committed 2688K, reserved 1048576K
}
Event: 2.653 GC heap after
{Heap after GC invocations=3 (full 0):
 garbage-first heap   total 131072K, used 17292K [0x0000000080000000, 0x0000000100000000)
  region size 1024K, 2 young (2048K), 2 survivors (2048K)
 Metaspace       used 20835K, capacity 21193K, committed 21296K, reserved 1069056K
  class space    used 2536K, capacity 2688K, committed 2688K, reserved 1048576K
}
Event: 3.261 GC heap before
{Heap before GC invocations=4 (full 0):
 garbage-first heap   total 131072K, used 72588K [0x0000000080000000, 0x0000000100000000)
  region size 1024K, 56 young (57344K), 2 survivors (2048K)
 Metaspace       used 26530K, capacity 27149K, committed 27264K, reserved 1073152K
  class space    used 3439K, capacity 3640K, committed 3712K, reserved 1048576K
}
Event: 3.265 GC heap after
{Heap after GC invocations=5 (full 0):
 garbage-first heap   total 131072K, used 19192K [0x0000000080000000, 0x0000000100000000)
  region size 1024K, 3 young (3072K), 3 survivors (3072K)
 Metaspace       used 26530K, capacity 27149K, committed 27264K, reserved 1073152K
  class space    used 3439K, capacity 3640K, committed 3712K, reserved 1048576K
}
Event: 4.159 GC heap before
{Heap before GC invocations=5 (full 0):
 garbage-first heap   total 131072K, used 80632K [0x0000000080000000, 0x0000000100000000)
  region size 1024K, 63 young (64512K), 3 survivors (3072K)
 Metaspace       used 35031K, capacity 35823K, committed 36048K, reserved 1081344K
  class space    used 4498K, capacity 4788K, committed 4864K, reserved 1048576K
}
Event: 4.164 GC heap after
{Heap after GC invocations=6 (full 0):
 garbage-first heap   total 131072K, used 22642K [0x0000000080000000, 0x0000000100000000)
  region size 1024K, 7 young (7168K), 7 survivors (7168K)
 Metaspace       used 35031K, capacity 35823K, committed 36048K, reserved 1081344K
  class space    used 4498K, capacity 4788K, committed 4864K, reserved 1048576K
}
Event: 4.186 GC heap before
{Heap before GC invocations=6 (full 0):
 garbage-first heap   total 131072K, used 23666K [0x0000000080000000, 0x0000000100000000)
  region size 1024K, 9 young (9216K), 7 survivors (7168K)
 Metaspace       used 35172K, capacity 35937K, committed 36048K, reserved 1081344K
  class space    used 4521K, capacity 4806K, committed 4864K, reserved 1048576K
}
Event: 4.198 GC heap after
{Heap after GC invocations=7 (full 0):
 garbage-first heap   total 131072K, used 23115K [0x0000000080000000, 0x0000000100000000)
  region size 1024K, 4 young (4096K), 4 survivors (4096K)
 Metaspace       used 35172K, capacity 35937K, committed 36048K, reserved 1081344K
  class space    used 4521K, capacity 4806K, committed 4864K, reserved 1048576K
}
Event: 5.087 GC heap before
{Heap before GC invocations=8 (full 0):
 garbage-first heap   total 131072K, used 88651K [0x0000000080000000, 0x0000000100000000)
  region size 1024K, 65 young (66560K), 4 survivors (4096K)
 Metaspace       used 39794K, capacity 40672K, committed 40988K, reserved 1085440K
  class space    used 5039K, capacity 5374K, committed 5452K, reserved 1048576K
}
Event: 5.095 GC heap after
{Heap after GC invocations=9 (full 0):
 garbage-first heap   total 131072K, used 27779K [0x0000000080000000, 0x0000000100000000)
  region size 1024K, 9 young (9216K), 9 survivors (9216K)
 Metaspace       used 39794K, capacity 40672K, committed 40988K, reserved 1085440K
  class space    used 5039K, capacity 5374K, committed 5452K, reserved 1048576K
}
Event: 5.841 GC heap before
{Heap before GC invocations=9 (full 0):
 garbage-first heap   total 131072K, used 90243K [0x0000000080000000, 0x0000000100000000)
  region size 1024K, 69 young (70656K), 9 survivors (9216K)
 Metaspace       used 45452K, capacity 46514K, committed 46620K, reserved 1089536K
  class space    used 5765K, capacity 6142K, committed 6220K, reserved 1048576K
}
Event: 5.851 GC heap after
{Heap after GC invocations=10 (full 0):
 garbage-first heap   total 157696K, used 29985K [0x0000000080000000, 0x0000000100000000)
  region size 1024K, 3 young (3072K), 3 survivors (3072K)
 Metaspace       used 45452K, capacity 46514K, committed 46620K, reserved 1089536K
  class space    used 5765K, capacity 6142K, committed 6220K, reserved 1048576K
}
Event: 6.746 GC heap before
{Heap before GC invocations=10 (full 0):
 garbage-first heap   total 157696K, used 107809K [0x0000000080000000, 0x0000000100000000)
  region size 1024K, 77 young (78848K), 3 survivors (3072K)
 Metaspace       used 48715K, capacity 50043K, committed 50204K, reserved 1093632K
  class space    used 6164K, capacity 6645K, committed 6732K, reserved 1048576K
}
Event: 6.751 GC heap after
{Heap after GC invocations=11 (full 0):
 garbage-first heap   total 157696K, used 37495K [0x0000000080000000, 0x0000000100000000)
  region size 1024K, 9 young (9216K), 9 survivors (9216K)
 Metaspace       used 48715K, capacity 50043K, committed 50204K, reserved 1093632K
  class space    used 6164K, capacity 6645K, committed 6732K, reserved 1048576K
}
Event: 7.824 GC heap before
{Heap before GC invocations=11 (full 0):
 garbage-first heap   total 157696K, used 112247K [0x0000000080000000, 0x0000000100000000)
  region size 1024K, 80 young (81920K), 9 survivors (9216K)
 Metaspace       used 58281K, capacity 59630K, committed 59804K, reserved 1101824K
  class space    used 7306K, capacity 7831K, committed 7884K, reserved 1048576K
}
Event: 7.832 GC heap after
{Heap after GC invocations=12 (full 0):
 garbage-first heap   total 157696K, used 44085K [0x0000000080000000, 0x0000000100000000)
  region size 1024K, 5 young (5120K), 5 survivors (5120K)
 Metaspace       used 58281K, capacity 59630K, committed 59804K, reserved 1101824K
  class space    used 7306K, capacity 7831K, committed 7884K, reserved 1048576K
}
Event: 7.905 GC heap before
{Heap before GC invocations=12 (full 0):
 garbage-first heap   total 157696K, used 47157K [0x0000000080000000, 0x0000000100000000)
  region size 1024K, 9 young (9216K), 5 survivors (5120K)
 Metaspace       used 59210K, capacity 60557K, committed 60636K, reserved 1101824K
  class space    used 7422K, capacity 7949K, committed 8012K, reserved 1048576K
}
Event: 7.911 GC heap after
{Heap after GC invocations=13 (full 0):
 garbage-first heap   total 157696K, used 44300K [0x0000000080000000, 0x0000000100000000)
  region size 1024K, 5 young (5120K), 5 survivors (5120K)
 Metaspace       used 59210K, capacity 60557K, committed 60636K, reserved 1101824K
  class space    used 7422K, capacity 7949K, committed 8012K, reserved 1048576K
}
Event: 8.680 GC heap before
{Heap before GC invocations=14 (full 0):
 garbage-first heap   total 157696K, used 120076K [0x0000000080000000, 0x0000000100000000)
  region size 1024K, 73 young (74752K), 5 survivors (5120K)
 Metaspace       used 64664K, capacity 66150K, committed 66524K, reserved 1107968K
  class space    used 8082K, capacity 8631K, committed 8780K, reserved 1048576K
}
Event: 8.691 GC heap after
{Heap after GC invocations=15 (full 0):
 garbage-first heap   total 157696K, used 50243K [0x0000000080000000, 0x0000000100000000)
  region size 1024K, 10 young (10240K), 10 survivors (10240K)
 Metaspace       used 64664K, capacity 66150K, committed 66524K, reserved 1107968K
  class space    used 8082K, capacity 8631K, committed 8780K, reserved 1048576K
}

Deoptimization events (20 events):
Event: 8.830 Thread 0x000002b97e2ca000 Uncommon trap: trap_request=0xffffff4d fr.pc=0x000002b96c0c9f1c relative=0x000000000000063c
Event: 8.830 Thread 0x000002b97e2ca000 Uncommon trap: reason=unstable_if action=reinterpret pc=0x000002b96c0c9f1c method=java.lang.StringLatin1.canEncode(I)Z @ 4 c2
Event: 8.830 Thread 0x000002b97e2ca000 DEOPT PACKING pc=0x000002b96c0c9f1c sp=0x000000f5185f6670
Event: 8.830 Thread 0x000002b97e2ca000 DEOPT UNPACKING pc=0x000002b9645aa1af sp=0x000000f5185f6540 mode 2
Event: 8.830 Thread 0x000002b97e2ca000 Uncommon trap: trap_request=0xffffff4d fr.pc=0x000002b96c05d408 relative=0x00000000000001c8
Event: 8.830 Thread 0x000002b97e2ca000 Uncommon trap: reason=unstable_if action=reinterpret pc=0x000002b96c05d408 method=java.lang.AbstractStringBuilder.isLatin1()Z @ 10 c2
Event: 8.830 Thread 0x000002b97e2ca000 DEOPT PACKING pc=0x000002b96c05d408 sp=0x000000f5185f65f0
Event: 8.830 Thread 0x000002b97e2ca000 DEOPT UNPACKING pc=0x000002b9645aa1af sp=0x000000f5185f6530 mode 2
Event: 8.831 Thread 0x000002b97e2ca000 Uncommon trap: trap_request=0xffffff4d fr.pc=0x000002b96c178f20 relative=0x00000000000005c0
Event: 8.831 Thread 0x000002b97e2ca000 Uncommon trap: reason=unstable_if action=reinterpret pc=0x000002b96c178f20 method=java.lang.AbstractStringBuilder.appendChars(Ljava/lang/CharSequence;II)V @ 4 c2
Event: 8.831 Thread 0x000002b97e2ca000 DEOPT PACKING pc=0x000002b96c178f20 sp=0x000000f5185f6690
Event: 8.831 Thread 0x000002b97e2ca000 DEOPT UNPACKING pc=0x000002b9645aa1af sp=0x000000f5185f6568 mode 2
Event: 8.920 Thread 0x000002b97e2ca000 Uncommon trap: trap_request=0xffffff4d fr.pc=0x000002b96c1d2d80 relative=0x0000000000000340
Event: 8.920 Thread 0x000002b97e2ca000 Uncommon trap: reason=unstable_if action=reinterpret pc=0x000002b96c1d2d80 method=java.util.StringJoiner.add(Ljava/lang/CharSequence;)Ljava/util/StringJoiner; @ 33 c2
Event: 8.920 Thread 0x000002b97e2ca000 DEOPT PACKING pc=0x000002b96c1d2d80 sp=0x000000f5185f5a20
Event: 8.920 Thread 0x000002b97e2ca000 DEOPT UNPACKING pc=0x000002b9645aa1af sp=0x000000f5185f59d0 mode 2
Event: 9.067 Thread 0x000002b97e2ca000 Uncommon trap: trap_request=0xffffff4d fr.pc=0x000002b96c389ad4 relative=0x0000000000003714
Event: 9.067 Thread 0x000002b97e2ca000 Uncommon trap: reason=unstable_if action=reinterpret pc=0x000002b96c389ad4 method=org.codehaus.groovy.runtime.metaclass.MetaMethodIndex.isOverridden(Lgroovy/lang/MetaMethod;Lgroovy/lang/MetaMethod;)Z @ 33 c2
Event: 9.067 Thread 0x000002b97e2ca000 DEOPT PACKING pc=0x000002b96c389ad4 sp=0x000000f5185f4850
Event: 9.067 Thread 0x000002b97e2ca000 DEOPT UNPACKING pc=0x000002b9645aa1af sp=0x000000f5185f4808 mode 2

Classes redefined (0 events):
No events

Internal exceptions (20 events):
Event: 9.085 Thread 0x000002b97e2ca000 Exception <a 'java/lang/ClassNotFoundException'{0x0000000086647f88}: build_1e406tu9oiaonofjw31go4qec$_run_closure1BeanInfo> (0x0000000086647f88) thrown at [./src/hotspot/share/classfile/systemDictionary.cpp, line 231]
Event: 9.086 Thread 0x000002b97e2ca000 Exception <a 'java/lang/ClassNotFoundException'{0x0000000086659de8}: build_1e406tu9oiaonofjw31go4qec$_run_closure1Customizer> (0x0000000086659de8) thrown at [./src/hotspot/share/classfile/systemDictionary.cpp, line 231]
Event: 9.091 Thread 0x000002b97e2ca000 Exception <a 'java/lang/ClassNotFoundException'{0x00000000866bec00}: org/gradle/api/JavaVersionBeanInfo> (0x00000000866bec00) thrown at [./src/hotspot/share/classfile/systemDictionary.cpp, line 231]
Event: 9.092 Thread 0x000002b97e2ca000 Exception <a 'java/lang/ClassNotFoundException'{0x00000000866eda80}: org/gradle/api/JavaVersionCustomizer> (0x00000000866eda80) thrown at [./src/hotspot/share/classfile/systemDictionary.cpp, line 231]
Event: 9.096 Thread 0x000002b97e2ca000 Exception <a 'java/lang/ClassNotFoundException'{0x0000000086558e50}: com/android/build/gradle/internal/CompileOptions$AgpDecorated_DecoratedBeanInfo> (0x0000000086558e50) thrown at [./src/hotspot/share/classfile/systemDictionary.cpp, line 231]
Event: 9.096 Thread 0x000002b97e2ca000 Exception <a 'java/lang/ClassNotFoundException'{0x0000000086577488}: com/android/build/gradle/internal/CompileOptions$AgpDecoratedBeanInfo> (0x0000000086577488) thrown at [./src/hotspot/share/classfile/systemDictionary.cpp, line 231]
Event: 9.097 Thread 0x000002b97e2ca000 Exception <a 'java/lang/ClassNotFoundException'{0x0000000086593730}: com/android/build/gradle/internal/CompileOptionsBeanInfo> (0x0000000086593730) thrown at [./src/hotspot/share/classfile/systemDictionary.cpp, line 231]
Event: 9.097 Thread 0x000002b97e2ca000 Exception <a 'java/lang/ClassNotFoundException'{0x00000000865b01f0}: com/android/build/gradle/internal/CompileOptionsCustomizer> (0x00000000865b01f0) thrown at [./src/hotspot/share/classfile/systemDictionary.cpp, line 231]
Event: 9.098 Thread 0x000002b97e2ca000 Exception <a 'java/lang/ClassNotFoundException'{0x00000000865dac60}: com/android/build/gradle/internal/CompileOptions$AgpDecoratedCustomizer> (0x00000000865dac60) thrown at [./src/hotspot/share/classfile/systemDictionary.cpp, line 231]
Event: 9.099 Thread 0x000002b97e2ca000 Exception <a 'java/lang/ClassNotFoundException'{0x0000000086408720}: com/android/build/gradle/internal/CompileOptions$AgpDecorated_DecoratedCustomizer> (0x0000000086408720) thrown at [./src/hotspot/share/classfile/systemDictionary.cpp, line 231]
Event: 9.116 Thread 0x000002b97e2ca000 Exception <a 'java/lang/ClassNotFoundException'{0x0000000086320c30}: com/android/build/gradle/internal/dsl/ApplicationBuildFeaturesImpl_DecoratedBeanInfo> (0x0000000086320c30) thrown at [./src/hotspot/share/classfile/systemDictionary.cpp, line 231]
Event: 9.117 Thread 0x000002b97e2ca000 Exception <a 'java/lang/ClassNotFoundException'{0x000000008633fef0}: com/android/build/gradle/internal/dsl/ApplicationBuildFeaturesImplBeanInfo> (0x000000008633fef0) thrown at [./src/hotspot/share/classfile/systemDictionary.cpp, line 231]
Event: 9.117 Thread 0x000002b97e2ca000 Exception <a 'java/lang/ClassNotFoundException'{0x000000008635d458}: com/android/build/gradle/internal/dsl/BuildFeaturesImplBeanInfo> (0x000000008635d458) thrown at [./src/hotspot/share/classfile/systemDictionary.cpp, line 231]
Event: 9.118 Thread 0x000002b97e2ca000 Exception <a 'java/lang/ClassNotFoundException'{0x000000008637aca0}: com/android/build/gradle/internal/dsl/BuildFeaturesImplCustomizer> (0x000000008637aca0) thrown at [./src/hotspot/share/classfile/systemDictionary.cpp, line 231]
Event: 9.118 Thread 0x000002b97e2ca000 Exception <a 'java/lang/ClassNotFoundException'{0x00000000863a59f0}: com/android/build/gradle/internal/dsl/ApplicationBuildFeaturesImplCustomizer> (0x00000000863a59f0) thrown at [./src/hotspot/share/classfile/systemDictionary.cpp, line 231]
Event: 9.119 Thread 0x000002b97e2ca000 Exception <a 'java/lang/ClassNotFoundException'{0x00000000863cbc70}: com/android/build/gradle/internal/dsl/ApplicationBuildFeaturesImpl_DecoratedCustomizer> (0x00000000863cbc70) thrown at [./src/hotspot/share/classfile/systemDictionary.cpp, line 231]
Event: 9.123 Thread 0x000002b97e2ca000 Exception <a 'java/lang/ClassNotFoundException'{0x00000000862a8cb0}: org/gradle/api/internal/artifacts/dsl/dependencies/DefaultDependencyHandler_DecoratedBeanInfo> (0x00000000862a8cb0) thrown at [./src/hotspot/share/classfile/systemDictionary.cpp, line 231]
Event: 9.124 Thread 0x000002b97e2ca000 Exception <a 'java/lang/ClassNotFoundException'{0x00000000862f9270}: org/gradle/api/internal/artifacts/dsl/dependencies/DefaultDependencyHandlerBeanInfo> (0x00000000862f9270) thrown at [./src/hotspot/share/classfile/systemDictionary.cpp, line 231]
Event: 9.125 Thread 0x000002b97e2ca000 Exception <a 'java/lang/ClassNotFoundException'{0x0000000086149f38}: org/gradle/api/internal/artifacts/dsl/dependencies/DefaultDependencyHandlerCustomizer> (0x0000000086149f38) thrown at [./src/hotspot/share/classfile/systemDictionary.cpp, line 231]
Event: 9.126 Thread 0x000002b97e2ca000 Exception <a 'java/lang/ClassNotFoundException'{0x00000000861c4cd0}: org/gradle/api/internal/artifacts/dsl/dependencies/DefaultDependencyHandler_DecoratedCustomizer> (0x00000000861c4cd0) thrown at [./src/hotspot/share/classfile/systemDictionary.cpp, line 231]

Events (20 events):
Event: 9.256 loading class com/android/build/gradle/internal/scope/VariantScopeImpl
Event: 9.256 loading class com/android/build/gradle/internal/scope/VariantScopeImpl done
Event: 9.257 loading class com/android/build/gradle/internal/scope/VariantScope
Event: 9.257 loading class com/android/build/gradle/internal/scope/VariantScope done
Event: 9.259 loading class com/android/build/gradle/internal/publishing/PublishingSpecs
Event: 9.259 loading class com/android/build/gradle/internal/publishing/PublishingSpecs done
Event: 9.260 loading class com/android/build/gradle/internal/publishing/PublishingSpecs$Companion
Event: 9.260 loading class com/android/build/gradle/internal/publishing/PublishingSpecs$Companion done
Event: 9.261 loading class com/android/build/gradle/internal/publishing/PublishingSpecs$Companion$1
Event: 9.261 loading class com/android/build/gradle/internal/publishing/PublishingSpecs$Companion$1 done
Event: 9.261 loading class com/android/build/gradle/internal/publishing/AppVariantSpecBuilder
Event: 9.261 loading class com/android/build/gradle/internal/publishing/AppVariantSpecBuilder done
Event: 9.262 loading class com/android/build/gradle/internal/publishing/VariantSpecBuilderImpl
Event: 9.262 loading class com/android/build/gradle/internal/publishing/VariantSpecBuilderImpl done
Event: 9.262 loading class com/android/build/gradle/internal/publishing/PublishingSpecs$VariantSpecBuilder
Event: 9.262 loading class com/android/build/gradle/internal/publishing/PublishingSpecs$VariantSpecBuilder done
Event: 9.263 loading class com/android/build/gradle/internal/publishing/OutputSpecImpl
Event: 9.263 loading class com/android/build/gradle/internal/publishing/OutputSpecImpl done
Event: 9.263 loading class com/android/build/gradle/internal/publishing/PublishingSpecs$OutputSpec
Event: 9.263 loading class com/android/build/gradle/internal/publishing/PublishingSpecs$OutputSpec done


Dynamic libraries:
0x00007ff7da760000 - 0x00007ff7da76a000 	C:\Program Files\Android\Android Studio\jre\bin\java.exe
0x00007ffa49c90000 - 0x00007ffa49e88000 	C:\WINDOWS\SYSTEM32\ntdll.dll
0x00007ffa48c30000 - 0x00007ffa48cef000 	C:\WINDOWS\System32\KERNEL32.DLL
0x00007ffa47910000 - 0x00007ffa47be2000 	C:\WINDOWS\System32\KERNELBASE.dll
0x00007ffa47380000 - 0x00007ffa47480000 	C:\WINDOWS\System32\ucrtbase.dll
0x00007ffa420d0000 - 0x00007ffa420e9000 	C:\Program Files\Android\Android Studio\jre\bin\jli.dll
0x00007ffa3fe60000 - 0x00007ffa3fe77000 	C:\Program Files\Android\Android Studio\jre\bin\VCRUNTIME140.dll
0x00007ffa48710000 - 0x00007ffa488b1000 	C:\WINDOWS\System32\USER32.dll
0x00007ffa47480000 - 0x00007ffa474a2000 	C:\WINDOWS\System32\win32u.dll
0x00007ffa35c50000 - 0x00007ffa35eea000 	C:\WINDOWS\WinSxS\amd64_microsoft.windows.common-controls_6595b64144ccf1df_6.0.19041.1110_none_60b5254171f9507e\COMCTL32.dll
0x00007ffa49bc0000 - 0x00007ffa49beb000 	C:\WINDOWS\System32\GDI32.dll
0x00007ffa491e0000 - 0x00007ffa4927e000 	C:\WINDOWS\System32\msvcrt.dll
0x00007ffa474b0000 - 0x00007ffa475bf000 	C:\WINDOWS\System32\gdi32full.dll
0x00007ffa47630000 - 0x00007ffa476cd000 	C:\WINDOWS\System32\msvcp_win.dll
0x00007ffa498f0000 - 0x00007ffa49922000 	C:\WINDOWS\System32\IMM32.DLL
0x00007ffa3e670000 - 0x00007ffa3e70d000 	C:\Program Files\Android\Android Studio\jre\bin\msvcp140.dll
0x00007ffa06190000 - 0x00007ffa06c92000 	C:\Program Files\Android\Android Studio\jre\bin\server\jvm.dll
0x00007ffa493d0000 - 0x00007ffa4947e000 	C:\WINDOWS\System32\ADVAPI32.dll
0x00007ffa49280000 - 0x00007ffa4931c000 	C:\WINDOWS\System32\sechost.dll
0x00007ffa48cf0000 - 0x00007ffa48e15000 	C:\WINDOWS\System32\RPCRT4.dll
0x00007ffa49050000 - 0x00007ffa49058000 	C:\WINDOWS\System32\PSAPI.DLL
0x00007ffa1f740000 - 0x00007ffa1f767000 	C:\WINDOWS\SYSTEM32\WINMM.dll
0x00007ffa1beb0000 - 0x00007ffa1beb9000 	C:\WINDOWS\SYSTEM32\WSOCK32.dll
0x00007ffa3f830000 - 0x00007ffa3f83a000 	C:\WINDOWS\SYSTEM32\VERSION.dll
0x00007ffa49110000 - 0x00007ffa4917b000 	C:\WINDOWS\System32\WS2_32.dll
0x00007ffa45c00000 - 0x00007ffa45c12000 	C:\WINDOWS\SYSTEM32\kernel.appcore.dll
0x00007ffa415e0000 - 0x00007ffa415f1000 	C:\Program Files\Android\Android Studio\jre\bin\verify.dll
0x00007ffa459c0000 - 0x00007ffa45ba4000 	C:\WINDOWS\SYSTEM32\DBGHELP.DLL
0x00007ffa3f590000 - 0x00007ffa3f5c5000 	C:\WINDOWS\SYSTEM32\dbgcore.DLL
0x00007ffa47bf0000 - 0x00007ffa47c72000 	C:\WINDOWS\System32\bcryptPrimitives.dll
0x00007ffa3f0d0000 - 0x00007ffa3f0f9000 	C:\Program Files\Android\Android Studio\jre\bin\java.dll
0x00007ffa41a90000 - 0x00007ffa41a9b000 	C:\Program Files\Android\Android Studio\jre\bin\jimage.dll
0x00007ffa3afc0000 - 0x00007ffa3afd8000 	C:\Program Files\Android\Android Studio\jre\bin\zip.dll
0x00007ffa47e20000 - 0x00007ffa48564000 	C:\WINDOWS\System32\SHELL32.dll
0x00007ffa45150000 - 0x00007ffa458e2000 	C:\WINDOWS\SYSTEM32\windows.storage.dll
0x00007ffa488c0000 - 0x00007ffa48c15000 	C:\WINDOWS\System32\combase.dll
0x00007ffa46de0000 - 0x00007ffa46e10000 	C:\WINDOWS\SYSTEM32\Wldp.dll
0x00007ffa49320000 - 0x00007ffa493cd000 	C:\WINDOWS\System32\SHCORE.dll
0x00007ffa48e20000 - 0x00007ffa48e75000 	C:\WINDOWS\System32\shlwapi.dll
0x00007ffa472c0000 - 0x00007ffa472df000 	C:\WINDOWS\SYSTEM32\profapi.dll
0x00007ffa3af00000 - 0x00007ffa3af1a000 	C:\Program Files\Android\Android Studio\jre\bin\net.dll
0x00007ffa40dd0000 - 0x00007ffa40edc000 	C:\WINDOWS\SYSTEM32\WINHTTP.dll
0x00007ffa46b40000 - 0x00007ffa46baa000 	C:\WINDOWS\system32\mswsock.dll
0x00007ffa30340000 - 0x00007ffa30354000 	C:\Program Files\Android\Android Studio\jre\bin\nio.dll
0x00007ffa40ca0000 - 0x00007ffa40cc7000 	C:\Users\Prince Verma\.gradle\native\e1d6ef7f7dcc3fd88c89a11ec53ec762bb8ba0a96d01ffa2cd45eb1d1d8dd5c5\windows-amd64\native-platform.dll
0x00007ffa25310000 - 0x00007ffa25454000 	C:\Users\Prince Verma\.gradle\native\0d407fdbe67a94daf76414ababcb853783967236a71b16ec16e742cd7a986fd3\windows-amd64\native-platform-file-events.dll
0x00007ffa3b130000 - 0x00007ffa3b13a000 	C:\Program Files\Android\Android Studio\jre\bin\management.dll
0x00007ffa3af40000 - 0x00007ffa3af4d000 	C:\Program Files\Android\Android Studio\jre\bin\management_ext.dll
0x00007ffa46d40000 - 0x00007ffa46d58000 	C:\WINDOWS\SYSTEM32\CRYPTSP.dll
0x00007ffa463f0000 - 0x00007ffa46424000 	C:\WINDOWS\system32\rsaenh.dll
0x00007ffa47830000 - 0x00007ffa47857000 	C:\WINDOWS\System32\bcrypt.dll
0x00007ffa47240000 - 0x00007ffa4726e000 	C:\WINDOWS\SYSTEM32\USERENV.dll
0x00007ffa46d30000 - 0x00007ffa46d3c000 	C:\WINDOWS\SYSTEM32\CRYPTBASE.dll
0x00007ffa467e0000 - 0x00007ffa4681b000 	C:\WINDOWS\SYSTEM32\IPHLPAPI.DLL
0x00007ffa48c20000 - 0x00007ffa48c28000 	C:\WINDOWS\System32\NSI.dll
0x00007ffa3e5e0000 - 0x00007ffa3e5f7000 	C:\WINDOWS\SYSTEM32\dhcpcsvc6.DLL
0x00007ffa3f0b0000 - 0x00007ffa3f0cd000 	C:\WINDOWS\SYSTEM32\dhcpcsvc.DLL
0x00007ffa46830000 - 0x00007ffa468fa000 	C:\WINDOWS\SYSTEM32\DNSAPI.dll

dbghelp: loaded successfully - version: 4.0.5 - missing functions: none
symbol engine: initialized successfully - sym options: 0x614 - pdb path: .;C:\Program Files\Android\Android Studio\jre\bin;C:\WINDOWS\SYSTEM32;C:\WINDOWS\WinSxS\amd64_microsoft.windows.common-controls_6595b64144ccf1df_6.0.19041.1110_none_60b5254171f9507e;C:\Program Files\Android\Android Studio\jre\bin\server;C:\Users\Prince Verma\.gradle\native\e1d6ef7f7dcc3fd88c89a11ec53ec762bb8ba0a96d01ffa2cd45eb1d1d8dd5c5\windows-amd64;C:\Users\Prince Verma\.gradle\native\0d407fdbe67a94daf76414ababcb853783967236a71b16ec16e742cd7a986fd3\windows-amd64

VM Arguments:
jvm_args: --add-opens=java.base/java.util=ALL-UNNAMED --add-opens=java.base/java.lang=ALL-UNNAMED --add-opens=java.base/java.lang.invoke=ALL-UNNAMED --add-opens=java.base/java.util=ALL-UNNAMED --add-opens=java.prefs/java.util.prefs=ALL-UNNAMED --add-opens=java.prefs/java.util.prefs=ALL-UNNAMED --add-opens=java.base/java.nio.charset=ALL-UNNAMED --add-opens=java.base/java.net=ALL-UNNAMED --add-opens=java.base/java.util.concurrent.atomic=ALL-UNNAMED -Xmx2048m -Dfile.encoding=UTF-8 -Duser.country=IN -Duser.language=en -Duser.variant 
java_command: org.gradle.launcher.daemon.bootstrap.GradleDaemon 7.4
java_class_path (initial): C:\Users\Prince Verma\.gradle\wrapper\dists\gradle-7.4-bin\c0gwcg53nkjbqw7r0h0umtfvt\gradle-7.4\lib\gradle-launcher-7.4.jar
Launcher Type: SUN_STANDARD

[Global flags]
     intx CICompilerCount                          = 4                                         {product} {ergonomic}
     uint ConcGCThreads                            = 2                                         {product} {ergonomic}
     uint G1ConcRefinementThreads                  = 8                                         {product} {ergonomic}
   size_t G1HeapRegionSize                         = 1048576                                   {product} {ergonomic}
    uintx GCDrainStackTargetSize                   = 64                                        {product} {ergonomic}
   size_t InitialHeapSize                          = 134217728                                 {product} {ergonomic}
   size_t MarkStackSize                            = 4194304                                   {product} {ergonomic}
   size_t MaxHeapSize                              = 2147483648                                {product} {command line}
   size_t MaxNewSize                               = 1287651328                                {product} {ergonomic}
   size_t MinHeapDeltaBytes                        = 1048576                                   {product} {ergonomic}
    uintx NonNMethodCodeHeapSize                   = 5836300                                {pd product} {ergonomic}
    uintx NonProfiledCodeHeapSize                  = 122910970                              {pd product} {ergonomic}
    uintx ProfiledCodeHeapSize                     = 122910970                              {pd product} {ergonomic}
    uintx ReservedCodeCacheSize                    = 251658240                              {pd product} {ergonomic}
     bool SegmentedCodeCache                       = true                                      {product} {ergonomic}
     bool UseCompressedClassPointers               = true                                 {lp64_product} {ergonomic}
     bool UseCompressedOops                        = true                                 {lp64_product} {ergonomic}
     bool UseG1GC                                  = true                                      {product} {ergonomic}
     bool UseLargePagesIndividualAllocation        = false                                  {pd product} {ergonomic}

Logging:
Log output configuration:
 #0: stdout all=warning uptime,level,tags
 #1: stderr all=off uptime,level,tags

Environment Variables:
PATH=C:\Program Files\Common Files\Oracle\Java\javapath;C:\Program Files (x86)\Common Files\Oracle\Java\javapath;C:\python\Python38\Scripts\;C:\python\Python38\;C:\Program Files (x86)\Intel\iCLS Client\;C:\Program Files\Intel\iCLS Client\;C:\Windows\system32;C:\Windows;C:\Windows\System32\Wbem;C:\Windows\System32\WindowsPowerShell\v1.0\;C:\Program Files (x86)\Intel\Intel(R) Management Engine Components\DAL;C:\Program Files\Intel\Intel(R) Management Engine Components\DAL;C:\Program Files (x86)\Intel\Intel(R) Management Engine Components\IPT;C:\Program Files\Intel\Intel(R) Management Engine Components\IPT;C:\Program Files\MATLAB\R2016a\runtime\win64;C:\Program Files\MATLAB\R2016a\bin;C:\Program Files\MATLAB\R2016a\polyspace\bin;C:\WINDOWS\system32;C:\WINDOWS;C:\WINDOWS\System32\Wbem;C:\WINDOWS\System32\WindowsPowerShell\v1.0\;C:\WINDOWS\System32\OpenSSH\;C:\Program Files (x86)\SMLNJ\bin\;C:\Android;C:\Program Files\Git\cmd;C:\Program Files (x86)\NVIDIA Corporation\PhysX\Common;C:\Users\Prince Verma\anaconda3;C:\Users\Prince Verma\anaconda3\Library\mingw-w64\bin;C:\Users\Prince Verma\anaconda3\Library\usr\bin;C:\Users\Prince Verma\anaconda3\Library\bin;C:\Users\Prince Verma\anaconda3\Scripts;C:\Users\Prince Verma\AppData\Local\Microsoft\WindowsApps;C:\Users\Prince Verma\AppData\Roaming\Python\Python38\Scripts;C:\Program Files (x86)\mingw-w64\i686-8.1.0-posix-dwarf-rt_v6-rev0\mingw32\bin;C:\iverilog\bin;C:\iverilog\gtkwave\bin;F:\.vscode\Microsoft VS Code\bin
USERNAME=Prince Verma
OS=Windows_NT
PROCESSOR_IDENTIFIER=Intel64 Family 6 Model 158 Stepping 9, GenuineIntel



---------------  S Y S T E M  ---------------

OS: Windows 10 , 64 bit Build 19041 (10.0.19041.2364)
OS uptime: 0 days 2:05 hours

CPU:total 8 (initial active 8) (4 cores per cpu, 2 threads per core) family 6 model 158 stepping 9 microcode 0xb4, cmov, cx8, fxsr, mmx, sse, sse2, sse3, ssse3, sse4.1, sse4.2, popcnt, avx, avx2, aes, clmul, erms, 3dnowpref, lzcnt, ht, tsc, tscinvbit, bmi1, bmi2, adx, fma

Memory: 4k page, system-wide physical 8067M (462M free)
TotalPageFile size 23170M (AvailPageFile size 5M)
current process WorkingSet (physical memory assigned to process): 368M, peak: 369M
current process commit charge ("private bytes"): 407M, peak: 409M

vm_info: OpenJDK 64-Bit Server VM (11.0.13+0-b1751.21-8125866) for windows-amd64 JRE (11.0.13+0-b1751.21-8125866), built on Feb  2 2022 03:00:22 by "builder" with MS VC++ 14.0 (VS2015)

END.
