#
# There is insufficient memory for the Java Runtime Environment to continue.
# Native memory allocation (malloc) failed to allocate 798096 bytes for Chunk::new
# Possible reasons:
#   The system is out of physical RAM or swap space
#   The process is running with CompressedOops enabled, and the Java Heap may be blocking the growth of the native heap
# Possible solutions:
#   Reduce memory load on the system
#   Increase physical memory or swap space
#   Check if swap backing store is full
#   Decrease Java heap size (-Xmx/-Xms)
#   Decrease number of Java threads
#   Decrease Java thread stack sizes (-Xss)
#   Set larger code cache with -XX:ReservedCodeCacheSize=
#   JVM is running with Unscaled Compressed Oops mode in which the Java heap is
#     placed in the first 4GB address space. The Java Heap base address is the
#     maximum limit for the native heap growth. Please use -XX:HeapBaseMinAddress
#     to set the Java Heap base and to place the Java Heap above 4GB virtual address.
# This output file may be truncated or incomplete.
#
#  Out of Memory Error (./src/hotspot/share/memory/arena.cpp:197), pid=14424, tid=8872
#
# JRE version: OpenJDK Runtime Environment (11.0.13) (build 11.0.13+0-b1751.21-8125866)
# Java VM: OpenJDK 64-Bit Server VM (11.0.13+0-b1751.21-8125866, mixed mode, tiered, compressed oops, g1 gc, windows-amd64)
# No core dump will be written. Minidumps are not enabled by default on client versions of Windows
#

---------------  S U M M A R Y ------------

Command Line: --add-opens=java.base/java.util=ALL-UNNAMED --add-opens=java.base/java.lang=ALL-UNNAMED --add-opens=java.base/java.lang.invoke=ALL-UNNAMED --add-opens=java.base/java.util=ALL-UNNAMED --add-opens=java.prefs/java.util.prefs=ALL-UNNAMED --add-opens=java.prefs/java.util.prefs=ALL-UNNAMED --add-opens=java.base/java.nio.charset=ALL-UNNAMED --add-opens=java.base/java.net=ALL-UNNAMED --add-opens=java.base/java.util.concurrent.atomic=ALL-UNNAMED -Xmx2048m -Dfile.encoding=UTF-8 -Duser.country=IN -Duser.language=en -Duser.variant org.gradle.launcher.daemon.bootstrap.GradleDaemon 7.4

Host: Intel(R) Core(TM) i7-7700HQ CPU @ 2.80GHz, 8 cores, 7G,  Windows 10 , 64 bit Build 19041 (10.0.19041.2364)
Time: Mon Dec 19 13:49:38 2022 India Standard Time elapsed time: 11.407713 seconds (0d 0h 0m 11s)

---------------  T H R E A D  ---------------

Current thread (0x000002bfa0fb0000):  JavaThread "C2 CompilerThread1" daemon [_thread_in_native, id=8872, stack(0x000000e264c00000,0x000000e264d00000)]


Current CompileTask:
C2:  11407 7110 %     4       org.gradle.internal.instantiation.generator.AbstractClassGenerator::inspectType @ 207 (560 bytes)

Stack: [0x000000e264c00000,0x000000e264d00000]
Native frames: (J=compiled Java code, j=interpreted, Vv=VM code, C=native code)
V  [jvm.dll+0x6100fa]
V  [jvm.dll+0x747090]
V  [jvm.dll+0x7486ad]
V  [jvm.dll+0x748d83]
V  [jvm.dll+0x24ab48]
V  [jvm.dll+0xc04dc]
V  [jvm.dll+0xc0a0c]
V  [jvm.dll+0x2bfab4]
V  [jvm.dll+0x524238]
V  [jvm.dll+0x204802]
V  [jvm.dll+0x2023c2]
V  [jvm.dll+0x188e01]
V  [jvm.dll+0x21106b]
V  [jvm.dll+0x20f8c1]
V  [jvm.dll+0x70de0f]
V  [jvm.dll+0x706a75]
V  [jvm.dll+0x60ed66]
C  [ucrtbase.dll+0x21bb2]
C  [KERNEL32.DLL+0x17614]
C  [ntdll.dll+0x526a1]


---------------  P R O C E S S  ---------------

Threads class SMR info:
_java_thread_list=0x000002bfa58f0da0, length=123, elements={
0x000002bf83e51000, 0x000002bf9e2e5000, 0x000002bf9e2e8000, 0x000002bf9e2f2800,
0x000002bf9ec64800, 0x000002bf9ec68800, 0x000002bf9e2fc800, 0x000002bf9e301800,
0x000002bf9e304800, 0x000002bf9edb2800, 0x000002bfa0a4b800, 0x000002bf9ee9d800,
0x000002bf9f476000, 0x000002bfa09f8800, 0x000002bfa0cd2800, 0x000002bfa16e1800,
0x000002bfa0518800, 0x000002bfa0cd3000, 0x000002bfa1fdd000, 0x000002bfa1399800,
0x000002bfa0324000, 0x000002bfa0323800, 0x000002bfa0320000, 0x000002bfa0fb0000,
0x000002bfa0321000, 0x000002bfa0325000, 0x000002bfa031f800, 0x000002bfa0322800,
0x000002bfa0326000, 0x000002bfa0321800, 0x000002bfa4c58800, 0x000002bfa4c54000,
0x000002bfa4c57000, 0x000002bfa4c56800, 0x000002bfa4c54800, 0x000002bfa4c59800,
0x000002bfa4c5a800, 0x000002bfa4c5b000, 0x000002bfa4c55800, 0x000002bfa4c5c000,
0x000002bfa4c5f800, 0x000002bfa4c5d800, 0x000002bfa4c5e800, 0x000002bfa4c61800,
0x000002bfa4c62800, 0x000002bfa4c60000, 0x000002bfa4c61000, 0x000002bfa4c5d000,
0x000002bfa431d800, 0x000002bfa431f000, 0x000002bfa4320000, 0x000002bfa431c800,
0x000002bfa4321000, 0x000002bfa4321800, 0x000002bfa4323000, 0x000002bfa4324000,
0x000002bfa4322800, 0x000002bfa431e800, 0x000002bfa4326800, 0x000002bfa4325000,
0x000002bfa4327800, 0x000002bfa4325800, 0x000002bfa4328000, 0x000002bfa4329000,
0x000002bfa432a000, 0x000002bfa432a800, 0x000002bfa432b800, 0x000002bfa28b4800,
0x000002bfa28b5800, 0x000002bfa28b3000, 0x000002bfa28b0800, 0x000002bfa28b2000,
0x000002bfa28b3800, 0x000002bfa28b6000, 0x000002bfa28b1800, 0x000002bfa28b8800,
0x000002bfa28bc800, 0x000002bfa28ba800, 0x000002bfa28b7000, 0x000002bfa28bd800,
0x000002bfa28b8000, 0x000002bfa28bc000, 0x000002bfa28b9800, 0x000002bfa28be800,
0x000002bfa28bb000, 0x000002bfa28bf000, 0x000002bfa53cc800, 0x000002bfa53ce800,
0x000002bfa53cd800, 0x000002bfa53cf000, 0x000002bfa53d0000, 0x000002bfa53ca800,
0x000002bfa53d1000, 0x000002bfa53cb000, 0x000002bfa53d1800, 0x000002bfa53cc000,
0x000002bfa53d2800, 0x000002bfa53d6800, 0x000002bfa53d3800, 0x000002bfa53d4000,
0x000002bfa53d9000, 0x000002bfa53d5000, 0x000002bfa53d5800, 0x000002bfa53d7800,
0x000002bfa53d8000, 0x000002bfa53a5000, 0x000002bfa53a2800, 0x000002bfa53a4800,
0x000002bfa53a6000, 0x000002bfa53a0800, 0x000002bfa53a3800, 0x000002bfa53a7000,
0x000002bfa53a1000, 0x000002bfa53a2000, 0x000002bfa53ac800, 0x000002bfa53a8800,
0x000002bfa53aa000, 0x000002bfa53a9800, 0x000002bfa53ad800, 0x000002bfa53a7800,
0x000002bfa53ae000, 0x000002bfa53af000, 0x000002bfa53ab000
}

Java Threads: ( => current thread )
  0x000002bf83e51000 JavaThread "main" [_thread_blocked, id=4568, stack(0x000000e262600000,0x000000e262700000)]
  0x000002bf9e2e5000 JavaThread "Reference Handler" daemon [_thread_blocked, id=10480, stack(0x000000e262d00000,0x000000e262e00000)]
  0x000002bf9e2e8000 JavaThread "Finalizer" daemon [_thread_blocked, id=17468, stack(0x000000e262e00000,0x000000e262f00000)]
  0x000002bf9e2f2800 JavaThread "Signal Dispatcher" daemon [_thread_blocked, id=8564, stack(0x000000e262f00000,0x000000e263000000)]
  0x000002bf9ec64800 JavaThread "Attach Listener" daemon [_thread_blocked, id=18116, stack(0x000000e263000000,0x000000e263100000)]
  0x000002bf9ec68800 JavaThread "Service Thread" daemon [_thread_blocked, id=3044, stack(0x000000e263100000,0x000000e263200000)]
  0x000002bf9e2fc800 JavaThread "C2 CompilerThread0" daemon [_thread_in_native, id=3612, stack(0x000000e263200000,0x000000e263300000)]
  0x000002bf9e301800 JavaThread "C1 CompilerThread0" daemon [_thread_in_vm, id=16588, stack(0x000000e263300000,0x000000e263400000)]
  0x000002bf9e304800 JavaThread "Sweeper thread" daemon [_thread_blocked, id=2444, stack(0x000000e263400000,0x000000e263500000)]
  0x000002bf9edb2800 JavaThread "Common-Cleaner" daemon [_thread_blocked, id=1644, stack(0x000000e263500000,0x000000e263600000)]
  0x000002bfa0a4b800 JavaThread "Daemon health stats" [_thread_blocked, id=12148, stack(0x000000e263b00000,0x000000e263c00000)]
  0x000002bf9ee9d800 JavaThread "Incoming local TCP Connector on port 59189" [_thread_in_native, id=8392, stack(0x000000e263700000,0x000000e263800000)]
  0x000002bf9f476000 JavaThread "Daemon periodic checks" [_thread_blocked, id=15912, stack(0x000000e263800000,0x000000e263900000)]
  0x000002bfa09f8800 JavaThread "Daemon" [_thread_blocked, id=9904, stack(0x000000e263c00000,0x000000e263d00000)]
  0x000002bfa0cd2800 JavaThread "Handler for socket connection from /127.0.0.1:59189 to /127.0.0.1:59190" [_thread_in_native, id=11692, stack(0x000000e263d00000,0x000000e263e00000)]
  0x000002bfa16e1800 JavaThread "Cancel handler" [_thread_blocked, id=14372, stack(0x000000e263e00000,0x000000e263f00000)]
  0x000002bfa0518800 JavaThread "Daemon worker" [_thread_in_vm, id=10748, stack(0x000000e263f00000,0x000000e264000000)]
  0x000002bfa0cd3000 JavaThread "Asynchronous log dispatcher for DefaultDaemonConnection: socket connection from /127.0.0.1:59189 to /127.0.0.1:59190" [_thread_blocked, id=12344, stack(0x000000e264000000,0x000000e264100000)]
  0x000002bfa1fdd000 JavaThread "Stdin handler" [_thread_blocked, id=9928, stack(0x000000e264100000,0x000000e264200000)]
  0x000002bfa1399800 JavaThread "Daemon client event forwarder" [_thread_blocked, id=8444, stack(0x000000e264200000,0x000000e264300000)]
  0x000002bfa0324000 JavaThread "Cache worker for journal cache (C:\Users\Prince Verma\.gradle\caches\journal-1)" [_thread_blocked, id=9512, stack(0x000000e264800000,0x000000e264900000)]
  0x000002bfa0323800 JavaThread "File lock request listener" [_thread_in_native, id=3968, stack(0x000000e264900000,0x000000e264a00000)]
  0x000002bfa0320000 JavaThread "Cache worker for file hash cache (C:\Users\Prince Verma\.gradle\caches\7.4\fileHashes)" [_thread_blocked, id=17572, stack(0x000000e264a00000,0x000000e264b00000)]
=>0x000002bfa0fb0000 JavaThread "C2 CompilerThread1" daemon [_thread_in_native, id=8872, stack(0x000000e264c00000,0x000000e264d00000)]
  0x000002bfa0321000 JavaThread "File watcher server" daemon [_thread_in_native, id=17460, stack(0x000000e264e00000,0x000000e264f00000)]
  0x000002bfa0325000 JavaThread "File watcher consumer" daemon [_thread_blocked, id=7288, stack(0x000000e264f00000,0x000000e265000000)]
  0x000002bfa031f800 JavaThread "Cache worker for checksums cache (C:\Users\Prince Verma\AndroidStudioProjects\Jewel\.gradle\7.4\checksums)" [_thread_blocked, id=12408, stack(0x000000e265000000,0x000000e265100000)]
  0x000002bfa0322800 JavaThread "Cache worker for cache directory md-rule (C:\Users\Prince Verma\.gradle\caches\7.4\md-rule)" [_thread_blocked, id=17612, stack(0x000000e265100000,0x000000e265200000)]
  0x000002bfa0326000 JavaThread "Cache worker for file hash cache (C:\Users\Prince Verma\AndroidStudioProjects\Jewel\.gradle\7.4\fileHashes)" [_thread_blocked, id=7896, stack(0x000000e265200000,0x000000e265300000)]
  0x000002bfa0321800 JavaThread "Cache worker for cache directory md-supplier (C:\Users\Prince Verma\.gradle\caches\7.4\md-supplier)" [_thread_blocked, id=9960, stack(0x000000e265300000,0x000000e265400000)]
  0x000002bfa4c58800 JavaThread "Cache worker for execution history cache (C:\Users\Prince Verma\.gradle\caches\7.4\executionHistory)" [_thread_blocked, id=12736, stack(0x000000e265400000,0x000000e265500000)]
  0x000002bfa4c54000 JavaThread "jar transforms" [_thread_blocked, id=12584, stack(0x000000e265500000,0x000000e265600000)]
  0x000002bfa4c57000 JavaThread "Cache worker for file content cache (C:\Users\Prince Verma\.gradle\caches\7.4\fileContent)" [_thread_blocked, id=13132, stack(0x000000e265600000,0x000000e265700000)]
  0x000002bfa4c56800 JavaThread "jar transforms Thread 2" [_thread_blocked, id=10184, stack(0x000000e265700000,0x000000e265800000)]
  0x000002bfa4c54800 JavaThread "Cache worker for dependencies-accessors (C:\Users\Prince Verma\AndroidStudioProjects\Jewel\.gradle\7.4\dependencies-accessors)" [_thread_blocked, id=12172, stack(0x000000e265800000,0x000000e265900000)]
  0x000002bfa4c59800 JavaThread "jar transforms Thread 3" [_thread_blocked, id=16372, stack(0x000000e265900000,0x000000e265a00000)]
  0x000002bfa4c5a800 JavaThread "Cache worker for Build Output Cleanup Cache (C:\Users\Prince Verma\AndroidStudioProjects\Jewel\.gradle\buildOutputCleanup)" [_thread_blocked, id=11896, stack(0x000000e265a00000,0x000000e265b00000)]
  0x000002bfa4c5b000 JavaThread "Unconstrained build operations" [_thread_blocked, id=13900, stack(0x000000e265b00000,0x000000e265c00000)]
  0x000002bfa4c55800 JavaThread "Unconstrained build operations Thread 2" [_thread_blocked, id=7924, stack(0x000000e265c00000,0x000000e265d00000)]
  0x000002bfa4c5c000 JavaThread "Unconstrained build operations Thread 3" [_thread_blocked, id=16888, stack(0x000000e265d00000,0x000000e265e00000)]
  0x000002bfa4c5f800 JavaThread "Unconstrained build operations Thread 4" [_thread_blocked, id=17724, stack(0x000000e265e00000,0x000000e265f00000)]
  0x000002bfa4c5d800 JavaThread "Unconstrained build operations Thread 5" [_thread_blocked, id=15960, stack(0x000000e265f00000,0x000000e266000000)]
  0x000002bfa4c5e800 JavaThread "Unconstrained build operations Thread 6" [_thread_blocked, id=14928, stack(0x000000e266000000,0x000000e266100000)]
  0x000002bfa4c61800 JavaThread "Unconstrained build operations Thread 7" [_thread_blocked, id=2132, stack(0x000000e266100000,0x000000e266200000)]
  0x000002bfa4c62800 JavaThread "Unconstrained build operations Thread 8" [_thread_blocked, id=12684, stack(0x000000e266200000,0x000000e266300000)]
  0x000002bfa4c60000 JavaThread "Unconstrained build operations Thread 9" [_thread_blocked, id=9920, stack(0x000000e266300000,0x000000e266400000)]
  0x000002bfa4c61000 JavaThread "Unconstrained build operations Thread 10" [_thread_blocked, id=13308, stack(0x000000e266400000,0x000000e266500000)]
  0x000002bfa4c5d000 JavaThread "Unconstrained build operations Thread 11" [_thread_blocked, id=17148, stack(0x000000e266500000,0x000000e266600000)]
  0x000002bfa431d800 JavaThread "Unconstrained build operations Thread 12" [_thread_blocked, id=13028, stack(0x000000e266600000,0x000000e266700000)]
  0x000002bfa431f000 JavaThread "Unconstrained build operations Thread 13" [_thread_blocked, id=9192, stack(0x000000e266700000,0x000000e266800000)]
  0x000002bfa4320000 JavaThread "Unconstrained build operations Thread 14" [_thread_blocked, id=6148, stack(0x000000e266800000,0x000000e266900000)]
  0x000002bfa431c800 JavaThread "Unconstrained build operations Thread 15" [_thread_blocked, id=8732, stack(0x000000e266900000,0x000000e266a00000)]
  0x000002bfa4321000 JavaThread "Unconstrained build operations Thread 16" [_thread_blocked, id=9332, stack(0x000000e266a00000,0x000000e266b00000)]
  0x000002bfa4321800 JavaThread "Unconstrained build operations Thread 17" [_thread_blocked, id=7836, stack(0x000000e266b00000,0x000000e266c00000)]
  0x000002bfa4323000 JavaThread "Unconstrained build operations Thread 18" [_thread_blocked, id=17960, stack(0x000000e266c00000,0x000000e266d00000)]
  0x000002bfa4324000 JavaThread "Unconstrained build operations Thread 19" [_thread_blocked, id=11780, stack(0x000000e266d00000,0x000000e266e00000)]
  0x000002bfa4322800 JavaThread "Unconstrained build operations Thread 20" [_thread_blocked, id=16148, stack(0x000000e266e00000,0x000000e266f00000)]
  0x000002bfa431e800 JavaThread "Unconstrained build operations Thread 21" [_thread_blocked, id=12792, stack(0x000000e266f00000,0x000000e267000000)]
  0x000002bfa4326800 JavaThread "Unconstrained build operations Thread 22" [_thread_blocked, id=15292, stack(0x000000e267000000,0x000000e267100000)]
  0x000002bfa4325000 JavaThread "Unconstrained build operations Thread 23" [_thread_blocked, id=14568, stack(0x000000e267100000,0x000000e267200000)]
  0x000002bfa4327800 JavaThread "Unconstrained build operations Thread 24" [_thread_blocked, id=13676, stack(0x000000e267200000,0x000000e267300000)]
  0x000002bfa4325800 JavaThread "Unconstrained build operations Thread 25" [_thread_blocked, id=15660, stack(0x000000e267300000,0x000000e267400000)]
  0x000002bfa4328000 JavaThread "Unconstrained build operations Thread 26" [_thread_blocked, id=2724, stack(0x000000e267400000,0x000000e267500000)]
  0x000002bfa4329000 JavaThread "Unconstrained build operations Thread 27" [_thread_blocked, id=6852, stack(0x000000e267500000,0x000000e267600000)]
  0x000002bfa432a000 JavaThread "Unconstrained build operations Thread 28" [_thread_blocked, id=10804, stack(0x000000e267600000,0x000000e267700000)]
  0x000002bfa432a800 JavaThread "Unconstrained build operations Thread 29" [_thread_blocked, id=13972, stack(0x000000e267700000,0x000000e267800000)]
  0x000002bfa432b800 JavaThread "Unconstrained build operations Thread 30" [_thread_blocked, id=6804, stack(0x000000e267800000,0x000000e267900000)]
  0x000002bfa28b4800 JavaThread "Unconstrained build operations Thread 31" [_thread_blocked, id=14524, stack(0x000000e267900000,0x000000e267a00000)]
  0x000002bfa28b5800 JavaThread "Unconstrained build operations Thread 32" [_thread_blocked, id=7928, stack(0x000000e267a00000,0x000000e267b00000)]
  0x000002bfa28b3000 JavaThread "Unconstrained build operations Thread 33" [_thread_blocked, id=16400, stack(0x000000e267b00000,0x000000e267c00000)]
  0x000002bfa28b0800 JavaThread "Unconstrained build operations Thread 34" [_thread_blocked, id=11616, stack(0x000000e267c00000,0x000000e267d00000)]
  0x000002bfa28b2000 JavaThread "Unconstrained build operations Thread 35" [_thread_blocked, id=988, stack(0x000000e267d00000,0x000000e267e00000)]
  0x000002bfa28b3800 JavaThread "Unconstrained build operations Thread 36" [_thread_blocked, id=8836, stack(0x000000e267e00000,0x000000e267f00000)]
  0x000002bfa28b6000 JavaThread "Unconstrained build operations Thread 37" [_thread_blocked, id=12904, stack(0x000000e267f00000,0x000000e268000000)]
  0x000002bfa28b1800 JavaThread "Unconstrained build operations Thread 38" [_thread_blocked, id=8260, stack(0x000000e268000000,0x000000e268100000)]
  0x000002bfa28b8800 JavaThread "Unconstrained build operations Thread 39" [_thread_blocked, id=7600, stack(0x000000e268100000,0x000000e268200000)]
  0x000002bfa28bc800 JavaThread "Unconstrained build operations Thread 40" [_thread_blocked, id=8256, stack(0x000000e268200000,0x000000e268300000)]
  0x000002bfa28ba800 JavaThread "Unconstrained build operations Thread 41" [_thread_blocked, id=4576, stack(0x000000e268300000,0x000000e268400000)]
  0x000002bfa28b7000 JavaThread "Unconstrained build operations Thread 42" [_thread_blocked, id=6612, stack(0x000000e268400000,0x000000e268500000)]
  0x000002bfa28bd800 JavaThread "Unconstrained build operations Thread 43" [_thread_blocked, id=16656, stack(0x000000e268500000,0x000000e268600000)]
  0x000002bfa28b8000 JavaThread "Unconstrained build operations Thread 44" [_thread_blocked, id=4356, stack(0x000000e268600000,0x000000e268700000)]
  0x000002bfa28bc000 JavaThread "Unconstrained build operations Thread 45" [_thread_blocked, id=11916, stack(0x000000e268700000,0x000000e268800000)]
  0x000002bfa28b9800 JavaThread "Unconstrained build operations Thread 46" [_thread_blocked, id=15812, stack(0x000000e268800000,0x000000e268900000)]
  0x000002bfa28be800 JavaThread "Unconstrained build operations Thread 47" [_thread_blocked, id=17304, stack(0x000000e268900000,0x000000e268a00000)]
  0x000002bfa28bb000 JavaThread "Unconstrained build operations Thread 48" [_thread_blocked, id=16768, stack(0x000000e268a00000,0x000000e268b00000)]
  0x000002bfa28bf000 JavaThread "Unconstrained build operations Thread 49" [_thread_blocked, id=7124, stack(0x000000e268b00000,0x000000e268c00000)]
  0x000002bfa53cc800 JavaThread "Unconstrained build operations Thread 50" [_thread_blocked, id=13080, stack(0x000000e268c00000,0x000000e268d00000)]
  0x000002bfa53ce800 JavaThread "Unconstrained build operations Thread 51" [_thread_blocked, id=5808, stack(0x000000e268d00000,0x000000e268e00000)]
  0x000002bfa53cd800 JavaThread "Unconstrained build operations Thread 52" [_thread_blocked, id=15664, stack(0x000000e268e00000,0x000000e268f00000)]
  0x000002bfa53cf000 JavaThread "Unconstrained build operations Thread 53" [_thread_blocked, id=10824, stack(0x000000e268f00000,0x000000e269000000)]
  0x000002bfa53d0000 JavaThread "Unconstrained build operations Thread 54" [_thread_blocked, id=17140, stack(0x000000e269000000,0x000000e269100000)]
  0x000002bfa53ca800 JavaThread "Unconstrained build operations Thread 55" [_thread_blocked, id=15192, stack(0x000000e269100000,0x000000e269200000)]
  0x000002bfa53d1000 JavaThread "Unconstrained build operations Thread 56" [_thread_blocked, id=6840, stack(0x000000e269200000,0x000000e269300000)]
  0x000002bfa53cb000 JavaThread "Unconstrained build operations Thread 57" [_thread_blocked, id=2664, stack(0x000000e269300000,0x000000e269400000)]
  0x000002bfa53d1800 JavaThread "Unconstrained build operations Thread 58" [_thread_blocked, id=9360, stack(0x000000e269400000,0x000000e269500000)]
  0x000002bfa53cc000 JavaThread "Unconstrained build operations Thread 59" [_thread_blocked, id=1172, stack(0x000000e269500000,0x000000e269600000)]
  0x000002bfa53d2800 JavaThread "Unconstrained build operations Thread 60" [_thread_blocked, id=11708, stack(0x000000e269600000,0x000000e269700000)]
  0x000002bfa53d6800 JavaThread "Unconstrained build operations Thread 61" [_thread_blocked, id=12128, stack(0x000000e269700000,0x000000e269800000)]
  0x000002bfa53d3800 JavaThread "Unconstrained build operations Thread 62" [_thread_blocked, id=11496, stack(0x000000e269800000,0x000000e269900000)]
  0x000002bfa53d4000 JavaThread "Unconstrained build operations Thread 63" [_thread_blocked, id=18356, stack(0x000000e269900000,0x000000e269a00000)]
  0x000002bfa53d9000 JavaThread "Unconstrained build operations Thread 64" [_thread_blocked, id=11256, stack(0x000000e269a00000,0x000000e269b00000)]
  0x000002bfa53d5000 JavaThread "Unconstrained build operations Thread 65" [_thread_blocked, id=16636, stack(0x000000e269b00000,0x000000e269c00000)]
  0x000002bfa53d5800 JavaThread "Unconstrained build operations Thread 66" [_thread_blocked, id=16492, stack(0x000000e269c00000,0x000000e269d00000)]
  0x000002bfa53d7800 JavaThread "Unconstrained build operations Thread 67" [_thread_blocked, id=5088, stack(0x000000e269d00000,0x000000e269e00000)]
  0x000002bfa53d8000 JavaThread "Unconstrained build operations Thread 68" [_thread_blocked, id=14832, stack(0x000000e269e00000,0x000000e269f00000)]
  0x000002bfa53a5000 JavaThread "Unconstrained build operations Thread 69" [_thread_blocked, id=8496, stack(0x000000e269f00000,0x000000e26a000000)]
  0x000002bfa53a2800 JavaThread "Unconstrained build operations Thread 70" [_thread_blocked, id=14100, stack(0x000000e26a000000,0x000000e26a100000)]
  0x000002bfa53a4800 JavaThread "Unconstrained build operations Thread 71" [_thread_blocked, id=10648, stack(0x000000e26a100000,0x000000e26a200000)]
  0x000002bfa53a6000 JavaThread "Unconstrained build operations Thread 72" [_thread_blocked, id=18224, stack(0x000000e26a200000,0x000000e26a300000)]
  0x000002bfa53a0800 JavaThread "Unconstrained build operations Thread 73" [_thread_blocked, id=10140, stack(0x000000e26a300000,0x000000e26a400000)]
  0x000002bfa53a3800 JavaThread "Unconstrained build operations Thread 74" [_thread_blocked, id=10932, stack(0x000000e26a400000,0x000000e26a500000)]
  0x000002bfa53a7000 JavaThread "Unconstrained build operations Thread 75" [_thread_blocked, id=6988, stack(0x000000e26a500000,0x000000e26a600000)]
  0x000002bfa53a1000 JavaThread "Unconstrained build operations Thread 76" [_thread_blocked, id=2836, stack(0x000000e26a600000,0x000000e26a700000)]
  0x000002bfa53a2000 JavaThread "Unconstrained build operations Thread 77" [_thread_blocked, id=1440, stack(0x000000e26a700000,0x000000e26a800000)]
  0x000002bfa53ac800 JavaThread "Unconstrained build operations Thread 78" [_thread_blocked, id=11288, stack(0x000000e26a800000,0x000000e26a900000)]
  0x000002bfa53a8800 JavaThread "Unconstrained build operations Thread 79" [_thread_blocked, id=6888, stack(0x000000e26a900000,0x000000e26aa00000)]
  0x000002bfa53aa000 JavaThread "Unconstrained build operations Thread 80" [_thread_blocked, id=11944, stack(0x000000e26aa00000,0x000000e26ab00000)]
  0x000002bfa53a9800 JavaThread "jar transforms Thread 4" [_thread_blocked, id=12856, stack(0x000000e26ab00000,0x000000e26ac00000)]
  0x000002bfa53ad800 JavaThread "jar transforms Thread 5" [_thread_blocked, id=6740, stack(0x000000e26ac00000,0x000000e26ad00000)]
  0x000002bfa53a7800 JavaThread "jar transforms Thread 6" [_thread_blocked, id=3924, stack(0x000000e26ad00000,0x000000e26ae00000)]
  0x000002bfa53ae000 JavaThread "jar transforms Thread 7" [_thread_blocked, id=11128, stack(0x000000e26ae00000,0x000000e26af00000)]
  0x000002bfa53af000 JavaThread "jar transforms Thread 8" [_thread_blocked, id=4104, stack(0x000000e26af00000,0x000000e26b000000)]
  0x000002bfa53ab000 JavaThread "Memory manager" [_thread_blocked, id=7316, stack(0x000000e26b000000,0x000000e26b100000)]

Other Threads:
  0x000002bf9e2e2800 VMThread "VM Thread" [stack: 0x000000e262c00000,0x000000e262d00000] [id=12768]
  0x000002bf9edd2000 WatcherThread [stack: 0x000000e263600000,0x000000e263700000] [id=16564]
  0x000002bf83e66800 GCTaskThread "GC Thread#0" [stack: 0x000000e262700000,0x000000e262800000] [id=10028]
  0x000002bfa03f4800 GCTaskThread "GC Thread#1" [stack: 0x000000e263900000,0x000000e263a00000] [id=16104]
  0x000002bfa025d800 GCTaskThread "GC Thread#2" [stack: 0x000000e263a00000,0x000000e263b00000] [id=16072]
  0x000002bf9f5da000 GCTaskThread "GC Thread#3" [stack: 0x000000e264300000,0x000000e264400000] [id=284]
  0x000002bf9ff62000 GCTaskThread "GC Thread#4" [stack: 0x000000e264400000,0x000000e264500000] [id=12352]
  0x000002bfa11df800 GCTaskThread "GC Thread#5" [stack: 0x000000e264500000,0x000000e264600000] [id=3892]
  0x000002bf9fb17000 GCTaskThread "GC Thread#6" [stack: 0x000000e264600000,0x000000e264700000] [id=10420]
  0x000002bf9f2c4800 GCTaskThread "GC Thread#7" [stack: 0x000000e264700000,0x000000e264800000] [id=16096]
  0x000002bf83e9a800 ConcurrentGCThread "G1 Main Marker" [stack: 0x000000e262800000,0x000000e262900000] [id=1716]
  0x000002bf83e9b800 ConcurrentGCThread "G1 Conc#0" [stack: 0x000000e262900000,0x000000e262a00000] [id=4440]
  0x000002bfa1704000 ConcurrentGCThread "G1 Conc#1" [stack: 0x000000e264b00000,0x000000e264c00000] [id=16280]
  0x000002bf9e130800 ConcurrentGCThread "G1 Refine#0" [stack: 0x000000e262a00000,0x000000e262b00000] [id=16996]
  0x000002bf9e131800 ConcurrentGCThread "G1 Young RemSet Sampling" [stack: 0x000000e262b00000,0x000000e262c00000] [id=9608]

Threads with active compile tasks:
C2 CompilerThread0  11444 7123       4       org.gradle.internal.instantiation.generator.AbstractClassGenerator$PropertyMetadata::getType (34 bytes)
C2 CompilerThread1  11444 7110 %     4       org.gradle.internal.instantiation.generator.AbstractClassGenerator::inspectType @ 207 (560 bytes)

VM state:not at safepoint (normal execution)

VM Mutex/Monitor currently owned by a thread: None

Heap address: 0x0000000080000000, size: 2048 MB, Compressed Oops mode: 32-bit
Narrow klass base: 0x0000000000000000, Narrow klass shift: 3
Compressed class space size: 1073741824 Address: 0x0000000100000000

Heap:
 garbage-first heap   total 157696K, used 59902K [0x0000000080000000, 0x0000000100000000)
  region size 1024K, 10 young (10240K), 9 survivors (9216K)
 Metaspace       used 74648K, capacity 76404K, committed 76664K, reserved 1116160K
  class space    used 9646K, capacity 10342K, committed 10444K, reserved 1048576K
Heap Regions: E=young(eden), S=young(survivor), O=old, HS=humongous(starts), HC=humongous(continues), CS=collection set, F=free, A=archive, TAMS=top-at-mark-start (previous, next)
|   0|0x0000000080000000, 0x0000000080100000, 0x0000000080100000|100%| O|  |TAMS 0x0000000080100000, 0x0000000080000000| Untracked 
|   1|0x0000000080100000, 0x0000000080200000, 0x0000000080200000|100%| O|  |TAMS 0x0000000080200000, 0x0000000080100000| Untracked 
|   2|0x0000000080200000, 0x0000000080300000, 0x0000000080300000|100%| O|  |TAMS 0x0000000080300000, 0x0000000080200000| Untracked 
|   3|0x0000000080300000, 0x0000000080400000, 0x0000000080400000|100%|HS|  |TAMS 0x0000000080400000, 0x0000000080300000| Complete 
|   4|0x0000000080400000, 0x0000000080500000, 0x0000000080500000|100%|HC|  |TAMS 0x0000000080500000, 0x0000000080400000| Complete 
|   5|0x0000000080500000, 0x0000000080600000, 0x0000000080600000|100%|HC|  |TAMS 0x0000000080600000, 0x0000000080500000| Complete 
|   6|0x0000000080600000, 0x0000000080700000, 0x0000000080700000|100%| O|  |TAMS 0x0000000080700000, 0x0000000080600000| Untracked 
|   7|0x0000000080700000, 0x0000000080800000, 0x0000000080800000|100%| O|  |TAMS 0x0000000080800000, 0x0000000080700000| Untracked 
|   8|0x0000000080800000, 0x0000000080900000, 0x0000000080900000|100%| O|  |TAMS 0x0000000080900000, 0x0000000080800000| Untracked 
|   9|0x0000000080900000, 0x0000000080a00000, 0x0000000080a00000|100%| O|  |TAMS 0x0000000080a00000, 0x0000000080900000| Untracked 
|  10|0x0000000080a00000, 0x0000000080b00000, 0x0000000080b00000|100%| O|  |TAMS 0x0000000080b00000, 0x0000000080a00000| Untracked 
|  11|0x0000000080b00000, 0x0000000080c00000, 0x0000000080c00000|100%| O|  |TAMS 0x0000000080c00000, 0x0000000080b00000| Untracked 
|  12|0x0000000080c00000, 0x0000000080d00000, 0x0000000080d00000|100%| O|  |TAMS 0x0000000080d00000, 0x0000000080c00000| Untracked 
|  13|0x0000000080d00000, 0x0000000080e00000, 0x0000000080e00000|100%| O|  |TAMS 0x0000000080e00000, 0x0000000080d00000| Untracked 
|  14|0x0000000080e00000, 0x0000000080f00000, 0x0000000080f00000|100%| O|  |TAMS 0x0000000080f00000, 0x0000000080e00000| Untracked 
|  15|0x0000000080f00000, 0x0000000081000000, 0x0000000081000000|100%| O|  |TAMS 0x0000000081000000, 0x0000000080f00000| Untracked 
|  16|0x0000000081000000, 0x0000000081100000, 0x0000000081100000|100%|HS|  |TAMS 0x0000000081000000, 0x0000000081000000| Complete 
|  17|0x0000000081100000, 0x0000000081200000, 0x0000000081200000|100%| O|  |TAMS 0x0000000081200000, 0x0000000081100000| Untracked 
|  18|0x0000000081200000, 0x0000000081300000, 0x0000000081300000|100%| O|  |TAMS 0x0000000081300000, 0x0000000081200000| Untracked 
|  19|0x0000000081300000, 0x0000000081400000, 0x0000000081400000|100%| O|  |TAMS 0x0000000081400000, 0x0000000081300000| Untracked 
|  20|0x0000000081400000, 0x0000000081500000, 0x0000000081500000|100%| O|  |TAMS 0x0000000081500000, 0x0000000081400000| Untracked 
|  21|0x0000000081500000, 0x0000000081600000, 0x0000000081600000|100%| O|  |TAMS 0x0000000081600000, 0x0000000081500000| Untracked 
|  22|0x0000000081600000, 0x0000000081700000, 0x0000000081700000|100%| O|  |TAMS 0x0000000081700000, 0x0000000081600000| Untracked 
|  23|0x0000000081700000, 0x0000000081800000, 0x0000000081800000|100%| O|  |TAMS 0x0000000081800000, 0x0000000081700000| Untracked 
|  24|0x0000000081800000, 0x0000000081900000, 0x0000000081900000|100%| O|  |TAMS 0x000000008181b800, 0x0000000081800000| Untracked 
|  25|0x0000000081900000, 0x0000000081a00000, 0x0000000081a00000|100%|HS|  |TAMS 0x0000000081900000, 0x0000000081900000| Complete 
|  26|0x0000000081a00000, 0x0000000081b00000, 0x0000000081b00000|100%| O|  |TAMS 0x0000000081a00000, 0x0000000081a00000| Untracked 
|  27|0x0000000081b00000, 0x0000000081c00000, 0x0000000081c00000|100%| O|  |TAMS 0x0000000081b00000, 0x0000000081b00000| Untracked 
|  28|0x0000000081c00000, 0x0000000081d00000, 0x0000000081d00000|100%| O|  |TAMS 0x0000000081c00000, 0x0000000081c00000| Untracked 
|  29|0x0000000081d00000, 0x0000000081e00000, 0x0000000081e00000|100%| O|  |TAMS 0x0000000081d00000, 0x0000000081d00000| Untracked 
|  30|0x0000000081e00000, 0x0000000081e00000, 0x0000000081f00000|  0%| F|  |TAMS 0x0000000081e00000, 0x0000000081e00000| Untracked 
|  31|0x0000000081f00000, 0x0000000082000000, 0x0000000082000000|100%|HS|  |TAMS 0x0000000081f00000, 0x0000000081f00000| Complete 
|  32|0x0000000082000000, 0x0000000082100000, 0x0000000082100000|100%|HC|  |TAMS 0x0000000082000000, 0x0000000082000000| Complete 
|  33|0x0000000082100000, 0x0000000082200000, 0x0000000082200000|100%| O|  |TAMS 0x0000000082100000, 0x0000000082100000| Untracked 
|  34|0x0000000082200000, 0x0000000082300000, 0x0000000082300000|100%| O|  |TAMS 0x0000000082200000, 0x0000000082200000| Untracked 
|  35|0x0000000082300000, 0x0000000082400000, 0x0000000082400000|100%| O|  |TAMS 0x0000000082300000, 0x0000000082300000| Untracked 
|  36|0x0000000082400000, 0x0000000082500000, 0x0000000082500000|100%| O|  |TAMS 0x0000000082400000, 0x0000000082400000| Untracked 
|  37|0x0000000082500000, 0x0000000082600000, 0x0000000082600000|100%| O|  |TAMS 0x0000000082500000, 0x0000000082500000| Untracked 
|  38|0x0000000082600000, 0x0000000082700000, 0x0000000082700000|100%| O|  |TAMS 0x0000000082600000, 0x0000000082600000| Untracked 
|  39|0x0000000082700000, 0x00000000827cbe00, 0x0000000082800000| 79%| O|  |TAMS 0x0000000082700000, 0x0000000082700000| Untracked 
|  40|0x0000000082800000, 0x0000000082900000, 0x0000000082900000|100%| O|  |TAMS 0x0000000082800000, 0x0000000082800000| Untracked 
|  41|0x0000000082900000, 0x0000000082a00000, 0x0000000082a00000|100%| O|  |TAMS 0x0000000082900000, 0x0000000082900000| Untracked 
|  42|0x0000000082a00000, 0x0000000082b00000, 0x0000000082b00000|100%| O|  |TAMS 0x0000000082a00000, 0x0000000082a00000| Untracked 
|  43|0x0000000082b00000, 0x0000000082c00000, 0x0000000082c00000|100%| O|  |TAMS 0x0000000082b00000, 0x0000000082b00000| Untracked 
|  44|0x0000000082c00000, 0x0000000082d00000, 0x0000000082d00000|100%| O|  |TAMS 0x0000000082c00000, 0x0000000082c00000| Untracked 
|  45|0x0000000082d00000, 0x0000000082e00000, 0x0000000082e00000|100%| O|  |TAMS 0x0000000082d00000, 0x0000000082d00000| Untracked 
|  46|0x0000000082e00000, 0x0000000082f00000, 0x0000000082f00000|100%| O|  |TAMS 0x0000000082e00000, 0x0000000082e00000| Untracked 
|  47|0x0000000082f00000, 0x0000000083000000, 0x0000000083000000|100%| O|  |TAMS 0x0000000082f00000, 0x0000000082f00000| Untracked 
|  48|0x0000000083000000, 0x0000000083100000, 0x0000000083100000|100%| O|  |TAMS 0x0000000083000000, 0x0000000083000000| Untracked 
|  49|0x0000000083100000, 0x0000000083200000, 0x0000000083200000|100%| O|  |TAMS 0x0000000083100000, 0x0000000083100000| Untracked 
|  50|0x0000000083200000, 0x0000000083300000, 0x0000000083300000|100%| O|  |TAMS 0x0000000083200000, 0x0000000083200000| Untracked 
|  51|0x0000000083300000, 0x0000000083300000, 0x0000000083400000|  0%| F|  |TAMS 0x0000000083300000, 0x0000000083300000| Untracked 
|  52|0x0000000083400000, 0x0000000083400000, 0x0000000083500000|  0%| F|  |TAMS 0x0000000083400000, 0x0000000083400000| Untracked 
|  53|0x0000000083500000, 0x0000000083500000, 0x0000000083600000|  0%| F|  |TAMS 0x0000000083500000, 0x0000000083500000| Untracked 
|  54|0x0000000083600000, 0x0000000083600000, 0x0000000083700000|  0%| F|  |TAMS 0x0000000083600000, 0x0000000083600000| Untracked 
|  55|0x0000000083700000, 0x0000000083700000, 0x0000000083800000|  0%| F|  |TAMS 0x0000000083700000, 0x0000000083700000| Untracked 
|  56|0x0000000083800000, 0x0000000083800000, 0x0000000083900000|  0%| F|  |TAMS 0x0000000083800000, 0x0000000083800000| Untracked 
|  57|0x0000000083900000, 0x0000000083900000, 0x0000000083a00000|  0%| F|  |TAMS 0x0000000083900000, 0x0000000083900000| Untracked 
|  58|0x0000000083a00000, 0x0000000083a00000, 0x0000000083b00000|  0%| F|  |TAMS 0x0000000083a00000, 0x0000000083a00000| Untracked 
|  59|0x0000000083b00000, 0x0000000083b00000, 0x0000000083c00000|  0%| F|  |TAMS 0x0000000083b00000, 0x0000000083b00000| Untracked 
|  60|0x0000000083c00000, 0x0000000083c00000, 0x0000000083d00000|  0%| F|  |TAMS 0x0000000083c00000, 0x0000000083c00000| Untracked 
|  61|0x0000000083d00000, 0x0000000083d00000, 0x0000000083e00000|  0%| F|  |TAMS 0x0000000083d00000, 0x0000000083d00000| Untracked 
|  62|0x0000000083e00000, 0x0000000083e00000, 0x0000000083f00000|  0%| F|  |TAMS 0x0000000083e00000, 0x0000000083e00000| Untracked 
|  63|0x0000000083f00000, 0x0000000083f00000, 0x0000000084000000|  0%| F|  |TAMS 0x0000000083f00000, 0x0000000083f00000| Untracked 
|  64|0x0000000084000000, 0x0000000084000000, 0x0000000084100000|  0%| F|  |TAMS 0x0000000084000000, 0x0000000084000000| Untracked 
|  65|0x0000000084100000, 0x0000000084100000, 0x0000000084200000|  0%| F|  |TAMS 0x0000000084100000, 0x0000000084100000| Untracked 
|  66|0x0000000084200000, 0x0000000084200000, 0x0000000084300000|  0%| F|  |TAMS 0x0000000084200000, 0x0000000084200000| Untracked 
|  67|0x0000000084300000, 0x0000000084300000, 0x0000000084400000|  0%| F|  |TAMS 0x0000000084300000, 0x0000000084300000| Untracked 
|  68|0x0000000084400000, 0x0000000084400000, 0x0000000084500000|  0%| F|  |TAMS 0x0000000084400000, 0x0000000084400000| Untracked 
|  69|0x0000000084500000, 0x0000000084500000, 0x0000000084600000|  0%| F|  |TAMS 0x0000000084500000, 0x0000000084500000| Untracked 
|  70|0x0000000084600000, 0x0000000084600000, 0x0000000084700000|  0%| F|  |TAMS 0x0000000084600000, 0x0000000084600000| Untracked 
|  71|0x0000000084700000, 0x0000000084700000, 0x0000000084800000|  0%| F|  |TAMS 0x0000000084700000, 0x0000000084700000| Untracked 
|  72|0x0000000084800000, 0x0000000084800000, 0x0000000084900000|  0%| F|  |TAMS 0x0000000084800000, 0x0000000084800000| Untracked 
|  73|0x0000000084900000, 0x0000000084900000, 0x0000000084a00000|  0%| F|  |TAMS 0x0000000084900000, 0x0000000084900000| Untracked 
|  74|0x0000000084a00000, 0x0000000084ab3a30, 0x0000000084b00000| 70%| S|CS|TAMS 0x0000000084a00000, 0x0000000084a00000| Complete 
|  75|0x0000000084b00000, 0x0000000084c00000, 0x0000000084c00000|100%| S|CS|TAMS 0x0000000084b00000, 0x0000000084b00000| Complete 
|  76|0x0000000084c00000, 0x0000000084d00000, 0x0000000084d00000|100%| S|CS|TAMS 0x0000000084c00000, 0x0000000084c00000| Complete 
|  77|0x0000000084d00000, 0x0000000084d00000, 0x0000000084e00000|  0%| F|  |TAMS 0x0000000084d00000, 0x0000000084d00000| Untracked 
|  78|0x0000000084e00000, 0x0000000084f00000, 0x0000000084f00000|100%| S|CS|TAMS 0x0000000084e00000, 0x0000000084e00000| Complete 
|  79|0x0000000084f00000, 0x0000000085000000, 0x0000000085000000|100%| S|CS|TAMS 0x0000000084f00000, 0x0000000084f00000| Complete 
|  80|0x0000000085000000, 0x0000000085100000, 0x0000000085100000|100%| S|CS|TAMS 0x0000000085000000, 0x0000000085000000| Complete 
|  81|0x0000000085100000, 0x0000000085200000, 0x0000000085200000|100%| S|CS|TAMS 0x0000000085100000, 0x0000000085100000| Complete 
|  82|0x0000000085200000, 0x0000000085200000, 0x0000000085300000|  0%| F|  |TAMS 0x0000000085200000, 0x0000000085200000| Untracked 
|  83|0x0000000085300000, 0x0000000085300000, 0x0000000085400000|  0%| F|  |TAMS 0x0000000085300000, 0x0000000085300000| Untracked 
|  84|0x0000000085400000, 0x0000000085400000, 0x0000000085500000|  0%| F|  |TAMS 0x0000000085400000, 0x0000000085400000| Untracked 
|  85|0x0000000085500000, 0x0000000085500000, 0x0000000085600000|  0%| F|  |TAMS 0x0000000085500000, 0x0000000085500000| Untracked 
|  86|0x0000000085600000, 0x0000000085700000, 0x0000000085700000|100%| S|CS|TAMS 0x0000000085600000, 0x0000000085600000| Complete 
|  87|0x0000000085700000, 0x0000000085800000, 0x0000000085800000|100%| S|CS|TAMS 0x0000000085700000, 0x0000000085700000| Complete 
|  88|0x0000000085800000, 0x0000000085800000, 0x0000000085900000|  0%| F|  |TAMS 0x0000000085800000, 0x0000000085800000| Untracked 
|  89|0x0000000085900000, 0x0000000085900000, 0x0000000085a00000|  0%| F|  |TAMS 0x0000000085900000, 0x0000000085900000| Untracked 
|  90|0x0000000085a00000, 0x0000000085a00000, 0x0000000085b00000|  0%| F|  |TAMS 0x0000000085a00000, 0x0000000085a00000| Untracked 
|  91|0x0000000085b00000, 0x0000000085b00000, 0x0000000085c00000|  0%| F|  |TAMS 0x0000000085b00000, 0x0000000085b00000| Untracked 
|  92|0x0000000085c00000, 0x0000000085c00000, 0x0000000085d00000|  0%| F|  |TAMS 0x0000000085c00000, 0x0000000085c00000| Untracked 
|  93|0x0000000085d00000, 0x0000000085d00000, 0x0000000085e00000|  0%| F|  |TAMS 0x0000000085d00000, 0x0000000085d00000| Untracked 
|  94|0x0000000085e00000, 0x0000000085e00000, 0x0000000085f00000|  0%| F|  |TAMS 0x0000000085e00000, 0x0000000085e00000| Untracked 
|  95|0x0000000085f00000, 0x0000000085f00000, 0x0000000086000000|  0%| F|  |TAMS 0x0000000085f00000, 0x0000000085f00000| Untracked 
|  96|0x0000000086000000, 0x0000000086000000, 0x0000000086100000|  0%| F|  |TAMS 0x0000000086000000, 0x0000000086000000| Untracked 
|  97|0x0000000086100000, 0x0000000086100000, 0x0000000086200000|  0%| F|  |TAMS 0x0000000086100000, 0x0000000086100000| Untracked 
|  98|0x0000000086200000, 0x0000000086200000, 0x0000000086300000|  0%| F|  |TAMS 0x0000000086200000, 0x0000000086200000| Untracked 
|  99|0x0000000086300000, 0x0000000086300000, 0x0000000086400000|  0%| F|  |TAMS 0x0000000086300000, 0x0000000086300000| Untracked 
| 100|0x0000000086400000, 0x0000000086400000, 0x0000000086500000|  0%| F|  |TAMS 0x0000000086400000, 0x0000000086400000| Untracked 
| 101|0x0000000086500000, 0x0000000086500000, 0x0000000086600000|  0%| F|  |TAMS 0x0000000086500000, 0x0000000086500000| Untracked 
| 102|0x0000000086600000, 0x0000000086600000, 0x0000000086700000|  0%| F|  |TAMS 0x0000000086600000, 0x0000000086600000| Untracked 
| 103|0x0000000086700000, 0x0000000086700000, 0x0000000086800000|  0%| F|  |TAMS 0x0000000086700000, 0x0000000086700000| Untracked 
| 104|0x0000000086800000, 0x0000000086800000, 0x0000000086900000|  0%| F|  |TAMS 0x0000000086800000, 0x0000000086800000| Untracked 
| 105|0x0000000086900000, 0x0000000086900000, 0x0000000086a00000|  0%| F|  |TAMS 0x0000000086900000, 0x0000000086900000| Untracked 
| 106|0x0000000086a00000, 0x0000000086a00000, 0x0000000086b00000|  0%| F|  |TAMS 0x0000000086a00000, 0x0000000086a00000| Untracked 
| 107|0x0000000086b00000, 0x0000000086b00000, 0x0000000086c00000|  0%| F|  |TAMS 0x0000000086b00000, 0x0000000086b00000| Untracked 
| 108|0x0000000086c00000, 0x0000000086c00000, 0x0000000086d00000|  0%| F|  |TAMS 0x0000000086c00000, 0x0000000086c00000| Untracked 
| 109|0x0000000086d00000, 0x0000000086d00000, 0x0000000086e00000|  0%| F|  |TAMS 0x0000000086d00000, 0x0000000086d00000| Untracked 
| 110|0x0000000086e00000, 0x0000000086e00000, 0x0000000086f00000|  0%| F|  |TAMS 0x0000000086e00000, 0x0000000086e00000| Untracked 
| 111|0x0000000086f00000, 0x0000000086f00000, 0x0000000087000000|  0%| F|  |TAMS 0x0000000086f00000, 0x0000000086f00000| Untracked 
| 112|0x0000000087000000, 0x0000000087000000, 0x0000000087100000|  0%| F|  |TAMS 0x0000000087000000, 0x0000000087000000| Untracked 
| 113|0x0000000087100000, 0x0000000087100000, 0x0000000087200000|  0%| F|  |TAMS 0x0000000087100000, 0x0000000087100000| Untracked 
| 114|0x0000000087200000, 0x0000000087200000, 0x0000000087300000|  0%| F|  |TAMS 0x0000000087200000, 0x0000000087200000| Untracked 
| 115|0x0000000087300000, 0x0000000087300000, 0x0000000087400000|  0%| F|  |TAMS 0x0000000087300000, 0x0000000087300000| Untracked 
| 116|0x0000000087400000, 0x0000000087400000, 0x0000000087500000|  0%| F|  |TAMS 0x0000000087400000, 0x0000000087400000| Untracked 
| 117|0x0000000087500000, 0x0000000087500000, 0x0000000087600000|  0%| F|  |TAMS 0x0000000087500000, 0x0000000087500000| Untracked 
| 118|0x0000000087600000, 0x0000000087600000, 0x0000000087700000|  0%| F|  |TAMS 0x0000000087600000, 0x0000000087600000| Untracked 
| 119|0x0000000087700000, 0x0000000087700000, 0x0000000087800000|  0%| F|  |TAMS 0x0000000087700000, 0x0000000087700000| Untracked 
| 120|0x0000000087800000, 0x0000000087800000, 0x0000000087900000|  0%| F|  |TAMS 0x0000000087800000, 0x0000000087800000| Untracked 
| 121|0x0000000087900000, 0x0000000087900000, 0x0000000087a00000|  0%| F|  |TAMS 0x0000000087900000, 0x0000000087900000| Untracked 
| 122|0x0000000087a00000, 0x0000000087a00000, 0x0000000087b00000|  0%| F|  |TAMS 0x0000000087a00000, 0x0000000087a00000| Untracked 
| 123|0x0000000087b00000, 0x0000000087b00000, 0x0000000087c00000|  0%| F|  |TAMS 0x0000000087b00000, 0x0000000087b00000| Untracked 
| 124|0x0000000087c00000, 0x0000000087c00000, 0x0000000087d00000|  0%| F|  |TAMS 0x0000000087c00000, 0x0000000087c00000| Untracked 
| 125|0x0000000087d00000, 0x0000000087d00000, 0x0000000087e00000|  0%| F|  |TAMS 0x0000000087d00000, 0x0000000087d00000| Untracked 
| 126|0x0000000087e00000, 0x0000000087e00000, 0x0000000087f00000|  0%| F|  |TAMS 0x0000000087e00000, 0x0000000087e00000| Untracked 
| 127|0x0000000087f00000, 0x0000000087f00000, 0x0000000088000000|  0%| F|  |TAMS 0x0000000087f00000, 0x0000000087f00000| Untracked 
| 128|0x0000000088000000, 0x0000000088000000, 0x0000000088100000|  0%| F|  |TAMS 0x0000000088000000, 0x0000000088000000| Untracked 
| 129|0x0000000088100000, 0x0000000088100000, 0x0000000088200000|  0%| F|  |TAMS 0x0000000088100000, 0x0000000088100000| Untracked 
| 130|0x0000000088200000, 0x0000000088200000, 0x0000000088300000|  0%| F|  |TAMS 0x0000000088200000, 0x0000000088200000| Untracked 
| 131|0x0000000088300000, 0x0000000088300000, 0x0000000088400000|  0%| F|  |TAMS 0x0000000088300000, 0x0000000088300000| Untracked 
| 132|0x0000000088400000, 0x0000000088400000, 0x0000000088500000|  0%| F|  |TAMS 0x0000000088400000, 0x0000000088400000| Untracked 
| 133|0x0000000088500000, 0x0000000088500000, 0x0000000088600000|  0%| F|  |TAMS 0x0000000088500000, 0x0000000088500000| Untracked 
| 134|0x0000000088600000, 0x0000000088600000, 0x0000000088700000|  0%| F|  |TAMS 0x0000000088600000, 0x0000000088600000| Untracked 
| 135|0x0000000088700000, 0x0000000088700000, 0x0000000088800000|  0%| F|  |TAMS 0x0000000088700000, 0x0000000088700000| Untracked 
| 136|0x0000000088800000, 0x0000000088800000, 0x0000000088900000|  0%| F|  |TAMS 0x0000000088800000, 0x0000000088800000| Untracked 
| 137|0x0000000088900000, 0x0000000088900000, 0x0000000088a00000|  0%| F|  |TAMS 0x0000000088900000, 0x0000000088900000| Untracked 
| 138|0x0000000088a00000, 0x0000000088a00000, 0x0000000088b00000|  0%| F|  |TAMS 0x0000000088a00000, 0x0000000088a00000| Untracked 
| 139|0x0000000088b00000, 0x0000000088b00000, 0x0000000088c00000|  0%| F|  |TAMS 0x0000000088b00000, 0x0000000088b00000| Untracked 
| 140|0x0000000088c00000, 0x0000000088c00000, 0x0000000088d00000|  0%| F|  |TAMS 0x0000000088c00000, 0x0000000088c00000| Untracked 
| 141|0x0000000088d00000, 0x0000000088d00000, 0x0000000088e00000|  0%| F|  |TAMS 0x0000000088d00000, 0x0000000088d00000| Untracked 
| 142|0x0000000088e00000, 0x0000000088e00000, 0x0000000088f00000|  0%| F|  |TAMS 0x0000000088e00000, 0x0000000088e00000| Untracked 
| 143|0x0000000088f00000, 0x0000000088f00000, 0x0000000089000000|  0%| F|  |TAMS 0x0000000088f00000, 0x0000000088f00000| Untracked 
| 144|0x0000000089000000, 0x0000000089000000, 0x0000000089100000|  0%| F|  |TAMS 0x0000000089000000, 0x0000000089000000| Untracked 
| 145|0x0000000089100000, 0x0000000089100000, 0x0000000089200000|  0%| F|  |TAMS 0x0000000089100000, 0x0000000089100000| Untracked 
| 146|0x0000000089200000, 0x0000000089200000, 0x0000000089300000|  0%| F|  |TAMS 0x0000000089200000, 0x0000000089200000| Untracked 
| 147|0x0000000089300000, 0x0000000089300000, 0x0000000089400000|  0%| F|  |TAMS 0x0000000089300000, 0x0000000089300000| Untracked 
| 148|0x0000000089400000, 0x0000000089400000, 0x0000000089500000|  0%| F|  |TAMS 0x0000000089400000, 0x0000000089400000| Untracked 
| 149|0x0000000089500000, 0x0000000089500000, 0x0000000089600000|  0%| F|  |TAMS 0x0000000089500000, 0x0000000089500000| Untracked 
| 150|0x0000000089600000, 0x0000000089600000, 0x0000000089700000|  0%| F|  |TAMS 0x0000000089600000, 0x0000000089600000| Untracked 
| 151|0x0000000089700000, 0x0000000089700000, 0x0000000089800000|  0%| F|  |TAMS 0x0000000089700000, 0x0000000089700000| Untracked 
| 152|0x0000000089800000, 0x0000000089800000, 0x0000000089900000|  0%| F|  |TAMS 0x0000000089800000, 0x0000000089800000| Untracked 
| 153|0x0000000089900000, 0x0000000089a00000, 0x0000000089a00000|100%| E|  |TAMS 0x0000000089900000, 0x0000000089900000| Complete 

Card table byte_map: [0x000002bf970a0000,0x000002bf974a0000] _byte_map_base: 0x000002bf96ca0000

Marking Bits (Prev, Next): (CMBitMap*) 0x000002bf83e8fb00, (CMBitMap*) 0x000002bf83e8fac8
 Prev Bits: [0x000002bf998a0000, 0x000002bf9b8a0000)
 Next Bits: [0x000002bf978a0000, 0x000002bf998a0000)

Polling page: 0x000002bf81e50000

Metaspace:

Usage:
  Non-class:     64.51 MB capacity,    63.50 MB ( 98%) used,   846.12 KB (  1%) free+waste,   193.44 KB ( <1%) overhead. 
      Class:     10.10 MB capacity,     9.42 MB ( 93%) used,   603.46 KB (  6%) free+waste,    90.31 KB ( <1%) overhead. 
       Both:     74.61 MB capacity,    72.92 MB ( 98%) used,     1.42 MB (  2%) free+waste,   283.75 KB ( <1%) overhead. 

Virtual space:
  Non-class space:       66.00 MB reserved,      64.67 MB ( 98%) committed 
      Class space:        1.00 GB reserved,      10.20 MB ( <1%) committed 
             Both:        1.06 GB reserved,      74.87 MB (  7%) committed 

Chunk freelists:
   Non-Class:  30.00 KB
       Class:  26.00 KB
        Both:  56.00 KB

MaxMetaspaceSize: 17179869184.00 GB
CompressedClassSpaceSize: 1.00 GB
Initial GC threshold: 20.80 MB
Current GC threshold: 76.24 MB
CDS: off

CodeHeap 'non-profiled nmethods': size=120000Kb used=4641Kb max_used=4641Kb free=115359Kb
 bounds [0x000002bf8f440000, 0x000002bf8f8d0000, 0x000002bf96970000]
CodeHeap 'profiled nmethods': size=120000Kb used=15356Kb max_used=15356Kb free=104643Kb
 bounds [0x000002bf87f10000, 0x000002bf88e10000, 0x000002bf8f440000]
CodeHeap 'non-nmethods': size=5760Kb used=2351Kb max_used=2404Kb free=3408Kb
 bounds [0x000002bf87970000, 0x000002bf87be0000, 0x000002bf87f10000]
 total_blobs=8046 nmethods=7180 adapters=778
 compilation: enabled
              stopped_count=0, restarted_count=0
 full_count=0

Compilation events (20 events):
Event: 11.377 Thread 0x000002bf9e301800 7139   !   3       kotlin.SynchronizedLazyImpl::getValue (97 bytes)
Event: 11.378 Thread 0x000002bf9e301800 nmethod 7139 0x000002bf88df7510 code [0x000002bf88df7760, 0x000002bf88df8098]
Event: 11.381 Thread 0x000002bf9e301800 7140       1       com.android.build.api.artifact.Artifact::getFileSystemLocationName (3 bytes)
Event: 11.381 Thread 0x000002bf9e301800 nmethod 7140 0x000002bf8f8c1390 code [0x000002bf8f8c1540, 0x000002bf8f8c15f8]
Event: 11.381 Thread 0x000002bf9e301800 7141       3       org.gradle.api.internal.provider.Collectors$TypedCollector::isProvidedBy (32 bytes)
Event: 11.382 Thread 0x000002bf9e301800 nmethod 7141 0x000002bf88df8490 code [0x000002bf88df8660, 0x000002bf88df8ac8]
Event: 11.382 Thread 0x000002bf9e301800 7142       3       org.gradle.api.internal.provider.Collectors$ElementFromProvider::isProvidedBy (9 bytes)
Event: 11.382 Thread 0x000002bf9e301800 nmethod 7142 0x000002bf88df8b90 code [0x000002bf88df8d60, 0x000002bf88df9048]
Event: 11.385 Thread 0x000002bf9e301800 7143       3       com.google.common.collect.Iterables::toArray (10 bytes)
Event: 11.386 Thread 0x000002bf9e301800 nmethod 7143 0x000002bf88df9190 code [0x000002bf88df93c0, 0x000002bf88df9c08]
Event: 11.387 Thread 0x000002bf9e301800 7144       3       com.google.common.collect.Ordering::sortedCopy (18 bytes)
Event: 11.388 Thread 0x000002bf9e301800 nmethod 7144 0x000002bf88df9e90 code [0x000002bf88dfa140, 0x000002bf88dfae78]
Event: 11.389 Thread 0x000002bf9e301800 7145       1       org.gradle.internal.reflect.annotations.impl.DefaultTypeAnnotationMetadataStore$PropertyAnnotationMetadataBuilder::getPropertyName (5 bytes)
Event: 11.389 Thread 0x000002bf9e301800 nmethod 7145 0x000002bf8f8c1690 code [0x000002bf8f8c1840, 0x000002bf8f8c18f8]
Event: 11.389 Thread 0x000002bf9e301800 7146       3       com.google.common.collect.AbstractMapBasedMultimap$KeySet$1::hasNext (10 bytes)
Event: 11.390 Thread 0x000002bf9e301800 nmethod 7146 0x000002bf88dfb290 code [0x000002bf88dfb440, 0x000002bf88dfb608]
Event: 11.390 Thread 0x000002bf9e301800 7147       3       com.google.common.collect.AbstractMapBasedMultimap::createCollection (5 bytes)
Event: 11.390 Thread 0x000002bf9e301800 nmethod 7147 0x000002bf88dfb710 code [0x000002bf88dfb8c0, 0x000002bf88dfba68]
Event: 11.390 Thread 0x000002bf9e301800 7148       1       com.google.common.collect.SingletonImmutableBiMap::size (2 bytes)
Event: 11.390 Thread 0x000002bf9e301800 nmethod 7148 0x000002bf8f8c1990 code [0x000002bf8f8c1b40, 0x000002bf8f8c1bf8]

GC Heap History (20 events):
Event: 2.505 GC heap before
{Heap before GC invocations=1 (full 0):
 garbage-first heap   total 131072K, used 84165K [0x0000000080000000, 0x0000000100000000)
  region size 1024K, 76 young (77824K), 3 survivors (3072K)
 Metaspace       used 17496K, capacity 17849K, committed 18048K, reserved 1064960K
  class space    used 2027K, capacity 2147K, committed 2176K, reserved 1048576K
}
Event: 2.512 GC heap after
{Heap after GC invocations=2 (full 0):
 garbage-first heap   total 131072K, used 16072K [0x0000000080000000, 0x0000000100000000)
  region size 1024K, 10 young (10240K), 10 survivors (10240K)
 Metaspace       used 17496K, capacity 17849K, committed 18048K, reserved 1064960K
  class space    used 2027K, capacity 2147K, committed 2176K, reserved 1048576K
}
Event: 2.834 GC heap before
{Heap before GC invocations=2 (full 0):
 garbage-first heap   total 131072K, used 47816K [0x0000000080000000, 0x0000000100000000)
  region size 1024K, 42 young (43008K), 10 survivors (10240K)
 Metaspace       used 20859K, capacity 21193K, committed 21296K, reserved 1069056K
  class space    used 2537K, capacity 2688K, committed 2688K, reserved 1048576K
}
Event: 2.841 GC heap after
{Heap after GC invocations=3 (full 0):
 garbage-first heap   total 131072K, used 17558K [0x0000000080000000, 0x0000000100000000)
  region size 1024K, 2 young (2048K), 2 survivors (2048K)
 Metaspace       used 20859K, capacity 21193K, committed 21296K, reserved 1069056K
  class space    used 2537K, capacity 2688K, committed 2688K, reserved 1048576K
}
Event: 3.592 GC heap before
{Heap before GC invocations=4 (full 0):
 garbage-first heap   total 131072K, used 77974K [0x0000000080000000, 0x0000000100000000)
  region size 1024K, 62 young (63488K), 2 survivors (2048K)
 Metaspace       used 26952K, capacity 27475K, committed 27520K, reserved 1073152K
  class space    used 3498K, capacity 3706K, committed 3712K, reserved 1048576K
}
Event: 3.600 GC heap after
{Heap after GC invocations=5 (full 0):
 garbage-first heap   total 131072K, used 19502K [0x0000000080000000, 0x0000000100000000)
  region size 1024K, 4 young (4096K), 4 survivors (4096K)
 Metaspace       used 26952K, capacity 27475K, committed 27520K, reserved 1073152K
  class space    used 3498K, capacity 3706K, committed 3712K, reserved 1048576K
}
Event: 4.706 GC heap before
{Heap before GC invocations=6 (full 0):
 garbage-first heap   total 131072K, used 87086K [0x0000000080000000, 0x0000000100000000)
  region size 1024K, 70 young (71680K), 4 survivors (4096K)
 Metaspace       used 36930K, capacity 37748K, committed 37888K, reserved 1081344K
  class space    used 4699K, capacity 5024K, committed 5120K, reserved 1048576K
}
Event: 4.712 GC heap after
{Heap after GC invocations=7 (full 0):
 garbage-first heap   total 131072K, used 24284K [0x0000000080000000, 0x0000000100000000)
  region size 1024K, 8 young (8192K), 8 survivors (8192K)
 Metaspace       used 36930K, capacity 37748K, committed 37888K, reserved 1081344K
  class space    used 4699K, capacity 5024K, committed 5120K, reserved 1048576K
}
Event: 5.636 GC heap before
{Heap before GC invocations=7 (full 0):
 garbage-first heap   total 131072K, used 94940K [0x0000000080000000, 0x0000000100000000)
  region size 1024K, 74 young (75776K), 8 survivors (8192K)
 Metaspace       used 41549K, capacity 42548K, committed 42752K, reserved 1087488K
  class space    used 5268K, capacity 5630K, committed 5632K, reserved 1048576K
}
Event: 5.645 GC heap after
{Heap after GC invocations=8 (full 0):
 garbage-first heap   total 131072K, used 28450K [0x0000000080000000, 0x0000000100000000)
  region size 1024K, 9 young (9216K), 9 survivors (9216K)
 Metaspace       used 41549K, capacity 42548K, committed 42752K, reserved 1087488K
  class space    used 5268K, capacity 5630K, committed 5632K, reserved 1048576K
}
Event: 6.225 GC heap before
{Heap before GC invocations=8 (full 0):
 garbage-first heap   total 131072K, used 72482K [0x0000000080000000, 0x0000000100000000)
  region size 1024K, 53 young (54272K), 9 survivors (9216K)
 Metaspace       used 45445K, capacity 46446K, committed 46508K, reserved 1089536K
  class space    used 5760K, capacity 6140K, committed 6144K, reserved 1048576K
}
Event: 6.239 GC heap after
{Heap after GC invocations=9 (full 0):
 garbage-first heap   total 131072K, used 30394K [0x0000000080000000, 0x0000000100000000)
  region size 1024K, 7 young (7168K), 7 survivors (7168K)
 Metaspace       used 45445K, capacity 46446K, committed 46508K, reserved 1089536K
  class space    used 5760K, capacity 6140K, committed 6144K, reserved 1048576K
}
Event: 7.094 GC heap before
{Heap before GC invocations=10 (full 0):
 garbage-first heap   total 131072K, used 95930K [0x0000000080000000, 0x0000000100000000)
  region size 1024K, 70 young (71680K), 7 survivors (7168K)
 Metaspace       used 48719K, capacity 50084K, committed 50168K, reserved 1093632K
  class space    used 6186K, capacity 6681K, committed 6732K, reserved 1048576K
}
Event: 7.104 GC heap after
{Heap after GC invocations=11 (full 0):
 garbage-first heap   total 157696K, used 36164K [0x0000000080000000, 0x0000000100000000)
  region size 1024K, 6 young (6144K), 6 survivors (6144K)
 Metaspace       used 48719K, capacity 50084K, committed 50168K, reserved 1093632K
  class space    used 6186K, capacity 6681K, committed 6732K, reserved 1048576K
}
Event: 8.186 GC heap before
{Heap before GC invocations=11 (full 0):
 garbage-first heap   total 157696K, used 116036K [0x0000000080000000, 0x0000000100000000)
  region size 1024K, 82 young (83968K), 6 survivors (6144K)
 Metaspace       used 58117K, capacity 59526K, committed 59768K, reserved 1101824K
  class space    used 7295K, capacity 7862K, committed 7884K, reserved 1048576K
}
Event: 8.193 GC heap after
{Heap after GC invocations=12 (full 0):
 garbage-first heap   total 157696K, used 44136K [0x0000000080000000, 0x0000000100000000)
  region size 1024K, 11 young (11264K), 11 survivors (11264K)
 Metaspace       used 58117K, capacity 59526K, committed 59768K, reserved 1101824K
  class space    used 7295K, capacity 7862K, committed 7884K, reserved 1048576K
}
Event: 9.320 GC heap before
{Heap before GC invocations=12 (full 0):
 garbage-first heap   total 157696K, used 124008K [0x0000000080000000, 0x0000000100000000)
  region size 1024K, 83 young (84992K), 11 survivors (11264K)
 Metaspace       used 64626K, capacity 66202K, committed 66552K, reserved 1107968K
  class space    used 8104K, capacity 8671K, committed 8780K, reserved 1048576K
}
Event: 9.330 GC heap after
{Heap after GC invocations=13 (full 0):
 garbage-first heap   total 157696K, used 51173K [0x0000000080000000, 0x0000000100000000)
  region size 1024K, 7 young (7168K), 7 survivors (7168K)
 Metaspace       used 64626K, capacity 66202K, committed 66552K, reserved 1107968K
  class space    used 8104K, capacity 8671K, committed 8780K, reserved 1048576K
}
Event: 10.091 GC heap before
{Heap before GC invocations=13 (full 0):
 garbage-first heap   total 157696K, used 120805K [0x0000000080000000, 0x0000000100000000)
  region size 1024K, 75 young (76800K), 7 survivors (7168K)
 Metaspace       used 67712K, capacity 69388K, committed 69624K, reserved 1110016K
  class space    used 8512K, capacity 9170K, committed 9292K, reserved 1048576K
}
Event: 10.101 GC heap after
{Heap after GC invocations=14 (full 0):
 garbage-first heap   total 157696K, used 56111K [0x0000000080000000, 0x0000000100000000)
  region size 1024K, 5 young (5120K), 5 survivors (5120K)
 Metaspace       used 67712K, capacity 69388K, committed 69624K, reserved 1110016K
  class space    used 8512K, capacity 9170K, committed 9292K, reserved 1048576K
}

Deoptimization events (20 events):
Event: 10.841 Thread 0x000002bfa0518800 Uncommon trap: trap_request=0xffffffde fr.pc=0x000002bf8f78c4ec relative=0x0000000000000ecc
Event: 10.841 Thread 0x000002bfa0518800 Uncommon trap: reason=class_check action=maybe_recompile pc=0x000002bf8f78c4ec method=org.gradle.internal.instantiation.generator.AbstractClassGenerator$InjectionAnnotationValidator.validateMethod(Ljava/lang/reflect/Method;Lorg/gradle/internal/reflect/Pro
Event: 10.841 Thread 0x000002bfa0518800 DEOPT PACKING pc=0x000002bf8f78c4ec sp=0x000000e263ff8810
Event: 10.842 Thread 0x000002bfa0518800 DEOPT UNPACKING pc=0x000002bf879ba1af sp=0x000000e263ff87c8 mode 2
Event: 11.190 Thread 0x000002bfa0518800 Uncommon trap: trap_request=0xffffff4d fr.pc=0x000002bf8f6d4bdc relative=0x0000000000000bbc
Event: 11.190 Thread 0x000002bfa0518800 Uncommon trap: reason=unstable_if action=reinterpret pc=0x000002bf8f6d4bdc method=com.esotericsoftware.kryo.io.Input.readString()Ljava/lang/String; @ 28 c2
Event: 11.190 Thread 0x000002bfa0518800 DEOPT PACKING pc=0x000002bf8f6d4bdc sp=0x000000e263ff9020
Event: 11.190 Thread 0x000002bfa0518800 DEOPT UNPACKING pc=0x000002bf879ba1af sp=0x000000e263ff8ff8 mode 2
Event: 11.191 Thread 0x000002bfa0518800 Uncommon trap: trap_request=0xffffff4d fr.pc=0x000002bf8f6ccbf4 relative=0x00000000000001b4
Event: 11.191 Thread 0x000002bfa0518800 Uncommon trap: reason=unstable_if action=reinterpret pc=0x000002bf8f6ccbf4 method=com.esotericsoftware.kryo.io.Input.require(I)I @ 65 c2
Event: 11.191 Thread 0x000002bfa0518800 DEOPT PACKING pc=0x000002bf8f6ccbf4 sp=0x000000e263ff8f50
Event: 11.191 Thread 0x000002bfa0518800 DEOPT UNPACKING pc=0x000002bf879ba1af sp=0x000000e263ff8f10 mode 2
Event: 11.212 Thread 0x000002bfa0518800 Uncommon trap: trap_request=0xfffffff4 fr.pc=0x000002bf8f6e7438 relative=0x00000000000007b8
Event: 11.212 Thread 0x000002bfa0518800 Uncommon trap: reason=null_check action=make_not_entrant pc=0x000002bf8f6e7438 method=org.gradle.util.internal.SimpleMapInterner.intern(Ljava/lang/Object;)Ljava/lang/Object; @ 2 c2
Event: 11.212 Thread 0x000002bfa0518800 DEOPT PACKING pc=0x000002bf8f6e7438 sp=0x000000e263ff92d0
Event: 11.212 Thread 0x000002bfa0518800 DEOPT UNPACKING pc=0x000002bf879ba1af sp=0x000000e263ff9298 mode 2
Event: 11.212 Thread 0x000002bfa0518800 Uncommon trap: trap_request=0xffffff4d fr.pc=0x000002bf8f6ecea0 relative=0x00000000000007c0
Event: 11.212 Thread 0x000002bfa0518800 Uncommon trap: reason=unstable_if action=reinterpret pc=0x000002bf8f6ecea0 method=org.gradle.util.internal.SimpleMapInterner.intern(Ljava/lang/String;)Ljava/lang/String; @ 1 c2
Event: 11.212 Thread 0x000002bfa0518800 DEOPT PACKING pc=0x000002bf8f6ecea0 sp=0x000000e263ff9260
Event: 11.212 Thread 0x000002bfa0518800 DEOPT UNPACKING pc=0x000002bf879ba1af sp=0x000000e263ff9228 mode 2

Classes redefined (0 events):
No events

Internal exceptions (20 events):
Event: 9.917 Thread 0x000002bfa0518800 Exception <a 'java/lang/ClassNotFoundException'{0x0000000085fc4b48}: org/gradle/api/internal/artifacts/dsl/dependencies/DefaultDependencyHandler_DecoratedCustomizer> (0x0000000085fc4b48) thrown at [./src/hotspot/share/classfile/systemDictionary.cpp, line 231]
Event: 10.910 Thread 0x000002bfa0518800 Exception <a 'java/lang/ClassNotFoundException'{0x0000000087026098}: com/android/build/gradle/internal/api/ApkVariantOutputImpl_DecoratedBeanInfo> (0x0000000087026098) thrown at [./src/hotspot/share/classfile/systemDictionary.cpp, line 231]
Event: 10.911 Thread 0x000002bfa0518800 Exception <a 'java/lang/ClassNotFoundException'{0x0000000087042800}: com/android/build/gradle/internal/api/ApkVariantOutputImplBeanInfo> (0x0000000087042800) thrown at [./src/hotspot/share/classfile/systemDictionary.cpp, line 231]
Event: 10.912 Thread 0x000002bfa0518800 Exception <a 'java/lang/ClassNotFoundException'{0x000000008705f760}: com/android/build/gradle/internal/api/BaseVariantOutputImplBeanInfo> (0x000000008705f760) thrown at [./src/hotspot/share/classfile/systemDictionary.cpp, line 231]
Event: 10.913 Thread 0x000002bfa0518800 Exception <a 'java/lang/ClassNotFoundException'{0x000000008707c748}: com/android/build/gradle/internal/api/BaseVariantOutputImplCustomizer> (0x000000008707c748) thrown at [./src/hotspot/share/classfile/systemDictionary.cpp, line 231]
Event: 10.914 Thread 0x000002bfa0518800 Exception <a 'java/lang/ClassNotFoundException'{0x00000000870abff0}: com/android/build/gradle/internal/api/ApkVariantOutputImplCustomizer> (0x00000000870abff0) thrown at [./src/hotspot/share/classfile/systemDictionary.cpp, line 231]
Event: 10.915 Thread 0x000002bfa0518800 Exception <a 'java/lang/ClassNotFoundException'{0x00000000870d7da0}: com/android/build/gradle/internal/api/ApkVariantOutputImpl_DecoratedCustomizer> (0x00000000870d7da0) thrown at [./src/hotspot/share/classfile/systemDictionary.cpp, line 231]
Event: 10.937 Thread 0x000002bfa0518800 Exception <a 'java/lang/NoClassDefFoundError'{0x0000000086e88488}: org/jetbrains/kotlin/gradle/plugin/KotlinBasePluginWrapper> (0x0000000086e88488) thrown at [./src/hotspot/share/classfile/systemDictionary.cpp, line 220]
Event: 10.984 Thread 0x000002bfa0518800 Exception <a 'java/lang/ClassNotFoundException'{0x0000000086c82f20}: build_4blt0ezvunkddlfeqku2fhimgBeanInfo> (0x0000000086c82f20) thrown at [./src/hotspot/share/classfile/systemDictionary.cpp, line 231]
Event: 10.985 Thread 0x000002bfa0518800 Exception <a 'java/lang/ClassNotFoundException'{0x0000000086c8f1e0}: build_4blt0ezvunkddlfeqku2fhimgCustomizer> (0x0000000086c8f1e0) thrown at [./src/hotspot/share/classfile/systemDictionary.cpp, line 231]
Event: 11.068 Thread 0x000002bfa0518800 Exception <a 'java/lang/NoSuchMethodError'{0x0000000086889dd0}: 'java.lang.Object java.lang.invoke.DirectMethodHandle$Holder.invokeStatic(java.lang.Object, int, java.lang.Object, java.lang.Object, java.lang.Object)'> (0x0000000086889dd0) thrown at [./src/hotspot/share/interpreter/linkResolver.cpp, line 773]
Event: 11.069 Thread 0x000002bfa0518800 Exception <a 'java/lang/NoSuchMethodError'{0x000000008688ea08}: 'java.lang.Object java.lang.invoke.DirectMethodHandle$Holder.invokeSpecial(java.lang.Object, java.lang.Object, int, java.lang.Object, java.lang.Object, java.lang.Object)'> (0x000000008688ea08) thrown at [./src/hotspot/share/interpreter/linkResolver.cpp, line 773]
Event: 11.153 Thread 0x000002bfa0518800 Exception <a 'java/lang/ClassNotFoundException'{0x00000000863374e0}: build_4blt0ezvunkddlfeqku2fhimgBeanInfo> (0x00000000863374e0) thrown at [./src/hotspot/share/classfile/systemDictionary.cpp, line 231]
Event: 11.154 Thread 0x000002bfa0518800 Exception <a 'java/lang/ClassNotFoundException'{0x0000000086343c90}: build_4blt0ezvunkddlfeqku2fhimgCustomizer> (0x0000000086343c90) thrown at [./src/hotspot/share/classfile/systemDictionary.cpp, line 231]
Event: 11.160 Thread 0x000002bfa0518800 Exception <a 'java/lang/ClassNotFoundException'{0x00000000863df570}: org/gradle/api/plugins/internal/DefaultJavaPluginExtension_DecoratedBeanInfo> (0x00000000863df570) thrown at [./src/hotspot/share/classfile/systemDictionary.cpp, line 231]
Event: 11.161 Thread 0x000002bfa0518800 Exception <a 'java/lang/ClassNotFoundException'{0x0000000086225870}: org/gradle/api/plugins/internal/DefaultJavaPluginExtensionBeanInfo> (0x0000000086225870) thrown at [./src/hotspot/share/classfile/systemDictionary.cpp, line 231]
Event: 11.162 Thread 0x000002bfa0518800 Exception <a 'java/lang/ClassNotFoundException'{0x000000008626c700}: org/gradle/api/plugins/internal/DefaultJavaPluginExtensionCustomizer> (0x000000008626c700) thrown at [./src/hotspot/share/classfile/systemDictionary.cpp, line 231]
Event: 11.166 Thread 0x000002bfa0518800 Exception <a 'java/lang/ClassNotFoundException'{0x00000000862eb9a0}: org/gradle/api/plugins/internal/DefaultJavaPluginExtension_DecoratedCustomizer> (0x00000000862eb9a0) thrown at [./src/hotspot/share/classfile/systemDictionary.cpp, line 231]
Event: 11.212 Thread 0x000002bfa0518800 Implicit null exception at 0x000002bf8f6e6caf to 0x000002bf8f6e7428
Event: 11.212 Thread 0x000002bfa0518800 Implicit null exception at 0x000002bf8f6ec716 to 0x000002bf8f6ece88

Events (20 events):
Event: 11.380 loading class org/gradle/api/internal/file/FileCollectionBackedFileTree
Event: 11.380 loading class org/gradle/api/internal/file/FileCollectionBackedFileTree done
Event: 11.382 loading class org/gradle/api/Action
Event: 11.382 loading class org/gradle/api/Action done
Event: 11.382 loading class org/gradle/api/Task
Event: 11.382 loading class org/gradle/api/Task done
Event: 11.382 loading class org/gradle/execution/plan/TaskNodeDependencyResolver
Event: 11.382 loading class org/gradle/execution/plan/TaskNodeDependencyResolver done
Event: 11.385 loading class com/google/common/collect/AbstractMultimap$Values
Event: 11.385 loading class com/google/common/collect/AbstractMultimap$Values done
Event: 11.390 loading class org/gradle/api/internal/tasks/properties/bean/AbstractNestedRuntimeBeanNode$BeanPropertyValue
Event: 11.390 loading class org/gradle/api/internal/tasks/properties/bean/AbstractNestedRuntimeBeanNode$BeanPropertyValue done
Event: 11.393 loading class org/gradle/api/internal/tasks/properties/bean/AbstractNestedRuntimeBeanNode$BeanPropertyValue$1
Event: 11.393 loading class org/gradle/api/internal/tasks/properties/bean/AbstractNestedRuntimeBeanNode$BeanPropertyValue$1 done
Event: 11.394 loading class org/gradle/api/internal/tasks/properties/bean/AbstractNestedRuntimeBeanNode$1
Event: 11.394 loading class org/gradle/api/internal/tasks/properties/bean/AbstractNestedRuntimeBeanNode$1 done
Event: 11.394 loading class org/gradle/api/internal/tasks/properties/OutputFilePropertyType
Event: 11.394 loading class org/gradle/api/internal/tasks/properties/OutputFilePropertyType done
Event: 11.395 loading class org/gradle/internal/file/TreeType
Event: 11.395 loading class org/gradle/internal/file/TreeType done


Dynamic libraries:
0x00007ff6556f0000 - 0x00007ff6556fa000 	C:\Program Files\Android\Android Studio\jre\bin\java.exe
0x00007ffa49c90000 - 0x00007ffa49e88000 	C:\WINDOWS\SYSTEM32\ntdll.dll
0x00007ffa48c30000 - 0x00007ffa48cef000 	C:\WINDOWS\System32\KERNEL32.DLL
0x00007ffa47910000 - 0x00007ffa47be2000 	C:\WINDOWS\System32\KERNELBASE.dll
0x00007ffa47380000 - 0x00007ffa47480000 	C:\WINDOWS\System32\ucrtbase.dll
0x00007ffa40520000 - 0x00007ffa40539000 	C:\Program Files\Android\Android Studio\jre\bin\jli.dll
0x00007ffa3e650000 - 0x00007ffa3e667000 	C:\Program Files\Android\Android Studio\jre\bin\VCRUNTIME140.dll
0x00007ffa48710000 - 0x00007ffa488b1000 	C:\WINDOWS\System32\USER32.dll
0x00007ffa35c50000 - 0x00007ffa35eea000 	C:\WINDOWS\WinSxS\amd64_microsoft.windows.common-controls_6595b64144ccf1df_6.0.19041.1110_none_60b5254171f9507e\COMCTL32.dll
0x00007ffa47480000 - 0x00007ffa474a2000 	C:\WINDOWS\System32\win32u.dll
0x00007ffa491e0000 - 0x00007ffa4927e000 	C:\WINDOWS\System32\msvcrt.dll
0x00007ffa49bc0000 - 0x00007ffa49beb000 	C:\WINDOWS\System32\GDI32.dll
0x00007ffa474b0000 - 0x00007ffa475bf000 	C:\WINDOWS\System32\gdi32full.dll
0x00007ffa47630000 - 0x00007ffa476cd000 	C:\WINDOWS\System32\msvcp_win.dll
0x00007ffa498f0000 - 0x00007ffa49922000 	C:\WINDOWS\System32\IMM32.DLL
0x00007ffa3da20000 - 0x00007ffa3dabd000 	C:\Program Files\Android\Android Studio\jre\bin\msvcp140.dll
0x00007ffa114f0000 - 0x00007ffa11ff2000 	C:\Program Files\Android\Android Studio\jre\bin\server\jvm.dll
0x00007ffa493d0000 - 0x00007ffa4947e000 	C:\WINDOWS\System32\ADVAPI32.dll
0x00007ffa49280000 - 0x00007ffa4931c000 	C:\WINDOWS\System32\sechost.dll
0x00007ffa48cf0000 - 0x00007ffa48e15000 	C:\WINDOWS\System32\RPCRT4.dll
0x00007ffa49050000 - 0x00007ffa49058000 	C:\WINDOWS\System32\PSAPI.DLL
0x00007ffa1f740000 - 0x00007ffa1f767000 	C:\WINDOWS\SYSTEM32\WINMM.dll
0x00007ffa3e7f0000 - 0x00007ffa3e7f9000 	C:\WINDOWS\SYSTEM32\WSOCK32.dll
0x00007ffa3f830000 - 0x00007ffa3f83a000 	C:\WINDOWS\SYSTEM32\VERSION.dll
0x00007ffa49110000 - 0x00007ffa4917b000 	C:\WINDOWS\System32\WS2_32.dll
0x00007ffa45c00000 - 0x00007ffa45c12000 	C:\WINDOWS\SYSTEM32\kernel.appcore.dll
0x00007ffa3af50000 - 0x00007ffa3af61000 	C:\Program Files\Android\Android Studio\jre\bin\verify.dll
0x00007ffa459c0000 - 0x00007ffa45ba4000 	C:\WINDOWS\SYSTEM32\DBGHELP.DLL
0x00007ffa3f590000 - 0x00007ffa3f5c5000 	C:\WINDOWS\SYSTEM32\dbgcore.DLL
0x00007ffa47bf0000 - 0x00007ffa47c72000 	C:\WINDOWS\System32\bcryptPrimitives.dll
0x00007ffa39b80000 - 0x00007ffa39ba9000 	C:\Program Files\Android\Android Studio\jre\bin\java.dll
0x00007ffa42090000 - 0x00007ffa4209b000 	C:\Program Files\Android\Android Studio\jre\bin\jimage.dll
0x00007ffa39b60000 - 0x00007ffa39b78000 	C:\Program Files\Android\Android Studio\jre\bin\zip.dll
0x00007ffa47e20000 - 0x00007ffa48564000 	C:\WINDOWS\System32\SHELL32.dll
0x00007ffa45150000 - 0x00007ffa458e2000 	C:\WINDOWS\SYSTEM32\windows.storage.dll
0x00007ffa488c0000 - 0x00007ffa48c15000 	C:\WINDOWS\System32\combase.dll
0x00007ffa46de0000 - 0x00007ffa46e10000 	C:\WINDOWS\SYSTEM32\Wldp.dll
0x00007ffa49320000 - 0x00007ffa493cd000 	C:\WINDOWS\System32\SHCORE.dll
0x00007ffa48e20000 - 0x00007ffa48e75000 	C:\WINDOWS\System32\shlwapi.dll
0x00007ffa472c0000 - 0x00007ffa472df000 	C:\WINDOWS\SYSTEM32\profapi.dll
0x00007ffa39af0000 - 0x00007ffa39b0a000 	C:\Program Files\Android\Android Studio\jre\bin\net.dll
0x00007ffa40dd0000 - 0x00007ffa40edc000 	C:\WINDOWS\SYSTEM32\WINHTTP.dll
0x00007ffa46b40000 - 0x00007ffa46baa000 	C:\WINDOWS\system32\mswsock.dll
0x00007ffa33f80000 - 0x00007ffa33f94000 	C:\Program Files\Android\Android Studio\jre\bin\nio.dll
0x00007ffa1fbd0000 - 0x00007ffa1fbf7000 	C:\Users\Prince Verma\.gradle\native\e1d6ef7f7dcc3fd88c89a11ec53ec762bb8ba0a96d01ffa2cd45eb1d1d8dd5c5\windows-amd64\native-platform.dll
0x00007ffa145c0000 - 0x00007ffa14704000 	C:\Users\Prince Verma\.gradle\native\0d407fdbe67a94daf76414ababcb853783967236a71b16ec16e742cd7a986fd3\windows-amd64\native-platform-file-events.dll
0x00007ffa40bd0000 - 0x00007ffa40bda000 	C:\Program Files\Android\Android Studio\jre\bin\management.dll
0x00007ffa40560000 - 0x00007ffa4056d000 	C:\Program Files\Android\Android Studio\jre\bin\management_ext.dll
0x00007ffa46d40000 - 0x00007ffa46d58000 	C:\WINDOWS\SYSTEM32\CRYPTSP.dll
0x00007ffa463f0000 - 0x00007ffa46424000 	C:\WINDOWS\system32\rsaenh.dll
0x00007ffa47830000 - 0x00007ffa47857000 	C:\WINDOWS\System32\bcrypt.dll
0x00007ffa47240000 - 0x00007ffa4726e000 	C:\WINDOWS\SYSTEM32\USERENV.dll
0x00007ffa46d30000 - 0x00007ffa46d3c000 	C:\WINDOWS\SYSTEM32\CRYPTBASE.dll
0x00007ffa467e0000 - 0x00007ffa4681b000 	C:\WINDOWS\SYSTEM32\IPHLPAPI.DLL
0x00007ffa48c20000 - 0x00007ffa48c28000 	C:\WINDOWS\System32\NSI.dll
0x00007ffa3e5e0000 - 0x00007ffa3e5f7000 	C:\WINDOWS\SYSTEM32\dhcpcsvc6.DLL
0x00007ffa3f0b0000 - 0x00007ffa3f0cd000 	C:\WINDOWS\SYSTEM32\dhcpcsvc.DLL
0x00007ffa46830000 - 0x00007ffa468fa000 	C:\WINDOWS\SYSTEM32\DNSAPI.dll

dbghelp: loaded successfully - version: 4.0.5 - missing functions: none
symbol engine: initialized successfully - sym options: 0x614 - pdb path: .;C:\Program Files\Android\Android Studio\jre\bin;C:\WINDOWS\SYSTEM32;C:\WINDOWS\WinSxS\amd64_microsoft.windows.common-controls_6595b64144ccf1df_6.0.19041.1110_none_60b5254171f9507e;C:\Program Files\Android\Android Studio\jre\bin\server;C:\Users\Prince Verma\.gradle\native\e1d6ef7f7dcc3fd88c89a11ec53ec762bb8ba0a96d01ffa2cd45eb1d1d8dd5c5\windows-amd64;C:\Users\Prince Verma\.gradle\native\0d407fdbe67a94daf76414ababcb853783967236a71b16ec16e742cd7a986fd3\windows-amd64

VM Arguments:
jvm_args: --add-opens=java.base/java.util=ALL-UNNAMED --add-opens=java.base/java.lang=ALL-UNNAMED --add-opens=java.base/java.lang.invoke=ALL-UNNAMED --add-opens=java.base/java.util=ALL-UNNAMED --add-opens=java.prefs/java.util.prefs=ALL-UNNAMED --add-opens=java.prefs/java.util.prefs=ALL-UNNAMED --add-opens=java.base/java.nio.charset=ALL-UNNAMED --add-opens=java.base/java.net=ALL-UNNAMED --add-opens=java.base/java.util.concurrent.atomic=ALL-UNNAMED -Xmx2048m -Dfile.encoding=UTF-8 -Duser.country=IN -Duser.language=en -Duser.variant 
java_command: org.gradle.launcher.daemon.bootstrap.GradleDaemon 7.4
java_class_path (initial): C:\Users\Prince Verma\.gradle\wrapper\dists\gradle-7.4-bin\c0gwcg53nkjbqw7r0h0umtfvt\gradle-7.4\lib\gradle-launcher-7.4.jar
Launcher Type: SUN_STANDARD

[Global flags]
     intx CICompilerCount                          = 4                                         {product} {ergonomic}
     uint ConcGCThreads                            = 2                                         {product} {ergonomic}
     uint G1ConcRefinementThreads                  = 8                                         {product} {ergonomic}
   size_t G1HeapRegionSize                         = 1048576                                   {product} {ergonomic}
    uintx GCDrainStackTargetSize                   = 64                                        {product} {ergonomic}
   size_t InitialHeapSize                          = 134217728                                 {product} {ergonomic}
   size_t MarkStackSize                            = 4194304                                   {product} {ergonomic}
   size_t MaxHeapSize                              = 2147483648                                {product} {command line}
   size_t MaxNewSize                               = 1287651328                                {product} {ergonomic}
   size_t MinHeapDeltaBytes                        = 1048576                                   {product} {ergonomic}
    uintx NonNMethodCodeHeapSize                   = 5836300                                {pd product} {ergonomic}
    uintx NonProfiledCodeHeapSize                  = 122910970                              {pd product} {ergonomic}
    uintx ProfiledCodeHeapSize                     = 122910970                              {pd product} {ergonomic}
    uintx ReservedCodeCacheSize                    = 251658240                              {pd product} {ergonomic}
     bool SegmentedCodeCache                       = true                                      {product} {ergonomic}
     bool UseCompressedClassPointers               = true                                 {lp64_product} {ergonomic}
     bool UseCompressedOops                        = true                                 {lp64_product} {ergonomic}
     bool UseG1GC                                  = true                                      {product} {ergonomic}
     bool UseLargePagesIndividualAllocation        = false                                  {pd product} {ergonomic}

Logging:
Log output configuration:
 #0: stdout all=warning uptime,level,tags
 #1: stderr all=off uptime,level,tags

Environment Variables:
PATH=C:\Program Files\Common Files\Oracle\Java\javapath;C:\Program Files (x86)\Common Files\Oracle\Java\javapath;C:\python\Python38\Scripts\;C:\python\Python38\;C:\Program Files (x86)\Intel\iCLS Client\;C:\Program Files\Intel\iCLS Client\;C:\Windows\system32;C:\Windows;C:\Windows\System32\Wbem;C:\Windows\System32\WindowsPowerShell\v1.0\;C:\Program Files (x86)\Intel\Intel(R) Management Engine Components\DAL;C:\Program Files\Intel\Intel(R) Management Engine Components\DAL;C:\Program Files (x86)\Intel\Intel(R) Management Engine Components\IPT;C:\Program Files\Intel\Intel(R) Management Engine Components\IPT;C:\Program Files\MATLAB\R2016a\runtime\win64;C:\Program Files\MATLAB\R2016a\bin;C:\Program Files\MATLAB\R2016a\polyspace\bin;C:\WINDOWS\system32;C:\WINDOWS;C:\WINDOWS\System32\Wbem;C:\WINDOWS\System32\WindowsPowerShell\v1.0\;C:\WINDOWS\System32\OpenSSH\;C:\Program Files (x86)\SMLNJ\bin\;C:\Android;C:\Program Files\Git\cmd;C:\Program Files (x86)\NVIDIA Corporation\PhysX\Common;C:\Users\Prince Verma\anaconda3;C:\Users\Prince Verma\anaconda3\Library\mingw-w64\bin;C:\Users\Prince Verma\anaconda3\Library\usr\bin;C:\Users\Prince Verma\anaconda3\Library\bin;C:\Users\Prince Verma\anaconda3\Scripts;C:\Users\Prince Verma\AppData\Local\Microsoft\WindowsApps;C:\Users\Prince Verma\AppData\Roaming\Python\Python38\Scripts;C:\Program Files (x86)\mingw-w64\i686-8.1.0-posix-dwarf-rt_v6-rev0\mingw32\bin;C:\iverilog\bin;C:\iverilog\gtkwave\bin;F:\.vscode\Microsoft VS Code\bin
USERNAME=Prince Verma
OS=Windows_NT
PROCESSOR_IDENTIFIER=Intel64 Family 6 Model 158 Stepping 9, GenuineIntel



---------------  S Y S T E M  ---------------

OS: Windows 10 , 64 bit Build 19041 (10.0.19041.2364)
OS uptime: 0 days 2:30 hours

CPU:total 8 (initial active 8) (4 cores per cpu, 2 threads per core) family 6 model 158 stepping 9 microcode 0xb4, cmov, cx8, fxsr, mmx, sse, sse2, sse3, ssse3, sse4.1, sse4.2, popcnt, avx, avx2, aes, clmul, erms, 3dnowpref, lzcnt, ht, tsc, tscinvbit, bmi1, bmi2, adx, fma

Memory: 4k page, system-wide physical 8067M (508M free)
TotalPageFile size 23170M (AvailPageFile size 12M)
current process WorkingSet (physical memory assigned to process): 377M, peak: 391M
current process commit charge ("private bytes"): 416M, peak: 433M

vm_info: OpenJDK 64-Bit Server VM (11.0.13+0-b1751.21-8125866) for windows-amd64 JRE (11.0.13+0-b1751.21-8125866), built on Feb  2 2022 03:00:22 by "builder" with MS VC++ 14.0 (VS2015)

END.
